-- Found ament_cmake: 1.3.12 (/opt/ros/humble/share/ament_cmake/cmake)
-- Found rclcpp: 16.0.17 (/opt/ros/humble/share/rclcpp/cmake)
-- Found rosidl_generator_c: 3.1.8 (/opt/ros/humble/share/rosidl_generator_c/cmake)
-- Found rosidl_adapter: 3.1.8 (/opt/ros/humble/share/rosidl_adapter/cmake)
-- Found rosidl_generator_cpp: 3.1.8 (/opt/ros/humble/share/rosidl_generator_cpp/cmake)
-- Using all available rosidl_typesupport_c: rosidl_typesupport_fastrtps_c;rosidl_typesupport_introspection_c
-- Using all available rosidl_typesupport_cpp: rosidl_typesupport_fastrtps_cpp;rosidl_typesupport_introspection_cpp
-- Found rmw_implementation_cmake: 6.1.2 (/opt/ros/humble/share/rmw_implementation_cmake/cmake)
-- Found rmw_cyclonedds_cpp: 1.3.4 (/opt/ros/humble/share/rmw_cyclonedds_cpp/cmake)
-- Using RMW implementation 'rmw_cyclonedds_cpp' as default
-- Found rclcpp_lifecycle: 16.0.17 (/opt/ros/humble/share/rclcpp_lifecycle/cmake)
-- Found hardware_interface: 2.53.0 (/opt/ros/humble/share/hardware_interface/cmake)
-- Configuring done
-- Generating done
-- Build files have been written to: /home/tikea/Food_Delivery_Robot/build/food_del_robot_hardware
[35m[1mConsolidate compiler generated dependencies of target food_del_robot_hardware[0m
[ 50%] [32mBuilding CXX object CMakeFiles/food_del_robot_hardware.dir/src/food_del_robot_hardware_interface.cpp.o[0m
[100%] [32m[1mLinking CXX shared library libfood_del_robot_hardware.so[0m
[100%] Built target food_del_robot_hardware
-- Install configuration: ""
-- Up-to-date: /home/tikea/Food_Delivery_Robot/install/food_del_robot_hardware/share/food_del_robot_hardware/food_del_robot_hw_interface.xml
-- Installing: /home/tikea/Food_Delivery_Robot/install/food_del_robot_hardware/lib/libfood_del_robot_hardware.so
-- Set runtime path of "/home/tikea/Food_Delivery_Robot/install/food_del_robot_hardware/lib/libfood_del_robot_hardware.so" to ""
-- Installing: /home/tikea/Food_Delivery_Robot/install/food_del_robot_hardware/include/include
-- Installing: /home/tikea/Food_Delivery_Robot/install/food_del_robot_hardware/include/include/food_del_robot_hardware
-- Installing: /home/tikea/Food_Delivery_Robot/install/food_del_robot_hardware/include/include/food_del_robot_hardware/zlac8015d_driver.hpp
-- Installing: /home/tikea/Food_Delivery_Robot/install/food_del_robot_hardware/include/include/food_del_robot_hardware/food_del_robot_hardware_interface.hpp
-- Installing: /home/tikea/Food_Delivery_Robot/install/food_del_robot_hardware/include/include/food_del_robot_hardware/wheels_driver.hpp
-- Installing: /home/tikea/Food_Delivery_Robot/install/food_del_robot_hardware/include/include/food_del_robot_hardware/can.hpp
-- Up-to-date: /home/tikea/Food_Delivery_Robot/install/food_del_robot_hardware/share/food_del_robot_hardware/environment/library_path.sh
-- Installing: /home/tikea/Food_Delivery_Robot/install/food_del_robot_hardware/share/food_del_robot_hardware/environment/library_path.dsv
-- Installing: /home/tikea/Food_Delivery_Robot/install/food_del_robot_hardware/share/ament_index/resource_index/package_run_dependencies/food_del_robot_hardware
-- Up-to-date: /home/tikea/Food_Delivery_Robot/install/food_del_robot_hardware/share/ament_index/resource_index/parent_prefix_path/food_del_robot_hardware
-- Up-to-date: /home/tikea/Food_Delivery_Robot/install/food_del_robot_hardware/share/food_del_robot_hardware/environment/ament_prefix_path.sh
-- Installing: /home/tikea/Food_Delivery_Robot/install/food_del_robot_hardware/share/food_del_robot_hardware/environment/ament_prefix_path.dsv
-- Up-to-date: /home/tikea/Food_Delivery_Robot/install/food_del_robot_hardware/share/food_del_robot_hardware/environment/path.sh
-- Installing: /home/tikea/Food_Delivery_Robot/install/food_del_robot_hardware/share/food_del_robot_hardware/environment/path.dsv
-- Up-to-date: /home/tikea/Food_Delivery_Robot/install/food_del_robot_hardware/share/food_del_robot_hardware/local_setup.bash
-- Up-to-date: /home/tikea/Food_Delivery_Robot/install/food_del_robot_hardware/share/food_del_robot_hardware/local_setup.sh
-- Up-to-date: /home/tikea/Food_Delivery_Robot/install/food_del_robot_hardware/share/food_del_robot_hardware/local_setup.zsh
-- Installing: /home/tikea/Food_Delivery_Robot/install/food_del_robot_hardware/share/food_del_robot_hardware/local_setup.dsv
-- Installing: /home/tikea/Food_Delivery_Robot/install/food_del_robot_hardware/share/food_del_robot_hardware/package.dsv
-- Up-to-date: /home/tikea/Food_Delivery_Robot/install/food_del_robot_hardware/share/ament_index/resource_index/packages/food_del_robot_hardware
-- Up-to-date: /home/tikea/Food_Delivery_Robot/install/food_del_robot_hardware/share/ament_index/resource_index/hardware_interface__pluginlib__plugin/food_del_robot_hardware
-- Installing: /home/tikea/Food_Delivery_Robot/install/food_del_robot_hardware/share/food_del_robot_hardware/cmake/ament_cmake_export_libraries-extras.cmake
-- Installing: /home/tikea/Food_Delivery_Robot/install/food_del_robot_hardware/share/food_del_robot_hardware/cmake/ament_cmake_export_dependencies-extras.cmake
-- Installing: /home/tikea/Food_Delivery_Robot/install/food_del_robot_hardware/share/food_del_robot_hardware/cmake/food_del_robot_hardwareConfig.cmake
-- Up-to-date: /home/tikea/Food_Delivery_Robot/install/food_del_robot_hardware/share/food_del_robot_hardware/cmake/food_del_robot_hardwareConfig-version.cmake
-- Installing: /home/tikea/Food_Delivery_Robot/install/food_del_robot_hardware/share/food_del_robot_hardware/package.xml
