[0.029s] Invoking command in '/home/panha/Food_Delivery_Robot/build/rplidar_ros': CMAKE_PREFIX_PATH=${CMAKE_PREFIX_PATH}:/home/panha/ws_moveit/install/moveit_configs_utils:/home/panha/ws_moveit/install/launch_param_builder:/home/panha/mushroom_ws_V2/install/py_mushroom_control:/home/panha/turtlebot3_ws/install/turtlebot3_teleop:/home/panha/turtlebot3_ws/install/turtlebot3_example:/opt/ros/humble /usr/bin/cmake /home/panha/Food_Delivery_Robot/src/rplidar_ros-ros2 -DCMAKE_INSTALL_PREFIX=/home/panha/Food_Delivery_Robot/install/rplidar_ros
[0.093s] -- Found ament_cmake: 1.3.12 (/opt/ros/humble/share/ament_cmake/cmake)
[0.199s] -- Override CMake install command with custom implementation using symlinks instead of copying resources
[0.217s] -- Found rclcpp: 16.0.15 (/opt/ros/humble/share/rclcpp/cmake)
[0.262s] -- Found rosidl_generator_c: 3.1.7 (/opt/ros/humble/share/rosidl_generator_c/cmake)
[0.265s] -- Found rosidl_adapter: 3.1.7 (/opt/ros/humble/share/rosidl_adapter/cmake)
[0.273s] -- Found rosidl_generator_cpp: 3.1.7 (/opt/ros/humble/share/rosidl_generator_cpp/cmake)
[0.287s] -- Using all available rosidl_typesupport_c: rosidl_typesupport_fastrtps_c;rosidl_typesupport_introspection_c
[0.304s] -- Using all available rosidl_typesupport_cpp: rosidl_typesupport_fastrtps_cpp;rosidl_typesupport_introspection_cpp
[0.351s] -- Found rmw_implementation_cmake: 6.1.2 (/opt/ros/humble/share/rmw_implementation_cmake/cmake)
[0.355s] -- Found rmw_cyclonedds_cpp: 1.3.4 (/opt/ros/humble/share/rmw_cyclonedds_cpp/cmake)
[0.383s] -- Using RMW implementation 'rmw_cyclonedds_cpp' as default
[0.442s] -- Found sensor_msgs: 4.9.0 (/opt/ros/humble/share/sensor_msgs/cmake)
[0.473s] -- Found std_srvs: 4.9.0 (/opt/ros/humble/share/std_srvs/cmake)
[0.588s] -- Configuring done
[0.617s] -- Generating done
[0.626s] -- Build files have been written to: /home/panha/Food_Delivery_Robot/build/rplidar_ros
[0.634s] Invoked command in '/home/panha/Food_Delivery_Robot/build/rplidar_ros' returned '0': CMAKE_PREFIX_PATH=${CMAKE_PREFIX_PATH}:/home/panha/ws_moveit/install/moveit_configs_utils:/home/panha/ws_moveit/install/launch_param_builder:/home/panha/mushroom_ws_V2/install/py_mushroom_control:/home/panha/turtlebot3_ws/install/turtlebot3_teleop:/home/panha/turtlebot3_ws/install/turtlebot3_example:/opt/ros/humble /usr/bin/cmake /home/panha/Food_Delivery_Robot/src/rplidar_ros-ros2 -DCMAKE_INSTALL_PREFIX=/home/panha/Food_Delivery_Robot/install/rplidar_ros
[0.636s] Invoking command in '/home/panha/Food_Delivery_Robot/build/rplidar_ros': CMAKE_PREFIX_PATH=${CMAKE_PREFIX_PATH}:/home/panha/ws_moveit/install/moveit_configs_utils:/home/panha/ws_moveit/install/launch_param_builder:/home/panha/mushroom_ws_V2/install/py_mushroom_control:/home/panha/turtlebot3_ws/install/turtlebot3_teleop:/home/panha/turtlebot3_ws/install/turtlebot3_example:/opt/ros/humble /usr/bin/cmake --build /home/panha/Food_Delivery_Robot/build/rplidar_ros -- -j16 -l16
[0.689s] [  3%] Built target rplidar_client
[0.713s] [ 35%] Built target rplidar_composition
[0.717s] [100%] Built target rplidar_a1
[0.717s] [100%] Built target rplidar_node
[0.726s] Invoked command in '/home/panha/Food_Delivery_Robot/build/rplidar_ros' returned '0': CMAKE_PREFIX_PATH=${CMAKE_PREFIX_PATH}:/home/panha/ws_moveit/install/moveit_configs_utils:/home/panha/ws_moveit/install/launch_param_builder:/home/panha/mushroom_ws_V2/install/py_mushroom_control:/home/panha/turtlebot3_ws/install/turtlebot3_teleop:/home/panha/turtlebot3_ws/install/turtlebot3_example:/opt/ros/humble /usr/bin/cmake --build /home/panha/Food_Delivery_Robot/build/rplidar_ros -- -j16 -l16
[0.728s] Invoking command in '/home/panha/Food_Delivery_Robot/build/rplidar_ros': CMAKE_PREFIX_PATH=${CMAKE_PREFIX_PATH}:/home/panha/ws_moveit/install/moveit_configs_utils:/home/panha/ws_moveit/install/launch_param_builder:/home/panha/mushroom_ws_V2/install/py_mushroom_control:/home/panha/turtlebot3_ws/install/turtlebot3_teleop:/home/panha/turtlebot3_ws/install/turtlebot3_example:/opt/ros/humble /usr/bin/cmake --install /home/panha/Food_Delivery_Robot/build/rplidar_ros
[0.733s] -- Install configuration: ""
[0.733s] -- Execute custom install script
[0.734s] -- Up-to-date symlink: /home/panha/Food_Delivery_Robot/install/rplidar_ros/share/rplidar_ros/launch/rplidar_a1_launch.py
[0.734s] -- Up-to-date symlink: /home/panha/Food_Delivery_Robot/install/rplidar_ros/share/rplidar_ros/launch/rplidar_a2m12_launch.py
[0.734s] -- Up-to-date symlink: /home/panha/Food_Delivery_Robot/install/rplidar_ros/share/rplidar_ros/launch/rplidar_a2m7_launch.py
[0.734s] -- Up-to-date symlink: /home/panha/Food_Delivery_Robot/install/rplidar_ros/share/rplidar_ros/launch/rplidar_a2m8_launch.py
[0.734s] -- Up-to-date symlink: /home/panha/Food_Delivery_Robot/install/rplidar_ros/share/rplidar_ros/launch/rplidar_a3_launch.py
[0.734s] -- Up-to-date symlink: /home/panha/Food_Delivery_Robot/install/rplidar_ros/share/rplidar_ros/launch/rplidar_c1_launch.py
[0.734s] -- Up-to-date symlink: /home/panha/Food_Delivery_Robot/install/rplidar_ros/share/rplidar_ros/launch/rplidar_s1_launch.py
[0.734s] -- Up-to-date symlink: /home/panha/Food_Delivery_Robot/install/rplidar_ros/share/rplidar_ros/launch/rplidar_s1_tcp_launch.py
[0.734s] -- Up-to-date symlink: /home/panha/Food_Delivery_Robot/install/rplidar_ros/share/rplidar_ros/launch/rplidar_s2_launch.py
[0.735s] -- Up-to-date symlink: /home/panha/Food_Delivery_Robot/install/rplidar_ros/share/rplidar_ros/launch/rplidar_s2e_launch.py
[0.735s] -- Up-to-date symlink: /home/panha/Food_Delivery_Robot/install/rplidar_ros/share/rplidar_ros/launch/rplidar_s3_launch.py
[0.735s] -- Up-to-date symlink: /home/panha/Food_Delivery_Robot/install/rplidar_ros/share/rplidar_ros/launch/rplidar_t1_launch.py
[0.735s] -- Up-to-date symlink: /home/panha/Food_Delivery_Robot/install/rplidar_ros/share/rplidar_ros/launch/view_rplidar_a1_launch.py
[0.735s] -- Up-to-date symlink: /home/panha/Food_Delivery_Robot/install/rplidar_ros/share/rplidar_ros/launch/view_rplidar_a2m12_launch.py
[0.735s] -- Up-to-date symlink: /home/panha/Food_Delivery_Robot/install/rplidar_ros/share/rplidar_ros/launch/view_rplidar_a2m7_launch.py
[0.735s] -- Up-to-date symlink: /home/panha/Food_Delivery_Robot/install/rplidar_ros/share/rplidar_ros/launch/view_rplidar_a2m8_launch.py
[0.735s] -- Up-to-date symlink: /home/panha/Food_Delivery_Robot/install/rplidar_ros/share/rplidar_ros/launch/view_rplidar_a3_launch.py
[0.735s] -- Up-to-date symlink: /home/panha/Food_Delivery_Robot/install/rplidar_ros/share/rplidar_ros/launch/view_rplidar_c1_launch.py
[0.735s] -- Up-to-date symlink: /home/panha/Food_Delivery_Robot/install/rplidar_ros/share/rplidar_ros/launch/view_rplidar_s1_launch.py
[0.736s] -- Up-to-date symlink: /home/panha/Food_Delivery_Robot/install/rplidar_ros/share/rplidar_ros/launch/view_rplidar_s1_tcp_launch.py
[0.736s] -- Up-to-date symlink: /home/panha/Food_Delivery_Robot/install/rplidar_ros/share/rplidar_ros/launch/view_rplidar_s2_launch.py
[0.736s] -- Up-to-date symlink: /home/panha/Food_Delivery_Robot/install/rplidar_ros/share/rplidar_ros/launch/view_rplidar_s2e_launch.py
[0.736s] -- Up-to-date symlink: /home/panha/Food_Delivery_Robot/install/rplidar_ros/share/rplidar_ros/launch/view_rplidar_s3_launch.py
[0.736s] -- Up-to-date symlink: /home/panha/Food_Delivery_Robot/install/rplidar_ros/share/rplidar_ros/launch/view_rplidar_t1_launch.py
[0.736s] -- Up-to-date symlink: /home/panha/Food_Delivery_Robot/install/rplidar_ros/share/rplidar_ros/rviz/rplidar_ros.rviz
[0.736s] -- Up-to-date symlink: /home/panha/Food_Delivery_Robot/install/rplidar_ros/lib/rplidar_ros/rplidar_node
[0.737s] -- Up-to-date symlink: /home/panha/Food_Delivery_Robot/install/rplidar_ros/lib/rplidar_ros/rplidar_composition
[0.737s] -- Up-to-date symlink: /home/panha/Food_Delivery_Robot/install/rplidar_ros/lib/rplidar_ros/rplidar_client
[0.737s] -- Up-to-date symlink: /home/panha/Food_Delivery_Robot/install/rplidar_ros/lib/rplidar_ros/rplidar_a1
[0.737s] -- Up-to-date symlink: /home/panha/Food_Delivery_Robot/install/rplidar_ros/share/ament_index/resource_index/package_run_dependencies/rplidar_ros
[0.737s] -- Up-to-date symlink: /home/panha/Food_Delivery_Robot/install/rplidar_ros/share/ament_index/resource_index/parent_prefix_path/rplidar_ros
[0.737s] -- Up-to-date symlink: /home/panha/Food_Delivery_Robot/install/rplidar_ros/share/rplidar_ros/environment/ament_prefix_path.sh
[0.738s] -- Up-to-date symlink: /home/panha/Food_Delivery_Robot/install/rplidar_ros/share/rplidar_ros/environment/ament_prefix_path.dsv
[0.738s] -- Up-to-date symlink: /home/panha/Food_Delivery_Robot/install/rplidar_ros/share/rplidar_ros/environment/path.sh
[0.738s] -- Up-to-date symlink: /home/panha/Food_Delivery_Robot/install/rplidar_ros/share/rplidar_ros/environment/path.dsv
[0.738s] -- Up-to-date symlink: /home/panha/Food_Delivery_Robot/install/rplidar_ros/share/rplidar_ros/local_setup.bash
[0.738s] -- Up-to-date symlink: /home/panha/Food_Delivery_Robot/install/rplidar_ros/share/rplidar_ros/local_setup.sh
[0.738s] -- Up-to-date symlink: /home/panha/Food_Delivery_Robot/install/rplidar_ros/share/rplidar_ros/local_setup.zsh
[0.738s] -- Up-to-date symlink: /home/panha/Food_Delivery_Robot/install/rplidar_ros/share/rplidar_ros/local_setup.dsv
[0.738s] -- Up-to-date symlink: /home/panha/Food_Delivery_Robot/install/rplidar_ros/share/rplidar_ros/package.dsv
[0.739s] -- Up-to-date symlink: /home/panha/Food_Delivery_Robot/install/rplidar_ros/share/ament_index/resource_index/packages/rplidar_ros
[0.739s] -- Up-to-date symlink: /home/panha/Food_Delivery_Robot/install/rplidar_ros/share/rplidar_ros/cmake/ament_cmake_export_dependencies-extras.cmake
[0.739s] -- Up-to-date symlink: /home/panha/Food_Delivery_Robot/install/rplidar_ros/share/rplidar_ros/cmake/ament_cmake_export_include_directories-extras.cmake
[0.739s] -- Up-to-date symlink: /home/panha/Food_Delivery_Robot/install/rplidar_ros/share/rplidar_ros/cmake/rplidar_rosConfig.cmake
[0.739s] -- Up-to-date symlink: /home/panha/Food_Delivery_Robot/install/rplidar_ros/share/rplidar_ros/cmake/rplidar_rosConfig-version.cmake
[0.739s] -- Up-to-date symlink: /home/panha/Food_Delivery_Robot/install/rplidar_ros/share/rplidar_ros/package.xml
[0.741s] Invoked command in '/home/panha/Food_Delivery_Robot/build/rplidar_ros' returned '0': CMAKE_PREFIX_PATH=${CMAKE_PREFIX_PATH}:/home/panha/ws_moveit/install/moveit_configs_utils:/home/panha/ws_moveit/install/launch_param_builder:/home/panha/mushroom_ws_V2/install/py_mushroom_control:/home/panha/turtlebot3_ws/install/turtlebot3_teleop:/home/panha/turtlebot3_ws/install/turtlebot3_example:/opt/ros/humble /usr/bin/cmake --install /home/panha/Food_Delivery_Robot/build/rplidar_ros
