[0.048s] Invoking command in '/home/panha/Food_Delivery_Robot/build/food_del_robot': CMAKE_PREFIX_PATH=${CMAKE_PREFIX_PATH}:/home/panha/ws_moveit/install/moveit_configs_utils:/home/panha/ws_moveit/install/launch_param_builder:/home/panha/mushroom_ws_V2/install/py_mushroom_control:/home/panha/turtlebot3_ws/install/turtlebot3_teleop:/home/panha/turtlebot3_ws/install/turtlebot3_example:/opt/ros/humble /usr/bin/cmake --build /home/panha/Food_Delivery_Robot/build/food_del_robot -- -j16 -l16
[0.106s] [  3%] Built target food_del_robot__cpp
[0.107s] [ 12%] Built target food_del_robot__rosidl_generator_c
[0.114s] [ 12%] Built target ament_cmake_python_copy_food_del_robot
[0.128s] [ 22%] Built target food_del_robot__rosidl_typesupport_cpp
[0.130s] [ 58%] Built target food_del_robot__rosidl_typesupport_introspection_c
[0.130s] [ 61%] Built target food_del_robot__rosidl_typesupport_fastrtps_cpp
[0.130s] [ 61%] Built target food_del_robot__rosidl_typesupport_fastrtps_c
[0.130s] [ 61%] Built target food_del_robot__rosidl_typesupport_c
[0.130s] [ 70%] Built target food_del_robot__rosidl_typesupport_introspection_cpp
[0.149s] [ 70%] Built target food_del_robot
[0.169s] [ 74%] Built target food_del_robot__py
[0.191s] [ 80%] Built target food_del_robot__rosidl_generator_py
[0.211s] [ 93%] Built target food_del_robot__rosidl_typesupport_fastrtps_c__pyext
[0.211s] [ 93%] Built target food_del_robot__rosidl_typesupport_introspection_c__pyext
[0.211s] [100%] Built target food_del_robot__rosidl_typesupport_c__pyext
[0.337s] running egg_info
[0.357s] writing food_del_robot.egg-info/PKG-INFO
[0.358s] writing dependency_links to food_del_robot.egg-info/dependency_links.txt
[0.358s] writing top-level names to food_del_robot.egg-info/top_level.txt
[0.420s] reading manifest file 'food_del_robot.egg-info/SOURCES.txt'
[0.422s] writing manifest file 'food_del_robot.egg-info/SOURCES.txt'
[0.450s] [100%] Built target ament_cmake_python_build_food_del_robot_egg
