[0.024s] Invoking command in '/home/panha/Food_Delivery_Robot/build/yahboom_imu_10_axis': CMAKE_PREFIX_PATH=${CMAKE_PREFIX_PATH}:/home/panha/ws_moveit/install/moveit_configs_utils:/home/panha/ws_moveit/install/launch_param_builder:/opt/ros/humble /usr/bin/cmake --build /home/panha/Food_Delivery_Robot/build/yahboom_imu_10_axis -- -j16 -l16
[0.071s] [ 50%] Built target imu_serial
[0.097s] [ 75%] [32mBuilding CXX object CMakeFiles/imu_driver.dir/src/imu_driver.cpp.o[0m
[3.665s] [100%] [32m[1mLinking CXX executable imu_driver[0m
[3.861s] [100%] Built target imu_driver
[3.870s] Invoked command in '/home/panha/Food_Delivery_Robot/build/yahboom_imu_10_axis' returned '0': CMAKE_PREFIX_PATH=${CMAKE_PREFIX_PATH}:/home/panha/ws_moveit/install/moveit_configs_utils:/home/panha/ws_moveit/install/launch_param_builder:/opt/ros/humble /usr/bin/cmake --build /home/panha/Food_Delivery_Robot/build/yahboom_imu_10_axis -- -j16 -l16
[3.871s] Invoking command in '/home/panha/Food_Delivery_Robot/build/yahboom_imu_10_axis': CMAKE_PREFIX_PATH=${CMAKE_PREFIX_PATH}:/home/panha/ws_moveit/install/moveit_configs_utils:/home/panha/ws_moveit/install/launch_param_builder:/opt/ros/humble /usr/bin/cmake --install /home/panha/Food_Delivery_Robot/build/yahboom_imu_10_axis
[3.876s] -- Install configuration: ""
[3.877s] -- Up-to-date: /home/panha/Food_Delivery_Robot/install/yahboom_imu_10_axis/lib/libimu_serial.a
[3.877s] -- Installing: /home/panha/Food_Delivery_Robot/install/yahboom_imu_10_axis/lib/yahboom_imu_10_axis/imu_driver
[3.879s] -- Set runtime path of "/home/panha/Food_Delivery_Robot/install/yahboom_imu_10_axis/lib/yahboom_imu_10_axis/imu_driver" to ""
[3.879s] -- Up-to-date: /home/panha/Food_Delivery_Robot/install/yahboom_imu_10_axis/include/
[3.879s] -- Up-to-date: /home/panha/Food_Delivery_Robot/install/yahboom_imu_10_axis/include//yahboom_imu_10_axis
[3.879s] -- Up-to-date: /home/panha/Food_Delivery_Robot/install/yahboom_imu_10_axis/include//imu_serial.hpp
[3.879s] -- Up-to-date: /home/panha/Food_Delivery_Robot/install/yahboom_imu_10_axis/include//protocol.hpp
[3.879s] -- Up-to-date: /home/panha/Food_Delivery_Robot/install/yahboom_imu_10_axis/share/ament_index/resource_index/package_run_dependencies/yahboom_imu_10_axis
[3.879s] -- Up-to-date: /home/panha/Food_Delivery_Robot/install/yahboom_imu_10_axis/share/ament_index/resource_index/parent_prefix_path/yahboom_imu_10_axis
[3.880s] -- Up-to-date: /home/panha/Food_Delivery_Robot/install/yahboom_imu_10_axis/share/yahboom_imu_10_axis/environment/ament_prefix_path.sh
[3.880s] -- Up-to-date: /home/panha/Food_Delivery_Robot/install/yahboom_imu_10_axis/share/yahboom_imu_10_axis/environment/ament_prefix_path.dsv
[3.880s] -- Up-to-date: /home/panha/Food_Delivery_Robot/install/yahboom_imu_10_axis/share/yahboom_imu_10_axis/environment/path.sh
[3.880s] -- Up-to-date: /home/panha/Food_Delivery_Robot/install/yahboom_imu_10_axis/share/yahboom_imu_10_axis/environment/path.dsv
[3.880s] -- Up-to-date: /home/panha/Food_Delivery_Robot/install/yahboom_imu_10_axis/share/yahboom_imu_10_axis/local_setup.bash
[3.880s] -- Up-to-date: /home/panha/Food_Delivery_Robot/install/yahboom_imu_10_axis/share/yahboom_imu_10_axis/local_setup.sh
[3.880s] -- Up-to-date: /home/panha/Food_Delivery_Robot/install/yahboom_imu_10_axis/share/yahboom_imu_10_axis/local_setup.zsh
[3.880s] -- Up-to-date: /home/panha/Food_Delivery_Robot/install/yahboom_imu_10_axis/share/yahboom_imu_10_axis/local_setup.dsv
[3.880s] -- Installing: /home/panha/Food_Delivery_Robot/install/yahboom_imu_10_axis/share/yahboom_imu_10_axis/package.dsv
[3.880s] -- Up-to-date: /home/panha/Food_Delivery_Robot/install/yahboom_imu_10_axis/share/ament_index/resource_index/packages/yahboom_imu_10_axis
[3.880s] -- Up-to-date: /home/panha/Food_Delivery_Robot/install/yahboom_imu_10_axis/share/yahboom_imu_10_axis/cmake/yahboom_imu_10_axisConfig.cmake
[3.880s] -- Up-to-date: /home/panha/Food_Delivery_Robot/install/yahboom_imu_10_axis/share/yahboom_imu_10_axis/cmake/yahboom_imu_10_axisConfig-version.cmake
[3.880s] -- Up-to-date: /home/panha/Food_Delivery_Robot/install/yahboom_imu_10_axis/share/yahboom_imu_10_axis/package.xml
[3.882s] Invoked command in '/home/panha/Food_Delivery_Robot/build/yahboom_imu_10_axis' returned '0': CMAKE_PREFIX_PATH=${CMAKE_PREFIX_PATH}:/home/panha/ws_moveit/install/moveit_configs_utils:/home/panha/ws_moveit/install/launch_param_builder:/opt/ros/humble /usr/bin/cmake --install /home/panha/Food_Delivery_Robot/build/yahboom_imu_10_axis
