[0.029s] Invoking command in '/home/panha/Food_Delivery_Robot/build/yahboom_imu_10_axis': CMAKE_PREFIX_PATH=${CMAKE_PREFIX_PATH}:/home/panha/ws_moveit/install/moveit_configs_utils:/home/panha/ws_moveit/install/launch_param_builder:/home/panha/mushroom_ws_V2/install/py_mushroom_control:/home/panha/turtlebot3_ws/install/turtlebot3_teleop:/home/panha/turtlebot3_ws/install/turtlebot3_example:/opt/ros/humble /usr/bin/cmake /home/panha/Food_Delivery_Robot/src/yahboom_imu_10_axis -DCMAKE_INSTALL_PREFIX=/home/panha/Food_Delivery_Robot/install/yahboom_imu_10_axis
[0.082s] -- The C compiler identification is GNU 11.4.0
[0.135s] -- The CXX compiler identification is GNU 11.4.0
[0.146s] -- Detecting C compiler ABI info
[0.213s] -- Detecting C compiler ABI info - done
[0.219s] -- Check for working C compiler: /usr/bin/cc - skipped
[0.219s] -- Detecting C compile features
[0.220s] -- Detecting C compile features - done
[0.222s] -- Detecting CXX compiler ABI info
[0.301s] -- Detecting CXX compiler ABI info - done
[0.307s] -- Check for working CXX compiler: /usr/bin/c++ - skipped
[0.307s] -- Detecting CXX compile features
[0.308s] -- Detecting CXX compile features - done
[0.317s] -- Found ament_cmake: 1.3.12 (/opt/ros/humble/share/ament_cmake/cmake)
[0.684s] -- Found Python3: /usr/bin/python3 (found version "3.10.12") found components: Interpreter 
[0.859s] -- Found rclcpp: 16.0.15 (/opt/ros/humble/share/rclcpp/cmake)
[0.966s] -- Found rosidl_generator_c: 3.1.7 (/opt/ros/humble/share/rosidl_generator_c/cmake)
[0.982s] -- Found rosidl_adapter: 3.1.7 (/opt/ros/humble/share/rosidl_adapter/cmake)
[1.001s] -- Found rosidl_generator_cpp: 3.1.7 (/opt/ros/humble/share/rosidl_generator_cpp/cmake)
[1.029s] -- Using all available rosidl_typesupport_c: rosidl_typesupport_fastrtps_c;rosidl_typesupport_introspection_c
[1.063s] -- Using all available rosidl_typesupport_cpp: rosidl_typesupport_fastrtps_cpp;rosidl_typesupport_introspection_cpp
[1.162s] -- Found rmw_implementation_cmake: 6.1.2 (/opt/ros/humble/share/rmw_implementation_cmake/cmake)
[1.173s] -- Found rmw_cyclonedds_cpp: 1.3.4 (/opt/ros/humble/share/rmw_cyclonedds_cpp/cmake)
[1.228s] -- Using RMW implementation 'rmw_cyclonedds_cpp' as default
[1.254s] -- Performing Test CMAKE_HAVE_LIBC_PTHREAD
[1.330s] -- Performing Test CMAKE_HAVE_LIBC_PTHREAD - Success
[1.331s] -- Found Threads: TRUE  
[1.401s] -- Found sensor_msgs: 4.9.0 (/opt/ros/humble/share/sensor_msgs/cmake)
[1.493s] -- Configuring done
[1.503s] -- Generating done
[1.506s] -- Build files have been written to: /home/panha/Food_Delivery_Robot/build/yahboom_imu_10_axis
[1.516s] Invoked command in '/home/panha/Food_Delivery_Robot/build/yahboom_imu_10_axis' returned '0': CMAKE_PREFIX_PATH=${CMAKE_PREFIX_PATH}:/home/panha/ws_moveit/install/moveit_configs_utils:/home/panha/ws_moveit/install/launch_param_builder:/home/panha/mushroom_ws_V2/install/py_mushroom_control:/home/panha/turtlebot3_ws/install/turtlebot3_teleop:/home/panha/turtlebot3_ws/install/turtlebot3_example:/opt/ros/humble /usr/bin/cmake /home/panha/Food_Delivery_Robot/src/yahboom_imu_10_axis -DCMAKE_INSTALL_PREFIX=/home/panha/Food_Delivery_Robot/install/yahboom_imu_10_axis
[1.519s] Invoking command in '/home/panha/Food_Delivery_Robot/build/yahboom_imu_10_axis': CMAKE_PREFIX_PATH=${CMAKE_PREFIX_PATH}:/home/panha/ws_moveit/install/moveit_configs_utils:/home/panha/ws_moveit/install/launch_param_builder:/home/panha/mushroom_ws_V2/install/py_mushroom_control:/home/panha/turtlebot3_ws/install/turtlebot3_teleop:/home/panha/turtlebot3_ws/install/turtlebot3_example:/opt/ros/humble /usr/bin/cmake --build /home/panha/Food_Delivery_Robot/build/yahboom_imu_10_axis -- -j16 -l16
[1.564s] [ 25%] [32mBuilding CXX object CMakeFiles/imu_serial.dir/src/imu_serial.cpp.o[0m
[2.700s] [ 50%] [32m[1mLinking CXX static library libimu_serial.a[0m
[2.844s] [ 50%] Built target imu_serial
[2.905s] [ 75%] [32mBuilding CXX object CMakeFiles/imu_driver.dir/src/imu_driver.cpp.o[0m
[6.888s] [100%] [32m[1mLinking CXX executable imu_driver[0m
[7.056s] [100%] Built target imu_driver
[7.063s] Invoked command in '/home/panha/Food_Delivery_Robot/build/yahboom_imu_10_axis' returned '0': CMAKE_PREFIX_PATH=${CMAKE_PREFIX_PATH}:/home/panha/ws_moveit/install/moveit_configs_utils:/home/panha/ws_moveit/install/launch_param_builder:/home/panha/mushroom_ws_V2/install/py_mushroom_control:/home/panha/turtlebot3_ws/install/turtlebot3_teleop:/home/panha/turtlebot3_ws/install/turtlebot3_example:/opt/ros/humble /usr/bin/cmake --build /home/panha/Food_Delivery_Robot/build/yahboom_imu_10_axis -- -j16 -l16
[7.064s] Invoking command in '/home/panha/Food_Delivery_Robot/build/yahboom_imu_10_axis': CMAKE_PREFIX_PATH=${CMAKE_PREFIX_PATH}:/home/panha/ws_moveit/install/moveit_configs_utils:/home/panha/ws_moveit/install/launch_param_builder:/home/panha/mushroom_ws_V2/install/py_mushroom_control:/home/panha/turtlebot3_ws/install/turtlebot3_teleop:/home/panha/turtlebot3_ws/install/turtlebot3_example:/opt/ros/humble /usr/bin/cmake --install /home/panha/Food_Delivery_Robot/build/yahboom_imu_10_axis
[7.069s] -- Install configuration: ""
[7.069s] -- Installing: /home/panha/Food_Delivery_Robot/install/yahboom_imu_10_axis/lib/libimu_serial.a
[7.070s] -- Installing: /home/panha/Food_Delivery_Robot/install/yahboom_imu_10_axis/lib/yahboom_imu_10_axis/imu_driver
[7.071s] -- Set runtime path of "/home/panha/Food_Delivery_Robot/install/yahboom_imu_10_axis/lib/yahboom_imu_10_axis/imu_driver" to ""
[7.071s] -- Installing: /home/panha/Food_Delivery_Robot/install/yahboom_imu_10_axis/include/
[7.071s] -- Installing: /home/panha/Food_Delivery_Robot/install/yahboom_imu_10_axis/include//yahboom_imu_10_axis
[7.071s] -- Installing: /home/panha/Food_Delivery_Robot/install/yahboom_imu_10_axis/include//imu_serial.hpp
[7.071s] -- Installing: /home/panha/Food_Delivery_Robot/install/yahboom_imu_10_axis/include//protocol.hpp
[7.071s] -- Installing: /home/panha/Food_Delivery_Robot/install/yahboom_imu_10_axis/share/ament_index/resource_index/package_run_dependencies/yahboom_imu_10_axis
[7.071s] -- Installing: /home/panha/Food_Delivery_Robot/install/yahboom_imu_10_axis/share/ament_index/resource_index/parent_prefix_path/yahboom_imu_10_axis
[7.072s] -- Installing: /home/panha/Food_Delivery_Robot/install/yahboom_imu_10_axis/share/yahboom_imu_10_axis/environment/ament_prefix_path.sh
[7.072s] -- Installing: /home/panha/Food_Delivery_Robot/install/yahboom_imu_10_axis/share/yahboom_imu_10_axis/environment/ament_prefix_path.dsv
[7.072s] -- Installing: /home/panha/Food_Delivery_Robot/install/yahboom_imu_10_axis/share/yahboom_imu_10_axis/environment/path.sh
[7.072s] -- Installing: /home/panha/Food_Delivery_Robot/install/yahboom_imu_10_axis/share/yahboom_imu_10_axis/environment/path.dsv
[7.072s] -- Installing: /home/panha/Food_Delivery_Robot/install/yahboom_imu_10_axis/share/yahboom_imu_10_axis/local_setup.bash
[7.072s] -- Installing: /home/panha/Food_Delivery_Robot/install/yahboom_imu_10_axis/share/yahboom_imu_10_axis/local_setup.sh
[7.072s] -- Installing: /home/panha/Food_Delivery_Robot/install/yahboom_imu_10_axis/share/yahboom_imu_10_axis/local_setup.zsh
[7.072s] -- Installing: /home/panha/Food_Delivery_Robot/install/yahboom_imu_10_axis/share/yahboom_imu_10_axis/local_setup.dsv
[7.073s] -- Installing: /home/panha/Food_Delivery_Robot/install/yahboom_imu_10_axis/share/yahboom_imu_10_axis/package.dsv
[7.073s] -- Installing: /home/panha/Food_Delivery_Robot/install/yahboom_imu_10_axis/share/ament_index/resource_index/packages/yahboom_imu_10_axis
[7.073s] -- Installing: /home/panha/Food_Delivery_Robot/install/yahboom_imu_10_axis/share/yahboom_imu_10_axis/cmake/yahboom_imu_10_axisConfig.cmake
[7.073s] -- Installing: /home/panha/Food_Delivery_Robot/install/yahboom_imu_10_axis/share/yahboom_imu_10_axis/cmake/yahboom_imu_10_axisConfig-version.cmake
[7.073s] -- Installing: /home/panha/Food_Delivery_Robot/install/yahboom_imu_10_axis/share/yahboom_imu_10_axis/package.xml
[7.074s] Invoked command in '/home/panha/Food_Delivery_Robot/build/yahboom_imu_10_axis' returned '0': CMAKE_PREFIX_PATH=${CMAKE_PREFIX_PATH}:/home/panha/ws_moveit/install/moveit_configs_utils:/home/panha/ws_moveit/install/launch_param_builder:/home/panha/mushroom_ws_V2/install/py_mushroom_control:/home/panha/turtlebot3_ws/install/turtlebot3_teleop:/home/panha/turtlebot3_ws/install/turtlebot3_example:/opt/ros/humble /usr/bin/cmake --install /home/panha/Food_Delivery_Robot/build/yahboom_imu_10_axis
