-- Found ament_cmake: 1.3.12 (/opt/ros/humble/share/ament_cmake/cmake)
-- Found rclcpp: 16.0.17 (/opt/ros/humble/share/rclcpp/cmake)
-- Found rosidl_generator_c: 3.1.8 (/opt/ros/humble/share/rosidl_generator_c/cmake)
-- Found rosidl_adapter: 3.1.8 (/opt/ros/humble/share/rosidl_adapter/cmake)
-- Found rosidl_generator_cpp: 3.1.8 (/opt/ros/humble/share/rosidl_generator_cpp/cmake)
-- Using all available rosidl_typesupport_c: rosidl_typesupport_fastrtps_c;rosidl_typesupport_introspection_c
-- Using all available rosidl_typesupport_cpp: rosidl_typesupport_fastrtps_cpp;rosidl_typesupport_introspection_cpp
-- Found rmw_implementation_cmake: 6.1.2 (/opt/ros/humble/share/rmw_implementation_cmake/cmake)
-- Found rmw_cyclonedds_cpp: 1.3.4 (/opt/ros/humble/share/rmw_cyclonedds_cpp/cmake)
-- Using RMW implementation 'rmw_cyclonedds_cpp' as default
-- Found sensor_msgs: 4.9.0 (/opt/ros/humble/share/sensor_msgs/cmake)
-- Found std_srvs: 4.9.0 (/opt/ros/humble/share/std_srvs/cmake)
-- Configuring done
-- Generating done
-- Build files have been written to: /home/panha/Food_Delivery_Robot/build/rplidar_ros
[  1%] [32mBuilding CXX object CMakeFiles/rplidar_client.dir/src/rplidar_client.cpp.o[0m
[  3%] [32mBuilding CXX object CMakeFiles/rplidar_a1.dir/sdk/src/arch/linux/net_serial.cpp.o[0m
[  5%] [32mBuilding CXX object CMakeFiles/rplidar_composition.dir/sdk/src/arch/linux/net_socket.cpp.o[0m
[  7%] [32mBuilding CXX object CMakeFiles/rplidar_composition.dir/src/rplidar_node.cpp.o[0m
[ 10%] [32mBuilding CXX object CMakeFiles/rplidar_a1.dir/sdk/src/arch/linux/timer.cpp.o[0m
[  8%] [32mBuilding CXX object CMakeFiles/rplidar_composition.dir/sdk/src/dataunpacker/dataunpacker.cpp.o[0m
[ 12%] [32mBuilding CXX object CMakeFiles/rplidar_a1.dir/src/rplidar_a1.cpp.o[0m
[ 14%] [32mBuilding CXX object CMakeFiles/rplidar_composition.dir/sdk/src/arch/linux/net_serial.cpp.o[0m
[ 16%] [32mBuilding CXX object CMakeFiles/rplidar_a1.dir/sdk/src/arch/linux/net_socket.cpp.o[0m
[ 17%] [32mBuilding CXX object CMakeFiles/rplidar_composition.dir/sdk/src/arch/linux/timer.cpp.o[0m
[ 19%] [32mBuilding CXX object CMakeFiles/rplidar_composition.dir/sdk/src/dataunpacker/unpacker/handler_hqnode.cpp.o[0m
[ 23%] [32mBuilding CXX object CMakeFiles/rplidar_composition.dir/sdk/src/dataunpacker/unpacker/handler_capsules.cpp.o[0m
[ 23%] [32mBuilding CXX object CMakeFiles/rplidar_a1.dir/sdk/src/dataunpacker/dataunpacker.cpp.o[0m
[ 25%] [32mBuilding CXX object CMakeFiles/rplidar_node.dir/sdk/src/arch/linux/net_serial.cpp.o[0m
[ 26%] [32mBuilding CXX object CMakeFiles/rplidar_a1.dir/sdk/src/dataunpacker/unpacker/handler_capsules.cpp.o[0m
[ 28%] [32mBuilding CXX object CMakeFiles/rplidar_node.dir/src/rplidar_node.cpp.o[0m
[ 30%] [32mBuilding CXX object CMakeFiles/rplidar_node.dir/sdk/src/arch/linux/net_socket.cpp.o[0m
[ 32%] [32mBuilding CXX object CMakeFiles/rplidar_node.dir/sdk/src/arch/linux/timer.cpp.o[0m
[ 33%] [32mBuilding CXX object CMakeFiles/rplidar_composition.dir/sdk/src/dataunpacker/unpacker/handler_normalnode.cpp.o[0m
[ 35%] [32mBuilding CXX object CMakeFiles/rplidar_node.dir/sdk/src/dataunpacker/dataunpacker.cpp.o[0m
[ 37%] [32mBuilding CXX object CMakeFiles/rplidar_composition.dir/sdk/src/hal/thread.cpp.o[0m
[ 39%] [32mBuilding CXX object CMakeFiles/rplidar_a1.dir/sdk/src/dataunpacker/unpacker/handler_hqnode.cpp.o[0m
[ 41%] [32mBuilding CXX object CMakeFiles/rplidar_a1.dir/sdk/src/dataunpacker/unpacker/handler_normalnode.cpp.o[0m
[ 42%] [32mBuilding CXX object CMakeFiles/rplidar_composition.dir/sdk/src/rplidar_driver.cpp.o[0m
[ 44%] [32mBuilding CXX object CMakeFiles/rplidar_composition.dir/sdk/src/sl_async_transceiver.cpp.o[0m
[ 46%] [32mBuilding CXX object CMakeFiles/rplidar_a1.dir/sdk/src/hal/thread.cpp.o[0m
[ 48%] [32mBuilding CXX object CMakeFiles/rplidar_composition.dir/sdk/src/sl_crc.cpp.o[0m
[ 50%] [32mBuilding CXX object CMakeFiles/rplidar_composition.dir/sdk/src/sl_lidar_driver.cpp.o[0m
[ 51%] [32mBuilding CXX object CMakeFiles/rplidar_node.dir/sdk/src/dataunpacker/unpacker/handler_capsules.cpp.o[0m
[ 53%] [32mBuilding CXX object CMakeFiles/rplidar_node.dir/sdk/src/dataunpacker/unpacker/handler_hqnode.cpp.o[0m
[ 55%] [32mBuilding CXX object CMakeFiles/rplidar_node.dir/sdk/src/dataunpacker/unpacker/handler_normalnode.cpp.o[0m
[ 57%] [32mBuilding CXX object CMakeFiles/rplidar_node.dir/sdk/src/hal/thread.cpp.o[0m
[ 58%] [32mBuilding CXX object CMakeFiles/rplidar_composition.dir/sdk/src/sl_lidarprotocol_codec.cpp.o[0m
[ 60%] [32mBuilding CXX object CMakeFiles/rplidar_a1.dir/sdk/src/rplidar_driver.cpp.o[0m
[ 62%] [32mBuilding CXX object CMakeFiles/rplidar_composition.dir/sdk/src/sl_serial_channel.cpp.o[0m
[ 64%] [32mBuilding CXX object CMakeFiles/rplidar_node.dir/sdk/src/rplidar_driver.cpp.o[0m
[ 66%] [32mBuilding CXX object CMakeFiles/rplidar_node.dir/sdk/src/sl_async_transceiver.cpp.o[0m
[ 67%] [32mBuilding CXX object CMakeFiles/rplidar_composition.dir/sdk/src/sl_tcp_channel.cpp.o[0m
[ 69%] [32mBuilding CXX object CMakeFiles/rplidar_composition.dir/sdk/src/sl_udp_channel.cpp.o[0m
[ 71%] [32mBuilding CXX object CMakeFiles/rplidar_a1.dir/sdk/src/sl_async_transceiver.cpp.o[0m
[ 73%] [32mBuilding CXX object CMakeFiles/rplidar_a1.dir/sdk/src/sl_crc.cpp.o[0m
[ 75%] [32mBuilding CXX object CMakeFiles/rplidar_a1.dir/sdk/src/sl_lidar_driver.cpp.o[0m
[ 76%] [32mBuilding CXX object CMakeFiles/rplidar_a1.dir/sdk/src/sl_lidarprotocol_codec.cpp.o[0m
[ 78%] [32mBuilding CXX object CMakeFiles/rplidar_node.dir/sdk/src/sl_crc.cpp.o[0m
[ 80%] [32mBuilding CXX object CMakeFiles/rplidar_a1.dir/sdk/src/sl_serial_channel.cpp.o[0m
[ 82%] [32mBuilding CXX object CMakeFiles/rplidar_a1.dir/sdk/src/sl_tcp_channel.cpp.o[0m
[ 83%] [32mBuilding CXX object CMakeFiles/rplidar_node.dir/sdk/src/sl_lidar_driver.cpp.o[0m
[ 85%] [32mBuilding CXX object CMakeFiles/rplidar_node.dir/sdk/src/sl_lidarprotocol_codec.cpp.o[0m
[ 87%] [32mBuilding CXX object CMakeFiles/rplidar_a1.dir/sdk/src/sl_udp_channel.cpp.o[0m
[ 89%] [32mBuilding CXX object CMakeFiles/rplidar_node.dir/sdk/src/sl_serial_channel.cpp.o[0m
[ 91%] [32mBuilding CXX object CMakeFiles/rplidar_node.dir/sdk/src/sl_tcp_channel.cpp.o[0m
[ 92%] [32mBuilding CXX object CMakeFiles/rplidar_node.dir/sdk/src/sl_udp_channel.cpp.o[0m
[ 94%] [32m[1mLinking CXX executable rplidar_a1[0m
[ 94%] Built target rplidar_a1
[ 96%] [32m[1mLinking CXX executable rplidar_composition[0m
[ 98%] [32m[1mLinking CXX executable rplidar_node[0m
[ 98%] Built target rplidar_composition
[ 98%] Built target rplidar_node
[100%] [32m[1mLinking CXX executable rplidar_client[0m
[100%] Built target rplidar_client
