[0.038s] Invoking command in '/home/panha/Food_Delivery_Robot/build/rplidar_ros': CMAKE_PREFIX_PATH=${CMAKE_PREFIX_PATH}:/home/panha/yolo_ws/install/depth_test:/opt/ros/humble /usr/bin/cmake --build /home/panha/Food_Delivery_Robot/build/rplidar_ros -- -j6 -l6
[0.205s] [ 32%] Built target rplidar_node
[0.231s] [ 64%] Built target rplidar_composition
[0.241s] [ 67%] Built target rplidar_client
[0.251s] [100%] Built target rplidar_a1
[0.290s] Invoked command in '/home/panha/Food_Delivery_Robot/build/rplidar_ros' returned '0': CMAKE_PREFIX_PATH=${CMAKE_PREFIX_PATH}:/home/panha/yolo_ws/install/depth_test:/opt/ros/humble /usr/bin/cmake --build /home/panha/Food_Delivery_Robot/build/rplidar_ros -- -j6 -l6
[0.313s] Invoking command in '/home/panha/Food_Delivery_Robot/build/rplidar_ros': CMAKE_PREFIX_PATH=${CMAKE_PREFIX_PATH}:/home/panha/yolo_ws/install/depth_test:/opt/ros/humble /usr/bin/cmake --install /home/panha/Food_Delivery_Robot/build/rplidar_ros
[0.332s] -- Install configuration: ""
[0.332s] -- Up-to-date: /home/panha/Food_Delivery_Robot/install/rplidar_ros/share/rplidar_ros/launch
[0.332s] -- Up-to-date: /home/panha/Food_Delivery_Robot/install/rplidar_ros/share/rplidar_ros/launch/view_rplidar_a2m8_launch.py
[0.332s] -- Up-to-date: /home/panha/Food_Delivery_Robot/install/rplidar_ros/share/rplidar_ros/launch/rplidar_a3_launch.py
[0.333s] -- Up-to-date: /home/panha/Food_Delivery_Robot/install/rplidar_ros/share/rplidar_ros/launch/view_rplidar_s3_launch.py
[0.334s] -- Up-to-date: /home/panha/Food_Delivery_Robot/install/rplidar_ros/share/rplidar_ros/launch/view_rplidar_a3_launch.py
[0.334s] -- Up-to-date: /home/panha/Food_Delivery_Robot/install/rplidar_ros/share/rplidar_ros/launch/view_rplidar_s1_tcp_launch.py
[0.334s] -- Up-to-date: /home/panha/Food_Delivery_Robot/install/rplidar_ros/share/rplidar_ros/launch/rplidar_s1_tcp_launch.py
[0.335s] -- Up-to-date: /home/panha/Food_Delivery_Robot/install/rplidar_ros/share/rplidar_ros/launch/view_rplidar_a2m7_launch.py
[0.335s] -- Up-to-date: /home/panha/Food_Delivery_Robot/install/rplidar_ros/share/rplidar_ros/launch/rplidar_t1_launch.py
[0.335s] -- Up-to-date: /home/panha/Food_Delivery_Robot/install/rplidar_ros/share/rplidar_ros/launch/view_rplidar_t1_launch.py
[0.335s] -- Up-to-date: /home/panha/Food_Delivery_Robot/install/rplidar_ros/share/rplidar_ros/launch/rplidar_a2m12_launch.py
[0.336s] -- Up-to-date: /home/panha/Food_Delivery_Robot/install/rplidar_ros/share/rplidar_ros/launch/rplidar_a2m7_launch.py
[0.337s] -- Up-to-date: /home/panha/Food_Delivery_Robot/install/rplidar_ros/share/rplidar_ros/launch/view_rplidar_s2_launch.py
[0.337s] -- Up-to-date: /home/panha/Food_Delivery_Robot/install/rplidar_ros/share/rplidar_ros/launch/rplidar_s1_launch.py
[0.337s] -- Up-to-date: /home/panha/Food_Delivery_Robot/install/rplidar_ros/share/rplidar_ros/launch/rplidar_c1_launch.py
[0.338s] -- Up-to-date: /home/panha/Food_Delivery_Robot/install/rplidar_ros/share/rplidar_ros/launch/rplidar_s2_launch.py
[0.338s] -- Up-to-date: /home/panha/Food_Delivery_Robot/install/rplidar_ros/share/rplidar_ros/launch/view_rplidar_s2e_launch.py
[0.338s] -- Up-to-date: /home/panha/Food_Delivery_Robot/install/rplidar_ros/share/rplidar_ros/launch/rplidar_a2m8_launch.py
[0.338s] -- Up-to-date: /home/panha/Food_Delivery_Robot/install/rplidar_ros/share/rplidar_ros/launch/rplidar_s2e_launch.py
[0.338s] -- Up-to-date: /home/panha/Food_Delivery_Robot/install/rplidar_ros/share/rplidar_ros/launch/view_rplidar_c1_launch.py
[0.339s] -- Up-to-date: /home/panha/Food_Delivery_Robot/install/rplidar_ros/share/rplidar_ros/launch/view_rplidar_a2m12_launch.py
[0.339s] -- Up-to-date: /home/panha/Food_Delivery_Robot/install/rplidar_ros/share/rplidar_ros/launch/view_rplidar_a1_launch.py
[0.339s] -- Up-to-date: /home/panha/Food_Delivery_Robot/install/rplidar_ros/share/rplidar_ros/launch/rplidar_a1_launch.py
[0.339s] -- Up-to-date: /home/panha/Food_Delivery_Robot/install/rplidar_ros/share/rplidar_ros/launch/view_rplidar_s1_launch.py
[0.339s] -- Up-to-date: /home/panha/Food_Delivery_Robot/install/rplidar_ros/share/rplidar_ros/launch/rplidar_s3_launch.py
[0.340s] -- Up-to-date: /home/panha/Food_Delivery_Robot/install/rplidar_ros/share/rplidar_ros/rviz
[0.340s] -- Up-to-date: /home/panha/Food_Delivery_Robot/install/rplidar_ros/share/rplidar_ros/rviz/rplidar_ros.rviz
[0.340s] -- Up-to-date: /home/panha/Food_Delivery_Robot/install/rplidar_ros/lib/rplidar_ros/rplidar_node
[0.340s] -- Up-to-date: /home/panha/Food_Delivery_Robot/install/rplidar_ros/lib/rplidar_ros/rplidar_composition
[0.341s] -- Up-to-date: /home/panha/Food_Delivery_Robot/install/rplidar_ros/lib/rplidar_ros/rplidar_client
[0.341s] -- Up-to-date: /home/panha/Food_Delivery_Robot/install/rplidar_ros/lib/rplidar_ros/rplidar_a1
[0.341s] -- Up-to-date: /home/panha/Food_Delivery_Robot/install/rplidar_ros/share/ament_index/resource_index/package_run_dependencies/rplidar_ros
[0.341s] -- Up-to-date: /home/panha/Food_Delivery_Robot/install/rplidar_ros/share/ament_index/resource_index/parent_prefix_path/rplidar_ros
[0.341s] -- Up-to-date: /home/panha/Food_Delivery_Robot/install/rplidar_ros/share/rplidar_ros/environment/ament_prefix_path.sh
[0.341s] -- Up-to-date: /home/panha/Food_Delivery_Robot/install/rplidar_ros/share/rplidar_ros/environment/ament_prefix_path.dsv
[0.341s] -- Up-to-date: /home/panha/Food_Delivery_Robot/install/rplidar_ros/share/rplidar_ros/environment/path.sh
[0.342s] -- Up-to-date: /home/panha/Food_Delivery_Robot/install/rplidar_ros/share/rplidar_ros/environment/path.dsv
[0.342s] -- Up-to-date: /home/panha/Food_Delivery_Robot/install/rplidar_ros/share/rplidar_ros/local_setup.bash
[0.342s] -- Up-to-date: /home/panha/Food_Delivery_Robot/install/rplidar_ros/share/rplidar_ros/local_setup.sh
[0.342s] -- Up-to-date: /home/panha/Food_Delivery_Robot/install/rplidar_ros/share/rplidar_ros/local_setup.zsh
[0.342s] -- Up-to-date: /home/panha/Food_Delivery_Robot/install/rplidar_ros/share/rplidar_ros/local_setup.dsv
[0.342s] -- Installing: /home/panha/Food_Delivery_Robot/install/rplidar_ros/share/rplidar_ros/package.dsv
[0.342s] -- Up-to-date: /home/panha/Food_Delivery_Robot/install/rplidar_ros/share/ament_index/resource_index/packages/rplidar_ros
[0.343s] -- Up-to-date: /home/panha/Food_Delivery_Robot/install/rplidar_ros/share/rplidar_ros/cmake/ament_cmake_export_dependencies-extras.cmake
[0.343s] -- Up-to-date: /home/panha/Food_Delivery_Robot/install/rplidar_ros/share/rplidar_ros/cmake/ament_cmake_export_include_directories-extras.cmake
[0.343s] -- Up-to-date: /home/panha/Food_Delivery_Robot/install/rplidar_ros/share/rplidar_ros/cmake/rplidar_rosConfig.cmake
[0.343s] -- Up-to-date: /home/panha/Food_Delivery_Robot/install/rplidar_ros/share/rplidar_ros/cmake/rplidar_rosConfig-version.cmake
[0.343s] -- Up-to-date: /home/panha/Food_Delivery_Robot/install/rplidar_ros/share/rplidar_ros/package.xml
[0.354s] Invoked command in '/home/panha/Food_Delivery_Robot/build/rplidar_ros' returned '0': CMAKE_PREFIX_PATH=${CMAKE_PREFIX_PATH}:/home/panha/yolo_ws/install/depth_test:/opt/ros/humble /usr/bin/cmake --install /home/panha/Food_Delivery_Robot/build/rplidar_ros
