[0.026s] Invoking command in '/home/panha/Food_Delivery_Robot/build/rplidar_ros': CMAKE_PREFIX_PATH=${CMAKE_PREFIX_PATH}:/home/panha/ws_moveit/install/moveit_configs_utils:/home/panha/ws_moveit/install/launch_param_builder:/opt/ros/humble /usr/bin/cmake --build /home/panha/Food_Delivery_Robot/build/rplidar_ros -- -j16 -l16
[0.076s] [  3%] Built target rplidar_client
[0.084s] [  5%] [32mBuilding CXX object CMakeFiles/rplidar_composition.dir/src/rplidar_node.cpp.o[0m
[0.084s] [ 19%] [32mBuilding CXX object CMakeFiles/rplidar_node.dir/src/rplidar_node.cpp.o[0m
[0.085s] [ 39%] Built target rplidar_a1
[0.101s] [01m[K/home/panha/Food_Delivery_Robot/src/rplidar_ros-ros2/src/rplidar_node.cpp:35:10:[m[K [01;31m[Kfatal error: [m[Kros/ros.h: No such file or directory
[0.101s]    35 | #include [01;31m[K"ros/ros.h"[m[K
[0.102s]       |          [01;31m[K^~~~~~~~~~~[m[K
[0.102s] compilation terminated.
[0.102s] [01m[K/home/panha/Food_Delivery_Robot/src/rplidar_ros-ros2/src/rplidar_node.cpp:35:10:[m[K [01;31m[Kfatal error: [m[Kros/ros.h: No such file or directory
[0.102s]    35 | #include [01;31m[K"ros/ros.h"[m[K
[0.102s]       |          [01;31m[K^~~~~~~~~~~[m[K
[0.102s] compilation terminated.
[0.102s] gmake[2]: *** [CMakeFiles/rplidar_node.dir/build.make:76: CMakeFiles/rplidar_node.dir/src/rplidar_node.cpp.o] Error 1
[0.102s] gmake[2]: *** [CMakeFiles/rplidar_composition.dir/build.make:76: CMakeFiles/rplidar_composition.dir/src/rplidar_node.cpp.o] Error 1
[0.102s] gmake[1]: *** [CMakeFiles/Makefile2:143: CMakeFiles/rplidar_node.dir/all] Error 2
[0.102s] gmake[1]: *** Waiting for unfinished jobs....
[0.103s] gmake[1]: *** [CMakeFiles/Makefile2:169: CMakeFiles/rplidar_composition.dir/all] Error 2
[0.103s] gmake: *** [Makefile:146: all] Error 2
[0.121s] Invoked command in '/home/panha/Food_Delivery_Robot/build/rplidar_ros' returned '2': CMAKE_PREFIX_PATH=${CMAKE_PREFIX_PATH}:/home/panha/ws_moveit/install/moveit_configs_utils:/home/panha/ws_moveit/install/launch_param_builder:/opt/ros/humble /usr/bin/cmake --build /home/panha/Food_Delivery_Robot/build/rplidar_ros -- -j16 -l16
