-- Found ament_cmake: 1.3.12 (/opt/ros/humble/share/ament_cmake/cmake)
-- Found rclcpp: 16.0.17 (/opt/ros/humble/share/rclcpp/cmake)
-- Found rosidl_generator_c: 3.1.8 (/opt/ros/humble/share/rosidl_generator_c/cmake)
-- Found rosidl_adapter: 3.1.8 (/opt/ros/humble/share/rosidl_adapter/cmake)
-- Found rosidl_generator_cpp: 3.1.8 (/opt/ros/humble/share/rosidl_generator_cpp/cmake)
-- Using all available rosidl_typesupport_c: rosidl_typesupport_fastrtps_c;rosidl_typesupport_introspection_c
-- Using all available rosidl_typesupport_cpp: rosidl_typesupport_fastrtps_cpp;rosidl_typesupport_introspection_cpp
-- Found rmw_implementation_cmake: 6.1.2 (/opt/ros/humble/share/rmw_implementation_cmake/cmake)
-- Found rmw_cyclonedds_cpp: 1.3.4 (/opt/ros/humble/share/rmw_cyclonedds_cpp/cmake)
-- Using RMW implementation 'rmw_cyclonedds_cpp' as default
-- Found rclcpp_lifecycle: 16.0.17 (/opt/ros/humble/share/rclcpp_lifecycle/cmake)
-- Found hardware_interface: 2.53.0 (/opt/ros/humble/share/hardware_interface/cmake)
-- Found zlac8015d_driver: 0.0.0 (/home/tikea/Food_Delivery_Robot/install/zlac8015d_driver/share/zlac8015d_driver/cmake)
-- Configuring done
-- Generating done
-- Build files have been written to: /home/tikea/Food_Delivery_Robot/build/food_del_robot_hardware
[ 50%] [32mBuilding CXX object CMakeFiles/food_del_robot_hardware.dir/src/food_del_robot_hardware_interface.cpp.o[0m
In file included from [01m[K/home/tikea/Food_Delivery_Robot/src/food_del_robot_hardware/include/food_del_robot_hardware/food_del_robot_hardware_interface.hpp:6[m[K,
                 from [01m[K/home/tikea/Food_Delivery_Robot/src/food_del_robot_hardware/src/food_del_robot_hardware_interface.cpp:1[m[K:
[01m[K/home/tikea/Food_Delivery_Robot/src/food_del_robot_hardware/include/food_del_robot_hardware/wheels_driver.hpp:4:10:[m[K [01;31m[Kfatal error: [m[Kzlac8015d_driver.hpp: No such file or directory
    4 | #include [01;31m[K"zlac8015d_driver.hpp"[m[K
      |          [01;31m[K^~~~~~~~~~~~~~~~~~~~~~[m[K
compilation terminated.
gmake[2]: *** [CMakeFiles/food_del_robot_hardware.dir/build.make:76: CMakeFiles/food_del_robot_hardware.dir/src/food_del_robot_hardware_interface.cpp.o] Error 1
gmake[1]: *** [CMakeFiles/Makefile2:137: CMakeFiles/food_del_robot_hardware.dir/all] Error 2
gmake: *** [Makefile:146: all] Error 2
