-- The C compiler identification is GNU 11.4.0
-- The CXX compiler identification is GNU 11.4.0
-- Detecting C compiler ABI info
-- Detecting C compiler ABI info - done
-- Check for working C compiler: /usr/bin/cc - skipped
-- Detecting C compile features
-- Detecting C compile features - done
-- Detecting CXX compiler ABI info
-- Detecting CXX compiler ABI info - done
-- Check for working CXX compiler: /usr/bin/c++ - skipped
-- Detecting CXX compile features
-- Detecting CXX compile features - done
-- Found ament_cmake: 1.3.12 (/opt/ros/humble/share/ament_cmake/cmake)
-- Found Python3: /usr/bin/python3 (found version "3.10.12") found components: Interpreter 
-- Found rclcpp: 16.0.15 (/opt/ros/humble/share/rclcpp/cmake)
-- Found rosidl_generator_c: 3.1.7 (/opt/ros/humble/share/rosidl_generator_c/cmake)
-- Found rosidl_adapter: 3.1.7 (/opt/ros/humble/share/rosidl_adapter/cmake)
-- Found rosidl_generator_cpp: 3.1.7 (/opt/ros/humble/share/rosidl_generator_cpp/cmake)
-- Using all available rosidl_typesupport_c: rosidl_typesupport_fastrtps_c;rosidl_typesupport_introspection_c
-- Using all available rosidl_typesupport_cpp: rosidl_typesupport_fastrtps_cpp;rosidl_typesupport_introspection_cpp
-- Found rmw_implementation_cmake: 6.1.2 (/opt/ros/humble/share/rmw_implementation_cmake/cmake)
-- Found rmw_cyclonedds_cpp: 1.3.4 (/opt/ros/humble/share/rmw_cyclonedds_cpp/cmake)
-- Using RMW implementation 'rmw_cyclonedds_cpp' as default
-- Performing Test CMAKE_HAVE_LIBC_PTHREAD
-- Performing Test CMAKE_HAVE_LIBC_PTHREAD - Success
-- Found Threads: TRUE  
-- Found rclcpp_lifecycle: 16.0.15 (/opt/ros/humble/share/rclcpp_lifecycle/cmake)
-- Found hardware_interface: 2.52.0 (/opt/ros/humble/share/hardware_interface/cmake)
-- Configuring done
-- Generating done
-- Build files have been written to: /home/panha/Food_Delivery_Robot/build/food_del_robot_hardware
[ 20%] [32mBuilding CXX object CMakeFiles/food_del_robot_hardware.dir/src/can.cpp.o[0m
[ 40%] [32mBuilding CXX object CMakeFiles/food_del_robot_hardware.dir/src/wheels_driver.cpp.o[0m
[ 60%] [32mBuilding CXX object CMakeFiles/food_del_robot_hardware.dir/src/zlac8015d_driver.cpp.o[0m
[ 80%] [32mBuilding CXX object CMakeFiles/food_del_robot_hardware.dir/src/food_del_robot_hardware_interface.cpp.o[0m
[100%] [32m[1mLinking CXX shared library libfood_del_robot_hardware.so[0m
[100%] Built target food_del_robot_hardware
-- Install configuration: ""
-- Installing: /home/panha/Food_Delivery_Robot/install/food_del_robot_hardware/lib/libfood_del_robot_hardware.so
-- Set runtime path of "/home/panha/Food_Delivery_Robot/install/food_del_robot_hardware/lib/libfood_del_robot_hardware.so" to ""
-- Installing: /home/panha/Food_Delivery_Robot/install/food_del_robot_hardware/include/food_del_robot_hardware
-- Installing: /home/panha/Food_Delivery_Robot/install/food_del_robot_hardware/include/food_del_robot_hardware/food_del_robot_hardware
-- Installing: /home/panha/Food_Delivery_Robot/install/food_del_robot_hardware/include/food_del_robot_hardware/food_del_robot_hardware/food_del_robot_hardware_interface.hpp
-- Installing: /home/panha/Food_Delivery_Robot/install/food_del_robot_hardware/include/food_del_robot_hardware/food_del_robot_hardware/wheels_driver.hpp
-- Installing: /home/panha/Food_Delivery_Robot/install/food_del_robot_hardware/include/food_del_robot_hardware/food_del_robot_hardware/zlac8015d_driver.hpp
-- Installing: /home/panha/Food_Delivery_Robot/install/food_del_robot_hardware/include/food_del_robot_hardware/food_del_robot_hardware/can.hpp
-- Installing: /home/panha/Food_Delivery_Robot/install/food_del_robot_hardware/share/food_del_robot_hardware/food_del_robot_hw_interface.xml
-- Installing: /home/panha/Food_Delivery_Robot/install/food_del_robot_hardware/share/food_del_robot_hardware/environment/library_path.sh
-- Installing: /home/panha/Food_Delivery_Robot/install/food_del_robot_hardware/share/food_del_robot_hardware/environment/library_path.dsv
-- Up-to-date: /home/panha/Food_Delivery_Robot/install/food_del_robot_hardware/share/food_del_robot_hardware/food_del_robot_hw_interface.xml
-- Installing: /home/panha/Food_Delivery_Robot/install/food_del_robot_hardware/share/ament_index/resource_index/package_run_dependencies/food_del_robot_hardware
-- Installing: /home/panha/Food_Delivery_Robot/install/food_del_robot_hardware/share/ament_index/resource_index/parent_prefix_path/food_del_robot_hardware
-- Installing: /home/panha/Food_Delivery_Robot/install/food_del_robot_hardware/share/food_del_robot_hardware/environment/ament_prefix_path.sh
-- Installing: /home/panha/Food_Delivery_Robot/install/food_del_robot_hardware/share/food_del_robot_hardware/environment/ament_prefix_path.dsv
-- Installing: /home/panha/Food_Delivery_Robot/install/food_del_robot_hardware/share/food_del_robot_hardware/environment/path.sh
-- Installing: /home/panha/Food_Delivery_Robot/install/food_del_robot_hardware/share/food_del_robot_hardware/environment/path.dsv
-- Installing: /home/panha/Food_Delivery_Robot/install/food_del_robot_hardware/share/food_del_robot_hardware/local_setup.bash
-- Installing: /home/panha/Food_Delivery_Robot/install/food_del_robot_hardware/share/food_del_robot_hardware/local_setup.sh
-- Installing: /home/panha/Food_Delivery_Robot/install/food_del_robot_hardware/share/food_del_robot_hardware/local_setup.zsh
-- Installing: /home/panha/Food_Delivery_Robot/install/food_del_robot_hardware/share/food_del_robot_hardware/local_setup.dsv
-- Installing: /home/panha/Food_Delivery_Robot/install/food_del_robot_hardware/share/food_del_robot_hardware/package.dsv
-- Installing: /home/panha/Food_Delivery_Robot/install/food_del_robot_hardware/share/ament_index/resource_index/packages/food_del_robot_hardware
-- Installing: /home/panha/Food_Delivery_Robot/install/food_del_robot_hardware/share/ament_index/resource_index/hardware_interface__pluginlib__plugin/food_del_robot_hardware
-- Installing: /home/panha/Food_Delivery_Robot/install/food_del_robot_hardware/share/food_del_robot_hardware/cmake/export_food_del_robot_hardwareExport.cmake
-- Installing: /home/panha/Food_Delivery_Robot/install/food_del_robot_hardware/share/food_del_robot_hardware/cmake/export_food_del_robot_hardwareExport-noconfig.cmake
-- Installing: /home/panha/Food_Delivery_Robot/install/food_del_robot_hardware/share/food_del_robot_hardware/cmake/ament_cmake_export_targets-extras.cmake
-- Installing: /home/panha/Food_Delivery_Robot/install/food_del_robot_hardware/share/food_del_robot_hardware/cmake/ament_cmake_export_dependencies-extras.cmake
-- Installing: /home/panha/Food_Delivery_Robot/install/food_del_robot_hardware/share/food_del_robot_hardware/cmake/food_del_robot_hardwareConfig.cmake
-- Installing: /home/panha/Food_Delivery_Robot/install/food_del_robot_hardware/share/food_del_robot_hardware/cmake/food_del_robot_hardwareConfig-version.cmake
-- Installing: /home/panha/Food_Delivery_Robot/install/food_del_robot_hardware/share/food_del_robot_hardware/package.xml
