[0.038s] Invoking command in '/home/panha/Food_Delivery_Robot/build/food_del_robot_hardware': CMAKE_PREFIX_PATH=${CMAKE_PREFIX_PATH}:/home/panha/ws_moveit/install/moveit_configs_utils:/home/panha/ws_moveit/install/launch_param_builder:/opt/ros/humble /usr/bin/cmake /home/panha/Food_Delivery_Robot/src/food_del_robot_hardware -DCMAKE_INSTALL_PREFIX=/home/panha/Food_Delivery_Robot/install/food_del_robot_hardware
[0.146s] -- The C compiler identification is GNU 11.4.0
[0.221s] -- The CXX compiler identification is GNU 11.4.0
[0.235s] -- Detecting C compiler ABI info
[0.312s] -- Detecting C compiler ABI info - done
[0.320s] -- Check for working C compiler: /usr/bin/cc - skipped
[0.320s] -- Detecting C compile features
[0.320s] -- Detecting C compile features - done
[0.323s] -- Detecting CXX compiler ABI info
[0.408s] -- Detecting CXX compiler ABI info - done
[0.415s] -- Check for working CXX compiler: /usr/bin/c++ - skipped
[0.415s] -- Detecting CXX compile features
[0.415s] -- Detecting CXX compile features - done
[0.426s] -- Found ament_cmake: 1.3.12 (/opt/ros/humble/share/ament_cmake/cmake)
[0.773s] -- Found Python3: /usr/bin/python3 (found version "3.10.12") found components: Interpreter 
[0.945s] -- Found rclcpp: 16.0.15 (/opt/ros/humble/share/rclcpp/cmake)
[1.051s] -- Found rosidl_generator_c: 3.1.7 (/opt/ros/humble/share/rosidl_generator_c/cmake)
[1.067s] -- Found rosidl_adapter: 3.1.7 (/opt/ros/humble/share/rosidl_adapter/cmake)
[1.088s] -- Found rosidl_generator_cpp: 3.1.7 (/opt/ros/humble/share/rosidl_generator_cpp/cmake)
[1.112s] -- Using all available rosidl_typesupport_c: rosidl_typesupport_fastrtps_c;rosidl_typesupport_introspection_c
[1.146s] -- Using all available rosidl_typesupport_cpp: rosidl_typesupport_fastrtps_cpp;rosidl_typesupport_introspection_cpp
[1.245s] -- Found rmw_implementation_cmake: 6.1.2 (/opt/ros/humble/share/rmw_implementation_cmake/cmake)
[1.254s] -- Found rmw_cyclonedds_cpp: 1.3.4 (/opt/ros/humble/share/rmw_cyclonedds_cpp/cmake)
[1.317s] -- Using RMW implementation 'rmw_cyclonedds_cpp' as default
[1.342s] -- Performing Test CMAKE_HAVE_LIBC_PTHREAD
[1.424s] -- Performing Test CMAKE_HAVE_LIBC_PTHREAD - Success
[1.424s] -- Found Threads: TRUE  
[1.507s] -- Found rclcpp_lifecycle: 16.0.15 (/opt/ros/humble/share/rclcpp_lifecycle/cmake)
[1.546s] -- Found hardware_interface: 2.52.0 (/opt/ros/humble/share/hardware_interface/cmake)
[1.824s] -- Configuring done
[1.844s] -- Generating done
[1.852s] -- Build files have been written to: /home/panha/Food_Delivery_Robot/build/food_del_robot_hardware
[1.865s] Invoked command in '/home/panha/Food_Delivery_Robot/build/food_del_robot_hardware' returned '0': CMAKE_PREFIX_PATH=${CMAKE_PREFIX_PATH}:/home/panha/ws_moveit/install/moveit_configs_utils:/home/panha/ws_moveit/install/launch_param_builder:/opt/ros/humble /usr/bin/cmake /home/panha/Food_Delivery_Robot/src/food_del_robot_hardware -DCMAKE_INSTALL_PREFIX=/home/panha/Food_Delivery_Robot/install/food_del_robot_hardware
[1.866s] Invoking command in '/home/panha/Food_Delivery_Robot/build/food_del_robot_hardware': CMAKE_PREFIX_PATH=${CMAKE_PREFIX_PATH}:/home/panha/ws_moveit/install/moveit_configs_utils:/home/panha/ws_moveit/install/launch_param_builder:/opt/ros/humble /usr/bin/cmake --build /home/panha/Food_Delivery_Robot/build/food_del_robot_hardware -- -j16 -l16
[1.915s] [ 20%] [32mBuilding CXX object CMakeFiles/food_del_robot_hardware.dir/src/can.cpp.o[0m
[1.916s] [ 40%] [32mBuilding CXX object CMakeFiles/food_del_robot_hardware.dir/src/wheels_driver.cpp.o[0m
[1.916s] [ 60%] [32mBuilding CXX object CMakeFiles/food_del_robot_hardware.dir/src/zlac8015d_driver.cpp.o[0m
[1.917s] [ 80%] [32mBuilding CXX object CMakeFiles/food_del_robot_hardware.dir/src/food_del_robot_hardware_interface.cpp.o[0m
[5.138s] [100%] [32m[1mLinking CXX shared library libfood_del_robot_hardware.so[0m
[5.300s] [100%] Built target food_del_robot_hardware
[5.308s] Invoked command in '/home/panha/Food_Delivery_Robot/build/food_del_robot_hardware' returned '0': CMAKE_PREFIX_PATH=${CMAKE_PREFIX_PATH}:/home/panha/ws_moveit/install/moveit_configs_utils:/home/panha/ws_moveit/install/launch_param_builder:/opt/ros/humble /usr/bin/cmake --build /home/panha/Food_Delivery_Robot/build/food_del_robot_hardware -- -j16 -l16
[5.309s] Invoking command in '/home/panha/Food_Delivery_Robot/build/food_del_robot_hardware': CMAKE_PREFIX_PATH=${CMAKE_PREFIX_PATH}:/home/panha/ws_moveit/install/moveit_configs_utils:/home/panha/ws_moveit/install/launch_param_builder:/opt/ros/humble /usr/bin/cmake --install /home/panha/Food_Delivery_Robot/build/food_del_robot_hardware
[5.315s] -- Install configuration: ""
[5.315s] -- Installing: /home/panha/Food_Delivery_Robot/install/food_del_robot_hardware/lib/libfood_del_robot_hardware.so
[5.316s] -- Set runtime path of "/home/panha/Food_Delivery_Robot/install/food_del_robot_hardware/lib/libfood_del_robot_hardware.so" to ""
[5.316s] -- Installing: /home/panha/Food_Delivery_Robot/install/food_del_robot_hardware/include/food_del_robot_hardware
[5.316s] -- Installing: /home/panha/Food_Delivery_Robot/install/food_del_robot_hardware/include/food_del_robot_hardware/food_del_robot_hardware
[5.316s] -- Installing: /home/panha/Food_Delivery_Robot/install/food_del_robot_hardware/include/food_del_robot_hardware/food_del_robot_hardware/food_del_robot_hardware_interface.hpp
[5.317s] -- Installing: /home/panha/Food_Delivery_Robot/install/food_del_robot_hardware/include/food_del_robot_hardware/food_del_robot_hardware/wheels_driver.hpp
[5.317s] -- Installing: /home/panha/Food_Delivery_Robot/install/food_del_robot_hardware/include/food_del_robot_hardware/food_del_robot_hardware/zlac8015d_driver.hpp
[5.317s] -- Installing: /home/panha/Food_Delivery_Robot/install/food_del_robot_hardware/include/food_del_robot_hardware/food_del_robot_hardware/can.hpp
[5.317s] -- Installing: /home/panha/Food_Delivery_Robot/install/food_del_robot_hardware/share/food_del_robot_hardware/food_del_robot_hw_interface.xml
[5.317s] -- Installing: /home/panha/Food_Delivery_Robot/install/food_del_robot_hardware/share/food_del_robot_hardware/environment/library_path.sh
[5.317s] -- Installing: /home/panha/Food_Delivery_Robot/install/food_del_robot_hardware/share/food_del_robot_hardware/environment/library_path.dsv
[5.317s] -- Up-to-date: /home/panha/Food_Delivery_Robot/install/food_del_robot_hardware/share/food_del_robot_hardware/food_del_robot_hw_interface.xml
[5.317s] -- Installing: /home/panha/Food_Delivery_Robot/install/food_del_robot_hardware/share/ament_index/resource_index/package_run_dependencies/food_del_robot_hardware
[5.318s] -- Installing: /home/panha/Food_Delivery_Robot/install/food_del_robot_hardware/share/ament_index/resource_index/parent_prefix_path/food_del_robot_hardware
[5.318s] -- Installing: /home/panha/Food_Delivery_Robot/install/food_del_robot_hardware/share/food_del_robot_hardware/environment/ament_prefix_path.sh
[5.318s] -- Installing: /home/panha/Food_Delivery_Robot/install/food_del_robot_hardware/share/food_del_robot_hardware/environment/ament_prefix_path.dsv
[5.318s] -- Installing: /home/panha/Food_Delivery_Robot/install/food_del_robot_hardware/share/food_del_robot_hardware/environment/path.sh
[5.318s] -- Installing: /home/panha/Food_Delivery_Robot/install/food_del_robot_hardware/share/food_del_robot_hardware/environment/path.dsv
[5.318s] -- Installing: /home/panha/Food_Delivery_Robot/install/food_del_robot_hardware/share/food_del_robot_hardware/local_setup.bash
[5.318s] -- Installing: /home/panha/Food_Delivery_Robot/install/food_del_robot_hardware/share/food_del_robot_hardware/local_setup.sh
[5.318s] -- Installing: /home/panha/Food_Delivery_Robot/install/food_del_robot_hardware/share/food_del_robot_hardware/local_setup.zsh
[5.319s] -- Installing: /home/panha/Food_Delivery_Robot/install/food_del_robot_hardware/share/food_del_robot_hardware/local_setup.dsv
[5.319s] -- Installing: /home/panha/Food_Delivery_Robot/install/food_del_robot_hardware/share/food_del_robot_hardware/package.dsv
[5.319s] -- Installing: /home/panha/Food_Delivery_Robot/install/food_del_robot_hardware/share/ament_index/resource_index/packages/food_del_robot_hardware
[5.319s] -- Installing: /home/panha/Food_Delivery_Robot/install/food_del_robot_hardware/share/ament_index/resource_index/hardware_interface__pluginlib__plugin/food_del_robot_hardware
[5.319s] -- Installing: /home/panha/Food_Delivery_Robot/install/food_del_robot_hardware/share/food_del_robot_hardware/cmake/export_food_del_robot_hardwareExport.cmake
[5.319s] -- Installing: /home/panha/Food_Delivery_Robot/install/food_del_robot_hardware/share/food_del_robot_hardware/cmake/export_food_del_robot_hardwareExport-noconfig.cmake
[5.319s] -- Installing: /home/panha/Food_Delivery_Robot/install/food_del_robot_hardware/share/food_del_robot_hardware/cmake/ament_cmake_export_targets-extras.cmake
[5.320s] -- Installing: /home/panha/Food_Delivery_Robot/install/food_del_robot_hardware/share/food_del_robot_hardware/cmake/ament_cmake_export_dependencies-extras.cmake
[5.320s] -- Installing: /home/panha/Food_Delivery_Robot/install/food_del_robot_hardware/share/food_del_robot_hardware/cmake/food_del_robot_hardwareConfig.cmake
[5.320s] -- Installing: /home/panha/Food_Delivery_Robot/install/food_del_robot_hardware/share/food_del_robot_hardware/cmake/food_del_robot_hardwareConfig-version.cmake
[5.320s] -- Installing: /home/panha/Food_Delivery_Robot/install/food_del_robot_hardware/share/food_del_robot_hardware/package.xml
[5.322s] Invoked command in '/home/panha/Food_Delivery_Robot/build/food_del_robot_hardware' returned '0': CMAKE_PREFIX_PATH=${CMAKE_PREFIX_PATH}:/home/panha/ws_moveit/install/moveit_configs_utils:/home/panha/ws_moveit/install/launch_param_builder:/opt/ros/humble /usr/bin/cmake --install /home/panha/Food_Delivery_Robot/build/food_del_robot_hardware
