[0.038s] Invoking command in '/home/panha/Food_Delivery_Robot/build/zlac8015d_driver': CMAKE_PREFIX_PATH=${CMAKE_PREFIX_PATH}:/home/panha/ws_moveit/install/moveit_configs_utils:/home/panha/ws_moveit/install/launch_param_builder:/home/panha/mushroom_ws_V2/install/py_mushroom_control:/opt/ros/humble /usr/bin/cmake --build /home/panha/Food_Delivery_Robot/build/zlac8015d_driver -- -j16 -l16
[0.078s] [ 20%] Built target robot_kinematic
[0.079s] [ 40%] Built target can
[0.084s] [ 60%] Built target cmd_vel_to_twist_stamped
[0.099s] [ 80%] Built target zlac8015d_driver
[0.122s] [100%] Built target drive_and_odom
[0.129s] Invoked command in '/home/panha/Food_Delivery_Robot/build/zlac8015d_driver' returned '0': CMAKE_PREFIX_PATH=${CMAKE_PREFIX_PATH}:/home/panha/ws_moveit/install/moveit_configs_utils:/home/panha/ws_moveit/install/launch_param_builder:/home/panha/mushroom_ws_V2/install/py_mushroom_control:/opt/ros/humble /usr/bin/cmake --build /home/panha/Food_Delivery_Robot/build/zlac8015d_driver -- -j16 -l16
[0.130s] Invoking command in '/home/panha/Food_Delivery_Robot/build/zlac8015d_driver': CMAKE_PREFIX_PATH=${CMAKE_PREFIX_PATH}:/home/panha/ws_moveit/install/moveit_configs_utils:/home/panha/ws_moveit/install/launch_param_builder:/home/panha/mushroom_ws_V2/install/py_mushroom_control:/opt/ros/humble /usr/bin/cmake --install /home/panha/Food_Delivery_Robot/build/zlac8015d_driver
[0.133s] -- Install configuration: ""
[0.134s] -- Up-to-date: /home/panha/Food_Delivery_Robot/install/zlac8015d_driver/lib/libcan.a
[0.134s] -- Up-to-date: /home/panha/Food_Delivery_Robot/install/zlac8015d_driver/lib/libzlac8015d_driver.a
[0.134s] -- Up-to-date: /home/panha/Food_Delivery_Robot/install/zlac8015d_driver/include/
[0.134s] -- Up-to-date: /home/panha/Food_Delivery_Robot/install/zlac8015d_driver/include//zlac8015d_driver
[0.134s] -- Up-to-date: /home/panha/Food_Delivery_Robot/install/zlac8015d_driver/include//zlac8015d_driver/zlac8015d_driver.hpp
[0.134s] -- Up-to-date: /home/panha/Food_Delivery_Robot/install/zlac8015d_driver/include//zlac8015d_driver/can.hpp
[0.134s] -- Up-to-date: /home/panha/Food_Delivery_Robot/install/zlac8015d_driver/lib/zlac8015d_driver/drive_and_odom
[0.134s] -- Up-to-date: /home/panha/Food_Delivery_Robot/install/zlac8015d_driver/lib/zlac8015d_driver/cmd_vel_to_twist_stamped
[0.134s] -- Up-to-date: /home/panha/Food_Delivery_Robot/install/zlac8015d_driver/share/ament_index/resource_index/package_run_dependencies/zlac8015d_driver
[0.134s] -- Up-to-date: /home/panha/Food_Delivery_Robot/install/zlac8015d_driver/share/ament_index/resource_index/parent_prefix_path/zlac8015d_driver
[0.134s] -- Up-to-date: /home/panha/Food_Delivery_Robot/install/zlac8015d_driver/share/zlac8015d_driver/environment/ament_prefix_path.sh
[0.134s] -- Up-to-date: /home/panha/Food_Delivery_Robot/install/zlac8015d_driver/share/zlac8015d_driver/environment/ament_prefix_path.dsv
[0.134s] -- Up-to-date: /home/panha/Food_Delivery_Robot/install/zlac8015d_driver/share/zlac8015d_driver/environment/path.sh
[0.134s] -- Up-to-date: /home/panha/Food_Delivery_Robot/install/zlac8015d_driver/share/zlac8015d_driver/environment/path.dsv
[0.135s] -- Up-to-date: /home/panha/Food_Delivery_Robot/install/zlac8015d_driver/share/zlac8015d_driver/local_setup.bash
[0.135s] -- Up-to-date: /home/panha/Food_Delivery_Robot/install/zlac8015d_driver/share/zlac8015d_driver/local_setup.sh
[0.135s] -- Up-to-date: /home/panha/Food_Delivery_Robot/install/zlac8015d_driver/share/zlac8015d_driver/local_setup.zsh
[0.135s] -- Up-to-date: /home/panha/Food_Delivery_Robot/install/zlac8015d_driver/share/zlac8015d_driver/local_setup.dsv
[0.135s] -- Installing: /home/panha/Food_Delivery_Robot/install/zlac8015d_driver/share/zlac8015d_driver/package.dsv
[0.135s] -- Up-to-date: /home/panha/Food_Delivery_Robot/install/zlac8015d_driver/share/ament_index/resource_index/packages/zlac8015d_driver
[0.135s] -- Up-to-date: /home/panha/Food_Delivery_Robot/install/zlac8015d_driver/share/zlac8015d_driver/cmake/zlac8015d_driverConfig.cmake
[0.135s] -- Up-to-date: /home/panha/Food_Delivery_Robot/install/zlac8015d_driver/share/zlac8015d_driver/cmake/zlac8015d_driverConfig-version.cmake
[0.135s] -- Up-to-date: /home/panha/Food_Delivery_Robot/install/zlac8015d_driver/share/zlac8015d_driver/package.xml
[0.144s] Invoked command in '/home/panha/Food_Delivery_Robot/build/zlac8015d_driver' returned '0': CMAKE_PREFIX_PATH=${CMAKE_PREFIX_PATH}:/home/panha/ws_moveit/install/moveit_configs_utils:/home/panha/ws_moveit/install/launch_param_builder:/home/panha/mushroom_ws_V2/install/py_mushroom_control:/opt/ros/humble /usr/bin/cmake --install /home/panha/Food_Delivery_Robot/build/zlac8015d_driver
