[  3%] Built target rplidar_client
[ 53%] Built target rplidar_composition
[ 69%] Built target rplidar_node
[ 69%] [32mBuilding CXX object CMakeFiles/rplidar_a1.dir/src/rplidar_a1.cpp.o[0m
In file included from [01m[K/home/panha/Food_Delivery_Robot/src/rplidar_ros-ros2/sdk/include/sl_lidar_cmd.h:41[m[K,
                 from [01m[K/home/panha/Food_Delivery_Robot/src/rplidar_ros-ros2/sdk/include/sl_lidar_driver.h:54[m[K,
                 from [01m[K/home/panha/Food_Delivery_Robot/src/rplidar_ros-ros2/sdk/include/sl_lidar.h:36[m[K,
                 from [01m[K/home/panha/Food_Delivery_Robot/src/rplidar_ros-ros2/src/rplidar_a1.cpp:4[m[K:
[01m[K/home/panha/Food_Delivery_Robot/src/rplidar_ros-ros2/sdk/include/sl_lidar_protocol.h:66:16:[m[K [01;35m[Kwarning: [m[KISO C++ forbids zero-size array ‘[01m[Kdata[m[K’ [[01;35m[K]8;;https://gcc.gnu.org/onlinedocs/gcc/Warning-Options.html#index-Wpedantic-Wpedantic]8;;[m[K]
   66 |     sl_u8 data[[01;35m[K0[m[K];
      |                [01;35m[K^[m[K
In file included from [01m[K/home/panha/Food_Delivery_Robot/src/rplidar_ros-ros2/sdk/include/sl_lidar_driver.h:54[m[K,
                 from [01m[K/home/panha/Food_Delivery_Robot/src/rplidar_ros-ros2/sdk/include/sl_lidar.h:36[m[K,
                 from [01m[K/home/panha/Food_Delivery_Robot/src/rplidar_ros-ros2/src/rplidar_a1.cpp:4[m[K:
[01m[K/home/panha/Food_Delivery_Robot/src/rplidar_ros-ros2/sdk/include/sl_lidar_cmd.h:324:20:[m[K [01;35m[Kwarning: [m[KISO C++ forbids zero-size array ‘[01m[Kpayload[m[K’ [[01;35m[K]8;;https://gcc.gnu.org/onlinedocs/gcc/Warning-Options.html#index-Wpedantic-Wpedantic]8;;[m[K]
  324 |     sl_u8  payload[[01;35m[K0[m[K];
      |                    [01;35m[K^[m[K
[ 71%] [32m[1mLinking CXX executable rplidar_a1[0m
[100%] Built target rplidar_a1
-- Install configuration: ""
-- Up-to-date: /home/panha/Food_Delivery_Robot/install/rplidar_ros/share/rplidar_ros/launch
-- Up-to-date: /home/panha/Food_Delivery_Robot/install/rplidar_ros/share/rplidar_ros/launch/view_rplidar_a2m7_launch.py
-- Up-to-date: /home/panha/Food_Delivery_Robot/install/rplidar_ros/share/rplidar_ros/launch/view_rplidar_s3_launch.py
-- Up-to-date: /home/panha/Food_Delivery_Robot/install/rplidar_ros/share/rplidar_ros/launch/rplidar_c1_launch.py
-- Up-to-date: /home/panha/Food_Delivery_Robot/install/rplidar_ros/share/rplidar_ros/launch/view_rplidar_s2_launch.py
-- Up-to-date: /home/panha/Food_Delivery_Robot/install/rplidar_ros/share/rplidar_ros/launch/view_rplidar_t1_launch.py
-- Up-to-date: /home/panha/Food_Delivery_Robot/install/rplidar_ros/share/rplidar_ros/launch/view_rplidar_c1_launch.py
-- Up-to-date: /home/panha/Food_Delivery_Robot/install/rplidar_ros/share/rplidar_ros/launch/rplidar_a2m12_launch.py
-- Up-to-date: /home/panha/Food_Delivery_Robot/install/rplidar_ros/share/rplidar_ros/launch/view_rplidar_a2m8_launch.py
-- Up-to-date: /home/panha/Food_Delivery_Robot/install/rplidar_ros/share/rplidar_ros/launch/rplidar_t1_launch.py
-- Up-to-date: /home/panha/Food_Delivery_Robot/install/rplidar_ros/share/rplidar_ros/launch/view_rplidar_s1_launch.py
-- Up-to-date: /home/panha/Food_Delivery_Robot/install/rplidar_ros/share/rplidar_ros/launch/view_rplidar_a1_launch.py
-- Up-to-date: /home/panha/Food_Delivery_Robot/install/rplidar_ros/share/rplidar_ros/launch/rplidar_a3_launch.py
-- Up-to-date: /home/panha/Food_Delivery_Robot/install/rplidar_ros/share/rplidar_ros/launch/rplidar_s2e_launch.py
-- Up-to-date: /home/panha/Food_Delivery_Robot/install/rplidar_ros/share/rplidar_ros/launch/rplidar_s3_launch.py
-- Up-to-date: /home/panha/Food_Delivery_Robot/install/rplidar_ros/share/rplidar_ros/launch/view_rplidar_a2m12_launch.py
-- Up-to-date: /home/panha/Food_Delivery_Robot/install/rplidar_ros/share/rplidar_ros/launch/rplidar_a2m7_launch.py
-- Up-to-date: /home/panha/Food_Delivery_Robot/install/rplidar_ros/share/rplidar_ros/launch/rplidar_s2_launch.py
-- Up-to-date: /home/panha/Food_Delivery_Robot/install/rplidar_ros/share/rplidar_ros/launch/rplidar_a1_launch.py
-- Up-to-date: /home/panha/Food_Delivery_Robot/install/rplidar_ros/share/rplidar_ros/launch/view_rplidar_s2e_launch.py
-- Up-to-date: /home/panha/Food_Delivery_Robot/install/rplidar_ros/share/rplidar_ros/launch/rplidar_s1_tcp_launch.py
-- Up-to-date: /home/panha/Food_Delivery_Robot/install/rplidar_ros/share/rplidar_ros/launch/rplidar_s1_launch.py
-- Up-to-date: /home/panha/Food_Delivery_Robot/install/rplidar_ros/share/rplidar_ros/launch/view_rplidar_s1_tcp_launch.py
-- Up-to-date: /home/panha/Food_Delivery_Robot/install/rplidar_ros/share/rplidar_ros/launch/view_rplidar_a3_launch.py
-- Up-to-date: /home/panha/Food_Delivery_Robot/install/rplidar_ros/share/rplidar_ros/launch/rplidar_a2m8_launch.py
-- Up-to-date: /home/panha/Food_Delivery_Robot/install/rplidar_ros/share/rplidar_ros/rviz
-- Up-to-date: /home/panha/Food_Delivery_Robot/install/rplidar_ros/share/rplidar_ros/rviz/rplidar_ros.rviz
-- Up-to-date: /home/panha/Food_Delivery_Robot/install/rplidar_ros/lib/rplidar_ros/rplidar_node
-- Up-to-date: /home/panha/Food_Delivery_Robot/install/rplidar_ros/lib/rplidar_ros/rplidar_composition
-- Up-to-date: /home/panha/Food_Delivery_Robot/install/rplidar_ros/lib/rplidar_ros/rplidar_client
-- Installing: /home/panha/Food_Delivery_Robot/install/rplidar_ros/lib/rplidar_ros/rplidar_a1
-- Set runtime path of "/home/panha/Food_Delivery_Robot/install/rplidar_ros/lib/rplidar_ros/rplidar_a1" to ""
-- Up-to-date: /home/panha/Food_Delivery_Robot/install/rplidar_ros/share/ament_index/resource_index/package_run_dependencies/rplidar_ros
-- Up-to-date: /home/panha/Food_Delivery_Robot/install/rplidar_ros/share/ament_index/resource_index/parent_prefix_path/rplidar_ros
-- Up-to-date: /home/panha/Food_Delivery_Robot/install/rplidar_ros/share/rplidar_ros/environment/ament_prefix_path.sh
-- Up-to-date: /home/panha/Food_Delivery_Robot/install/rplidar_ros/share/rplidar_ros/environment/ament_prefix_path.dsv
-- Up-to-date: /home/panha/Food_Delivery_Robot/install/rplidar_ros/share/rplidar_ros/environment/path.sh
-- Up-to-date: /home/panha/Food_Delivery_Robot/install/rplidar_ros/share/rplidar_ros/environment/path.dsv
-- Up-to-date: /home/panha/Food_Delivery_Robot/install/rplidar_ros/share/rplidar_ros/local_setup.bash
-- Up-to-date: /home/panha/Food_Delivery_Robot/install/rplidar_ros/share/rplidar_ros/local_setup.sh
-- Up-to-date: /home/panha/Food_Delivery_Robot/install/rplidar_ros/share/rplidar_ros/local_setup.zsh
-- Up-to-date: /home/panha/Food_Delivery_Robot/install/rplidar_ros/share/rplidar_ros/local_setup.dsv
-- Installing: /home/panha/Food_Delivery_Robot/install/rplidar_ros/share/rplidar_ros/package.dsv
-- Up-to-date: /home/panha/Food_Delivery_Robot/install/rplidar_ros/share/ament_index/resource_index/packages/rplidar_ros
-- Up-to-date: /home/panha/Food_Delivery_Robot/install/rplidar_ros/share/rplidar_ros/cmake/ament_cmake_export_dependencies-extras.cmake
-- Up-to-date: /home/panha/Food_Delivery_Robot/install/rplidar_ros/share/rplidar_ros/cmake/ament_cmake_export_include_directories-extras.cmake
-- Up-to-date: /home/panha/Food_Delivery_Robot/install/rplidar_ros/share/rplidar_ros/cmake/rplidar_rosConfig.cmake
-- Up-to-date: /home/panha/Food_Delivery_Robot/install/rplidar_ros/share/rplidar_ros/cmake/rplidar_rosConfig-version.cmake
-- Up-to-date: /home/panha/Food_Delivery_Robot/install/rplidar_ros/share/rplidar_ros/package.xml
