[0.031s] Invoking command in '/home/panha/Food_Delivery_Robot/build/food_del_robot': CMAKE_PREFIX_PATH=${CMAKE_PREFIX_PATH}:/home/panha/ws_moveit/install/moveit_configs_utils:/home/panha/ws_moveit/install/launch_param_builder:/opt/ros/humble /usr/bin/cmake --build /home/panha/Food_Delivery_Robot/build/food_del_robot -- -j16 -l16
[0.074s] [  2%] Built target food_del_robot__cpp
[0.076s] [ 12%] Built target food_del_robot__rosidl_generator_c
[0.084s] [ 12%] Built target ament_cmake_python_copy_food_del_robot
[0.102s] [ 25%] Built target food_del_robot__rosidl_typesupport_fastrtps_cpp
[0.103s] [ 35%] Built target food_del_robot__rosidl_typesupport_cpp
[0.103s] [ 43%] Built target food_del_robot__rosidl_typesupport_introspection_cpp
[0.107s] [ 53%] Built target food_del_robot__rosidl_typesupport_fastrtps_c
[0.109s] [ 64%] Built target food_del_robot__rosidl_typesupport_introspection_c
[0.110s] [ 74%] Built target food_del_robot__rosidl_typesupport_c
[0.127s] [ 74%] Built target food_del_robot
[0.147s] [ 76%] Built target food_del_robot__py
[0.171s] [ 84%] Built target food_del_robot__rosidl_generator_py
[0.193s] [ 92%] Built target food_del_robot__rosidl_typesupport_c__pyext
[0.193s] [ 94%] Built target food_del_robot__rosidl_typesupport_introspection_c__pyext
[0.194s] [100%] Built target food_del_robot__rosidl_typesupport_fastrtps_c__pyext
[0.323s] running egg_info
[0.347s] writing food_del_robot.egg-info/PKG-INFO
[0.347s] writing dependency_links to food_del_robot.egg-info/dependency_links.txt
[0.347s] writing top-level names to food_del_robot.egg-info/top_level.txt
[0.410s] reading manifest file 'food_del_robot.egg-info/SOURCES.txt'
[0.411s] writing manifest file 'food_del_robot.egg-info/SOURCES.txt'
[0.438s] [100%] Built target ament_cmake_python_build_food_del_robot_egg
