[0.031s] Invoking command in '/home/panha/Food_Delivery_Robot/build/rplidar_ros': CMAKE_PREFIX_PATH=${CMAKE_PREFIX_PATH}:/home/panha/ws_moveit/install/moveit_configs_utils:/home/panha/ws_moveit/install/launch_param_builder:/home/panha/mushroom_ws_V2/install/py_mushroom_control:/opt/ros/humble /usr/bin/cmake --build /home/panha/Food_Delivery_Robot/build/rplidar_ros -- -j16 -l16
[0.096s] [  3%] Built target rplidar_client
[0.107s] [ 35%] Built target rplidar_composition
[0.109s] [ 67%] Built target rplidar_node
[0.131s] [ 69%] [32mBuilding CXX object CMakeFiles/rplidar_a1.dir/src/rplidar_a1.cpp.o[0m
[2.288s] In file included from [01m[K/home/panha/Food_Delivery_Robot/src/rplidar_ros-ros2/sdk/include/sl_lidar_cmd.h:41[m[K,
[2.288s]                  from [01m[K/home/panha/Food_Delivery_Robot/src/rplidar_ros-ros2/sdk/include/sl_lidar_driver.h:54[m[K,
[2.288s]                  from [01m[K/home/panha/Food_Delivery_Robot/src/rplidar_ros-ros2/sdk/include/sl_lidar.h:36[m[K,
[2.288s]                  from [01m[K/home/panha/Food_Delivery_Robot/src/rplidar_ros-ros2/src/rplidar_a1.cpp:4[m[K:
[2.288s] [01m[K/home/panha/Food_Delivery_Robot/src/rplidar_ros-ros2/sdk/include/sl_lidar_protocol.h:66:16:[m[K [01;35m[Kwarning: [m[KISO C++ forbids zero-size array ‘[01m[Kdata[m[K’ [[01;35m[K]8;;https://gcc.gnu.org/onlinedocs/gcc/Warning-Options.html#index-Wpedantic-Wpedantic]8;;[m[K]
[2.289s]    66 |     sl_u8 data[[01;35m[K0[m[K];
[2.289s]       |                [01;35m[K^[m[K
[2.289s] In file included from [01m[K/home/panha/Food_Delivery_Robot/src/rplidar_ros-ros2/sdk/include/sl_lidar_driver.h:54[m[K,
[2.289s]                  from [01m[K/home/panha/Food_Delivery_Robot/src/rplidar_ros-ros2/sdk/include/sl_lidar.h:36[m[K,
[2.289s]                  from [01m[K/home/panha/Food_Delivery_Robot/src/rplidar_ros-ros2/src/rplidar_a1.cpp:4[m[K:
[2.289s] [01m[K/home/panha/Food_Delivery_Robot/src/rplidar_ros-ros2/sdk/include/sl_lidar_cmd.h:324:20:[m[K [01;35m[Kwarning: [m[KISO C++ forbids zero-size array ‘[01m[Kpayload[m[K’ [[01;35m[K]8;;https://gcc.gnu.org/onlinedocs/gcc/Warning-Options.html#index-Wpedantic-Wpedantic]8;;[m[K]
[2.289s]   324 |     sl_u8  payload[[01;35m[K0[m[K];
[2.289s]       |                    [01;35m[K^[m[K
[3.976s] [ 71%] [32m[1mLinking CXX executable rplidar_a1[0m
[4.176s] [100%] Built target rplidar_a1
[4.187s] Invoked command in '/home/panha/Food_Delivery_Robot/build/rplidar_ros' returned '0': CMAKE_PREFIX_PATH=${CMAKE_PREFIX_PATH}:/home/panha/ws_moveit/install/moveit_configs_utils:/home/panha/ws_moveit/install/launch_param_builder:/home/panha/mushroom_ws_V2/install/py_mushroom_control:/opt/ros/humble /usr/bin/cmake --build /home/panha/Food_Delivery_Robot/build/rplidar_ros -- -j16 -l16
[4.189s] Invoking command in '/home/panha/Food_Delivery_Robot/build/rplidar_ros': CMAKE_PREFIX_PATH=${CMAKE_PREFIX_PATH}:/home/panha/ws_moveit/install/moveit_configs_utils:/home/panha/ws_moveit/install/launch_param_builder:/home/panha/mushroom_ws_V2/install/py_mushroom_control:/opt/ros/humble /usr/bin/cmake --install /home/panha/Food_Delivery_Robot/build/rplidar_ros
[4.193s] -- Install configuration: ""
[4.193s] -- Up-to-date: /home/panha/Food_Delivery_Robot/install/rplidar_ros/share/rplidar_ros/launch
[4.194s] -- Up-to-date: /home/panha/Food_Delivery_Robot/install/rplidar_ros/share/rplidar_ros/launch/view_rplidar_a2m7_launch.py
[4.194s] -- Up-to-date: /home/panha/Food_Delivery_Robot/install/rplidar_ros/share/rplidar_ros/launch/view_rplidar_s3_launch.py
[4.194s] -- Up-to-date: /home/panha/Food_Delivery_Robot/install/rplidar_ros/share/rplidar_ros/launch/rplidar_c1_launch.py
[4.194s] -- Up-to-date: /home/panha/Food_Delivery_Robot/install/rplidar_ros/share/rplidar_ros/launch/view_rplidar_s2_launch.py
[4.194s] -- Up-to-date: /home/panha/Food_Delivery_Robot/install/rplidar_ros/share/rplidar_ros/launch/view_rplidar_t1_launch.py
[4.194s] -- Up-to-date: /home/panha/Food_Delivery_Robot/install/rplidar_ros/share/rplidar_ros/launch/view_rplidar_c1_launch.py
[4.194s] -- Up-to-date: /home/panha/Food_Delivery_Robot/install/rplidar_ros/share/rplidar_ros/launch/rplidar_a2m12_launch.py
[4.194s] -- Up-to-date: /home/panha/Food_Delivery_Robot/install/rplidar_ros/share/rplidar_ros/launch/view_rplidar_a2m8_launch.py
[4.195s] -- Up-to-date: /home/panha/Food_Delivery_Robot/install/rplidar_ros/share/rplidar_ros/launch/rplidar_t1_launch.py
[4.195s] -- Up-to-date: /home/panha/Food_Delivery_Robot/install/rplidar_ros/share/rplidar_ros/launch/view_rplidar_s1_launch.py
[4.195s] -- Up-to-date: /home/panha/Food_Delivery_Robot/install/rplidar_ros/share/rplidar_ros/launch/view_rplidar_a1_launch.py
[4.195s] -- Up-to-date: /home/panha/Food_Delivery_Robot/install/rplidar_ros/share/rplidar_ros/launch/rplidar_a3_launch.py
[4.195s] -- Up-to-date: /home/panha/Food_Delivery_Robot/install/rplidar_ros/share/rplidar_ros/launch/rplidar_s2e_launch.py
[4.195s] -- Up-to-date: /home/panha/Food_Delivery_Robot/install/rplidar_ros/share/rplidar_ros/launch/rplidar_s3_launch.py
[4.195s] -- Up-to-date: /home/panha/Food_Delivery_Robot/install/rplidar_ros/share/rplidar_ros/launch/view_rplidar_a2m12_launch.py
[4.195s] -- Up-to-date: /home/panha/Food_Delivery_Robot/install/rplidar_ros/share/rplidar_ros/launch/rplidar_a2m7_launch.py
[4.195s] -- Up-to-date: /home/panha/Food_Delivery_Robot/install/rplidar_ros/share/rplidar_ros/launch/rplidar_s2_launch.py
[4.195s] -- Up-to-date: /home/panha/Food_Delivery_Robot/install/rplidar_ros/share/rplidar_ros/launch/rplidar_a1_launch.py
[4.195s] -- Up-to-date: /home/panha/Food_Delivery_Robot/install/rplidar_ros/share/rplidar_ros/launch/view_rplidar_s2e_launch.py
[4.195s] -- Up-to-date: /home/panha/Food_Delivery_Robot/install/rplidar_ros/share/rplidar_ros/launch/rplidar_s1_tcp_launch.py
[4.195s] -- Up-to-date: /home/panha/Food_Delivery_Robot/install/rplidar_ros/share/rplidar_ros/launch/rplidar_s1_launch.py
[4.195s] -- Up-to-date: /home/panha/Food_Delivery_Robot/install/rplidar_ros/share/rplidar_ros/launch/view_rplidar_s1_tcp_launch.py
[4.195s] -- Up-to-date: /home/panha/Food_Delivery_Robot/install/rplidar_ros/share/rplidar_ros/launch/view_rplidar_a3_launch.py
[4.195s] -- Up-to-date: /home/panha/Food_Delivery_Robot/install/rplidar_ros/share/rplidar_ros/launch/rplidar_a2m8_launch.py
[4.195s] -- Up-to-date: /home/panha/Food_Delivery_Robot/install/rplidar_ros/share/rplidar_ros/rviz
[4.195s] -- Up-to-date: /home/panha/Food_Delivery_Robot/install/rplidar_ros/share/rplidar_ros/rviz/rplidar_ros.rviz
[4.196s] -- Up-to-date: /home/panha/Food_Delivery_Robot/install/rplidar_ros/lib/rplidar_ros/rplidar_node
[4.196s] -- Up-to-date: /home/panha/Food_Delivery_Robot/install/rplidar_ros/lib/rplidar_ros/rplidar_composition
[4.196s] -- Up-to-date: /home/panha/Food_Delivery_Robot/install/rplidar_ros/lib/rplidar_ros/rplidar_client
[4.196s] -- Installing: /home/panha/Food_Delivery_Robot/install/rplidar_ros/lib/rplidar_ros/rplidar_a1
[4.197s] -- Set runtime path of "/home/panha/Food_Delivery_Robot/install/rplidar_ros/lib/rplidar_ros/rplidar_a1" to ""
[4.197s] -- Up-to-date: /home/panha/Food_Delivery_Robot/install/rplidar_ros/share/ament_index/resource_index/package_run_dependencies/rplidar_ros
[4.198s] -- Up-to-date: /home/panha/Food_Delivery_Robot/install/rplidar_ros/share/ament_index/resource_index/parent_prefix_path/rplidar_ros
[4.198s] -- Up-to-date: /home/panha/Food_Delivery_Robot/install/rplidar_ros/share/rplidar_ros/environment/ament_prefix_path.sh
[4.198s] -- Up-to-date: /home/panha/Food_Delivery_Robot/install/rplidar_ros/share/rplidar_ros/environment/ament_prefix_path.dsv
[4.198s] -- Up-to-date: /home/panha/Food_Delivery_Robot/install/rplidar_ros/share/rplidar_ros/environment/path.sh
[4.198s] -- Up-to-date: /home/panha/Food_Delivery_Robot/install/rplidar_ros/share/rplidar_ros/environment/path.dsv
[4.198s] -- Up-to-date: /home/panha/Food_Delivery_Robot/install/rplidar_ros/share/rplidar_ros/local_setup.bash
[4.198s] -- Up-to-date: /home/panha/Food_Delivery_Robot/install/rplidar_ros/share/rplidar_ros/local_setup.sh
[4.198s] -- Up-to-date: /home/panha/Food_Delivery_Robot/install/rplidar_ros/share/rplidar_ros/local_setup.zsh
[4.198s] -- Up-to-date: /home/panha/Food_Delivery_Robot/install/rplidar_ros/share/rplidar_ros/local_setup.dsv
[4.198s] -- Installing: /home/panha/Food_Delivery_Robot/install/rplidar_ros/share/rplidar_ros/package.dsv
[4.198s] -- Up-to-date: /home/panha/Food_Delivery_Robot/install/rplidar_ros/share/ament_index/resource_index/packages/rplidar_ros
[4.198s] -- Up-to-date: /home/panha/Food_Delivery_Robot/install/rplidar_ros/share/rplidar_ros/cmake/ament_cmake_export_dependencies-extras.cmake
[4.198s] -- Up-to-date: /home/panha/Food_Delivery_Robot/install/rplidar_ros/share/rplidar_ros/cmake/ament_cmake_export_include_directories-extras.cmake
[4.198s] -- Up-to-date: /home/panha/Food_Delivery_Robot/install/rplidar_ros/share/rplidar_ros/cmake/rplidar_rosConfig.cmake
[4.198s] -- Up-to-date: /home/panha/Food_Delivery_Robot/install/rplidar_ros/share/rplidar_ros/cmake/rplidar_rosConfig-version.cmake
[4.198s] -- Up-to-date: /home/panha/Food_Delivery_Robot/install/rplidar_ros/share/rplidar_ros/package.xml
[4.200s] Invoked command in '/home/panha/Food_Delivery_Robot/build/rplidar_ros' returned '0': CMAKE_PREFIX_PATH=${CMAKE_PREFIX_PATH}:/home/panha/ws_moveit/install/moveit_configs_utils:/home/panha/ws_moveit/install/launch_param_builder:/home/panha/mushroom_ws_V2/install/py_mushroom_control:/opt/ros/humble /usr/bin/cmake --install /home/panha/Food_Delivery_Robot/build/rplidar_ros
