-- Found ament_cmake: 1.3.12 (/opt/ros/humble/share/ament_cmake/cmake)
-- Found rclcpp: 16.0.17 (/opt/ros/humble/share/rclcpp/cmake)
-- Found rosidl_generator_c: 3.1.8 (/opt/ros/humble/share/rosidl_generator_c/cmake)
-- Found rosidl_adapter: 3.1.8 (/opt/ros/humble/share/rosidl_adapter/cmake)
-- Found rosidl_generator_cpp: 3.1.8 (/opt/ros/humble/share/rosidl_generator_cpp/cmake)
-- Using all available rosidl_typesupport_c: rosidl_typesupport_fastrtps_c;rosidl_typesupport_introspection_c
-- Using all available rosidl_typesupport_cpp: rosidl_typesupport_fastrtps_cpp;rosidl_typesupport_introspection_cpp
-- Found rmw_implementation_cmake: 6.1.2 (/opt/ros/humble/share/rmw_implementation_cmake/cmake)
-- Found rmw_cyclonedds_cpp: 1.3.4 (/opt/ros/humble/share/rmw_cyclonedds_cpp/cmake)
-- Using RMW implementation 'rmw_cyclonedds_cpp' as default
-- Found rosidl_default_generators: 1.2.0 (/opt/ros/humble/share/rosidl_default_generators/cmake)
-- Found ament_cmake_ros: 0.10.0 (/opt/ros/humble/share/ament_cmake_ros/cmake)
-- Using all available rosidl_typesupport_c: rosidl_typesupport_fastrtps_c;rosidl_typesupport_introspection_c
-- Using all available rosidl_typesupport_cpp: rosidl_typesupport_fastrtps_cpp;rosidl_typesupport_introspection_cpp
-- Found python_cmake_module: 0.10.0 (/opt/ros/humble/share/python_cmake_module/cmake)
-- Using PYTHON_EXECUTABLE: /usr/bin/python3
-- Using PYTHON_INCLUDE_DIRS: /usr/include/python3.10
-- Using PYTHON_LIBRARIES: /usr/lib/x86_64-linux-gnu/libpython3.10.so
-- Configuring done
-- Generating done
-- Build files have been written to: /home/panha/Food_Delivery_Robot/build/food_del_robot
[  2%] Built target food_del_robot__cpp
[  5%] [32m[1mLinking C shared library libfood_del_robot__rosidl_generator_c.so[0m
[  5%] Built target ament_cmake_python_copy_food_del_robot
[  7%] [32m[1mLinking CXX shared library libfood_del_robot__rosidl_typesupport_cpp.so[0m
[ 10%] [32m[1mLinking CXX shared library libfood_del_robot__rosidl_typesupport_introspection_cpp.so[0m
[ 12%] [32mBuilding CXX object CMakeFiles/food_del_robot__rosidl_typesupport_fastrtps_cpp.dir/rosidl_typesupport_fastrtps_cpp/food_del_robot/srv/detail/dds_fastrtps/emergency_stop__type_support.cpp.o[0m
[ 15%] [32mBuilding CXX object CMakeFiles/food_del_robot__rosidl_typesupport_fastrtps_cpp.dir/rosidl_typesupport_fastrtps_cpp/food_del_robot/srv/detail/dds_fastrtps/reset__type_support.cpp.o[0m
[ 23%] Built target food_del_robot__rosidl_generator_c
[ 30%] Built target food_del_robot__rosidl_typesupport_cpp
[ 33%] [32m[1mLinking C shared library libfood_del_robot__rosidl_typesupport_introspection_c.so[0m
[ 35%] [32m[1mLinking CXX shared library libfood_del_robot__rosidl_typesupport_c.so[0m
[ 38%] [32mBuilding CXX object CMakeFiles/food_del_robot__rosidl_typesupport_fastrtps_c.dir/rosidl_typesupport_fastrtps_c/food_del_robot/srv/detail/emergency_stop__type_support_c.cpp.o[0m
[ 43%] [32mBuilding CXX object CMakeFiles/food_del_robot__rosidl_typesupport_fastrtps_c.dir/rosidl_typesupport_fastrtps_c/food_del_robot/srv/detail/reset__type_support_c.cpp.o[0m
[ 48%] Built target food_del_robot__rosidl_typesupport_introspection_cpp
[ 56%] Built target food_del_robot__rosidl_typesupport_introspection_c
[ 64%] Built target food_del_robot__rosidl_typesupport_c
[ 66%] [32m[1mLinking CXX shared library libfood_del_robot__rosidl_typesupport_fastrtps_c.so[0m
running egg_info
[ 69%] [32m[1mLinking CXX shared library libfood_del_robot__rosidl_typesupport_fastrtps_cpp.so[0m
writing food_del_robot.egg-info/PKG-INFO
writing dependency_links to food_del_robot.egg-info/dependency_links.txt
writing top-level names to food_del_robot.egg-info/top_level.txt
[ 71%] Built target food_del_robot__rosidl_typesupport_fastrtps_c
reading manifest file 'food_del_robot.egg-info/SOURCES.txt'
writing manifest file 'food_del_robot.egg-info/SOURCES.txt'
[ 74%] Built target food_del_robot__rosidl_typesupport_fastrtps_cpp
[ 74%] Built target food_del_robot
[ 74%] Built target ament_cmake_python_build_food_del_robot_egg
[ 76%] Built target food_del_robot__py
[ 79%] [32m[1mLinking C shared library rosidl_generator_py/food_del_robot/libfood_del_robot__rosidl_generator_py.so[0m
[ 84%] Built target food_del_robot__rosidl_generator_py
[ 87%] [32mBuilding C object CMakeFiles/food_del_robot__rosidl_typesupport_fastrtps_c__pyext.dir/rosidl_generator_py/food_del_robot/_food_del_robot_s.ep.rosidl_typesupport_fastrtps_c.c.o[0m
[ 89%] [32mBuilding C object CMakeFiles/food_del_robot__rosidl_typesupport_c__pyext.dir/rosidl_generator_py/food_del_robot/_food_del_robot_s.ep.rosidl_typesupport_c.c.o[0m
[ 92%] [32mBuilding C object CMakeFiles/food_del_robot__rosidl_typesupport_introspection_c__pyext.dir/rosidl_generator_py/food_del_robot/_food_del_robot_s.ep.rosidl_typesupport_introspection_c.c.o[0m
[ 94%] [32m[1mLinking C shared library rosidl_generator_py/food_del_robot/food_del_robot_s__rosidl_typesupport_fastrtps_c.cpython-310-x86_64-linux-gnu.so[0m
[ 97%] [32m[1mLinking C shared library rosidl_generator_py/food_del_robot/food_del_robot_s__rosidl_typesupport_c.cpython-310-x86_64-linux-gnu.so[0m
[100%] [32m[1mLinking C shared library rosidl_generator_py/food_del_robot/food_del_robot_s__rosidl_typesupport_introspection_c.cpython-310-x86_64-linux-gnu.so[0m
[100%] Built target food_del_robot__rosidl_typesupport_fastrtps_c__pyext
[100%] Built target food_del_robot__rosidl_typesupport_c__pyext
[100%] Built target food_del_robot__rosidl_typesupport_introspection_c__pyext
