[0.035s] Invoking command in '/home/panha/Food_Delivery_Robot/build/food_del_robot': CMAKE_PREFIX_PATH=${CMAKE_PREFIX_PATH}:/home/panha/ws_moveit/install/moveit_configs_utils:/home/panha/ws_moveit/install/launch_param_builder:/opt/ros/humble /usr/bin/cmake --build /home/panha/Food_Delivery_Robot/build/food_del_robot -- -j16 -l16
[0.052s] -- Found ament_cmake: 1.3.12 (/opt/ros/humble/share/ament_cmake/cmake)
[0.150s] -- Found rclcpp: 16.0.17 (/opt/ros/humble/share/rclcpp/cmake)
[0.177s] -- Found rosidl_generator_c: 3.1.8 (/opt/ros/humble/share/rosidl_generator_c/cmake)
[0.179s] -- Found rosidl_adapter: 3.1.8 (/opt/ros/humble/share/rosidl_adapter/cmake)
[0.184s] -- Found rosidl_generator_cpp: 3.1.8 (/opt/ros/humble/share/rosidl_generator_cpp/cmake)
[0.193s] -- Using all available rosidl_typesupport_c: rosidl_typesupport_fastrtps_c;rosidl_typesupport_introspection_c
[0.205s] -- Using all available rosidl_typesupport_cpp: rosidl_typesupport_fastrtps_cpp;rosidl_typesupport_introspection_cpp
[0.233s] -- Found rmw_implementation_cmake: 6.1.2 (/opt/ros/humble/share/rmw_implementation_cmake/cmake)
[0.235s] -- Found rmw_cyclonedds_cpp: 1.3.4 (/opt/ros/humble/share/rmw_cyclonedds_cpp/cmake)
[0.251s] -- Using RMW implementation 'rmw_cyclonedds_cpp' as default
[0.289s] -- Found rosidl_default_generators: 1.2.0 (/opt/ros/humble/share/rosidl_default_generators/cmake)
[0.539s] -- Found ament_cmake_ros: 0.10.0 (/opt/ros/humble/share/ament_cmake_ros/cmake)
[1.038s] -- Using all available rosidl_typesupport_c: rosidl_typesupport_fastrtps_c;rosidl_typesupport_introspection_c
[1.265s] -- Using all available rosidl_typesupport_cpp: rosidl_typesupport_fastrtps_cpp;rosidl_typesupport_introspection_cpp
[1.357s] -- Found python_cmake_module: 0.10.0 (/opt/ros/humble/share/python_cmake_module/cmake)
[1.404s] -- Using PYTHON_EXECUTABLE: /usr/bin/python3
[1.407s] -- Using PYTHON_INCLUDE_DIRS: /usr/include/python3.10
[1.407s] -- Using PYTHON_LIBRARIES: /usr/lib/x86_64-linux-gnu/libpython3.10.so
[1.598s] -- Configuring done
[1.742s] -- Generating done
[1.774s] -- Build files have been written to: /home/panha/Food_Delivery_Robot/build/food_del_robot
[1.895s] [  2%] Built target food_del_robot__cpp
[1.896s] [  5%] [32m[1mLinking C shared library libfood_del_robot__rosidl_generator_c.so[0m
[1.919s] [  5%] Built target ament_cmake_python_copy_food_del_robot
[1.960s] [  7%] [32m[1mLinking CXX shared library libfood_del_robot__rosidl_typesupport_cpp.so[0m
[1.976s] [ 10%] [32m[1mLinking CXX shared library libfood_del_robot__rosidl_typesupport_introspection_cpp.so[0m
[1.979s] [ 12%] [32mBuilding CXX object CMakeFiles/food_del_robot__rosidl_typesupport_fastrtps_cpp.dir/rosidl_typesupport_fastrtps_cpp/food_del_robot/srv/detail/dds_fastrtps/emergency_stop__type_support.cpp.o[0m
[1.989s] [ 15%] [32mBuilding CXX object CMakeFiles/food_del_robot__rosidl_typesupport_fastrtps_cpp.dir/rosidl_typesupport_fastrtps_cpp/food_del_robot/srv/detail/dds_fastrtps/reset__type_support.cpp.o[0m
[2.035s] [ 23%] Built target food_del_robot__rosidl_generator_c
[2.075s] [ 30%] Built target food_del_robot__rosidl_typesupport_cpp
[2.094s] [ 33%] [32m[1mLinking C shared library libfood_del_robot__rosidl_typesupport_introspection_c.so[0m
[2.097s] [ 35%] [32m[1mLinking CXX shared library libfood_del_robot__rosidl_typesupport_c.so[0m
[2.116s] [ 38%] [32mBuilding CXX object CMakeFiles/food_del_robot__rosidl_typesupport_fastrtps_c.dir/rosidl_typesupport_fastrtps_c/food_del_robot/srv/detail/emergency_stop__type_support_c.cpp.o[0m
[2.121s] [ 43%] [32mBuilding CXX object CMakeFiles/food_del_robot__rosidl_typesupport_fastrtps_c.dir/rosidl_typesupport_fastrtps_c/food_del_robot/srv/detail/reset__type_support_c.cpp.o[0m
[2.123s] [ 48%] Built target food_del_robot__rosidl_typesupport_introspection_cpp
[2.188s] [ 56%] Built target food_del_robot__rosidl_typesupport_introspection_c
[2.214s] [ 64%] Built target food_del_robot__rosidl_typesupport_c
[2.847s] [ 66%] [32m[1mLinking CXX shared library libfood_del_robot__rosidl_typesupport_fastrtps_c.so[0m
[2.946s] running egg_info
[2.959s] [ 69%] [32m[1mLinking CXX shared library libfood_del_robot__rosidl_typesupport_fastrtps_cpp.so[0m
[3.049s] writing food_del_robot.egg-info/PKG-INFO
[3.050s] writing dependency_links to food_del_robot.egg-info/dependency_links.txt
[3.059s] writing top-level names to food_del_robot.egg-info/top_level.txt
[3.165s] [ 71%] Built target food_del_robot__rosidl_typesupport_fastrtps_c
[3.184s] reading manifest file 'food_del_robot.egg-info/SOURCES.txt'
[3.190s] writing manifest file 'food_del_robot.egg-info/SOURCES.txt'
[3.234s] [ 74%] Built target food_del_robot__rosidl_typesupport_fastrtps_cpp
[3.279s] [ 74%] Built target food_del_robot
[3.301s] [ 74%] Built target ament_cmake_python_build_food_del_robot_egg
[3.348s] [ 76%] Built target food_del_robot__py
[3.418s] [ 79%] [32m[1mLinking C shared library rosidl_generator_py/food_del_robot/libfood_del_robot__rosidl_generator_py.so[0m
[3.520s] [ 84%] Built target food_del_robot__rosidl_generator_py
[3.586s] [ 87%] [32mBuilding C object CMakeFiles/food_del_robot__rosidl_typesupport_fastrtps_c__pyext.dir/rosidl_generator_py/food_del_robot/_food_del_robot_s.ep.rosidl_typesupport_fastrtps_c.c.o[0m
[3.589s] [ 89%] [32mBuilding C object CMakeFiles/food_del_robot__rosidl_typesupport_c__pyext.dir/rosidl_generator_py/food_del_robot/_food_del_robot_s.ep.rosidl_typesupport_c.c.o[0m
[3.590s] [ 92%] [32mBuilding C object CMakeFiles/food_del_robot__rosidl_typesupport_introspection_c__pyext.dir/rosidl_generator_py/food_del_robot/_food_del_robot_s.ep.rosidl_typesupport_introspection_c.c.o[0m
[3.918s] [ 94%] [32m[1mLinking C shared library rosidl_generator_py/food_del_robot/food_del_robot_s__rosidl_typesupport_fastrtps_c.cpython-310-x86_64-linux-gnu.so[0m
[3.962s] [ 97%] [32m[1mLinking C shared library rosidl_generator_py/food_del_robot/food_del_robot_s__rosidl_typesupport_c.cpython-310-x86_64-linux-gnu.so[0m
[3.964s] [100%] [32m[1mLinking C shared library rosidl_generator_py/food_del_robot/food_del_robot_s__rosidl_typesupport_introspection_c.cpython-310-x86_64-linux-gnu.so[0m
[4.022s] [100%] Built target food_del_robot__rosidl_typesupport_fastrtps_c__pyext
[4.064s] [100%] Built target food_del_robot__rosidl_typesupport_c__pyext
[4.081s] [100%] Built target food_del_robot__rosidl_typesupport_introspection_c__pyext
