[0.025s] Invoking command in '/home/panha/Food_Delivery_Robot/build/rplidar_ros': CMAKE_PREFIX_PATH=${CMAKE_PREFIX_PATH}:/home/panha/ws_moveit/install/moveit_configs_utils:/home/panha/ws_moveit/install/launch_param_builder:/opt/ros/humble /usr/bin/cmake --build /home/panha/Food_Delivery_Robot/build/rplidar_ros -- -j16 -l16
[0.083s] [  3%] Built target rplidar_client
[0.085s] [  7%] [32mBuilding CXX object CMakeFiles/rplidar_node.dir/src/rplidar_node.cpp.o[0m
[0.085s] [  7%] [32mBuilding CXX object CMakeFiles/rplidar_composition.dir/src/rplidar_node.cpp.o[0m
[0.088s] [  8%] [32mBuilding CXX object CMakeFiles/rplidar_a1.dir/src/rplidar_a1.cpp.o[0m
[0.099s] [01m[K/home/panha/Food_Delivery_Robot/src/rplidar_ros-ros2/src/rplidar_node.cpp:36:10:[m[K [01;31m[Kfatal error: [m[Krplidar_node.hpp: No such file or directory
[0.099s]    36 | #include [01;31m[K<rplidar_node.hpp>[m[K
[0.099s]       |          [01;31m[K^~~~~~~~~~~~~~~~~~[m[K
[0.099s] compilation terminated.
[0.100s] [01m[K/home/panha/Food_Delivery_Robot/src/rplidar_ros-ros2/src/rplidar_node.cpp:36:10:[m[K [01;31m[Kfatal error: [m[Krplidar_node.hpp: No such file or directory
[0.100s]    36 | #include [01;31m[K<rplidar_node.hpp>[m[K
[0.100s]       |          [01;31m[K^~~~~~~~~~~~~~~~~~[m[K
[0.100s] compilation terminated.
[0.100s] gmake[2]: *** [CMakeFiles/rplidar_composition.dir/build.make:76: CMakeFiles/rplidar_composition.dir/src/rplidar_node.cpp.o] Error 1
[0.100s] gmake[1]: *** [CMakeFiles/Makefile2:169: CMakeFiles/rplidar_composition.dir/all] Error 2
[0.100s] gmake[1]: *** Waiting for unfinished jobs....
[0.100s] gmake[2]: *** [CMakeFiles/rplidar_node.dir/build.make:76: CMakeFiles/rplidar_node.dir/src/rplidar_node.cpp.o] Error 1
[0.100s] gmake[1]: *** [CMakeFiles/Makefile2:143: CMakeFiles/rplidar_node.dir/all] Error 2
[2.078s] In file included from [01m[K/home/panha/Food_Delivery_Robot/src/rplidar_ros-ros2/sdk/include/sl_lidar_cmd.h:41[m[K,
[2.078s]                  from [01m[K/home/panha/Food_Delivery_Robot/src/rplidar_ros-ros2/sdk/include/sl_lidar_driver.h:54[m[K,
[2.078s]                  from [01m[K/home/panha/Food_Delivery_Robot/src/rplidar_ros-ros2/sdk/include/sl_lidar.h:36[m[K,
[2.078s]                  from [01m[K/home/panha/Food_Delivery_Robot/src/rplidar_ros-ros2/src/rplidar_a1.cpp:4[m[K:
[2.078s] [01m[K/home/panha/Food_Delivery_Robot/src/rplidar_ros-ros2/sdk/include/sl_lidar_protocol.h:66:16:[m[K [01;35m[Kwarning: [m[KISO C++ forbids zero-size array ‘[01m[Kdata[m[K’ [[01;35m[K]8;;https://gcc.gnu.org/onlinedocs/gcc/Warning-Options.html#index-Wpedantic-Wpedantic]8;;[m[K]
[2.078s]    66 |     sl_u8 data[[01;35m[K0[m[K];
[2.078s]       |                [01;35m[K^[m[K
[2.078s] In file included from [01m[K/home/panha/Food_Delivery_Robot/src/rplidar_ros-ros2/sdk/include/sl_lidar_driver.h:54[m[K,
[2.078s]                  from [01m[K/home/panha/Food_Delivery_Robot/src/rplidar_ros-ros2/sdk/include/sl_lidar.h:36[m[K,
[2.079s]                  from [01m[K/home/panha/Food_Delivery_Robot/src/rplidar_ros-ros2/src/rplidar_a1.cpp:4[m[K:
[2.079s] [01m[K/home/panha/Food_Delivery_Robot/src/rplidar_ros-ros2/sdk/include/sl_lidar_cmd.h:324:20:[m[K [01;35m[Kwarning: [m[KISO C++ forbids zero-size array ‘[01m[Kpayload[m[K’ [[01;35m[K]8;;https://gcc.gnu.org/onlinedocs/gcc/Warning-Options.html#index-Wpedantic-Wpedantic]8;;[m[K]
[2.079s]   324 |     sl_u8  payload[[01;35m[K0[m[K];
[2.079s]       |                    [01;35m[K^[m[K
[3.568s] [ 10%] [32m[1mLinking CXX executable rplidar_a1[0m
[3.781s] [ 39%] Built target rplidar_a1
[3.782s] gmake: *** [Makefile:146: all] Error 2
[3.783s] Invoked command in '/home/panha/Food_Delivery_Robot/build/rplidar_ros' returned '2': CMAKE_PREFIX_PATH=${CMAKE_PREFIX_PATH}:/home/panha/ws_moveit/install/moveit_configs_utils:/home/panha/ws_moveit/install/launch_param_builder:/opt/ros/humble /usr/bin/cmake --build /home/panha/Food_Delivery_Robot/build/rplidar_ros -- -j16 -l16
