[0.039s] Invoking command in '/home/panha/Food_Delivery_Robot/build/yahboom_imu_10_axis': CMAKE_PREFIX_PATH=${CMAKE_PREFIX_PATH}:/home/panha/yolo_ws/install/depth_test:/opt/ros/humble /usr/bin/cmake --build /home/panha/Food_Delivery_Robot/build/yahboom_imu_10_axis -- -j6 -l6
[0.128s] [35m[1mConsolidate compiler generated dependencies of target imu_serial[0m
[0.196s] [ 50%] Built target imu_serial
[0.232s] [35m[1mConsolidate compiler generated dependencies of target imu_driver[0m
[0.290s] [100%] Built target imu_driver
[0.314s] Invoked command in '/home/panha/Food_Delivery_Robot/build/yahboom_imu_10_axis' returned '0': CMAKE_PREFIX_PATH=${CMAKE_PREFIX_PATH}:/home/panha/yolo_ws/install/depth_test:/opt/ros/humble /usr/bin/cmake --build /home/panha/Food_Delivery_Robot/build/yahboom_imu_10_axis -- -j6 -l6
[0.321s] Invoking command in '/home/panha/Food_Delivery_Robot/build/yahboom_imu_10_axis': CMAKE_PREFIX_PATH=${CMAKE_PREFIX_PATH}:/home/panha/yolo_ws/install/depth_test:/opt/ros/humble /usr/bin/cmake --install /home/panha/Food_Delivery_Robot/build/yahboom_imu_10_axis
[0.346s] -- Install configuration: ""
[0.346s] -- Up-to-date: /home/panha/Food_Delivery_Robot/install/yahboom_imu_10_axis/lib/libimu_serial.a
[0.346s] -- Up-to-date: /home/panha/Food_Delivery_Robot/install/yahboom_imu_10_axis/lib/yahboom_imu_10_axis/imu_driver
[0.347s] -- Up-to-date: /home/panha/Food_Delivery_Robot/install/yahboom_imu_10_axis/include/
[0.347s] -- Up-to-date: /home/panha/Food_Delivery_Robot/install/yahboom_imu_10_axis/include//imu_serial.hpp
[0.347s] -- Up-to-date: /home/panha/Food_Delivery_Robot/install/yahboom_imu_10_axis/include//protocol.hpp
[0.348s] -- Up-to-date: /home/panha/Food_Delivery_Robot/install/yahboom_imu_10_axis/share/ament_index/resource_index/package_run_dependencies/yahboom_imu_10_axis
[0.348s] -- Up-to-date: /home/panha/Food_Delivery_Robot/install/yahboom_imu_10_axis/share/ament_index/resource_index/parent_prefix_path/yahboom_imu_10_axis
[0.348s] -- Up-to-date: /home/panha/Food_Delivery_Robot/install/yahboom_imu_10_axis/share/yahboom_imu_10_axis/environment/ament_prefix_path.sh
[0.348s] -- Up-to-date: /home/panha/Food_Delivery_Robot/install/yahboom_imu_10_axis/share/yahboom_imu_10_axis/environment/ament_prefix_path.dsv
[0.349s] -- Up-to-date: /home/panha/Food_Delivery_Robot/install/yahboom_imu_10_axis/share/yahboom_imu_10_axis/environment/path.sh
[0.349s] -- Up-to-date: /home/panha/Food_Delivery_Robot/install/yahboom_imu_10_axis/share/yahboom_imu_10_axis/environment/path.dsv
[0.349s] -- Up-to-date: /home/panha/Food_Delivery_Robot/install/yahboom_imu_10_axis/share/yahboom_imu_10_axis/local_setup.bash
[0.350s] -- Up-to-date: /home/panha/Food_Delivery_Robot/install/yahboom_imu_10_axis/share/yahboom_imu_10_axis/local_setup.sh
[0.351s] -- Up-to-date: /home/panha/Food_Delivery_Robot/install/yahboom_imu_10_axis/share/yahboom_imu_10_axis/local_setup.zsh
[0.351s] -- Up-to-date: /home/panha/Food_Delivery_Robot/install/yahboom_imu_10_axis/share/yahboom_imu_10_axis/local_setup.dsv
[0.351s] -- Installing: /home/panha/Food_Delivery_Robot/install/yahboom_imu_10_axis/share/yahboom_imu_10_axis/package.dsv
[0.352s] -- Up-to-date: /home/panha/Food_Delivery_Robot/install/yahboom_imu_10_axis/share/ament_index/resource_index/packages/yahboom_imu_10_axis
[0.352s] -- Up-to-date: /home/panha/Food_Delivery_Robot/install/yahboom_imu_10_axis/share/yahboom_imu_10_axis/cmake/yahboom_imu_10_axisConfig.cmake
[0.352s] -- Up-to-date: /home/panha/Food_Delivery_Robot/install/yahboom_imu_10_axis/share/yahboom_imu_10_axis/cmake/yahboom_imu_10_axisConfig-version.cmake
[0.353s] -- Up-to-date: /home/panha/Food_Delivery_Robot/install/yahboom_imu_10_axis/share/yahboom_imu_10_axis/package.xml
[0.398s] Invoked command in '/home/panha/Food_Delivery_Robot/build/yahboom_imu_10_axis' returned '0': CMAKE_PREFIX_PATH=${CMAKE_PREFIX_PATH}:/home/panha/yolo_ws/install/depth_test:/opt/ros/humble /usr/bin/cmake --install /home/panha/Food_Delivery_Robot/build/yahboom_imu_10_axis
