[0.042s] Invoking command in '/home/panha/Food_Delivery_Robot/build/food_del_robot_hardware': CMAKE_PREFIX_PATH=${CMAKE_PREFIX_PATH}:/home/panha/ws_moveit/install/moveit_configs_utils:/home/panha/ws_moveit/install/launch_param_builder:/opt/ros/humble /usr/bin/cmake --build /home/panha/Food_Delivery_Robot/build/food_del_robot_hardware -- -j16 -l16
[0.094s] [100%] Built target food_del_robot_hardware
[0.100s] Invoked command in '/home/panha/Food_Delivery_Robot/build/food_del_robot_hardware' returned '0': CMAKE_PREFIX_PATH=${CMAKE_PREFIX_PATH}:/home/panha/ws_moveit/install/moveit_configs_utils:/home/panha/ws_moveit/install/launch_param_builder:/opt/ros/humble /usr/bin/cmake --build /home/panha/Food_Delivery_Robot/build/food_del_robot_hardware -- -j16 -l16
[0.108s] Invoking command in '/home/panha/Food_Delivery_Robot/build/food_del_robot_hardware': CMAKE_PREFIX_PATH=${CMAKE_PREFIX_PATH}:/home/panha/ws_moveit/install/moveit_configs_utils:/home/panha/ws_moveit/install/launch_param_builder:/opt/ros/humble /usr/bin/cmake --install /home/panha/Food_Delivery_Robot/build/food_del_robot_hardware
[0.114s] -- Install configuration: ""
[0.114s] -- Up-to-date: /home/panha/Food_Delivery_Robot/install/food_del_robot_hardware/lib/libfood_del_robot_hardware.so
[0.114s] -- Up-to-date: /home/panha/Food_Delivery_Robot/install/food_del_robot_hardware/include/food_del_robot_hardware
[0.114s] -- Up-to-date: /home/panha/Food_Delivery_Robot/install/food_del_robot_hardware/include/food_del_robot_hardware/food_del_robot_hardware
[0.114s] -- Up-to-date: /home/panha/Food_Delivery_Robot/install/food_del_robot_hardware/include/food_del_robot_hardware/food_del_robot_hardware/food_del_robot_hardware_interface.hpp
[0.115s] -- Up-to-date: /home/panha/Food_Delivery_Robot/install/food_del_robot_hardware/include/food_del_robot_hardware/food_del_robot_hardware/wheels_driver.hpp
[0.115s] -- Up-to-date: /home/panha/Food_Delivery_Robot/install/food_del_robot_hardware/include/food_del_robot_hardware/food_del_robot_hardware/zlac8015d_driver.hpp
[0.115s] -- Up-to-date: /home/panha/Food_Delivery_Robot/install/food_del_robot_hardware/include/food_del_robot_hardware/food_del_robot_hardware/can.hpp
[0.116s] -- Up-to-date: /home/panha/Food_Delivery_Robot/install/food_del_robot_hardware/share/food_del_robot_hardware/food_del_robot_hw_interface.xml
[0.116s] -- Up-to-date: /home/panha/Food_Delivery_Robot/install/food_del_robot_hardware/share/food_del_robot_hardware/environment/library_path.sh
[0.116s] -- Up-to-date: /home/panha/Food_Delivery_Robot/install/food_del_robot_hardware/share/food_del_robot_hardware/environment/library_path.dsv
[0.116s] -- Up-to-date: /home/panha/Food_Delivery_Robot/install/food_del_robot_hardware/share/food_del_robot_hardware/food_del_robot_hw_interface.xml
[0.116s] -- Up-to-date: /home/panha/Food_Delivery_Robot/install/food_del_robot_hardware/share/ament_index/resource_index/package_run_dependencies/food_del_robot_hardware
[0.116s] -- Up-to-date: /home/panha/Food_Delivery_Robot/install/food_del_robot_hardware/share/ament_index/resource_index/parent_prefix_path/food_del_robot_hardware
[0.116s] -- Up-to-date: /home/panha/Food_Delivery_Robot/install/food_del_robot_hardware/share/food_del_robot_hardware/environment/ament_prefix_path.sh
[0.116s] -- Up-to-date: /home/panha/Food_Delivery_Robot/install/food_del_robot_hardware/share/food_del_robot_hardware/environment/ament_prefix_path.dsv
[0.116s] -- Up-to-date: /home/panha/Food_Delivery_Robot/install/food_del_robot_hardware/share/food_del_robot_hardware/environment/path.sh
[0.116s] -- Up-to-date: /home/panha/Food_Delivery_Robot/install/food_del_robot_hardware/share/food_del_robot_hardware/environment/path.dsv
[0.116s] -- Up-to-date: /home/panha/Food_Delivery_Robot/install/food_del_robot_hardware/share/food_del_robot_hardware/local_setup.bash
[0.116s] -- Up-to-date: /home/panha/Food_Delivery_Robot/install/food_del_robot_hardware/share/food_del_robot_hardware/local_setup.sh
[0.117s] -- Up-to-date: /home/panha/Food_Delivery_Robot/install/food_del_robot_hardware/share/food_del_robot_hardware/local_setup.zsh
[0.117s] -- Up-to-date: /home/panha/Food_Delivery_Robot/install/food_del_robot_hardware/share/food_del_robot_hardware/local_setup.dsv
[0.117s] -- Installing: /home/panha/Food_Delivery_Robot/install/food_del_robot_hardware/share/food_del_robot_hardware/package.dsv
[0.117s] -- Up-to-date: /home/panha/Food_Delivery_Robot/install/food_del_robot_hardware/share/ament_index/resource_index/packages/food_del_robot_hardware
[0.117s] -- Up-to-date: /home/panha/Food_Delivery_Robot/install/food_del_robot_hardware/share/ament_index/resource_index/hardware_interface__pluginlib__plugin/food_del_robot_hardware
[0.117s] -- Up-to-date: /home/panha/Food_Delivery_Robot/install/food_del_robot_hardware/share/food_del_robot_hardware/cmake/export_food_del_robot_hardwareExport.cmake
[0.117s] -- Up-to-date: /home/panha/Food_Delivery_Robot/install/food_del_robot_hardware/share/food_del_robot_hardware/cmake/export_food_del_robot_hardwareExport-noconfig.cmake
[0.117s] -- Up-to-date: /home/panha/Food_Delivery_Robot/install/food_del_robot_hardware/share/food_del_robot_hardware/cmake/ament_cmake_export_targets-extras.cmake
[0.117s] -- Up-to-date: /home/panha/Food_Delivery_Robot/install/food_del_robot_hardware/share/food_del_robot_hardware/cmake/ament_cmake_export_dependencies-extras.cmake
[0.117s] -- Up-to-date: /home/panha/Food_Delivery_Robot/install/food_del_robot_hardware/share/food_del_robot_hardware/cmake/food_del_robot_hardwareConfig.cmake
[0.118s] -- Up-to-date: /home/panha/Food_Delivery_Robot/install/food_del_robot_hardware/share/food_del_robot_hardware/cmake/food_del_robot_hardwareConfig-version.cmake
[0.118s] -- Up-to-date: /home/panha/Food_Delivery_Robot/install/food_del_robot_hardware/share/food_del_robot_hardware/package.xml
[0.119s] Invoked command in '/home/panha/Food_Delivery_Robot/build/food_del_robot_hardware' returned '0': CMAKE_PREFIX_PATH=${CMAKE_PREFIX_PATH}:/home/panha/ws_moveit/install/moveit_configs_utils:/home/panha/ws_moveit/install/launch_param_builder:/opt/ros/humble /usr/bin/cmake --install /home/panha/Food_Delivery_Robot/build/food_del_robot_hardware
