[0.043s] Invoking command in '/home/panha/Food_Delivery_Robot/build/food_del_robot_description': CMAKE_PREFIX_PATH=${CMAKE_PREFIX_PATH}:/home/panha/ws_moveit/install/moveit_configs_utils:/home/panha/ws_moveit/install/launch_param_builder:/home/panha/mushroom_ws_V2/install/py_mushroom_control:/home/panha/turtlebot3_ws/install/turtlebot3_teleop:/home/panha/turtlebot3_ws/install/turtlebot3_example:/opt/ros/humble /usr/bin/cmake /home/panha/Food_Delivery_Robot/src/food_del_robot_description -DCMAKE_INSTALL_PREFIX=/home/panha/Food_Delivery_Robot/install/food_del_robot_description
[0.105s] -- The C compiler identification is GNU 11.4.0
[0.157s] -- The CXX compiler identification is GNU 11.4.0
[0.168s] -- Detecting C compiler ABI info
[0.235s] -- Detecting C compiler ABI info - done
[0.242s] -- Check for working C compiler: /usr/bin/cc - skipped
[0.242s] -- Detecting C compile features
[0.242s] -- Detecting C compile features - done
[0.245s] -- Detecting CXX compiler ABI info
[0.322s] -- Detecting CXX compiler ABI info - done
[0.327s] -- Check for working CXX compiler: /usr/bin/c++ - skipped
[0.327s] -- Detecting CXX compile features
[0.328s] -- Detecting CXX compile features - done
[0.337s] -- Found ament_cmake: 1.3.12 (/opt/ros/humble/share/ament_cmake/cmake)
[0.703s] -- Found Python3: /usr/bin/python3 (found version "3.10.12") found components: Interpreter 
[0.925s] -- Configuring done
[0.927s] -- Generating done
[0.928s] -- Build files have been written to: /home/panha/Food_Delivery_Robot/build/food_del_robot_description
[0.932s] Invoked command in '/home/panha/Food_Delivery_Robot/build/food_del_robot_description' returned '0': CMAKE_PREFIX_PATH=${CMAKE_PREFIX_PATH}:/home/panha/ws_moveit/install/moveit_configs_utils:/home/panha/ws_moveit/install/launch_param_builder:/home/panha/mushroom_ws_V2/install/py_mushroom_control:/home/panha/turtlebot3_ws/install/turtlebot3_teleop:/home/panha/turtlebot3_ws/install/turtlebot3_example:/opt/ros/humble /usr/bin/cmake /home/panha/Food_Delivery_Robot/src/food_del_robot_description -DCMAKE_INSTALL_PREFIX=/home/panha/Food_Delivery_Robot/install/food_del_robot_description
[0.934s] Invoking command in '/home/panha/Food_Delivery_Robot/build/food_del_robot_description': CMAKE_PREFIX_PATH=${CMAKE_PREFIX_PATH}:/home/panha/ws_moveit/install/moveit_configs_utils:/home/panha/ws_moveit/install/launch_param_builder:/home/panha/mushroom_ws_V2/install/py_mushroom_control:/home/panha/turtlebot3_ws/install/turtlebot3_teleop:/home/panha/turtlebot3_ws/install/turtlebot3_example:/opt/ros/humble /usr/bin/cmake --build /home/panha/Food_Delivery_Robot/build/food_del_robot_description -- -j16 -l16
[0.960s] Invoked command in '/home/panha/Food_Delivery_Robot/build/food_del_robot_description' returned '0': CMAKE_PREFIX_PATH=${CMAKE_PREFIX_PATH}:/home/panha/ws_moveit/install/moveit_configs_utils:/home/panha/ws_moveit/install/launch_param_builder:/home/panha/mushroom_ws_V2/install/py_mushroom_control:/home/panha/turtlebot3_ws/install/turtlebot3_teleop:/home/panha/turtlebot3_ws/install/turtlebot3_example:/opt/ros/humble /usr/bin/cmake --build /home/panha/Food_Delivery_Robot/build/food_del_robot_description -- -j16 -l16
[0.968s] Invoking command in '/home/panha/Food_Delivery_Robot/build/food_del_robot_description': CMAKE_PREFIX_PATH=${CMAKE_PREFIX_PATH}:/home/panha/ws_moveit/install/moveit_configs_utils:/home/panha/ws_moveit/install/launch_param_builder:/home/panha/mushroom_ws_V2/install/py_mushroom_control:/home/panha/turtlebot3_ws/install/turtlebot3_teleop:/home/panha/turtlebot3_ws/install/turtlebot3_example:/opt/ros/humble /usr/bin/cmake --install /home/panha/Food_Delivery_Robot/build/food_del_robot_description
[0.971s] -- Install configuration: ""
[0.971s] -- Installing: /home/panha/Food_Delivery_Robot/install/food_del_robot_description/share/food_del_robot_description//urdf
[0.971s] -- Installing: /home/panha/Food_Delivery_Robot/install/food_del_robot_description/share/food_del_robot_description//urdf/common_properties.xacro
[0.972s] -- Installing: /home/panha/Food_Delivery_Robot/install/food_del_robot_description/share/food_del_robot_description//urdf/food_del_robot.xacro
[0.972s] -- Installing: /home/panha/Food_Delivery_Robot/install/food_del_robot_description/share/food_del_robot_description//urdf/food_del_robot.ros2_control.xacro
[0.972s] -- Installing: /home/panha/Food_Delivery_Robot/install/food_del_robot_description/share/food_del_robot_description//urdf/food_del_robot_gazebo.xacro
[0.972s] -- Installing: /home/panha/Food_Delivery_Robot/install/food_del_robot_description/share/food_del_robot_description//urdf/my_main.urdf.xacro
[0.972s] -- Installing: /home/panha/Food_Delivery_Robot/install/food_del_robot_description/share/food_del_robot_description//launch
[0.972s] -- Installing: /home/panha/Food_Delivery_Robot/install/food_del_robot_description/share/food_del_robot_description//launch/gazebo.launch.py
[0.972s] -- Installing: /home/panha/Food_Delivery_Robot/install/food_del_robot_description/share/food_del_robot_description//launch/display.launch.py
[0.972s] -- Installing: /home/panha/Food_Delivery_Robot/install/food_del_robot_description/share/food_del_robot_description//launch/robot.launch.py
[0.972s] -- Installing: /home/panha/Food_Delivery_Robot/install/food_del_robot_description/share/food_del_robot_description//rviz
[0.973s] -- Installing: /home/panha/Food_Delivery_Robot/install/food_del_robot_description/share/food_del_robot_description//rviz/food_del_robot.rviz
[0.973s] -- Installing: /home/panha/Food_Delivery_Robot/install/food_del_robot_description/share/food_del_robot_description//config
[0.973s] -- Installing: /home/panha/Food_Delivery_Robot/install/food_del_robot_description/share/food_del_robot_description//config/gazebo_bridge.yaml
[0.973s] -- Installing: /home/panha/Food_Delivery_Robot/install/food_del_robot_description/share/food_del_robot_description//config/food_del_robot.yaml
[0.973s] -- Installing: /home/panha/Food_Delivery_Robot/install/food_del_robot_description/share/food_del_robot_description//worlds
[0.973s] -- Installing: /home/panha/Food_Delivery_Robot/install/food_del_robot_description/share/food_del_robot_description//worlds/restaurant
[0.973s] -- Installing: /home/panha/Food_Delivery_Robot/install/food_del_robot_description/share/food_del_robot_description//worlds/restaurant/model.sdf
[0.973s] -- Installing: /home/panha/Food_Delivery_Robot/install/food_del_robot_description/share/food_del_robot_description//worlds/restaurant/model.config
[0.973s] -- Installing: /home/panha/Food_Delivery_Robot/install/food_del_robot_description/share/food_del_robot_description//worlds/restaurant/restaurant.world
[0.973s] -- Installing: /home/panha/Food_Delivery_Robot/install/food_del_robot_description/share/food_del_robot_description//maps
[0.973s] -- Installing: /home/panha/Food_Delivery_Robot/install/food_del_robot_description/share/food_del_robot_description//maps/imu.pgm
[0.973s] -- Installing: /home/panha/Food_Delivery_Robot/install/food_del_robot_description/share/food_del_robot_description//maps/imu.yaml
[0.974s] -- Installing: /home/panha/Food_Delivery_Robot/install/food_del_robot_description/share/ament_index/resource_index/package_run_dependencies/food_del_robot_description
[0.974s] -- Installing: /home/panha/Food_Delivery_Robot/install/food_del_robot_description/share/ament_index/resource_index/parent_prefix_path/food_del_robot_description
[0.974s] -- Installing: /home/panha/Food_Delivery_Robot/install/food_del_robot_description/share/food_del_robot_description/environment/ament_prefix_path.sh
[0.974s] -- Installing: /home/panha/Food_Delivery_Robot/install/food_del_robot_description/share/food_del_robot_description/environment/ament_prefix_path.dsv
[0.974s] -- Installing: /home/panha/Food_Delivery_Robot/install/food_del_robot_description/share/food_del_robot_description/environment/path.sh
[0.974s] -- Installing: /home/panha/Food_Delivery_Robot/install/food_del_robot_description/share/food_del_robot_description/environment/path.dsv
[0.975s] -- Installing: /home/panha/Food_Delivery_Robot/install/food_del_robot_description/share/food_del_robot_description/local_setup.bash
[0.975s] -- Installing: /home/panha/Food_Delivery_Robot/install/food_del_robot_description/share/food_del_robot_description/local_setup.sh
[0.975s] -- Installing: /home/panha/Food_Delivery_Robot/install/food_del_robot_description/share/food_del_robot_description/local_setup.zsh
[0.975s] -- Installing: /home/panha/Food_Delivery_Robot/install/food_del_robot_description/share/food_del_robot_description/local_setup.dsv
[0.975s] -- Installing: /home/panha/Food_Delivery_Robot/install/food_del_robot_description/share/food_del_robot_description/package.dsv
[0.975s] -- Installing: /home/panha/Food_Delivery_Robot/install/food_del_robot_description/share/ament_index/resource_index/packages/food_del_robot_description
[0.975s] -- Installing: /home/panha/Food_Delivery_Robot/install/food_del_robot_description/share/food_del_robot_description/cmake/food_del_robot_descriptionConfig.cmake
[0.975s] -- Installing: /home/panha/Food_Delivery_Robot/install/food_del_robot_description/share/food_del_robot_description/cmake/food_del_robot_descriptionConfig-version.cmake
[0.975s] -- Installing: /home/panha/Food_Delivery_Robot/install/food_del_robot_description/share/food_del_robot_description/package.xml
[0.977s] Invoked command in '/home/panha/Food_Delivery_Robot/build/food_del_robot_description' returned '0': CMAKE_PREFIX_PATH=${CMAKE_PREFIX_PATH}:/home/panha/ws_moveit/install/moveit_configs_utils:/home/panha/ws_moveit/install/launch_param_builder:/home/panha/mushroom_ws_V2/install/py_mushroom_control:/home/panha/turtlebot3_ws/install/turtlebot3_teleop:/home/panha/turtlebot3_ws/install/turtlebot3_example:/opt/ros/humble /usr/bin/cmake --install /home/panha/Food_Delivery_Robot/build/food_del_robot_description
