[0.068s] Invoking command in '/home/panha/Food_Delivery_Robot/build/zlac8015d_driver': CMAKE_PREFIX_PATH=${CMAKE_PREFIX_PATH}:/home/panha/yolo_ws/install/depth_test:/opt/ros/humble /usr/bin/cmake --build /home/panha/Food_Delivery_Robot/build/zlac8015d_driver -- -j6 -l6
[0.200s] [ 20%] Built target can
[0.204s] [ 40%] Built target cmd_vel_to_twist_stamped
[0.229s] [ 60%] Built target robot_kinematic
[0.252s] [ 80%] Built target zlac8015d_driver
[0.303s] [35m[1mConsolidate compiler generated dependencies of target drive_and_odom[0m
[0.387s] [100%] Built target drive_and_odom
[0.422s] Invoked command in '/home/panha/Food_Delivery_Robot/build/zlac8015d_driver' returned '0': CMAKE_PREFIX_PATH=${CMAKE_PREFIX_PATH}:/home/panha/yolo_ws/install/depth_test:/opt/ros/humble /usr/bin/cmake --build /home/panha/Food_Delivery_Robot/build/zlac8015d_driver -- -j6 -l6
[0.423s] Invoking command in '/home/panha/Food_Delivery_Robot/build/zlac8015d_driver': CMAKE_PREFIX_PATH=${CMAKE_PREFIX_PATH}:/home/panha/yolo_ws/install/depth_test:/opt/ros/humble /usr/bin/cmake --install /home/panha/Food_Delivery_Robot/build/zlac8015d_driver
[0.492s] -- Install configuration: ""
[0.492s] -- Up-to-date: /home/panha/Food_Delivery_Robot/install/zlac8015d_driver/lib/libcan.a
[0.492s] -- Up-to-date: /home/panha/Food_Delivery_Robot/install/zlac8015d_driver/lib/libzlac8015d_driver.a
[0.492s] -- Up-to-date: /home/panha/Food_Delivery_Robot/install/zlac8015d_driver/include/
[0.492s] -- Up-to-date: /home/panha/Food_Delivery_Robot/install/zlac8015d_driver/include//zlac8015d_driver
[0.493s] -- Up-to-date: /home/panha/Food_Delivery_Robot/install/zlac8015d_driver/include//zlac8015d_driver/can.hpp
[0.493s] -- Up-to-date: /home/panha/Food_Delivery_Robot/install/zlac8015d_driver/include//zlac8015d_driver/zlac8015d_driver.hpp
[0.493s] -- Up-to-date: /home/panha/Food_Delivery_Robot/install/zlac8015d_driver/lib/zlac8015d_driver/drive_and_odom
[0.493s] -- Up-to-date: /home/panha/Food_Delivery_Robot/install/zlac8015d_driver/lib/zlac8015d_driver/cmd_vel_to_twist_stamped
[0.493s] -- Up-to-date: /home/panha/Food_Delivery_Robot/install/zlac8015d_driver/share/ament_index/resource_index/package_run_dependencies/zlac8015d_driver
[0.493s] -- Up-to-date: /home/panha/Food_Delivery_Robot/install/zlac8015d_driver/share/ament_index/resource_index/parent_prefix_path/zlac8015d_driver
[0.493s] -- Up-to-date: /home/panha/Food_Delivery_Robot/install/zlac8015d_driver/share/zlac8015d_driver/environment/ament_prefix_path.sh
[0.494s] -- Up-to-date: /home/panha/Food_Delivery_Robot/install/zlac8015d_driver/share/zlac8015d_driver/environment/ament_prefix_path.dsv
[0.494s] -- Up-to-date: /home/panha/Food_Delivery_Robot/install/zlac8015d_driver/share/zlac8015d_driver/environment/path.sh
[0.494s] -- Up-to-date: /home/panha/Food_Delivery_Robot/install/zlac8015d_driver/share/zlac8015d_driver/environment/path.dsv
[0.494s] -- Up-to-date: /home/panha/Food_Delivery_Robot/install/zlac8015d_driver/share/zlac8015d_driver/local_setup.bash
[0.494s] -- Up-to-date: /home/panha/Food_Delivery_Robot/install/zlac8015d_driver/share/zlac8015d_driver/local_setup.sh
[0.494s] -- Up-to-date: /home/panha/Food_Delivery_Robot/install/zlac8015d_driver/share/zlac8015d_driver/local_setup.zsh
[0.495s] -- Up-to-date: /home/panha/Food_Delivery_Robot/install/zlac8015d_driver/share/zlac8015d_driver/local_setup.dsv
[0.495s] -- Installing: /home/panha/Food_Delivery_Robot/install/zlac8015d_driver/share/zlac8015d_driver/package.dsv
[0.495s] -- Up-to-date: /home/panha/Food_Delivery_Robot/install/zlac8015d_driver/share/ament_index/resource_index/packages/zlac8015d_driver
[0.495s] -- Up-to-date: /home/panha/Food_Delivery_Robot/install/zlac8015d_driver/share/zlac8015d_driver/cmake/zlac8015d_driverConfig.cmake
[0.495s] -- Up-to-date: /home/panha/Food_Delivery_Robot/install/zlac8015d_driver/share/zlac8015d_driver/cmake/zlac8015d_driverConfig-version.cmake
[0.495s] -- Up-to-date: /home/panha/Food_Delivery_Robot/install/zlac8015d_driver/share/zlac8015d_driver/package.xml
[0.559s] Invoked command in '/home/panha/Food_Delivery_Robot/build/zlac8015d_driver' returned '0': CMAKE_PREFIX_PATH=${CMAKE_PREFIX_PATH}:/home/panha/yolo_ws/install/depth_test:/opt/ros/humble /usr/bin/cmake --install /home/panha/Food_Delivery_Robot/build/zlac8015d_driver
