-- Found ament_cmake: 1.3.12 (/opt/ros/humble/share/ament_cmake/cmake)
-- Override CMake install command with custom implementation using symlinks instead of copying resources
-- Found rclcpp: 16.0.17 (/opt/ros/humble/share/rclcpp/cmake)
-- Found rosidl_generator_c: 3.1.8 (/opt/ros/humble/share/rosidl_generator_c/cmake)
-- Found rosidl_adapter: 3.1.8 (/opt/ros/humble/share/rosidl_adapter/cmake)
-- Found rosidl_generator_cpp: 3.1.8 (/opt/ros/humble/share/rosidl_generator_cpp/cmake)
-- Using all available rosidl_typesupport_c: rosidl_typesupport_fastrtps_c;rosidl_typesupport_introspection_c
-- Using all available rosidl_typesupport_cpp: rosidl_typesupport_fastrtps_cpp;rosidl_typesupport_introspection_cpp
-- Found rmw_implementation_cmake: 6.1.2 (/opt/ros/humble/share/rmw_implementation_cmake/cmake)
-- Found rmw_cyclonedds_cpp: 1.3.4 (/opt/ros/humble/share/rmw_cyclonedds_cpp/cmake)
-- Using RMW implementation 'rmw_cyclonedds_cpp' as default
-- Found geometry_msgs: 4.9.0 (/opt/ros/humble/share/geometry_msgs/cmake)
-- Found nav_msgs: 4.9.0 (/opt/ros/humble/share/nav_msgs/cmake)
-- Found tf2_ros: 0.25.18 (/opt/ros/humble/share/tf2_ros/cmake)
-- Found sensor_msgs: 4.9.0 (/opt/ros/humble/share/sensor_msgs/cmake)
-- Found food_del_robot: 0.0.0 (/home/tikea/Food_Delivery_Robot/install/food_del_robot/share/food_del_robot/cmake)
-- Configuring done
-- Generating done
-- Build files have been written to: /home/tikea/Food_Delivery_Robot/build/zlac8015d_driver
[35m[1mConsolidate compiler generated dependencies of target can[0m
[35m[1mConsolidate compiler generated dependencies of target robot_kinematic[0m
[35m[1mConsolidate compiler generated dependencies of target cmd_vel_to_twist_stamped[0m
[ 20%] Built target can
[ 40%] Built target robot_kinematic
[ 60%] Built target cmd_vel_to_twist_stamped
[35m[1mConsolidate compiler generated dependencies of target zlac8015d_driver[0m
[ 80%] Built target zlac8015d_driver
[35m[1mConsolidate compiler generated dependencies of target drive_and_odom[0m
[100%] Built target drive_and_odom
-- Install configuration: ""
-- Execute custom install script
-- Up-to-date symlink: /home/tikea/Food_Delivery_Robot/install/zlac8015d_driver/lib/libcan.a
-- Up-to-date symlink: /home/tikea/Food_Delivery_Robot/install/zlac8015d_driver/lib/libzlac8015d_driver.a
-- Up-to-date symlink: /home/tikea/Food_Delivery_Robot/install/zlac8015d_driver/include//zlac8015d_driver/can.hpp
-- Up-to-date symlink: /home/tikea/Food_Delivery_Robot/install/zlac8015d_driver/include//zlac8015d_driver/zlac8015d_driver.hpp
-- Up-to-date symlink: /home/tikea/Food_Delivery_Robot/install/zlac8015d_driver/lib/zlac8015d_driver/drive_and_odom
-- Up-to-date symlink: /home/tikea/Food_Delivery_Robot/install/zlac8015d_driver/lib/zlac8015d_driver/cmd_vel_to_twist_stamped
-- Up-to-date symlink: /home/tikea/Food_Delivery_Robot/install/zlac8015d_driver/share/ament_index/resource_index/package_run_dependencies/zlac8015d_driver
-- Up-to-date symlink: /home/tikea/Food_Delivery_Robot/install/zlac8015d_driver/share/ament_index/resource_index/parent_prefix_path/zlac8015d_driver
-- Up-to-date symlink: /home/tikea/Food_Delivery_Robot/install/zlac8015d_driver/share/zlac8015d_driver/environment/ament_prefix_path.sh
-- Up-to-date symlink: /home/tikea/Food_Delivery_Robot/install/zlac8015d_driver/share/zlac8015d_driver/environment/ament_prefix_path.dsv
-- Up-to-date symlink: /home/tikea/Food_Delivery_Robot/install/zlac8015d_driver/share/zlac8015d_driver/environment/path.sh
-- Up-to-date symlink: /home/tikea/Food_Delivery_Robot/install/zlac8015d_driver/share/zlac8015d_driver/environment/path.dsv
-- Up-to-date symlink: /home/tikea/Food_Delivery_Robot/install/zlac8015d_driver/share/zlac8015d_driver/local_setup.bash
-- Up-to-date symlink: /home/tikea/Food_Delivery_Robot/install/zlac8015d_driver/share/zlac8015d_driver/local_setup.sh
-- Up-to-date symlink: /home/tikea/Food_Delivery_Robot/install/zlac8015d_driver/share/zlac8015d_driver/local_setup.zsh
-- Up-to-date symlink: /home/tikea/Food_Delivery_Robot/install/zlac8015d_driver/share/zlac8015d_driver/local_setup.dsv
-- Symlinking: /home/tikea/Food_Delivery_Robot/install/zlac8015d_driver/share/zlac8015d_driver/package.dsv
-- Up-to-date symlink: /home/tikea/Food_Delivery_Robot/install/zlac8015d_driver/share/ament_index/resource_index/packages/zlac8015d_driver
-- Symlinking: /home/tikea/Food_Delivery_Robot/install/zlac8015d_driver/share/zlac8015d_driver/cmake/ament_cmake_export_include_directories-extras.cmake
-- Up-to-date symlink: /home/tikea/Food_Delivery_Robot/install/zlac8015d_driver/share/zlac8015d_driver/cmake/zlac8015d_driverConfig.cmake
-- Up-to-date symlink: /home/tikea/Food_Delivery_Robot/install/zlac8015d_driver/share/zlac8015d_driver/cmake/zlac8015d_driverConfig-version.cmake
-- Up-to-date symlink: /home/tikea/Food_Delivery_Robot/install/zlac8015d_driver/share/zlac8015d_driver/package.xml
