[0.035s] Invoking command in '/home/panha/Food_Delivery_Robot/build/food_del_robot': CMAKE_PREFIX_PATH=${CMAKE_PREFIX_PATH}:/home/panha/ws_moveit/install/moveit_configs_utils:/home/panha/ws_moveit/install/launch_param_builder:/opt/ros/humble /usr/bin/cmake --build /home/panha/Food_Delivery_Robot/build/food_del_robot -- -j16 -l16
[0.077s] [  2%] Built target food_del_robot__cpp
[0.078s] [ 12%] Built target food_del_robot__rosidl_generator_c
[0.085s] [ 12%] Built target ament_cmake_python_copy_food_del_robot
[0.103s] [ 23%] Built target food_del_robot__rosidl_typesupport_cpp
[0.103s] [ 41%] Built target food_del_robot__rosidl_typesupport_introspection_c
[0.103s] [ 43%] Built target food_del_robot__rosidl_typesupport_c
[0.105s] [ 53%] Built target food_del_robot__rosidl_typesupport_introspection_cpp
[0.106s] [ 64%] Built target food_del_robot__rosidl_typesupport_fastrtps_cpp
[0.108s] [ 74%] Built target food_del_robot__rosidl_typesupport_fastrtps_c
[0.129s] [ 74%] Built target food_del_robot
[0.148s] [ 76%] Built target food_del_robot__py
[0.173s] [ 84%] Built target food_del_robot__rosidl_generator_py
[0.199s] [100%] Built target food_del_robot__rosidl_typesupport_introspection_c__pyext
[0.199s] [100%] Built target food_del_robot__rosidl_typesupport_c__pyext
[0.199s] [100%] Built target food_del_robot__rosidl_typesupport_fastrtps_c__pyext
[0.334s] running egg_info
[0.355s] writing food_del_robot.egg-info/PKG-INFO
[0.356s] writing dependency_links to food_del_robot.egg-info/dependency_links.txt
[0.356s] writing top-level names to food_del_robot.egg-info/top_level.txt
[0.421s] reading manifest file 'food_del_robot.egg-info/SOURCES.txt'
[0.422s] writing manifest file 'food_del_robot.egg-info/SOURCES.txt'
[0.486s] [100%] Built target ament_cmake_python_build_food_del_robot_egg
