[0.302s] [34mcolcon[0m [1;30mDEBUG[0m [32mCommand line arguments: ['/usr/bin/colcon', 'build'][0m
[0.302s] [34mcolcon[0m [1;30mDEBUG[0m [32mParsed command line arguments: Namespace(log_base=None, log_level=None, verb_name='build', build_base='build', install_base='install', merge_install=False, symlink_install=False, test_result_base=None, continue_on_error=False, executor='parallel', parallel_workers=6, event_handlers=None, ignore_user_meta=False, metas=['./colcon.meta'], base_paths=['.'], packages_ignore=None, packages_ignore_regex=None, paths=None, packages_up_to=None, packages_up_to_regex=None, packages_above=None, packages_above_and_dependencies=None, packages_above_depth=None, packages_select_by_dep=None, packages_skip_by_dep=None, packages_skip_up_to=None, packages_select_build_failed=False, packages_skip_build_finished=False, packages_select_test_failures=False, packages_skip_test_passed=False, packages_select=None, packages_skip=None, packages_select_regex=None, packages_skip_regex=None, packages_start=None, packages_end=None, allow_overriding=[], cmake_args=None, cmake_target=None, cmake_target_skip_unavailable=False, cmake_clean_cache=False, cmake_clean_first=False, cmake_force_configure=False, ament_cmake_args=None, catkin_cmake_args=None, catkin_skip_building_tests=False, mixin_files=None, mixin=None, verb_parser=<colcon_mixin.mixin.mixin_argument.MixinArgumentDecorator object at 0xffff8285dd20>, verb_extension=<colcon_core.verb.build.BuildVerb object at 0xffff82a27280>, main=<bound method BuildVerb.main of <colcon_core.verb.build.BuildVerb object at 0xffff82a27280>>, mixin_verb=('build',))[0m
[0.775s] [34mcolcon.colcon_core.package_discovery[0m [1;30mLevel 1[0m discover_packages(colcon_meta) check parameters
[0.775s] [34mcolcon.colcon_core.package_discovery[0m [1;30mLevel 1[0m discover_packages(recursive) check parameters
[0.775s] [34mcolcon.colcon_core.package_discovery[0m [1;30mLevel 1[0m discover_packages(ignore) check parameters
[0.775s] [34mcolcon.colcon_core.package_discovery[0m [1;30mLevel 1[0m discover_packages(path) check parameters
[0.776s] [34mcolcon.colcon_core.package_discovery[0m [1;30mLevel 1[0m discover_packages(colcon_meta) discover
[0.776s] [34mcolcon.colcon_core.package_discovery[0m [1;30mLevel 1[0m discover_packages(recursive) discover
[0.776s] [34mcolcon.colcon_core.package_discovery[0m [1;30mINFO[0m Crawling recursively for packages in '/home/panha/Food_Delivery_Robot'
[0.776s] [34mcolcon.colcon_core.package_identification[0m [1;30mLevel 1[0m _identify(.) by extensions ['ignore', 'ignore_ament_install']
[0.776s] [34mcolcon.colcon_core.package_identification[0m [1;30mLevel 1[0m _identify(.) by extension 'ignore'
[0.776s] [34mcolcon.colcon_core.package_identification[0m [1;30mLevel 1[0m _identify(.) by extension 'ignore_ament_install'
[0.777s] [34mcolcon.colcon_core.package_identification[0m [1;30mLevel 1[0m _identify(.) by extensions ['colcon_pkg']
[0.777s] [34mcolcon.colcon_core.package_identification[0m [1;30mLevel 1[0m _identify(.) by extension 'colcon_pkg'
[0.777s] [34mcolcon.colcon_core.package_identification[0m [1;30mLevel 1[0m _identify(.) by extensions ['colcon_meta']
[0.777s] [34mcolcon.colcon_core.package_identification[0m [1;30mLevel 1[0m _identify(.) by extension 'colcon_meta'
[0.777s] [34mcolcon.colcon_core.package_identification[0m [1;30mLevel 1[0m _identify(.) by extensions ['ros']
[0.777s] [34mcolcon.colcon_core.package_identification[0m [1;30mLevel 1[0m _identify(.) by extension 'ros'
[0.830s] [34mcolcon.colcon_core.package_identification[0m [1;30mLevel 1[0m _identify(.) by extensions ['cmake', 'python']
[0.830s] [34mcolcon.colcon_core.package_identification[0m [1;30mLevel 1[0m _identify(.) by extension 'cmake'
[0.831s] [34mcolcon.colcon_core.package_identification[0m [1;30mLevel 1[0m _identify(.) by extension 'python'
[0.831s] [34mcolcon.colcon_core.package_identification[0m [1;30mLevel 1[0m _identify(.) by extensions ['python_setup_py']
[0.831s] [34mcolcon.colcon_core.package_identification[0m [1;30mLevel 1[0m _identify(.) by extension 'python_setup_py'
[0.831s] [34mcolcon.colcon_core.package_identification[0m [1;30mLevel 1[0m _identify(build) by extensions ['ignore', 'ignore_ament_install']
[0.831s] [34mcolcon.colcon_core.package_identification[0m [1;30mLevel 1[0m _identify(build) by extension 'ignore'
[0.832s] [34mcolcon.colcon_core.package_identification[0m [1;30mLevel 1[0m _identify(build) ignored
[0.832s] [34mcolcon.colcon_core.package_identification[0m [1;30mLevel 1[0m _identify(docs) by extensions ['ignore', 'ignore_ament_install']
[0.832s] [34mcolcon.colcon_core.package_identification[0m [1;30mLevel 1[0m _identify(docs) by extension 'ignore'
[0.832s] [34mcolcon.colcon_core.package_identification[0m [1;30mLevel 1[0m _identify(docs) by extension 'ignore_ament_install'
[0.832s] [34mcolcon.colcon_core.package_identification[0m [1;30mLevel 1[0m _identify(docs) by extensions ['colcon_pkg']
[0.833s] [34mcolcon.colcon_core.package_identification[0m [1;30mLevel 1[0m _identify(docs) by extension 'colcon_pkg'
[0.833s] [34mcolcon.colcon_core.package_identification[0m [1;30mLevel 1[0m _identify(docs) by extensions ['colcon_meta']
[0.833s] [34mcolcon.colcon_core.package_identification[0m [1;30mLevel 1[0m _identify(docs) by extension 'colcon_meta'
[0.833s] [34mcolcon.colcon_core.package_identification[0m [1;30mLevel 1[0m _identify(docs) by extensions ['ros']
[0.833s] [34mcolcon.colcon_core.package_identification[0m [1;30mLevel 1[0m _identify(docs) by extension 'ros'
[0.833s] [34mcolcon.colcon_core.package_identification[0m [1;30mLevel 1[0m _identify(docs) by extensions ['cmake', 'python']
[0.833s] [34mcolcon.colcon_core.package_identification[0m [1;30mLevel 1[0m _identify(docs) by extension 'cmake'
[0.833s] [34mcolcon.colcon_core.package_identification[0m [1;30mLevel 1[0m _identify(docs) by extension 'python'
[0.833s] [34mcolcon.colcon_core.package_identification[0m [1;30mLevel 1[0m _identify(docs) by extensions ['python_setup_py']
[0.833s] [34mcolcon.colcon_core.package_identification[0m [1;30mLevel 1[0m _identify(docs) by extension 'python_setup_py'
[0.834s] [34mcolcon.colcon_core.package_identification[0m [1;30mLevel 1[0m _identify(docs/EKF) by extensions ['ignore', 'ignore_ament_install']
[0.834s] [34mcolcon.colcon_core.package_identification[0m [1;30mLevel 1[0m _identify(docs/EKF) by extension 'ignore'
[0.834s] [34mcolcon.colcon_core.package_identification[0m [1;30mLevel 1[0m _identify(docs/EKF) by extension 'ignore_ament_install'
[0.834s] [34mcolcon.colcon_core.package_identification[0m [1;30mLevel 1[0m _identify(docs/EKF) by extensions ['colcon_pkg']
[0.834s] [34mcolcon.colcon_core.package_identification[0m [1;30mLevel 1[0m _identify(docs/EKF) by extension 'colcon_pkg'
[0.834s] [34mcolcon.colcon_core.package_identification[0m [1;30mLevel 1[0m _identify(docs/EKF) by extensions ['colcon_meta']
[0.834s] [34mcolcon.colcon_core.package_identification[0m [1;30mLevel 1[0m _identify(docs/EKF) by extension 'colcon_meta'
[0.835s] [34mcolcon.colcon_core.package_identification[0m [1;30mLevel 1[0m _identify(docs/EKF) by extensions ['ros']
[0.835s] [34mcolcon.colcon_core.package_identification[0m [1;30mLevel 1[0m _identify(docs/EKF) by extension 'ros'
[0.835s] [34mcolcon.colcon_core.package_identification[0m [1;30mLevel 1[0m _identify(docs/EKF) by extensions ['cmake', 'python']
[0.835s] [34mcolcon.colcon_core.package_identification[0m [1;30mLevel 1[0m _identify(docs/EKF) by extension 'cmake'
[0.835s] [34mcolcon.colcon_core.package_identification[0m [1;30mLevel 1[0m _identify(docs/EKF) by extension 'python'
[0.835s] [34mcolcon.colcon_core.package_identification[0m [1;30mLevel 1[0m _identify(docs/EKF) by extensions ['python_setup_py']
[0.835s] [34mcolcon.colcon_core.package_identification[0m [1;30mLevel 1[0m _identify(docs/EKF) by extension 'python_setup_py'
[0.835s] [34mcolcon.colcon_core.package_identification[0m [1;30mLevel 1[0m _identify(docs/Map) by extensions ['ignore', 'ignore_ament_install']
[0.836s] [34mcolcon.colcon_core.package_identification[0m [1;30mLevel 1[0m _identify(docs/Map) by extension 'ignore'
[0.836s] [34mcolcon.colcon_core.package_identification[0m [1;30mLevel 1[0m _identify(docs/Map) by extension 'ignore_ament_install'
[0.836s] [34mcolcon.colcon_core.package_identification[0m [1;30mLevel 1[0m _identify(docs/Map) by extensions ['colcon_pkg']
[0.836s] [34mcolcon.colcon_core.package_identification[0m [1;30mLevel 1[0m _identify(docs/Map) by extension 'colcon_pkg'
[0.836s] [34mcolcon.colcon_core.package_identification[0m [1;30mLevel 1[0m _identify(docs/Map) by extensions ['colcon_meta']
[0.836s] [34mcolcon.colcon_core.package_identification[0m [1;30mLevel 1[0m _identify(docs/Map) by extension 'colcon_meta'
[0.836s] [34mcolcon.colcon_core.package_identification[0m [1;30mLevel 1[0m _identify(docs/Map) by extensions ['ros']
[0.836s] [34mcolcon.colcon_core.package_identification[0m [1;30mLevel 1[0m _identify(docs/Map) by extension 'ros'
[0.836s] [34mcolcon.colcon_core.package_identification[0m [1;30mLevel 1[0m _identify(docs/Map) by extensions ['cmake', 'python']
[0.837s] [34mcolcon.colcon_core.package_identification[0m [1;30mLevel 1[0m _identify(docs/Map) by extension 'cmake'
[0.837s] [34mcolcon.colcon_core.package_identification[0m [1;30mLevel 1[0m _identify(docs/Map) by extension 'python'
[0.837s] [34mcolcon.colcon_core.package_identification[0m [1;30mLevel 1[0m _identify(docs/Map) by extensions ['python_setup_py']
[0.837s] [34mcolcon.colcon_core.package_identification[0m [1;30mLevel 1[0m _identify(docs/Map) by extension 'python_setup_py'
[0.837s] [34mcolcon.colcon_core.package_identification[0m [1;30mLevel 1[0m _identify(docs/ROS2_Nav2) by extensions ['ignore', 'ignore_ament_install']
[0.837s] [34mcolcon.colcon_core.package_identification[0m [1;30mLevel 1[0m _identify(docs/ROS2_Nav2) by extension 'ignore'
[0.837s] [34mcolcon.colcon_core.package_identification[0m [1;30mLevel 1[0m _identify(docs/ROS2_Nav2) by extension 'ignore_ament_install'
[0.838s] [34mcolcon.colcon_core.package_identification[0m [1;30mLevel 1[0m _identify(docs/ROS2_Nav2) by extensions ['colcon_pkg']
[0.838s] [34mcolcon.colcon_core.package_identification[0m [1;30mLevel 1[0m _identify(docs/ROS2_Nav2) by extension 'colcon_pkg'
[0.838s] [34mcolcon.colcon_core.package_identification[0m [1;30mLevel 1[0m _identify(docs/ROS2_Nav2) by extensions ['colcon_meta']
[0.838s] [34mcolcon.colcon_core.package_identification[0m [1;30mLevel 1[0m _identify(docs/ROS2_Nav2) by extension 'colcon_meta'
[0.838s] [34mcolcon.colcon_core.package_identification[0m [1;30mLevel 1[0m _identify(docs/ROS2_Nav2) by extensions ['ros']
[0.838s] [34mcolcon.colcon_core.package_identification[0m [1;30mLevel 1[0m _identify(docs/ROS2_Nav2) by extension 'ros'
[0.838s] [34mcolcon.colcon_core.package_identification[0m [1;30mLevel 1[0m _identify(docs/ROS2_Nav2) by extensions ['cmake', 'python']
[0.838s] [34mcolcon.colcon_core.package_identification[0m [1;30mLevel 1[0m _identify(docs/ROS2_Nav2) by extension 'cmake'
[0.838s] [34mcolcon.colcon_core.package_identification[0m [1;30mLevel 1[0m _identify(docs/ROS2_Nav2) by extension 'python'
[0.838s] [34mcolcon.colcon_core.package_identification[0m [1;30mLevel 1[0m _identify(docs/ROS2_Nav2) by extensions ['python_setup_py']
[0.838s] [34mcolcon.colcon_core.package_identification[0m [1;30mLevel 1[0m _identify(docs/ROS2_Nav2) by extension 'python_setup_py'
[0.839s] [34mcolcon.colcon_core.package_identification[0m [1;30mLevel 1[0m _identify(docs/graph) by extensions ['ignore', 'ignore_ament_install']
[0.839s] [34mcolcon.colcon_core.package_identification[0m [1;30mLevel 1[0m _identify(docs/graph) by extension 'ignore'
[0.839s] [34mcolcon.colcon_core.package_identification[0m [1;30mLevel 1[0m _identify(docs/graph) by extension 'ignore_ament_install'
[0.839s] [34mcolcon.colcon_core.package_identification[0m [1;30mLevel 1[0m _identify(docs/graph) by extensions ['colcon_pkg']
[0.839s] [34mcolcon.colcon_core.package_identification[0m [1;30mLevel 1[0m _identify(docs/graph) by extension 'colcon_pkg'
[0.839s] [34mcolcon.colcon_core.package_identification[0m [1;30mLevel 1[0m _identify(docs/graph) by extensions ['colcon_meta']
[0.839s] [34mcolcon.colcon_core.package_identification[0m [1;30mLevel 1[0m _identify(docs/graph) by extension 'colcon_meta'
[0.840s] [34mcolcon.colcon_core.package_identification[0m [1;30mLevel 1[0m _identify(docs/graph) by extensions ['ros']
[0.840s] [34mcolcon.colcon_core.package_identification[0m [1;30mLevel 1[0m _identify(docs/graph) by extension 'ros'
[0.840s] [34mcolcon.colcon_core.package_identification[0m [1;30mLevel 1[0m _identify(docs/graph) by extensions ['cmake', 'python']
[0.840s] [34mcolcon.colcon_core.package_identification[0m [1;30mLevel 1[0m _identify(docs/graph) by extension 'cmake'
[0.840s] [34mcolcon.colcon_core.package_identification[0m [1;30mLevel 1[0m _identify(docs/graph) by extension 'python'
[0.840s] [34mcolcon.colcon_core.package_identification[0m [1;30mLevel 1[0m _identify(docs/graph) by extensions ['python_setup_py']
[0.840s] [34mcolcon.colcon_core.package_identification[0m [1;30mLevel 1[0m _identify(docs/graph) by extension 'python_setup_py'
[0.840s] [34mcolcon.colcon_core.package_identification[0m [1;30mLevel 1[0m _identify(install) by extensions ['ignore', 'ignore_ament_install']
[0.841s] [34mcolcon.colcon_core.package_identification[0m [1;30mLevel 1[0m _identify(install) by extension 'ignore'
[0.841s] [34mcolcon.colcon_core.package_identification[0m [1;30mLevel 1[0m _identify(install) ignored
[0.841s] [34mcolcon.colcon_core.package_identification[0m [1;30mLevel 1[0m _identify(log) by extensions ['ignore', 'ignore_ament_install']
[0.841s] [34mcolcon.colcon_core.package_identification[0m [1;30mLevel 1[0m _identify(log) by extension 'ignore'
[0.841s] [34mcolcon.colcon_core.package_identification[0m [1;30mLevel 1[0m _identify(log) ignored
[0.841s] [34mcolcon.colcon_core.package_identification[0m [1;30mLevel 1[0m _identify(src) by extensions ['ignore', 'ignore_ament_install']
[0.841s] [34mcolcon.colcon_core.package_identification[0m [1;30mLevel 1[0m _identify(src) by extension 'ignore'
[0.842s] [34mcolcon.colcon_core.package_identification[0m [1;30mLevel 1[0m _identify(src) by extension 'ignore_ament_install'
[0.842s] [34mcolcon.colcon_core.package_identification[0m [1;30mLevel 1[0m _identify(src) by extensions ['colcon_pkg']
[0.842s] [34mcolcon.colcon_core.package_identification[0m [1;30mLevel 1[0m _identify(src) by extension 'colcon_pkg'
[0.842s] [34mcolcon.colcon_core.package_identification[0m [1;30mLevel 1[0m _identify(src) by extensions ['colcon_meta']
[0.842s] [34mcolcon.colcon_core.package_identification[0m [1;30mLevel 1[0m _identify(src) by extension 'colcon_meta'
[0.842s] [34mcolcon.colcon_core.package_identification[0m [1;30mLevel 1[0m _identify(src) by extensions ['ros']
[0.842s] [34mcolcon.colcon_core.package_identification[0m [1;30mLevel 1[0m _identify(src) by extension 'ros'
[0.842s] [34mcolcon.colcon_core.package_identification[0m [1;30mLevel 1[0m _identify(src) by extensions ['cmake', 'python']
[0.842s] [34mcolcon.colcon_core.package_identification[0m [1;30mLevel 1[0m _identify(src) by extension 'cmake'
[0.842s] [34mcolcon.colcon_core.package_identification[0m [1;30mLevel 1[0m _identify(src) by extension 'python'
[0.843s] [34mcolcon.colcon_core.package_identification[0m [1;30mLevel 1[0m _identify(src) by extensions ['python_setup_py']
[0.843s] [34mcolcon.colcon_core.package_identification[0m [1;30mLevel 1[0m _identify(src) by extension 'python_setup_py'
[0.843s] [34mcolcon.colcon_core.package_identification[0m [1;30mLevel 1[0m _identify(src/food_del_robot) by extensions ['ignore', 'ignore_ament_install']
[0.843s] [34mcolcon.colcon_core.package_identification[0m [1;30mLevel 1[0m _identify(src/food_del_robot) by extension 'ignore'
[0.843s] [34mcolcon.colcon_core.package_identification[0m [1;30mLevel 1[0m _identify(src/food_del_robot) by extension 'ignore_ament_install'
[0.843s] [34mcolcon.colcon_core.package_identification[0m [1;30mLevel 1[0m _identify(src/food_del_robot) by extensions ['colcon_pkg']
[0.843s] [34mcolcon.colcon_core.package_identification[0m [1;30mLevel 1[0m _identify(src/food_del_robot) by extension 'colcon_pkg'
[0.843s] [34mcolcon.colcon_core.package_identification[0m [1;30mLevel 1[0m _identify(src/food_del_robot) by extensions ['colcon_meta']
[0.843s] [34mcolcon.colcon_core.package_identification[0m [1;30mLevel 1[0m _identify(src/food_del_robot) by extension 'colcon_meta'
[0.844s] [34mcolcon.colcon_core.package_identification[0m [1;30mLevel 1[0m _identify(src/food_del_robot) by extensions ['ros']
[0.844s] [34mcolcon.colcon_core.package_identification[0m [1;30mLevel 1[0m _identify(src/food_del_robot) by extension 'ros'
[0.850s] [34mcolcon.colcon_core.package_identification[0m [1;30mDEBUG[0m [32mPackage 'src/food_del_robot' with type 'ros.ament_cmake' and name 'food_del_robot'[0m
[0.850s] [34mcolcon.colcon_core.package_identification[0m [1;30mLevel 1[0m _identify(src/food_del_robot_description) by extensions ['ignore', 'ignore_ament_install']
[0.851s] [34mcolcon.colcon_core.package_identification[0m [1;30mLevel 1[0m _identify(src/food_del_robot_description) by extension 'ignore'
[0.851s] [34mcolcon.colcon_core.package_identification[0m [1;30mLevel 1[0m _identify(src/food_del_robot_description) by extension 'ignore_ament_install'
[0.851s] [34mcolcon.colcon_core.package_identification[0m [1;30mLevel 1[0m _identify(src/food_del_robot_description) by extensions ['colcon_pkg']
[0.851s] [34mcolcon.colcon_core.package_identification[0m [1;30mLevel 1[0m _identify(src/food_del_robot_description) by extension 'colcon_pkg'
[0.851s] [34mcolcon.colcon_core.package_identification[0m [1;30mLevel 1[0m _identify(src/food_del_robot_description) by extensions ['colcon_meta']
[0.851s] [34mcolcon.colcon_core.package_identification[0m [1;30mLevel 1[0m _identify(src/food_del_robot_description) by extension 'colcon_meta'
[0.851s] [34mcolcon.colcon_core.package_identification[0m [1;30mLevel 1[0m _identify(src/food_del_robot_description) by extensions ['ros']
[0.851s] [34mcolcon.colcon_core.package_identification[0m [1;30mLevel 1[0m _identify(src/food_del_robot_description) by extension 'ros'
[0.853s] [34mcolcon.colcon_core.package_identification[0m [1;30mDEBUG[0m [32mPackage 'src/food_del_robot_description' with type 'ros.ament_cmake' and name 'food_del_robot_description'[0m
[0.853s] [34mcolcon.colcon_core.package_identification[0m [1;30mLevel 1[0m _identify(src/robot_kinematic) by extensions ['ignore', 'ignore_ament_install']
[0.853s] [34mcolcon.colcon_core.package_identification[0m [1;30mLevel 1[0m _identify(src/robot_kinematic) by extension 'ignore'
[0.854s] [34mcolcon.colcon_core.package_identification[0m [1;30mLevel 1[0m _identify(src/robot_kinematic) ignored
[0.854s] [34mcolcon.colcon_core.package_identification[0m [1;30mLevel 1[0m _identify(src/rplidar_ros-ros2) by extensions ['ignore', 'ignore_ament_install']
[0.854s] [34mcolcon.colcon_core.package_identification[0m [1;30mLevel 1[0m _identify(src/rplidar_ros-ros2) by extension 'ignore'
[0.854s] [34mcolcon.colcon_core.package_identification[0m [1;30mLevel 1[0m _identify(src/rplidar_ros-ros2) by extension 'ignore_ament_install'
[0.854s] [34mcolcon.colcon_core.package_identification[0m [1;30mLevel 1[0m _identify(src/rplidar_ros-ros2) by extensions ['colcon_pkg']
[0.854s] [34mcolcon.colcon_core.package_identification[0m [1;30mLevel 1[0m _identify(src/rplidar_ros-ros2) by extension 'colcon_pkg'
[0.854s] [34mcolcon.colcon_core.package_identification[0m [1;30mLevel 1[0m _identify(src/rplidar_ros-ros2) by extensions ['colcon_meta']
[0.854s] [34mcolcon.colcon_core.package_identification[0m [1;30mLevel 1[0m _identify(src/rplidar_ros-ros2) by extension 'colcon_meta'
[0.855s] [34mcolcon.colcon_core.package_identification[0m [1;30mLevel 1[0m _identify(src/rplidar_ros-ros2) by extensions ['ros']
[0.855s] [34mcolcon.colcon_core.package_identification[0m [1;30mLevel 1[0m _identify(src/rplidar_ros-ros2) by extension 'ros'
[0.856s] [34mcolcon.colcon_core.package_identification[0m [1;30mDEBUG[0m [32mPackage 'src/rplidar_ros-ros2' with type 'ros.ament_cmake' and name 'rplidar_ros'[0m
[0.856s] [34mcolcon.colcon_core.package_identification[0m [1;30mLevel 1[0m _identify(src/yahboom_imu_10_axis) by extensions ['ignore', 'ignore_ament_install']
[0.857s] [34mcolcon.colcon_core.package_identification[0m [1;30mLevel 1[0m _identify(src/yahboom_imu_10_axis) by extension 'ignore'
[0.857s] [34mcolcon.colcon_core.package_identification[0m [1;30mLevel 1[0m _identify(src/yahboom_imu_10_axis) by extension 'ignore_ament_install'
[0.857s] [34mcolcon.colcon_core.package_identification[0m [1;30mLevel 1[0m _identify(src/yahboom_imu_10_axis) by extensions ['colcon_pkg']
[0.857s] [34mcolcon.colcon_core.package_identification[0m [1;30mLevel 1[0m _identify(src/yahboom_imu_10_axis) by extension 'colcon_pkg'
[0.857s] [34mcolcon.colcon_core.package_identification[0m [1;30mLevel 1[0m _identify(src/yahboom_imu_10_axis) by extensions ['colcon_meta']
[0.857s] [34mcolcon.colcon_core.package_identification[0m [1;30mLevel 1[0m _identify(src/yahboom_imu_10_axis) by extension 'colcon_meta'
[0.857s] [34mcolcon.colcon_core.package_identification[0m [1;30mLevel 1[0m _identify(src/yahboom_imu_10_axis) by extensions ['ros']
[0.857s] [34mcolcon.colcon_core.package_identification[0m [1;30mLevel 1[0m _identify(src/yahboom_imu_10_axis) by extension 'ros'
[0.859s] [34mcolcon.colcon_core.package_identification[0m [1;30mDEBUG[0m [32mPackage 'src/yahboom_imu_10_axis' with type 'ros.ament_cmake' and name 'yahboom_imu_10_axis'[0m
[0.859s] [34mcolcon.colcon_core.package_identification[0m [1;30mLevel 1[0m _identify(src/zlac8015d_driver) by extensions ['ignore', 'ignore_ament_install']
[0.859s] [34mcolcon.colcon_core.package_identification[0m [1;30mLevel 1[0m _identify(src/zlac8015d_driver) by extension 'ignore'
[0.859s] [34mcolcon.colcon_core.package_identification[0m [1;30mLevel 1[0m _identify(src/zlac8015d_driver) by extension 'ignore_ament_install'
[0.859s] [34mcolcon.colcon_core.package_identification[0m [1;30mLevel 1[0m _identify(src/zlac8015d_driver) by extensions ['colcon_pkg']
[0.860s] [34mcolcon.colcon_core.package_identification[0m [1;30mLevel 1[0m _identify(src/zlac8015d_driver) by extension 'colcon_pkg'
[0.860s] [34mcolcon.colcon_core.package_identification[0m [1;30mLevel 1[0m _identify(src/zlac8015d_driver) by extensions ['colcon_meta']
[0.860s] [34mcolcon.colcon_core.package_identification[0m [1;30mLevel 1[0m _identify(src/zlac8015d_driver) by extension 'colcon_meta'
[0.860s] [34mcolcon.colcon_core.package_identification[0m [1;30mLevel 1[0m _identify(src/zlac8015d_driver) by extensions ['ros']
[0.860s] [34mcolcon.colcon_core.package_identification[0m [1;30mLevel 1[0m _identify(src/zlac8015d_driver) by extension 'ros'
[0.861s] [34mcolcon.colcon_core.package_identification[0m [1;30mDEBUG[0m [32mPackage 'src/zlac8015d_driver' with type 'ros.ament_cmake' and name 'zlac8015d_driver'[0m
[0.862s] [34mcolcon.colcon_core.package_discovery[0m [1;30mLevel 1[0m discover_packages(recursive) using defaults
[0.862s] [34mcolcon.colcon_core.package_discovery[0m [1;30mLevel 1[0m discover_packages(ignore) discover
[0.862s] [34mcolcon.colcon_core.package_discovery[0m [1;30mLevel 1[0m discover_packages(ignore) using defaults
[0.862s] [34mcolcon.colcon_core.package_discovery[0m [1;30mLevel 1[0m discover_packages(path) discover
[0.862s] [34mcolcon.colcon_core.package_discovery[0m [1;30mLevel 1[0m discover_packages(path) using defaults
[0.899s] [34mcolcon.colcon_core.package_discovery[0m [1;30mLevel 1[0m discover_packages(prefix_path) check parameters
[0.899s] [34mcolcon.colcon_core.package_discovery[0m [1;30mLevel 1[0m discover_packages(prefix_path) discover
[0.905s] [34mcolcon.colcon_installed_package_information.package_discovery[0m [1;30mDEBUG[0m [32mFound 5 installed packages in /home/panha/Food_Delivery_Robot/install[0m
[0.906s] [34mcolcon.colcon_installed_package_information.package_discovery[0m [1;30mDEBUG[0m [32mFound 1 installed packages in /home/panha/yolo_ws/install[0m
[0.907s] [34mcolcon.colcon_installed_package_information.package_discovery[0m [1;30mDEBUG[0m [32mFound 3 installed packages in /home/panha/ros2_ws/install[0m
[0.910s] [34mcolcon.colcon_installed_package_information.package_discovery[0m [1;30mDEBUG[0m [32mFound 363 installed packages in /opt/ros/humble[0m
[0.915s] [34mcolcon.colcon_core.package_discovery[0m [1;30mLevel 1[0m discover_packages(prefix_path) using defaults
[1.012s] [34mcolcon.colcon_core.verb[0m [1;30mLevel 5[0m set package 'food_del_robot' build argument 'cmake_args' from command line to 'None'
[1.013s] [34mcolcon.colcon_core.verb[0m [1;30mLevel 5[0m set package 'food_del_robot' build argument 'cmake_target' from command line to 'None'
[1.013s] [34mcolcon.colcon_core.verb[0m [1;30mLevel 5[0m set package 'food_del_robot' build argument 'cmake_target_skip_unavailable' from command line to 'False'
[1.013s] [34mcolcon.colcon_core.verb[0m [1;30mLevel 5[0m set package 'food_del_robot' build argument 'cmake_clean_cache' from command line to 'False'
[1.013s] [34mcolcon.colcon_core.verb[0m [1;30mLevel 5[0m set package 'food_del_robot' build argument 'cmake_clean_first' from command line to 'False'
[1.013s] [34mcolcon.colcon_core.verb[0m [1;30mLevel 5[0m set package 'food_del_robot' build argument 'cmake_force_configure' from command line to 'False'
[1.013s] [34mcolcon.colcon_core.verb[0m [1;30mLevel 5[0m set package 'food_del_robot' build argument 'ament_cmake_args' from command line to 'None'
[1.013s] [34mcolcon.colcon_core.verb[0m [1;30mLevel 5[0m set package 'food_del_robot' build argument 'catkin_cmake_args' from command line to 'None'
[1.013s] [34mcolcon.colcon_core.verb[0m [1;30mLevel 5[0m set package 'food_del_robot' build argument 'catkin_skip_building_tests' from command line to 'False'
[1.013s] [34mcolcon.colcon_core.verb[0m [1;30mDEBUG[0m [32mBuilding package 'food_del_robot' with the following arguments: {'ament_cmake_args': None, 'build_base': '/home/panha/Food_Delivery_Robot/build/food_del_robot', 'catkin_cmake_args': None, 'catkin_skip_building_tests': False, 'cmake_args': None, 'cmake_clean_cache': False, 'cmake_clean_first': False, 'cmake_force_configure': False, 'cmake_target': None, 'cmake_target_skip_unavailable': False, 'install_base': '/home/panha/Food_Delivery_Robot/install/food_del_robot', 'merge_install': False, 'path': '/home/panha/Food_Delivery_Robot/src/food_del_robot', 'symlink_install': False, 'test_result_base': None}[0m
[1.014s] [34mcolcon.colcon_core.verb[0m [1;30mLevel 5[0m set package 'rplidar_ros' build argument 'cmake_args' from command line to 'None'
[1.014s] [34mcolcon.colcon_core.verb[0m [1;30mLevel 5[0m set package 'rplidar_ros' build argument 'cmake_target' from command line to 'None'
[1.014s] [34mcolcon.colcon_core.verb[0m [1;30mLevel 5[0m set package 'rplidar_ros' build argument 'cmake_target_skip_unavailable' from command line to 'False'
[1.014s] [34mcolcon.colcon_core.verb[0m [1;30mLevel 5[0m set package 'rplidar_ros' build argument 'cmake_clean_cache' from command line to 'False'
[1.014s] [34mcolcon.colcon_core.verb[0m [1;30mLevel 5[0m set package 'rplidar_ros' build argument 'cmake_clean_first' from command line to 'False'
[1.014s] [34mcolcon.colcon_core.verb[0m [1;30mLevel 5[0m set package 'rplidar_ros' build argument 'cmake_force_configure' from command line to 'False'
[1.014s] [34mcolcon.colcon_core.verb[0m [1;30mLevel 5[0m set package 'rplidar_ros' build argument 'ament_cmake_args' from command line to 'None'
[1.014s] [34mcolcon.colcon_core.verb[0m [1;30mLevel 5[0m set package 'rplidar_ros' build argument 'catkin_cmake_args' from command line to 'None'
[1.014s] [34mcolcon.colcon_core.verb[0m [1;30mLevel 5[0m set package 'rplidar_ros' build argument 'catkin_skip_building_tests' from command line to 'False'
[1.014s] [34mcolcon.colcon_core.verb[0m [1;30mDEBUG[0m [32mBuilding package 'rplidar_ros' with the following arguments: {'ament_cmake_args': None, 'build_base': '/home/panha/Food_Delivery_Robot/build/rplidar_ros', 'catkin_cmake_args': None, 'catkin_skip_building_tests': False, 'cmake_args': None, 'cmake_clean_cache': False, 'cmake_clean_first': False, 'cmake_force_configure': False, 'cmake_target': None, 'cmake_target_skip_unavailable': False, 'install_base': '/home/panha/Food_Delivery_Robot/install/rplidar_ros', 'merge_install': False, 'path': '/home/panha/Food_Delivery_Robot/src/rplidar_ros-ros2', 'symlink_install': False, 'test_result_base': None}[0m
[1.015s] [34mcolcon.colcon_core.verb[0m [1;30mLevel 5[0m set package 'yahboom_imu_10_axis' build argument 'cmake_args' from command line to 'None'
[1.015s] [34mcolcon.colcon_core.verb[0m [1;30mLevel 5[0m set package 'yahboom_imu_10_axis' build argument 'cmake_target' from command line to 'None'
[1.015s] [34mcolcon.colcon_core.verb[0m [1;30mLevel 5[0m set package 'yahboom_imu_10_axis' build argument 'cmake_target_skip_unavailable' from command line to 'False'
[1.015s] [34mcolcon.colcon_core.verb[0m [1;30mLevel 5[0m set package 'yahboom_imu_10_axis' build argument 'cmake_clean_cache' from command line to 'False'
[1.015s] [34mcolcon.colcon_core.verb[0m [1;30mLevel 5[0m set package 'yahboom_imu_10_axis' build argument 'cmake_clean_first' from command line to 'False'
[1.015s] [34mcolcon.colcon_core.verb[0m [1;30mLevel 5[0m set package 'yahboom_imu_10_axis' build argument 'cmake_force_configure' from command line to 'False'
[1.015s] [34mcolcon.colcon_core.verb[0m [1;30mLevel 5[0m set package 'yahboom_imu_10_axis' build argument 'ament_cmake_args' from command line to 'None'
[1.015s] [34mcolcon.colcon_core.verb[0m [1;30mLevel 5[0m set package 'yahboom_imu_10_axis' build argument 'catkin_cmake_args' from command line to 'None'
[1.015s] [34mcolcon.colcon_core.verb[0m [1;30mLevel 5[0m set package 'yahboom_imu_10_axis' build argument 'catkin_skip_building_tests' from command line to 'False'
[1.016s] [34mcolcon.colcon_core.verb[0m [1;30mDEBUG[0m [32mBuilding package 'yahboom_imu_10_axis' with the following arguments: {'ament_cmake_args': None, 'build_base': '/home/panha/Food_Delivery_Robot/build/yahboom_imu_10_axis', 'catkin_cmake_args': None, 'catkin_skip_building_tests': False, 'cmake_args': None, 'cmake_clean_cache': False, 'cmake_clean_first': False, 'cmake_force_configure': False, 'cmake_target': None, 'cmake_target_skip_unavailable': False, 'install_base': '/home/panha/Food_Delivery_Robot/install/yahboom_imu_10_axis', 'merge_install': False, 'path': '/home/panha/Food_Delivery_Robot/src/yahboom_imu_10_axis', 'symlink_install': False, 'test_result_base': None}[0m
[1.016s] [34mcolcon.colcon_core.verb[0m [1;30mLevel 5[0m set package 'zlac8015d_driver' build argument 'cmake_args' from command line to 'None'
[1.016s] [34mcolcon.colcon_core.verb[0m [1;30mLevel 5[0m set package 'zlac8015d_driver' build argument 'cmake_target' from command line to 'None'
[1.016s] [34mcolcon.colcon_core.verb[0m [1;30mLevel 5[0m set package 'zlac8015d_driver' build argument 'cmake_target_skip_unavailable' from command line to 'False'
[1.016s] [34mcolcon.colcon_core.verb[0m [1;30mLevel 5[0m set package 'zlac8015d_driver' build argument 'cmake_clean_cache' from command line to 'False'
[1.016s] [34mcolcon.colcon_core.verb[0m [1;30mLevel 5[0m set package 'zlac8015d_driver' build argument 'cmake_clean_first' from command line to 'False'
[1.017s] [34mcolcon.colcon_core.verb[0m [1;30mLevel 5[0m set package 'zlac8015d_driver' build argument 'cmake_force_configure' from command line to 'False'
[1.017s] [34mcolcon.colcon_core.verb[0m [1;30mLevel 5[0m set package 'zlac8015d_driver' build argument 'ament_cmake_args' from command line to 'None'
[1.017s] [34mcolcon.colcon_core.verb[0m [1;30mLevel 5[0m set package 'zlac8015d_driver' build argument 'catkin_cmake_args' from command line to 'None'
[1.017s] [34mcolcon.colcon_core.verb[0m [1;30mLevel 5[0m set package 'zlac8015d_driver' build argument 'catkin_skip_building_tests' from command line to 'False'
[1.017s] [34mcolcon.colcon_core.verb[0m [1;30mDEBUG[0m [32mBuilding package 'zlac8015d_driver' with the following arguments: {'ament_cmake_args': None, 'build_base': '/home/panha/Food_Delivery_Robot/build/zlac8015d_driver', 'catkin_cmake_args': None, 'catkin_skip_building_tests': False, 'cmake_args': None, 'cmake_clean_cache': False, 'cmake_clean_first': False, 'cmake_force_configure': False, 'cmake_target': None, 'cmake_target_skip_unavailable': False, 'install_base': '/home/panha/Food_Delivery_Robot/install/zlac8015d_driver', 'merge_install': False, 'path': '/home/panha/Food_Delivery_Robot/src/zlac8015d_driver', 'symlink_install': False, 'test_result_base': None}[0m
[1.017s] [34mcolcon.colcon_core.verb[0m [1;30mLevel 5[0m set package 'food_del_robot_description' build argument 'cmake_args' from command line to 'None'
[1.017s] [34mcolcon.colcon_core.verb[0m [1;30mLevel 5[0m set package 'food_del_robot_description' build argument 'cmake_target' from command line to 'None'
[1.018s] [34mcolcon.colcon_core.verb[0m [1;30mLevel 5[0m set package 'food_del_robot_description' build argument 'cmake_target_skip_unavailable' from command line to 'False'
[1.018s] [34mcolcon.colcon_core.verb[0m [1;30mLevel 5[0m set package 'food_del_robot_description' build argument 'cmake_clean_cache' from command line to 'False'
[1.018s] [34mcolcon.colcon_core.verb[0m [1;30mLevel 5[0m set package 'food_del_robot_description' build argument 'cmake_clean_first' from command line to 'False'
[1.018s] [34mcolcon.colcon_core.verb[0m [1;30mLevel 5[0m set package 'food_del_robot_description' build argument 'cmake_force_configure' from command line to 'False'
[1.018s] [34mcolcon.colcon_core.verb[0m [1;30mLevel 5[0m set package 'food_del_robot_description' build argument 'ament_cmake_args' from command line to 'None'
[1.018s] [34mcolcon.colcon_core.verb[0m [1;30mLevel 5[0m set package 'food_del_robot_description' build argument 'catkin_cmake_args' from command line to 'None'
[1.018s] [34mcolcon.colcon_core.verb[0m [1;30mLevel 5[0m set package 'food_del_robot_description' build argument 'catkin_skip_building_tests' from command line to 'False'
[1.018s] [34mcolcon.colcon_core.verb[0m [1;30mDEBUG[0m [32mBuilding package 'food_del_robot_description' with the following arguments: {'ament_cmake_args': None, 'build_base': '/home/panha/Food_Delivery_Robot/build/food_del_robot_description', 'catkin_cmake_args': None, 'catkin_skip_building_tests': False, 'cmake_args': None, 'cmake_clean_cache': False, 'cmake_clean_first': False, 'cmake_force_configure': False, 'cmake_target': None, 'cmake_target_skip_unavailable': False, 'install_base': '/home/panha/Food_Delivery_Robot/install/food_del_robot_description', 'merge_install': False, 'path': '/home/panha/Food_Delivery_Robot/src/food_del_robot_description', 'symlink_install': False, 'test_result_base': None}[0m
[1.018s] [34mcolcon.colcon_core.executor[0m [1;30mINFO[0m Executing jobs using 'parallel' executor
[1.020s] [34mcolcon.colcon_parallel_executor.executor.parallel[0m [1;30mDEBUG[0m [32mrun_until_complete[0m
[1.021s] [34mcolcon.colcon_ros.task.ament_cmake.build[0m [1;30mINFO[0m Building ROS package in '/home/panha/Food_Delivery_Robot/src/zlac8015d_driver' with build type 'ament_cmake'
[1.022s] [34mcolcon.colcon_cmake.task.cmake.build[0m [1;30mINFO[0m Building CMake package in '/home/panha/Food_Delivery_Robot/src/zlac8015d_driver'
[1.029s] [34mcolcon.colcon_core.plugin_system[0m [1;30mINFO[0m Skipping extension 'colcon_core.shell.bat': Not used on non-Windows systems
[1.029s] [34mcolcon.colcon_core.shell[0m [1;30mINFO[0m Skip shell extension 'powershell' for command environment: Not usable outside of PowerShell
[1.029s] [34mcolcon.colcon_core.shell[0m [1;30mDEBUG[0m [32mSkip shell extension 'dsv' for command environment[0m
[1.039s] [34mcolcon.colcon_ros.task.ament_cmake.build[0m [1;30mINFO[0m Building ROS package in '/home/panha/Food_Delivery_Robot/src/food_del_robot' with build type 'ament_cmake'
[1.039s] [34mcolcon.colcon_cmake.task.cmake.build[0m [1;30mINFO[0m Building CMake package in '/home/panha/Food_Delivery_Robot/src/food_del_robot'
[1.040s] [34mcolcon.colcon_core.shell[0m [1;30mINFO[0m Skip shell extension 'powershell' for command environment: Not usable outside of PowerShell
[1.040s] [34mcolcon.colcon_core.shell[0m [1;30mDEBUG[0m [32mSkip shell extension 'dsv' for command environment[0m
[1.049s] [34mcolcon.colcon_ros.task.ament_cmake.build[0m [1;30mINFO[0m Building ROS package in '/home/panha/Food_Delivery_Robot/src/rplidar_ros-ros2' with build type 'ament_cmake'
[1.049s] [34mcolcon.colcon_cmake.task.cmake.build[0m [1;30mINFO[0m Building CMake package in '/home/panha/Food_Delivery_Robot/src/rplidar_ros-ros2'
[1.050s] [34mcolcon.colcon_core.shell[0m [1;30mINFO[0m Skip shell extension 'powershell' for command environment: Not usable outside of PowerShell
[1.050s] [34mcolcon.colcon_core.shell[0m [1;30mDEBUG[0m [32mSkip shell extension 'dsv' for command environment[0m
[1.059s] [34mcolcon.colcon_ros.task.ament_cmake.build[0m [1;30mINFO[0m Building ROS package in '/home/panha/Food_Delivery_Robot/src/yahboom_imu_10_axis' with build type 'ament_cmake'
[1.059s] [34mcolcon.colcon_cmake.task.cmake.build[0m [1;30mINFO[0m Building CMake package in '/home/panha/Food_Delivery_Robot/src/yahboom_imu_10_axis'
[1.059s] [34mcolcon.colcon_core.shell[0m [1;30mINFO[0m Skip shell extension 'powershell' for command environment: Not usable outside of PowerShell
[1.060s] [34mcolcon.colcon_core.shell[0m [1;30mDEBUG[0m [32mSkip shell extension 'dsv' for command environment[0m
[1.077s] [34mcolcon.colcon_core.event_handler.log_command[0m [1;30mDEBUG[0m [32mInvoking command in '/home/panha/Food_Delivery_Robot/build/zlac8015d_driver': CMAKE_PREFIX_PATH=${CMAKE_PREFIX_PATH}:/home/panha/yolo_ws/install/depth_test:/opt/ros/humble /usr/bin/cmake --build /home/panha/Food_Delivery_Robot/build/zlac8015d_driver -- -j6 -l6[0m
[1.085s] [34mcolcon.colcon_core.event_handler.log_command[0m [1;30mDEBUG[0m [32mInvoking command in '/home/panha/Food_Delivery_Robot/build/food_del_robot': CMAKE_PREFIX_PATH=${CMAKE_PREFIX_PATH}:/home/panha/yolo_ws/install/depth_test:/opt/ros/humble /usr/bin/cmake --build /home/panha/Food_Delivery_Robot/build/food_del_robot -- -j6 -l6[0m
[1.090s] [34mcolcon.colcon_core.event_handler.log_command[0m [1;30mDEBUG[0m [32mInvoking command in '/home/panha/Food_Delivery_Robot/build/rplidar_ros': CMAKE_PREFIX_PATH=${CMAKE_PREFIX_PATH}:/home/panha/yolo_ws/install/depth_test:/opt/ros/humble /usr/bin/cmake --build /home/panha/Food_Delivery_Robot/build/rplidar_ros -- -j6 -l6[0m
[1.098s] [34mcolcon.colcon_core.event_handler.log_command[0m [1;30mDEBUG[0m [32mInvoking command in '/home/panha/Food_Delivery_Robot/build/yahboom_imu_10_axis': CMAKE_PREFIX_PATH=${CMAKE_PREFIX_PATH}:/home/panha/yolo_ws/install/depth_test:/opt/ros/humble /usr/bin/cmake --build /home/panha/Food_Delivery_Robot/build/yahboom_imu_10_axis -- -j6 -l6[0m
[1.369s] [34mcolcon.colcon_core.event_handler.log_command[0m [1;30mDEBUG[0m [32mInvoked command in '/home/panha/Food_Delivery_Robot/build/rplidar_ros' returned '0': CMAKE_PREFIX_PATH=${CMAKE_PREFIX_PATH}:/home/panha/yolo_ws/install/depth_test:/opt/ros/humble /usr/bin/cmake --build /home/panha/Food_Delivery_Robot/build/rplidar_ros -- -j6 -l6[0m
[1.395s] [34mcolcon.colcon_core.event_handler.log_command[0m [1;30mDEBUG[0m [32mInvoking command in '/home/panha/Food_Delivery_Robot/build/rplidar_ros': CMAKE_PREFIX_PATH=${CMAKE_PREFIX_PATH}:/home/panha/yolo_ws/install/depth_test:/opt/ros/humble /usr/bin/cmake --install /home/panha/Food_Delivery_Robot/build/rplidar_ros[0m
[1.404s] [34mcolcon.colcon_core.event_handler.log_command[0m [1;30mDEBUG[0m [32mInvoked command in '/home/panha/Food_Delivery_Robot/build/yahboom_imu_10_axis' returned '0': CMAKE_PREFIX_PATH=${CMAKE_PREFIX_PATH}:/home/panha/yolo_ws/install/depth_test:/opt/ros/humble /usr/bin/cmake --build /home/panha/Food_Delivery_Robot/build/yahboom_imu_10_axis -- -j6 -l6[0m
[1.411s] [34mcolcon.colcon_core.event_handler.log_command[0m [1;30mDEBUG[0m [32mInvoking command in '/home/panha/Food_Delivery_Robot/build/yahboom_imu_10_axis': CMAKE_PREFIX_PATH=${CMAKE_PREFIX_PATH}:/home/panha/yolo_ws/install/depth_test:/opt/ros/humble /usr/bin/cmake --install /home/panha/Food_Delivery_Robot/build/yahboom_imu_10_axis[0m
[1.432s] [34mcolcon.colcon_core.environment[0m [1;30mLevel 1[0m create_environment_scripts_only(rplidar_ros)
[1.435s] [34mcolcon.colcon_core.event_handler.log_command[0m [1;30mDEBUG[0m [32mInvoked command in '/home/panha/Food_Delivery_Robot/build/rplidar_ros' returned '0': CMAKE_PREFIX_PATH=${CMAKE_PREFIX_PATH}:/home/panha/yolo_ws/install/depth_test:/opt/ros/humble /usr/bin/cmake --install /home/panha/Food_Delivery_Robot/build/rplidar_ros[0m
[1.443s] [34mcolcon.colcon_core.environment[0m [1;30mLevel 1[0m checking '/home/panha/Food_Delivery_Robot/install/rplidar_ros' for CMake module files
[1.445s] [34mcolcon.colcon_core.environment[0m [1;30mLevel 1[0m checking '/home/panha/Food_Delivery_Robot/install/rplidar_ros' for CMake config files
[1.446s] [34mcolcon.colcon_core.shell[0m [1;30mLevel 1[0m create_environment_hook('rplidar_ros', 'cmake_prefix_path')
[1.446s] [34mcolcon.colcon_core.shell[0m [1;30mINFO[0m Creating environment hook '/home/panha/Food_Delivery_Robot/install/rplidar_ros/share/rplidar_ros/hook/cmake_prefix_path.ps1'
[1.448s] [34mcolcon.colcon_core.shell[0m [1;30mINFO[0m Creating environment descriptor '/home/panha/Food_Delivery_Robot/install/rplidar_ros/share/rplidar_ros/hook/cmake_prefix_path.dsv'
[1.449s] [34mcolcon.colcon_core.shell[0m [1;30mINFO[0m Creating environment hook '/home/panha/Food_Delivery_Robot/install/rplidar_ros/share/rplidar_ros/hook/cmake_prefix_path.sh'
[1.451s] [34mcolcon.colcon_core.environment[0m [1;30mLevel 1[0m checking '/home/panha/Food_Delivery_Robot/install/rplidar_ros/lib'
[1.452s] [34mcolcon.colcon_core.environment[0m [1;30mLevel 1[0m checking '/home/panha/Food_Delivery_Robot/install/rplidar_ros/bin'
[1.452s] [34mcolcon.colcon_core.environment[0m [1;30mLevel 1[0m checking '/home/panha/Food_Delivery_Robot/install/rplidar_ros/lib/pkgconfig/rplidar_ros.pc'
[1.453s] [34mcolcon.colcon_core.environment[0m [1;30mLevel 1[0m checking '/home/panha/Food_Delivery_Robot/install/rplidar_ros/lib/python3.10/site-packages'
[1.454s] [34mcolcon.colcon_core.environment[0m [1;30mLevel 1[0m checking '/home/panha/Food_Delivery_Robot/install/rplidar_ros/bin'
[1.455s] [34mcolcon.colcon_core.shell[0m [1;30mINFO[0m Creating package script '/home/panha/Food_Delivery_Robot/install/rplidar_ros/share/rplidar_ros/package.ps1'
[1.457s] [34mcolcon.colcon_core.shell[0m [1;30mINFO[0m Creating package descriptor '/home/panha/Food_Delivery_Robot/install/rplidar_ros/share/rplidar_ros/package.dsv'
[1.458s] [34mcolcon.colcon_core.shell[0m [1;30mINFO[0m Creating package script '/home/panha/Food_Delivery_Robot/install/rplidar_ros/share/rplidar_ros/package.sh'
[1.460s] [34mcolcon.colcon_core.shell[0m [1;30mINFO[0m Creating package script '/home/panha/Food_Delivery_Robot/install/rplidar_ros/share/rplidar_ros/package.bash'
[1.462s] [34mcolcon.colcon_core.shell[0m [1;30mINFO[0m Creating package script '/home/panha/Food_Delivery_Robot/install/rplidar_ros/share/rplidar_ros/package.zsh'
[1.463s] [34mcolcon.colcon_core.environment[0m [1;30mLevel 1[0m create_file_with_runtime_dependencies(/home/panha/Food_Delivery_Robot/install/rplidar_ros/share/colcon-core/packages/rplidar_ros)
[1.465s] [34mcolcon.colcon_core.environment[0m [1;30mLevel 1[0m create_environment_scripts_only(rplidar_ros)
[1.465s] [34mcolcon.colcon_core.environment[0m [1;30mLevel 1[0m checking '/home/panha/Food_Delivery_Robot/install/rplidar_ros' for CMake module files
[1.466s] [34mcolcon.colcon_core.environment[0m [1;30mLevel 1[0m checking '/home/panha/Food_Delivery_Robot/install/rplidar_ros' for CMake config files
[1.467s] [34mcolcon.colcon_core.shell[0m [1;30mLevel 1[0m create_environment_hook('rplidar_ros', 'cmake_prefix_path')
[1.467s] [34mcolcon.colcon_core.shell[0m [1;30mINFO[0m Creating environment hook '/home/panha/Food_Delivery_Robot/install/rplidar_ros/share/rplidar_ros/hook/cmake_prefix_path.ps1'
[1.468s] [34mcolcon.colcon_core.shell[0m [1;30mINFO[0m Creating environment descriptor '/home/panha/Food_Delivery_Robot/install/rplidar_ros/share/rplidar_ros/hook/cmake_prefix_path.dsv'
[1.469s] [34mcolcon.colcon_core.shell[0m [1;30mINFO[0m Creating environment hook '/home/panha/Food_Delivery_Robot/install/rplidar_ros/share/rplidar_ros/hook/cmake_prefix_path.sh'
[1.470s] [34mcolcon.colcon_core.environment[0m [1;30mLevel 1[0m checking '/home/panha/Food_Delivery_Robot/install/rplidar_ros/lib'
[1.470s] [34mcolcon.colcon_core.environment[0m [1;30mLevel 1[0m checking '/home/panha/Food_Delivery_Robot/install/rplidar_ros/bin'
[1.471s] [34mcolcon.colcon_core.environment[0m [1;30mLevel 1[0m checking '/home/panha/Food_Delivery_Robot/install/rplidar_ros/lib/pkgconfig/rplidar_ros.pc'
[1.471s] [34mcolcon.colcon_core.environment[0m [1;30mLevel 1[0m checking '/home/panha/Food_Delivery_Robot/install/rplidar_ros/lib/python3.10/site-packages'
[1.472s] [34mcolcon.colcon_core.environment[0m [1;30mLevel 1[0m checking '/home/panha/Food_Delivery_Robot/install/rplidar_ros/bin'
[1.472s] [34mcolcon.colcon_core.shell[0m [1;30mINFO[0m Creating package script '/home/panha/Food_Delivery_Robot/install/rplidar_ros/share/rplidar_ros/package.ps1'
[1.473s] [34mcolcon.colcon_core.shell[0m [1;30mINFO[0m Creating package descriptor '/home/panha/Food_Delivery_Robot/install/rplidar_ros/share/rplidar_ros/package.dsv'
[1.475s] [34mcolcon.colcon_core.shell[0m [1;30mINFO[0m Creating package script '/home/panha/Food_Delivery_Robot/install/rplidar_ros/share/rplidar_ros/package.sh'
[1.476s] [34mcolcon.colcon_core.shell[0m [1;30mINFO[0m Creating package script '/home/panha/Food_Delivery_Robot/install/rplidar_ros/share/rplidar_ros/package.bash'
[1.477s] [34mcolcon.colcon_core.shell[0m [1;30mINFO[0m Creating package script '/home/panha/Food_Delivery_Robot/install/rplidar_ros/share/rplidar_ros/package.zsh'
[1.478s] [34mcolcon.colcon_core.environment[0m [1;30mLevel 1[0m create_file_with_runtime_dependencies(/home/panha/Food_Delivery_Robot/install/rplidar_ros/share/colcon-core/packages/rplidar_ros)
[1.482s] [34mcolcon.colcon_core.environment[0m [1;30mLevel 1[0m create_environment_scripts_only(yahboom_imu_10_axis)
[1.483s] [34mcolcon.colcon_core.environment[0m [1;30mLevel 1[0m checking '/home/panha/Food_Delivery_Robot/install/yahboom_imu_10_axis' for CMake module files
[1.484s] [34mcolcon.colcon_core.event_handler.log_command[0m [1;30mDEBUG[0m [32mInvoked command in '/home/panha/Food_Delivery_Robot/build/yahboom_imu_10_axis' returned '0': CMAKE_PREFIX_PATH=${CMAKE_PREFIX_PATH}:/home/panha/yolo_ws/install/depth_test:/opt/ros/humble /usr/bin/cmake --install /home/panha/Food_Delivery_Robot/build/yahboom_imu_10_axis[0m
[1.485s] [34mcolcon.colcon_core.environment[0m [1;30mLevel 1[0m checking '/home/panha/Food_Delivery_Robot/install/yahboom_imu_10_axis' for CMake config files
[1.486s] [34mcolcon.colcon_core.shell[0m [1;30mLevel 1[0m create_environment_hook('yahboom_imu_10_axis', 'cmake_prefix_path')
[1.486s] [34mcolcon.colcon_core.shell[0m [1;30mINFO[0m Creating environment hook '/home/panha/Food_Delivery_Robot/install/yahboom_imu_10_axis/share/yahboom_imu_10_axis/hook/cmake_prefix_path.ps1'
[1.487s] [34mcolcon.colcon_core.shell[0m [1;30mINFO[0m Creating environment descriptor '/home/panha/Food_Delivery_Robot/install/yahboom_imu_10_axis/share/yahboom_imu_10_axis/hook/cmake_prefix_path.dsv'
[1.489s] [34mcolcon.colcon_core.shell[0m [1;30mINFO[0m Creating environment hook '/home/panha/Food_Delivery_Robot/install/yahboom_imu_10_axis/share/yahboom_imu_10_axis/hook/cmake_prefix_path.sh'
[1.490s] [34mcolcon.colcon_core.environment[0m [1;30mLevel 1[0m checking '/home/panha/Food_Delivery_Robot/install/yahboom_imu_10_axis/lib'
[1.490s] [34mcolcon.colcon_core.environment[0m [1;30mLevel 1[0m checking '/home/panha/Food_Delivery_Robot/install/yahboom_imu_10_axis/bin'
[1.490s] [34mcolcon.colcon_core.environment[0m [1;30mLevel 1[0m checking '/home/panha/Food_Delivery_Robot/install/yahboom_imu_10_axis/lib/pkgconfig/yahboom_imu_10_axis.pc'
[1.491s] [34mcolcon.colcon_core.environment[0m [1;30mLevel 1[0m checking '/home/panha/Food_Delivery_Robot/install/yahboom_imu_10_axis/lib/python3.10/site-packages'
[1.492s] [34mcolcon.colcon_core.environment[0m [1;30mLevel 1[0m checking '/home/panha/Food_Delivery_Robot/install/yahboom_imu_10_axis/bin'
[1.493s] [34mcolcon.colcon_core.shell[0m [1;30mINFO[0m Creating package script '/home/panha/Food_Delivery_Robot/install/yahboom_imu_10_axis/share/yahboom_imu_10_axis/package.ps1'
[1.494s] [34mcolcon.colcon_core.shell[0m [1;30mINFO[0m Creating package descriptor '/home/panha/Food_Delivery_Robot/install/yahboom_imu_10_axis/share/yahboom_imu_10_axis/package.dsv'
[1.495s] [34mcolcon.colcon_core.shell[0m [1;30mINFO[0m Creating package script '/home/panha/Food_Delivery_Robot/install/yahboom_imu_10_axis/share/yahboom_imu_10_axis/package.sh'
[1.496s] [34mcolcon.colcon_core.shell[0m [1;30mINFO[0m Creating package script '/home/panha/Food_Delivery_Robot/install/yahboom_imu_10_axis/share/yahboom_imu_10_axis/package.bash'
[1.497s] [34mcolcon.colcon_core.shell[0m [1;30mINFO[0m Creating package script '/home/panha/Food_Delivery_Robot/install/yahboom_imu_10_axis/share/yahboom_imu_10_axis/package.zsh'
[1.498s] [34mcolcon.colcon_core.environment[0m [1;30mLevel 1[0m create_file_with_runtime_dependencies(/home/panha/Food_Delivery_Robot/install/yahboom_imu_10_axis/share/colcon-core/packages/yahboom_imu_10_axis)
[1.499s] [34mcolcon.colcon_core.environment[0m [1;30mLevel 1[0m create_environment_scripts_only(yahboom_imu_10_axis)
[1.499s] [34mcolcon.colcon_core.environment[0m [1;30mLevel 1[0m checking '/home/panha/Food_Delivery_Robot/install/yahboom_imu_10_axis' for CMake module files
[1.500s] [34mcolcon.colcon_core.environment[0m [1;30mLevel 1[0m checking '/home/panha/Food_Delivery_Robot/install/yahboom_imu_10_axis' for CMake config files
[1.501s] [34mcolcon.colcon_core.shell[0m [1;30mLevel 1[0m create_environment_hook('yahboom_imu_10_axis', 'cmake_prefix_path')
[1.501s] [34mcolcon.colcon_core.shell[0m [1;30mINFO[0m Creating environment hook '/home/panha/Food_Delivery_Robot/install/yahboom_imu_10_axis/share/yahboom_imu_10_axis/hook/cmake_prefix_path.ps1'
[1.502s] [34mcolcon.colcon_core.shell[0m [1;30mINFO[0m Creating environment descriptor '/home/panha/Food_Delivery_Robot/install/yahboom_imu_10_axis/share/yahboom_imu_10_axis/hook/cmake_prefix_path.dsv'
[1.503s] [34mcolcon.colcon_core.shell[0m [1;30mINFO[0m Creating environment hook '/home/panha/Food_Delivery_Robot/install/yahboom_imu_10_axis/share/yahboom_imu_10_axis/hook/cmake_prefix_path.sh'
[1.505s] [34mcolcon.colcon_core.environment[0m [1;30mLevel 1[0m checking '/home/panha/Food_Delivery_Robot/install/yahboom_imu_10_axis/lib'
[1.505s] [34mcolcon.colcon_core.environment[0m [1;30mLevel 1[0m checking '/home/panha/Food_Delivery_Robot/install/yahboom_imu_10_axis/bin'
[1.505s] [34mcolcon.colcon_core.environment[0m [1;30mLevel 1[0m checking '/home/panha/Food_Delivery_Robot/install/yahboom_imu_10_axis/lib/pkgconfig/yahboom_imu_10_axis.pc'
[1.506s] [34mcolcon.colcon_core.environment[0m [1;30mLevel 1[0m checking '/home/panha/Food_Delivery_Robot/install/yahboom_imu_10_axis/lib/python3.10/site-packages'
[1.506s] [34mcolcon.colcon_core.environment[0m [1;30mLevel 1[0m checking '/home/panha/Food_Delivery_Robot/install/yahboom_imu_10_axis/bin'
[1.507s] [34mcolcon.colcon_core.shell[0m [1;30mINFO[0m Creating package script '/home/panha/Food_Delivery_Robot/install/yahboom_imu_10_axis/share/yahboom_imu_10_axis/package.ps1'
[1.508s] [34mcolcon.colcon_core.shell[0m [1;30mINFO[0m Creating package descriptor '/home/panha/Food_Delivery_Robot/install/yahboom_imu_10_axis/share/yahboom_imu_10_axis/package.dsv'
[1.509s] [34mcolcon.colcon_core.shell[0m [1;30mINFO[0m Creating package script '/home/panha/Food_Delivery_Robot/install/yahboom_imu_10_axis/share/yahboom_imu_10_axis/package.sh'
[1.510s] [34mcolcon.colcon_core.shell[0m [1;30mINFO[0m Creating package script '/home/panha/Food_Delivery_Robot/install/yahboom_imu_10_axis/share/yahboom_imu_10_axis/package.bash'
[1.511s] [34mcolcon.colcon_core.shell[0m [1;30mINFO[0m Creating package script '/home/panha/Food_Delivery_Robot/install/yahboom_imu_10_axis/share/yahboom_imu_10_axis/package.zsh'
[1.512s] [34mcolcon.colcon_core.environment[0m [1;30mLevel 1[0m create_file_with_runtime_dependencies(/home/panha/Food_Delivery_Robot/install/yahboom_imu_10_axis/share/colcon-core/packages/yahboom_imu_10_axis)
[1.515s] [34mcolcon.colcon_core.event_handler.log_command[0m [1;30mDEBUG[0m [32mInvoked command in '/home/panha/Food_Delivery_Robot/build/zlac8015d_driver' returned '0': CMAKE_PREFIX_PATH=${CMAKE_PREFIX_PATH}:/home/panha/yolo_ws/install/depth_test:/opt/ros/humble /usr/bin/cmake --build /home/panha/Food_Delivery_Robot/build/zlac8015d_driver -- -j6 -l6[0m
[1.517s] [34mcolcon.colcon_core.event_handler.log_command[0m [1;30mDEBUG[0m [32mInvoking command in '/home/panha/Food_Delivery_Robot/build/zlac8015d_driver': CMAKE_PREFIX_PATH=${CMAKE_PREFIX_PATH}:/home/panha/yolo_ws/install/depth_test:/opt/ros/humble /usr/bin/cmake --install /home/panha/Food_Delivery_Robot/build/zlac8015d_driver[0m
[1.543s] [34mcolcon.colcon_core.environment[0m [1;30mLevel 1[0m create_environment_scripts_only(zlac8015d_driver)
[1.544s] [34mcolcon.colcon_core.environment[0m [1;30mLevel 1[0m checking '/home/panha/Food_Delivery_Robot/install/zlac8015d_driver' for CMake module files
[1.545s] [34mcolcon.colcon_core.event_handler.log_command[0m [1;30mDEBUG[0m [32mInvoked command in '/home/panha/Food_Delivery_Robot/build/zlac8015d_driver' returned '0': CMAKE_PREFIX_PATH=${CMAKE_PREFIX_PATH}:/home/panha/yolo_ws/install/depth_test:/opt/ros/humble /usr/bin/cmake --install /home/panha/Food_Delivery_Robot/build/zlac8015d_driver[0m
[1.546s] [34mcolcon.colcon_core.environment[0m [1;30mLevel 1[0m checking '/home/panha/Food_Delivery_Robot/install/zlac8015d_driver' for CMake config files
[1.547s] [34mcolcon.colcon_core.shell[0m [1;30mLevel 1[0m create_environment_hook('zlac8015d_driver', 'cmake_prefix_path')
[1.547s] [34mcolcon.colcon_core.shell[0m [1;30mINFO[0m Creating environment hook '/home/panha/Food_Delivery_Robot/install/zlac8015d_driver/share/zlac8015d_driver/hook/cmake_prefix_path.ps1'
[1.549s] [34mcolcon.colcon_core.shell[0m [1;30mINFO[0m Creating environment descriptor '/home/panha/Food_Delivery_Robot/install/zlac8015d_driver/share/zlac8015d_driver/hook/cmake_prefix_path.dsv'
[1.550s] [34mcolcon.colcon_core.shell[0m [1;30mINFO[0m Creating environment hook '/home/panha/Food_Delivery_Robot/install/zlac8015d_driver/share/zlac8015d_driver/hook/cmake_prefix_path.sh'
[1.551s] [34mcolcon.colcon_core.environment[0m [1;30mLevel 1[0m checking '/home/panha/Food_Delivery_Robot/install/zlac8015d_driver/lib'
[1.551s] [34mcolcon.colcon_core.environment[0m [1;30mLevel 1[0m checking '/home/panha/Food_Delivery_Robot/install/zlac8015d_driver/bin'
[1.552s] [34mcolcon.colcon_core.environment[0m [1;30mLevel 1[0m checking '/home/panha/Food_Delivery_Robot/install/zlac8015d_driver/lib/pkgconfig/zlac8015d_driver.pc'
[1.552s] [34mcolcon.colcon_core.environment[0m [1;30mLevel 1[0m checking '/home/panha/Food_Delivery_Robot/install/zlac8015d_driver/lib/python3.10/site-packages'
[1.553s] [34mcolcon.colcon_core.environment[0m [1;30mLevel 1[0m checking '/home/panha/Food_Delivery_Robot/install/zlac8015d_driver/bin'
[1.554s] [34mcolcon.colcon_core.shell[0m [1;30mINFO[0m Creating package script '/home/panha/Food_Delivery_Robot/install/zlac8015d_driver/share/zlac8015d_driver/package.ps1'
[1.555s] [34mcolcon.colcon_core.shell[0m [1;30mINFO[0m Creating package descriptor '/home/panha/Food_Delivery_Robot/install/zlac8015d_driver/share/zlac8015d_driver/package.dsv'
[1.556s] [34mcolcon.colcon_core.shell[0m [1;30mINFO[0m Creating package script '/home/panha/Food_Delivery_Robot/install/zlac8015d_driver/share/zlac8015d_driver/package.sh'
[1.558s] [34mcolcon.colcon_core.shell[0m [1;30mINFO[0m Creating package script '/home/panha/Food_Delivery_Robot/install/zlac8015d_driver/share/zlac8015d_driver/package.bash'
[1.558s] [34mcolcon.colcon_core.shell[0m [1;30mINFO[0m Creating package script '/home/panha/Food_Delivery_Robot/install/zlac8015d_driver/share/zlac8015d_driver/package.zsh'
[1.559s] [34mcolcon.colcon_core.environment[0m [1;30mLevel 1[0m create_file_with_runtime_dependencies(/home/panha/Food_Delivery_Robot/install/zlac8015d_driver/share/colcon-core/packages/zlac8015d_driver)
[1.561s] [34mcolcon.colcon_core.environment[0m [1;30mLevel 1[0m create_environment_scripts_only(zlac8015d_driver)
[1.561s] [34mcolcon.colcon_core.environment[0m [1;30mLevel 1[0m checking '/home/panha/Food_Delivery_Robot/install/zlac8015d_driver' for CMake module files
[1.562s] [34mcolcon.colcon_core.environment[0m [1;30mLevel 1[0m checking '/home/panha/Food_Delivery_Robot/install/zlac8015d_driver' for CMake config files
[1.563s] [34mcolcon.colcon_core.shell[0m [1;30mLevel 1[0m create_environment_hook('zlac8015d_driver', 'cmake_prefix_path')
[1.563s] [34mcolcon.colcon_core.shell[0m [1;30mINFO[0m Creating environment hook '/home/panha/Food_Delivery_Robot/install/zlac8015d_driver/share/zlac8015d_driver/hook/cmake_prefix_path.ps1'
[1.564s] [34mcolcon.colcon_core.shell[0m [1;30mINFO[0m Creating environment descriptor '/home/panha/Food_Delivery_Robot/install/zlac8015d_driver/share/zlac8015d_driver/hook/cmake_prefix_path.dsv'
[1.565s] [34mcolcon.colcon_core.shell[0m [1;30mINFO[0m Creating environment hook '/home/panha/Food_Delivery_Robot/install/zlac8015d_driver/share/zlac8015d_driver/hook/cmake_prefix_path.sh'
[1.566s] [34mcolcon.colcon_core.environment[0m [1;30mLevel 1[0m checking '/home/panha/Food_Delivery_Robot/install/zlac8015d_driver/lib'
[1.566s] [34mcolcon.colcon_core.environment[0m [1;30mLevel 1[0m checking '/home/panha/Food_Delivery_Robot/install/zlac8015d_driver/bin'
[1.567s] [34mcolcon.colcon_core.environment[0m [1;30mLevel 1[0m checking '/home/panha/Food_Delivery_Robot/install/zlac8015d_driver/lib/pkgconfig/zlac8015d_driver.pc'
[1.567s] [34mcolcon.colcon_core.environment[0m [1;30mLevel 1[0m checking '/home/panha/Food_Delivery_Robot/install/zlac8015d_driver/lib/python3.10/site-packages'
[1.568s] [34mcolcon.colcon_core.environment[0m [1;30mLevel 1[0m checking '/home/panha/Food_Delivery_Robot/install/zlac8015d_driver/bin'
[1.568s] [34mcolcon.colcon_core.shell[0m [1;30mINFO[0m Creating package script '/home/panha/Food_Delivery_Robot/install/zlac8015d_driver/share/zlac8015d_driver/package.ps1'
[1.570s] [34mcolcon.colcon_core.shell[0m [1;30mINFO[0m Creating package descriptor '/home/panha/Food_Delivery_Robot/install/zlac8015d_driver/share/zlac8015d_driver/package.dsv'
[1.571s] [34mcolcon.colcon_core.shell[0m [1;30mINFO[0m Creating package script '/home/panha/Food_Delivery_Robot/install/zlac8015d_driver/share/zlac8015d_driver/package.sh'
[1.572s] [34mcolcon.colcon_core.shell[0m [1;30mINFO[0m Creating package script '/home/panha/Food_Delivery_Robot/install/zlac8015d_driver/share/zlac8015d_driver/package.bash'
[1.573s] [34mcolcon.colcon_core.shell[0m [1;30mINFO[0m Creating package script '/home/panha/Food_Delivery_Robot/install/zlac8015d_driver/share/zlac8015d_driver/package.zsh'
[1.574s] [34mcolcon.colcon_core.environment[0m [1;30mLevel 1[0m create_file_with_runtime_dependencies(/home/panha/Food_Delivery_Robot/install/zlac8015d_driver/share/colcon-core/packages/zlac8015d_driver)
[1.574s] [34mcolcon.colcon_ros.task.ament_cmake.build[0m [1;30mINFO[0m Building ROS package in '/home/panha/Food_Delivery_Robot/src/food_del_robot_description' with build type 'ament_cmake'
[1.575s] [34mcolcon.colcon_cmake.task.cmake.build[0m [1;30mINFO[0m Building CMake package in '/home/panha/Food_Delivery_Robot/src/food_del_robot_description'
[1.576s] [34mcolcon.colcon_core.shell[0m [1;30mINFO[0m Skip shell extension 'powershell' for command environment: Not usable outside of PowerShell
[1.576s] [34mcolcon.colcon_core.shell[0m [1;30mDEBUG[0m [32mSkip shell extension 'dsv' for command environment[0m
[1.597s] [34mcolcon.colcon_core.event_handler.log_command[0m [1;30mDEBUG[0m [32mInvoking command in '/home/panha/Food_Delivery_Robot/build/food_del_robot_description': CMAKE_PREFIX_PATH=/home/panha/Food_Delivery_Robot/install/zlac8015d_driver:/home/panha/Food_Delivery_Robot/install/food_del_robot_description:/home/panha/Food_Delivery_Robot/install/yahboom_imu_10_axis:/home/panha/Food_Delivery_Robot/install/rplidar_ros:/home/panha/Food_Delivery_Robot/install/food_del_robot:/home/panha/ros2_ws/install/realsense2_description:/home/panha/ros2_ws/install/realsense2_camera:/home/panha/ros2_ws/install/realsense2_camera_msgs:/home/panha/yolo_ws/install/depth_test:/opt/ros/humble /usr/bin/cmake --build /home/panha/Food_Delivery_Robot/build/food_del_robot_description -- -j6 -l6[0m
[1.675s] [34mcolcon.colcon_core.event_handler.log_command[0m [1;30mDEBUG[0m [32mInvoked command in '/home/panha/Food_Delivery_Robot/build/food_del_robot_description' returned '0': CMAKE_PREFIX_PATH=/home/panha/Food_Delivery_Robot/install/zlac8015d_driver:/home/panha/Food_Delivery_Robot/install/food_del_robot_description:/home/panha/Food_Delivery_Robot/install/yahboom_imu_10_axis:/home/panha/Food_Delivery_Robot/install/rplidar_ros:/home/panha/Food_Delivery_Robot/install/food_del_robot:/home/panha/ros2_ws/install/realsense2_description:/home/panha/ros2_ws/install/realsense2_camera:/home/panha/ros2_ws/install/realsense2_camera_msgs:/home/panha/yolo_ws/install/depth_test:/opt/ros/humble /usr/bin/cmake --build /home/panha/Food_Delivery_Robot/build/food_del_robot_description -- -j6 -l6[0m
[1.678s] [34mcolcon.colcon_core.event_handler.log_command[0m [1;30mDEBUG[0m [32mInvoking command in '/home/panha/Food_Delivery_Robot/build/food_del_robot_description': CMAKE_PREFIX_PATH=/home/panha/Food_Delivery_Robot/install/zlac8015d_driver:/home/panha/Food_Delivery_Robot/install/food_del_robot_description:/home/panha/Food_Delivery_Robot/install/yahboom_imu_10_axis:/home/panha/Food_Delivery_Robot/install/rplidar_ros:/home/panha/Food_Delivery_Robot/install/food_del_robot:/home/panha/ros2_ws/install/realsense2_description:/home/panha/ros2_ws/install/realsense2_camera:/home/panha/ros2_ws/install/realsense2_camera_msgs:/home/panha/yolo_ws/install/depth_test:/opt/ros/humble /usr/bin/cmake --install /home/panha/Food_Delivery_Robot/build/food_del_robot_description[0m
[1.701s] [34mcolcon.colcon_core.environment[0m [1;30mLevel 1[0m create_environment_scripts_only(food_del_robot_description)
[1.702s] [34mcolcon.colcon_core.environment[0m [1;30mLevel 1[0m checking '/home/panha/Food_Delivery_Robot/install/food_del_robot_description' for CMake module files
[1.703s] [34mcolcon.colcon_core.event_handler.log_command[0m [1;30mDEBUG[0m [32mInvoked command in '/home/panha/Food_Delivery_Robot/build/food_del_robot_description' returned '0': CMAKE_PREFIX_PATH=/home/panha/Food_Delivery_Robot/install/zlac8015d_driver:/home/panha/Food_Delivery_Robot/install/food_del_robot_description:/home/panha/Food_Delivery_Robot/install/yahboom_imu_10_axis:/home/panha/Food_Delivery_Robot/install/rplidar_ros:/home/panha/Food_Delivery_Robot/install/food_del_robot:/home/panha/ros2_ws/install/realsense2_description:/home/panha/ros2_ws/install/realsense2_camera:/home/panha/ros2_ws/install/realsense2_camera_msgs:/home/panha/yolo_ws/install/depth_test:/opt/ros/humble /usr/bin/cmake --install /home/panha/Food_Delivery_Robot/build/food_del_robot_description[0m
[1.704s] [34mcolcon.colcon_core.environment[0m [1;30mLevel 1[0m checking '/home/panha/Food_Delivery_Robot/install/food_del_robot_description' for CMake config files
[1.704s] [34mcolcon.colcon_core.shell[0m [1;30mLevel 1[0m create_environment_hook('food_del_robot_description', 'cmake_prefix_path')
[1.705s] [34mcolcon.colcon_core.shell[0m [1;30mINFO[0m Creating environment hook '/home/panha/Food_Delivery_Robot/install/food_del_robot_description/share/food_del_robot_description/hook/cmake_prefix_path.ps1'
[1.706s] [34mcolcon.colcon_core.shell[0m [1;30mINFO[0m Creating environment descriptor '/home/panha/Food_Delivery_Robot/install/food_del_robot_description/share/food_del_robot_description/hook/cmake_prefix_path.dsv'
[1.707s] [34mcolcon.colcon_core.shell[0m [1;30mINFO[0m Creating environment hook '/home/panha/Food_Delivery_Robot/install/food_del_robot_description/share/food_del_robot_description/hook/cmake_prefix_path.sh'
[1.708s] [34mcolcon.colcon_core.environment[0m [1;30mLevel 1[0m checking '/home/panha/Food_Delivery_Robot/install/food_del_robot_description/bin'
[1.708s] [34mcolcon.colcon_core.environment[0m [1;30mLevel 1[0m checking '/home/panha/Food_Delivery_Robot/install/food_del_robot_description/lib/pkgconfig/food_del_robot_description.pc'
[1.708s] [34mcolcon.colcon_core.environment[0m [1;30mLevel 1[0m checking '/home/panha/Food_Delivery_Robot/install/food_del_robot_description/lib/python3.10/site-packages'
[1.709s] [34mcolcon.colcon_core.environment[0m [1;30mLevel 1[0m checking '/home/panha/Food_Delivery_Robot/install/food_del_robot_description/bin'
[1.710s] [34mcolcon.colcon_core.shell[0m [1;30mINFO[0m Creating package script '/home/panha/Food_Delivery_Robot/install/food_del_robot_description/share/food_del_robot_description/package.ps1'
[1.711s] [34mcolcon.colcon_core.shell[0m [1;30mINFO[0m Creating package descriptor '/home/panha/Food_Delivery_Robot/install/food_del_robot_description/share/food_del_robot_description/package.dsv'
[1.711s] [34mcolcon.colcon_core.shell[0m [1;30mINFO[0m Creating package script '/home/panha/Food_Delivery_Robot/install/food_del_robot_description/share/food_del_robot_description/package.sh'
[1.712s] [34mcolcon.colcon_core.shell[0m [1;30mINFO[0m Creating package script '/home/panha/Food_Delivery_Robot/install/food_del_robot_description/share/food_del_robot_description/package.bash'
[1.713s] [34mcolcon.colcon_core.shell[0m [1;30mINFO[0m Creating package script '/home/panha/Food_Delivery_Robot/install/food_del_robot_description/share/food_del_robot_description/package.zsh'
[1.714s] [34mcolcon.colcon_core.environment[0m [1;30mLevel 1[0m create_file_with_runtime_dependencies(/home/panha/Food_Delivery_Robot/install/food_del_robot_description/share/colcon-core/packages/food_del_robot_description)
[1.715s] [34mcolcon.colcon_core.environment[0m [1;30mLevel 1[0m create_environment_scripts_only(food_del_robot_description)
[1.715s] [34mcolcon.colcon_core.environment[0m [1;30mLevel 1[0m checking '/home/panha/Food_Delivery_Robot/install/food_del_robot_description' for CMake module files
[1.716s] [34mcolcon.colcon_core.environment[0m [1;30mLevel 1[0m checking '/home/panha/Food_Delivery_Robot/install/food_del_robot_description' for CMake config files
[1.717s] [34mcolcon.colcon_core.shell[0m [1;30mLevel 1[0m create_environment_hook('food_del_robot_description', 'cmake_prefix_path')
[1.717s] [34mcolcon.colcon_core.shell[0m [1;30mINFO[0m Creating environment hook '/home/panha/Food_Delivery_Robot/install/food_del_robot_description/share/food_del_robot_description/hook/cmake_prefix_path.ps1'
[1.718s] [34mcolcon.colcon_core.shell[0m [1;30mINFO[0m Creating environment descriptor '/home/panha/Food_Delivery_Robot/install/food_del_robot_description/share/food_del_robot_description/hook/cmake_prefix_path.dsv'
[1.718s] [34mcolcon.colcon_core.shell[0m [1;30mINFO[0m Creating environment hook '/home/panha/Food_Delivery_Robot/install/food_del_robot_description/share/food_del_robot_description/hook/cmake_prefix_path.sh'
[1.719s] [34mcolcon.colcon_core.environment[0m [1;30mLevel 1[0m checking '/home/panha/Food_Delivery_Robot/install/food_del_robot_description/bin'
[1.720s] [34mcolcon.colcon_core.environment[0m [1;30mLevel 1[0m checking '/home/panha/Food_Delivery_Robot/install/food_del_robot_description/lib/pkgconfig/food_del_robot_description.pc'
[1.720s] [34mcolcon.colcon_core.environment[0m [1;30mLevel 1[0m checking '/home/panha/Food_Delivery_Robot/install/food_del_robot_description/lib/python3.10/site-packages'
[1.721s] [34mcolcon.colcon_core.environment[0m [1;30mLevel 1[0m checking '/home/panha/Food_Delivery_Robot/install/food_del_robot_description/bin'
[1.722s] [34mcolcon.colcon_core.shell[0m [1;30mINFO[0m Creating package script '/home/panha/Food_Delivery_Robot/install/food_del_robot_description/share/food_del_robot_description/package.ps1'
[1.723s] [34mcolcon.colcon_core.shell[0m [1;30mINFO[0m Creating package descriptor '/home/panha/Food_Delivery_Robot/install/food_del_robot_description/share/food_del_robot_description/package.dsv'
[1.724s] [34mcolcon.colcon_core.shell[0m [1;30mINFO[0m Creating package script '/home/panha/Food_Delivery_Robot/install/food_del_robot_description/share/food_del_robot_description/package.sh'
[1.724s] [34mcolcon.colcon_core.shell[0m [1;30mINFO[0m Creating package script '/home/panha/Food_Delivery_Robot/install/food_del_robot_description/share/food_del_robot_description/package.bash'
[1.725s] [34mcolcon.colcon_core.shell[0m [1;30mINFO[0m Creating package script '/home/panha/Food_Delivery_Robot/install/food_del_robot_description/share/food_del_robot_description/package.zsh'
[1.726s] [34mcolcon.colcon_core.environment[0m [1;30mLevel 1[0m create_file_with_runtime_dependencies(/home/panha/Food_Delivery_Robot/install/food_del_robot_description/share/colcon-core/packages/food_del_robot_description)
[2.035s] [34mcolcon.colcon_core.event_handler.log_command[0m [1;30mDEBUG[0m [32mInvoked command in '/home/panha/Food_Delivery_Robot/build/food_del_robot' returned '0': CMAKE_PREFIX_PATH=${CMAKE_PREFIX_PATH}:/home/panha/yolo_ws/install/depth_test:/opt/ros/humble /usr/bin/cmake --build /home/panha/Food_Delivery_Robot/build/food_del_robot -- -j6 -l6[0m
[2.041s] [34mcolcon.colcon_core.event_handler.log_command[0m [1;30mDEBUG[0m [32mInvoking command in '/home/panha/Food_Delivery_Robot/build/food_del_robot': CMAKE_PREFIX_PATH=${CMAKE_PREFIX_PATH}:/home/panha/yolo_ws/install/depth_test:/opt/ros/humble /usr/bin/cmake --install /home/panha/Food_Delivery_Robot/build/food_del_robot[0m
[2.176s] [34mcolcon.colcon_core.environment[0m [1;30mLevel 1[0m create_environment_scripts_only(food_del_robot)
[2.178s] [34mcolcon.colcon_core.environment[0m [1;30mLevel 1[0m checking '/home/panha/Food_Delivery_Robot/install/food_del_robot' for CMake module files
[2.179s] [34mcolcon.colcon_core.event_handler.log_command[0m [1;30mDEBUG[0m [32mInvoked command in '/home/panha/Food_Delivery_Robot/build/food_del_robot' returned '0': CMAKE_PREFIX_PATH=${CMAKE_PREFIX_PATH}:/home/panha/yolo_ws/install/depth_test:/opt/ros/humble /usr/bin/cmake --install /home/panha/Food_Delivery_Robot/build/food_del_robot[0m
[2.181s] [34mcolcon.colcon_core.environment[0m [1;30mLevel 1[0m checking '/home/panha/Food_Delivery_Robot/install/food_del_robot' for CMake config files
[2.182s] [34mcolcon.colcon_core.shell[0m [1;30mLevel 1[0m create_environment_hook('food_del_robot', 'cmake_prefix_path')
[2.183s] [34mcolcon.colcon_core.shell[0m [1;30mINFO[0m Creating environment hook '/home/panha/Food_Delivery_Robot/install/food_del_robot/share/food_del_robot/hook/cmake_prefix_path.ps1'
[2.185s] [34mcolcon.colcon_core.shell[0m [1;30mINFO[0m Creating environment descriptor '/home/panha/Food_Delivery_Robot/install/food_del_robot/share/food_del_robot/hook/cmake_prefix_path.dsv'
[2.186s] [34mcolcon.colcon_core.shell[0m [1;30mINFO[0m Creating environment hook '/home/panha/Food_Delivery_Robot/install/food_del_robot/share/food_del_robot/hook/cmake_prefix_path.sh'
[2.188s] [34mcolcon.colcon_core.environment[0m [1;30mLevel 1[0m checking '/home/panha/Food_Delivery_Robot/install/food_del_robot/lib'
[2.189s] [34mcolcon.colcon_core.shell[0m [1;30mLevel 1[0m create_environment_hook('food_del_robot', 'ld_library_path_lib')
[2.190s] [34mcolcon.colcon_core.shell[0m [1;30mINFO[0m Creating environment hook '/home/panha/Food_Delivery_Robot/install/food_del_robot/share/food_del_robot/hook/ld_library_path_lib.ps1'
[2.191s] [34mcolcon.colcon_core.shell[0m [1;30mINFO[0m Creating environment descriptor '/home/panha/Food_Delivery_Robot/install/food_del_robot/share/food_del_robot/hook/ld_library_path_lib.dsv'
[2.192s] [34mcolcon.colcon_core.shell[0m [1;30mINFO[0m Creating environment hook '/home/panha/Food_Delivery_Robot/install/food_del_robot/share/food_del_robot/hook/ld_library_path_lib.sh'
[2.194s] [34mcolcon.colcon_core.environment[0m [1;30mLevel 1[0m checking '/home/panha/Food_Delivery_Robot/install/food_del_robot/bin'
[2.194s] [34mcolcon.colcon_core.environment[0m [1;30mLevel 1[0m checking '/home/panha/Food_Delivery_Robot/install/food_del_robot/lib/pkgconfig/food_del_robot.pc'
[2.195s] [34mcolcon.colcon_core.environment[0m [1;30mLevel 1[0m checking '/home/panha/Food_Delivery_Robot/install/food_del_robot/lib/python3.10/site-packages'
[2.196s] [34mcolcon.colcon_core.environment[0m [1;30mLevel 1[0m checking '/home/panha/Food_Delivery_Robot/install/food_del_robot/bin'
[2.197s] [34mcolcon.colcon_core.shell[0m [1;30mINFO[0m Creating package script '/home/panha/Food_Delivery_Robot/install/food_del_robot/share/food_del_robot/package.ps1'
[2.199s] [34mcolcon.colcon_core.shell[0m [1;30mINFO[0m Creating package descriptor '/home/panha/Food_Delivery_Robot/install/food_del_robot/share/food_del_robot/package.dsv'
[2.201s] [34mcolcon.colcon_core.shell[0m [1;30mINFO[0m Creating package script '/home/panha/Food_Delivery_Robot/install/food_del_robot/share/food_del_robot/package.sh'
[2.203s] [34mcolcon.colcon_core.shell[0m [1;30mINFO[0m Creating package script '/home/panha/Food_Delivery_Robot/install/food_del_robot/share/food_del_robot/package.bash'
[2.204s] [34mcolcon.colcon_core.shell[0m [1;30mINFO[0m Creating package script '/home/panha/Food_Delivery_Robot/install/food_del_robot/share/food_del_robot/package.zsh'
[2.205s] [34mcolcon.colcon_core.environment[0m [1;30mLevel 1[0m create_file_with_runtime_dependencies(/home/panha/Food_Delivery_Robot/install/food_del_robot/share/colcon-core/packages/food_del_robot)
[2.207s] [34mcolcon.colcon_core.environment[0m [1;30mLevel 1[0m create_environment_scripts_only(food_del_robot)
[2.208s] [34mcolcon.colcon_core.environment[0m [1;30mLevel 1[0m checking '/home/panha/Food_Delivery_Robot/install/food_del_robot' for CMake module files
[2.210s] [34mcolcon.colcon_core.environment[0m [1;30mLevel 1[0m checking '/home/panha/Food_Delivery_Robot/install/food_del_robot' for CMake config files
[2.212s] [34mcolcon.colcon_core.shell[0m [1;30mLevel 1[0m create_environment_hook('food_del_robot', 'cmake_prefix_path')
[2.213s] [34mcolcon.colcon_core.shell[0m [1;30mINFO[0m Creating environment hook '/home/panha/Food_Delivery_Robot/install/food_del_robot/share/food_del_robot/hook/cmake_prefix_path.ps1'
[2.214s] [34mcolcon.colcon_core.shell[0m [1;30mINFO[0m Creating environment descriptor '/home/panha/Food_Delivery_Robot/install/food_del_robot/share/food_del_robot/hook/cmake_prefix_path.dsv'
[2.215s] [34mcolcon.colcon_core.shell[0m [1;30mINFO[0m Creating environment hook '/home/panha/Food_Delivery_Robot/install/food_del_robot/share/food_del_robot/hook/cmake_prefix_path.sh'
[2.217s] [34mcolcon.colcon_core.environment[0m [1;30mLevel 1[0m checking '/home/panha/Food_Delivery_Robot/install/food_del_robot/lib'
[2.218s] [34mcolcon.colcon_core.shell[0m [1;30mLevel 1[0m create_environment_hook('food_del_robot', 'ld_library_path_lib')
[2.218s] [34mcolcon.colcon_core.shell[0m [1;30mINFO[0m Creating environment hook '/home/panha/Food_Delivery_Robot/install/food_del_robot/share/food_del_robot/hook/ld_library_path_lib.ps1'
[2.220s] [34mcolcon.colcon_core.shell[0m [1;30mINFO[0m Creating environment descriptor '/home/panha/Food_Delivery_Robot/install/food_del_robot/share/food_del_robot/hook/ld_library_path_lib.dsv'
[2.221s] [34mcolcon.colcon_core.shell[0m [1;30mINFO[0m Creating environment hook '/home/panha/Food_Delivery_Robot/install/food_del_robot/share/food_del_robot/hook/ld_library_path_lib.sh'
[2.223s] [34mcolcon.colcon_core.environment[0m [1;30mLevel 1[0m checking '/home/panha/Food_Delivery_Robot/install/food_del_robot/bin'
[2.223s] [34mcolcon.colcon_core.environment[0m [1;30mLevel 1[0m checking '/home/panha/Food_Delivery_Robot/install/food_del_robot/lib/pkgconfig/food_del_robot.pc'
[2.224s] [34mcolcon.colcon_core.environment[0m [1;30mLevel 1[0m checking '/home/panha/Food_Delivery_Robot/install/food_del_robot/lib/python3.10/site-packages'
[2.225s] [34mcolcon.colcon_core.environment[0m [1;30mLevel 1[0m checking '/home/panha/Food_Delivery_Robot/install/food_del_robot/bin'
[2.227s] [34mcolcon.colcon_core.shell[0m [1;30mINFO[0m Creating package script '/home/panha/Food_Delivery_Robot/install/food_del_robot/share/food_del_robot/package.ps1'
[2.229s] [34mcolcon.colcon_core.shell[0m [1;30mINFO[0m Creating package descriptor '/home/panha/Food_Delivery_Robot/install/food_del_robot/share/food_del_robot/package.dsv'
[2.230s] [34mcolcon.colcon_core.shell[0m [1;30mINFO[0m Creating package script '/home/panha/Food_Delivery_Robot/install/food_del_robot/share/food_del_robot/package.sh'
[2.232s] [34mcolcon.colcon_core.shell[0m [1;30mINFO[0m Creating package script '/home/panha/Food_Delivery_Robot/install/food_del_robot/share/food_del_robot/package.bash'
[2.234s] [34mcolcon.colcon_core.shell[0m [1;30mINFO[0m Creating package script '/home/panha/Food_Delivery_Robot/install/food_del_robot/share/food_del_robot/package.zsh'
[2.235s] [34mcolcon.colcon_core.environment[0m [1;30mLevel 1[0m create_file_with_runtime_dependencies(/home/panha/Food_Delivery_Robot/install/food_del_robot/share/colcon-core/packages/food_del_robot)
[2.236s] [34mcolcon.colcon_parallel_executor.executor.parallel[0m [1;30mDEBUG[0m [32mclosing loop[0m
[2.237s] [34mcolcon.colcon_parallel_executor.executor.parallel[0m [1;30mDEBUG[0m [32mloop closed[0m
[2.238s] [34mcolcon.colcon_parallel_executor.executor.parallel[0m [1;30mDEBUG[0m [32mrun_until_complete finished with '0'[0m
[2.238s] [34mcolcon.colcon_core.event_reactor[0m [1;30mDEBUG[0m [32mjoining thread[0m
[2.259s] [34mcolcon.colcon_core.plugin_system[0m [1;30mINFO[0m Skipping extension 'colcon_notification.desktop_notification.terminal_notifier': Not used on non-Darwin systems
[2.259s] [34mcolcon.colcon_core.plugin_system[0m [1;30mINFO[0m Skipping extension 'colcon_notification.desktop_notification.win32': Not used on non-Windows systems
[2.259s] [34mcolcon.colcon_notification.desktop_notification[0m [1;30mINFO[0m Sending desktop notification using 'notify2'
[2.297s] [34mcolcon.colcon_notification.desktop_notification.notify2[0m [1;30mDEBUG[0m [32mFailed to initialize notify2: org.freedesktop.DBus.Error.Spawn.ChildExited: Process org.freedesktop.Notifications exited with status 1[0m
[2.297s] [34mcolcon.colcon_core.event_reactor[0m [1;30mDEBUG[0m [32mjoined thread[0m
[2.298s] [34mcolcon.colcon_core.shell[0m [1;30mINFO[0m Creating prefix script '/home/panha/Food_Delivery_Robot/install/local_setup.ps1'
[2.303s] [34mcolcon.colcon_core.shell[0m [1;30mINFO[0m Creating prefix util module '/home/panha/Food_Delivery_Robot/install/_local_setup_util_ps1.py'
[2.308s] [34mcolcon.colcon_core.shell[0m [1;30mINFO[0m Creating prefix chain script '/home/panha/Food_Delivery_Robot/install/setup.ps1'
[2.314s] [34mcolcon.colcon_core.shell[0m [1;30mINFO[0m Creating prefix script '/home/panha/Food_Delivery_Robot/install/local_setup.sh'
[2.317s] [34mcolcon.colcon_core.shell[0m [1;30mINFO[0m Creating prefix util module '/home/panha/Food_Delivery_Robot/install/_local_setup_util_sh.py'
[2.319s] [34mcolcon.colcon_core.shell[0m [1;30mINFO[0m Creating prefix chain script '/home/panha/Food_Delivery_Robot/install/setup.sh'
[2.324s] [34mcolcon.colcon_core.shell[0m [1;30mINFO[0m Creating prefix script '/home/panha/Food_Delivery_Robot/install/local_setup.bash'
[2.326s] [34mcolcon.colcon_core.shell[0m [1;30mINFO[0m Creating prefix chain script '/home/panha/Food_Delivery_Robot/install/setup.bash'
[2.331s] [34mcolcon.colcon_core.shell[0m [1;30mINFO[0m Creating prefix script '/home/panha/Food_Delivery_Robot/install/local_setup.zsh'
[2.334s] [34mcolcon.colcon_core.shell[0m [1;30mINFO[0m Creating prefix chain script '/home/panha/Food_Delivery_Robot/install/setup.zsh'
