[0.038s] Invoking command in '/home/panha/Food_Delivery_Robot/build/food_del_robot_hardware': CMAKE_PREFIX_PATH=${CMAKE_PREFIX_PATH}:/home/panha/ws_moveit/install/moveit_configs_utils:/home/panha/ws_moveit/install/launch_param_builder:/opt/ros/humble /usr/bin/cmake /home/panha/Food_Delivery_Robot/src/food_del_robot_hardware -DCMAKE_INSTALL_PREFIX=/home/panha/Food_Delivery_Robot/install/food_del_robot_hardware
[0.097s] -- The C compiler identification is GNU 11.4.0
[0.158s] -- The CXX compiler identification is GNU 11.4.0
[0.171s] -- Detecting C compiler ABI info
[0.248s] -- Detecting C compiler ABI info - done
[0.255s] -- Check for working C compiler: /usr/bin/cc - skipped
[0.256s] -- Detecting C compile features
[0.256s] -- Detecting C compile features - done
[0.260s] -- Detecting CXX compiler ABI info
[0.343s] -- Detecting CXX compiler ABI info - done
[0.349s] -- Check for working CXX compiler: /usr/bin/c++ - skipped
[0.349s] -- Detecting CXX compile features
[0.350s] -- Detecting CXX compile features - done
[0.358s] -- Found ament_cmake: 1.3.12 (/opt/ros/humble/share/ament_cmake/cmake)
[0.714s] -- Found Python3: /usr/bin/python3 (found version "3.10.12") found components: Interpreter 
[0.881s] -- Found rclcpp: 16.0.15 (/opt/ros/humble/share/rclcpp/cmake)
[0.980s] -- Found rosidl_generator_c: 3.1.7 (/opt/ros/humble/share/rosidl_generator_c/cmake)
[0.994s] -- Found rosidl_adapter: 3.1.7 (/opt/ros/humble/share/rosidl_adapter/cmake)
[1.013s] -- Found rosidl_generator_cpp: 3.1.7 (/opt/ros/humble/share/rosidl_generator_cpp/cmake)
[1.036s] -- Using all available rosidl_typesupport_c: rosidl_typesupport_fastrtps_c;rosidl_typesupport_introspection_c
[1.066s] -- Using all available rosidl_typesupport_cpp: rosidl_typesupport_fastrtps_cpp;rosidl_typesupport_introspection_cpp
[1.158s] -- Found rmw_implementation_cmake: 6.1.2 (/opt/ros/humble/share/rmw_implementation_cmake/cmake)
[1.167s] -- Found rmw_cyclonedds_cpp: 1.3.4 (/opt/ros/humble/share/rmw_cyclonedds_cpp/cmake)
[1.216s] -- Using RMW implementation 'rmw_cyclonedds_cpp' as default
[1.240s] -- Performing Test CMAKE_HAVE_LIBC_PTHREAD
[1.318s] -- Performing Test CMAKE_HAVE_LIBC_PTHREAD - Success
[1.318s] -- Found Threads: TRUE  
[1.391s] -- Found rclcpp_lifecycle: 16.0.15 (/opt/ros/humble/share/rclcpp_lifecycle/cmake)
[1.424s] -- Found hardware_interface: 2.52.0 (/opt/ros/humble/share/hardware_interface/cmake)
[1.719s] -- Configuring done
[1.771s] -- Generating done
[1.797s] -- Build files have been written to: /home/panha/Food_Delivery_Robot/build/food_del_robot_hardware
[1.846s] Invoked command in '/home/panha/Food_Delivery_Robot/build/food_del_robot_hardware' returned '0': CMAKE_PREFIX_PATH=${CMAKE_PREFIX_PATH}:/home/panha/ws_moveit/install/moveit_configs_utils:/home/panha/ws_moveit/install/launch_param_builder:/opt/ros/humble /usr/bin/cmake /home/panha/Food_Delivery_Robot/src/food_del_robot_hardware -DCMAKE_INSTALL_PREFIX=/home/panha/Food_Delivery_Robot/install/food_del_robot_hardware
[1.851s] Invoking command in '/home/panha/Food_Delivery_Robot/build/food_del_robot_hardware': CMAKE_PREFIX_PATH=${CMAKE_PREFIX_PATH}:/home/panha/ws_moveit/install/moveit_configs_utils:/home/panha/ws_moveit/install/launch_param_builder:/opt/ros/humble /usr/bin/cmake --build /home/panha/Food_Delivery_Robot/build/food_del_robot_hardware -- -j16 -l16
[1.995s] [ 20%] [32mBuilding CXX object CMakeFiles/food_del_robot_hardware.dir/src/zlac8015d_driver.cpp.o[0m
[1.997s] [ 40%] [32mBuilding CXX object CMakeFiles/food_del_robot_hardware.dir/src/can.cpp.o[0m
[1.997s] [ 60%] [32mBuilding CXX object CMakeFiles/food_del_robot_hardware.dir/src/wheels_driver.cpp.o[0m
[1.997s] [ 80%] [32mBuilding CXX object CMakeFiles/food_del_robot_hardware.dir/src/food_del_robot_hardware_interface.cpp.o[0m
[7.456s] [100%] [32m[1mLinking CXX shared library libfood_del_robot_hardware.so[0m
[7.658s] [100%] Built target food_del_robot_hardware
[7.667s] Invoked command in '/home/panha/Food_Delivery_Robot/build/food_del_robot_hardware' returned '0': CMAKE_PREFIX_PATH=${CMAKE_PREFIX_PATH}:/home/panha/ws_moveit/install/moveit_configs_utils:/home/panha/ws_moveit/install/launch_param_builder:/opt/ros/humble /usr/bin/cmake --build /home/panha/Food_Delivery_Robot/build/food_del_robot_hardware -- -j16 -l16
[7.669s] Invoking command in '/home/panha/Food_Delivery_Robot/build/food_del_robot_hardware': CMAKE_PREFIX_PATH=${CMAKE_PREFIX_PATH}:/home/panha/ws_moveit/install/moveit_configs_utils:/home/panha/ws_moveit/install/launch_param_builder:/opt/ros/humble /usr/bin/cmake --install /home/panha/Food_Delivery_Robot/build/food_del_robot_hardware
[7.675s] -- Install configuration: ""
[7.675s] -- Installing: /home/panha/Food_Delivery_Robot/install/food_del_robot_hardware/lib/libfood_del_robot_hardware.so
[7.676s] -- Set runtime path of "/home/panha/Food_Delivery_Robot/install/food_del_robot_hardware/lib/libfood_del_robot_hardware.so" to ""
[7.676s] -- Installing: /home/panha/Food_Delivery_Robot/install/food_del_robot_hardware/include/food_del_robot_hardware
[7.676s] -- Installing: /home/panha/Food_Delivery_Robot/install/food_del_robot_hardware/include/food_del_robot_hardware/food_del_robot_hardware
[7.676s] -- Installing: /home/panha/Food_Delivery_Robot/install/food_del_robot_hardware/include/food_del_robot_hardware/food_del_robot_hardware/food_del_robot_hardware_interface.hpp
[7.677s] -- Installing: /home/panha/Food_Delivery_Robot/install/food_del_robot_hardware/include/food_del_robot_hardware/food_del_robot_hardware/wheels_driver.hpp
[7.677s] -- Installing: /home/panha/Food_Delivery_Robot/install/food_del_robot_hardware/include/food_del_robot_hardware/food_del_robot_hardware/zlac8015d_driver.hpp
[7.677s] -- Installing: /home/panha/Food_Delivery_Robot/install/food_del_robot_hardware/include/food_del_robot_hardware/food_del_robot_hardware/can.hpp
[7.677s] -- Installing: /home/panha/Food_Delivery_Robot/install/food_del_robot_hardware/share/food_del_robot_hardware/food_del_robot_hw_interface.xml
[7.677s] -- Installing: /home/panha/Food_Delivery_Robot/install/food_del_robot_hardware/share/food_del_robot_hardware/environment/library_path.sh
[7.678s] -- Installing: /home/panha/Food_Delivery_Robot/install/food_del_robot_hardware/share/food_del_robot_hardware/environment/library_path.dsv
[7.678s] -- Up-to-date: /home/panha/Food_Delivery_Robot/install/food_del_robot_hardware/share/food_del_robot_hardware/food_del_robot_hw_interface.xml
[7.678s] -- Installing: /home/panha/Food_Delivery_Robot/install/food_del_robot_hardware/share/ament_index/resource_index/package_run_dependencies/food_del_robot_hardware
[7.678s] -- Installing: /home/panha/Food_Delivery_Robot/install/food_del_robot_hardware/share/ament_index/resource_index/parent_prefix_path/food_del_robot_hardware
[7.679s] -- Installing: /home/panha/Food_Delivery_Robot/install/food_del_robot_hardware/share/food_del_robot_hardware/environment/ament_prefix_path.sh
[7.679s] -- Installing: /home/panha/Food_Delivery_Robot/install/food_del_robot_hardware/share/food_del_robot_hardware/environment/ament_prefix_path.dsv
[7.679s] -- Installing: /home/panha/Food_Delivery_Robot/install/food_del_robot_hardware/share/food_del_robot_hardware/environment/path.sh
[7.679s] -- Installing: /home/panha/Food_Delivery_Robot/install/food_del_robot_hardware/share/food_del_robot_hardware/environment/path.dsv
[7.679s] -- Installing: /home/panha/Food_Delivery_Robot/install/food_del_robot_hardware/share/food_del_robot_hardware/local_setup.bash
[7.679s] -- Installing: /home/panha/Food_Delivery_Robot/install/food_del_robot_hardware/share/food_del_robot_hardware/local_setup.sh
[7.680s] -- Installing: /home/panha/Food_Delivery_Robot/install/food_del_robot_hardware/share/food_del_robot_hardware/local_setup.zsh
[7.680s] -- Installing: /home/panha/Food_Delivery_Robot/install/food_del_robot_hardware/share/food_del_robot_hardware/local_setup.dsv
[7.680s] -- Installing: /home/panha/Food_Delivery_Robot/install/food_del_robot_hardware/share/food_del_robot_hardware/package.dsv
[7.680s] -- Installing: /home/panha/Food_Delivery_Robot/install/food_del_robot_hardware/share/ament_index/resource_index/packages/food_del_robot_hardware
[7.680s] -- Installing: /home/panha/Food_Delivery_Robot/install/food_del_robot_hardware/share/ament_index/resource_index/hardware_interface__pluginlib__plugin/food_del_robot_hardware
[7.681s] -- Installing: /home/panha/Food_Delivery_Robot/install/food_del_robot_hardware/share/food_del_robot_hardware/cmake/export_food_del_robot_hardwareExport.cmake
[7.681s] -- Installing: /home/panha/Food_Delivery_Robot/install/food_del_robot_hardware/share/food_del_robot_hardware/cmake/export_food_del_robot_hardwareExport-noconfig.cmake
[7.681s] -- Installing: /home/panha/Food_Delivery_Robot/install/food_del_robot_hardware/share/food_del_robot_hardware/cmake/ament_cmake_export_targets-extras.cmake
[7.681s] -- Installing: /home/panha/Food_Delivery_Robot/install/food_del_robot_hardware/share/food_del_robot_hardware/cmake/ament_cmake_export_dependencies-extras.cmake
[7.682s] -- Installing: /home/panha/Food_Delivery_Robot/install/food_del_robot_hardware/share/food_del_robot_hardware/cmake/food_del_robot_hardwareConfig.cmake
[7.682s] -- Installing: /home/panha/Food_Delivery_Robot/install/food_del_robot_hardware/share/food_del_robot_hardware/cmake/food_del_robot_hardwareConfig-version.cmake
[7.682s] -- Installing: /home/panha/Food_Delivery_Robot/install/food_del_robot_hardware/share/food_del_robot_hardware/package.xml
[7.685s] Invoked command in '/home/panha/Food_Delivery_Robot/build/food_del_robot_hardware' returned '0': CMAKE_PREFIX_PATH=${CMAKE_PREFIX_PATH}:/home/panha/ws_moveit/install/moveit_configs_utils:/home/panha/ws_moveit/install/launch_param_builder:/opt/ros/humble /usr/bin/cmake --install /home/panha/Food_Delivery_Robot/build/food_del_robot_hardware
