[0.165s] [34mcolcon[0m [1;30mDEBUG[0m [32mCommand line arguments: ['/usr/bin/colcon', 'build'][0m
[0.165s] [34mcolcon[0m [1;30mDEBUG[0m [32mParsed command line arguments: Namespace(log_base=None, log_level=None, verb_name='build', build_base='build', install_base='install', merge_install=False, symlink_install=False, test_result_base=None, continue_on_error=False, executor='parallel', parallel_workers=16, event_handlers=None, ignore_user_meta=False, metas=['./colcon.meta'], base_paths=['.'], packages_ignore=None, packages_ignore_regex=None, paths=None, packages_up_to=None, packages_up_to_regex=None, packages_above=None, packages_above_and_dependencies=None, packages_above_depth=None, packages_select_by_dep=None, packages_skip_by_dep=None, packages_skip_up_to=None, packages_select_build_failed=False, packages_skip_build_finished=False, packages_select_test_failures=False, packages_skip_test_passed=False, packages_select=None, packages_skip=None, packages_select_regex=None, packages_skip_regex=None, packages_start=None, packages_end=None, allow_overriding=[], cmake_args=None, cmake_target=None, cmake_target_skip_unavailable=False, cmake_clean_cache=False, cmake_clean_first=False, cmake_force_configure=False, ament_cmake_args=None, catkin_cmake_args=None, catkin_skip_building_tests=False, mixin_files=None, mixin=None, verb_parser=<colcon_mixin.mixin.mixin_argument.MixinArgumentDecorator object at 0x74c7a46437f0>, verb_extension=<colcon_core.verb.build.BuildVerb object at 0x74c7a46431f0>, main=<bound method BuildVerb.main of <colcon_core.verb.build.BuildVerb object at 0x74c7a46431f0>>, mixin_verb=('build',))[0m
[0.206s] [34mcolcon.colcon_core.package_discovery[0m [1;30mLevel 1[0m discover_packages(colcon_meta) check parameters
[0.207s] [34mcolcon.colcon_core.package_discovery[0m [1;30mLevel 1[0m discover_packages(recursive) check parameters
[0.207s] [34mcolcon.colcon_core.package_discovery[0m [1;30mLevel 1[0m discover_packages(ignore) check parameters
[0.207s] [34mcolcon.colcon_core.package_discovery[0m [1;30mLevel 1[0m discover_packages(path) check parameters
[0.207s] [34mcolcon.colcon_core.package_discovery[0m [1;30mLevel 1[0m discover_packages(colcon_meta) discover
[0.207s] [34mcolcon.colcon_core.package_discovery[0m [1;30mLevel 1[0m discover_packages(recursive) discover
[0.207s] [34mcolcon.colcon_core.package_discovery[0m [1;30mINFO[0m Crawling recursively for packages in '/home/panha/Food_Delivery_Robot'
[0.207s] [34mcolcon.colcon_core.package_identification[0m [1;30mLevel 1[0m _identify(.) by extensions ['ignore', 'ignore_ament_install']
[0.207s] [34mcolcon.colcon_core.package_identification[0m [1;30mLevel 1[0m _identify(.) by extension 'ignore'
[0.207s] [34mcolcon.colcon_core.package_identification[0m [1;30mLevel 1[0m _identify(.) by extension 'ignore_ament_install'
[0.207s] [34mcolcon.colcon_core.package_identification[0m [1;30mLevel 1[0m _identify(.) by extensions ['colcon_pkg']
[0.207s] [34mcolcon.colcon_core.package_identification[0m [1;30mLevel 1[0m _identify(.) by extension 'colcon_pkg'
[0.207s] [34mcolcon.colcon_core.package_identification[0m [1;30mLevel 1[0m _identify(.) by extensions ['colcon_meta']
[0.207s] [34mcolcon.colcon_core.package_identification[0m [1;30mLevel 1[0m _identify(.) by extension 'colcon_meta'
[0.207s] [34mcolcon.colcon_core.package_identification[0m [1;30mLevel 1[0m _identify(.) by extensions ['ros']
[0.207s] [34mcolcon.colcon_core.package_identification[0m [1;30mLevel 1[0m _identify(.) by extension 'ros'
[0.218s] [34mcolcon.colcon_core.package_identification[0m [1;30mLevel 1[0m _identify(.) by extensions ['cmake', 'python']
[0.218s] [34mcolcon.colcon_core.package_identification[0m [1;30mLevel 1[0m _identify(.) by extension 'cmake'
[0.218s] [34mcolcon.colcon_core.package_identification[0m [1;30mLevel 1[0m _identify(.) by extension 'python'
[0.218s] [34mcolcon.colcon_core.package_identification[0m [1;30mLevel 1[0m _identify(.) by extensions ['python_setup_py']
[0.218s] [34mcolcon.colcon_core.package_identification[0m [1;30mLevel 1[0m _identify(.) by extension 'python_setup_py'
[0.218s] [34mcolcon.colcon_core.package_identification[0m [1;30mLevel 1[0m _identify(build) by extensions ['ignore', 'ignore_ament_install']
[0.219s] [34mcolcon.colcon_core.package_identification[0m [1;30mLevel 1[0m _identify(build) by extension 'ignore'
[0.219s] [34mcolcon.colcon_core.package_identification[0m [1;30mLevel 1[0m _identify(build) ignored
[0.219s] [34mcolcon.colcon_core.package_identification[0m [1;30mLevel 1[0m _identify(docs) by extensions ['ignore', 'ignore_ament_install']
[0.219s] [34mcolcon.colcon_core.package_identification[0m [1;30mLevel 1[0m _identify(docs) by extension 'ignore'
[0.219s] [34mcolcon.colcon_core.package_identification[0m [1;30mLevel 1[0m _identify(docs) by extension 'ignore_ament_install'
[0.219s] [34mcolcon.colcon_core.package_identification[0m [1;30mLevel 1[0m _identify(docs) by extensions ['colcon_pkg']
[0.219s] [34mcolcon.colcon_core.package_identification[0m [1;30mLevel 1[0m _identify(docs) by extension 'colcon_pkg'
[0.219s] [34mcolcon.colcon_core.package_identification[0m [1;30mLevel 1[0m _identify(docs) by extensions ['colcon_meta']
[0.219s] [34mcolcon.colcon_core.package_identification[0m [1;30mLevel 1[0m _identify(docs) by extension 'colcon_meta'
[0.219s] [34mcolcon.colcon_core.package_identification[0m [1;30mLevel 1[0m _identify(docs) by extensions ['ros']
[0.219s] [34mcolcon.colcon_core.package_identification[0m [1;30mLevel 1[0m _identify(docs) by extension 'ros'
[0.219s] [34mcolcon.colcon_core.package_identification[0m [1;30mLevel 1[0m _identify(docs) by extensions ['cmake', 'python']
[0.219s] [34mcolcon.colcon_core.package_identification[0m [1;30mLevel 1[0m _identify(docs) by extension 'cmake'
[0.219s] [34mcolcon.colcon_core.package_identification[0m [1;30mLevel 1[0m _identify(docs) by extension 'python'
[0.219s] [34mcolcon.colcon_core.package_identification[0m [1;30mLevel 1[0m _identify(docs) by extensions ['python_setup_py']
[0.219s] [34mcolcon.colcon_core.package_identification[0m [1;30mLevel 1[0m _identify(docs) by extension 'python_setup_py'
[0.219s] [34mcolcon.colcon_core.package_identification[0m [1;30mLevel 1[0m _identify(docs/EKF) by extensions ['ignore', 'ignore_ament_install']
[0.219s] [34mcolcon.colcon_core.package_identification[0m [1;30mLevel 1[0m _identify(docs/EKF) by extension 'ignore'
[0.219s] [34mcolcon.colcon_core.package_identification[0m [1;30mLevel 1[0m _identify(docs/EKF) by extension 'ignore_ament_install'
[0.219s] [34mcolcon.colcon_core.package_identification[0m [1;30mLevel 1[0m _identify(docs/EKF) by extensions ['colcon_pkg']
[0.219s] [34mcolcon.colcon_core.package_identification[0m [1;30mLevel 1[0m _identify(docs/EKF) by extension 'colcon_pkg'
[0.219s] [34mcolcon.colcon_core.package_identification[0m [1;30mLevel 1[0m _identify(docs/EKF) by extensions ['colcon_meta']
[0.219s] [34mcolcon.colcon_core.package_identification[0m [1;30mLevel 1[0m _identify(docs/EKF) by extension 'colcon_meta'
[0.219s] [34mcolcon.colcon_core.package_identification[0m [1;30mLevel 1[0m _identify(docs/EKF) by extensions ['ros']
[0.219s] [34mcolcon.colcon_core.package_identification[0m [1;30mLevel 1[0m _identify(docs/EKF) by extension 'ros'
[0.219s] [34mcolcon.colcon_core.package_identification[0m [1;30mLevel 1[0m _identify(docs/EKF) by extensions ['cmake', 'python']
[0.220s] [34mcolcon.colcon_core.package_identification[0m [1;30mLevel 1[0m _identify(docs/EKF) by extension 'cmake'
[0.220s] [34mcolcon.colcon_core.package_identification[0m [1;30mLevel 1[0m _identify(docs/EKF) by extension 'python'
[0.220s] [34mcolcon.colcon_core.package_identification[0m [1;30mLevel 1[0m _identify(docs/EKF) by extensions ['python_setup_py']
[0.220s] [34mcolcon.colcon_core.package_identification[0m [1;30mLevel 1[0m _identify(docs/EKF) by extension 'python_setup_py'
[0.220s] [34mcolcon.colcon_core.package_identification[0m [1;30mLevel 1[0m _identify(docs/Map) by extensions ['ignore', 'ignore_ament_install']
[0.220s] [34mcolcon.colcon_core.package_identification[0m [1;30mLevel 1[0m _identify(docs/Map) by extension 'ignore'
[0.220s] [34mcolcon.colcon_core.package_identification[0m [1;30mLevel 1[0m _identify(docs/Map) by extension 'ignore_ament_install'
[0.220s] [34mcolcon.colcon_core.package_identification[0m [1;30mLevel 1[0m _identify(docs/Map) by extensions ['colcon_pkg']
[0.220s] [34mcolcon.colcon_core.package_identification[0m [1;30mLevel 1[0m _identify(docs/Map) by extension 'colcon_pkg'
[0.220s] [34mcolcon.colcon_core.package_identification[0m [1;30mLevel 1[0m _identify(docs/Map) by extensions ['colcon_meta']
[0.220s] [34mcolcon.colcon_core.package_identification[0m [1;30mLevel 1[0m _identify(docs/Map) by extension 'colcon_meta'
[0.220s] [34mcolcon.colcon_core.package_identification[0m [1;30mLevel 1[0m _identify(docs/Map) by extensions ['ros']
[0.220s] [34mcolcon.colcon_core.package_identification[0m [1;30mLevel 1[0m _identify(docs/Map) by extension 'ros'
[0.220s] [34mcolcon.colcon_core.package_identification[0m [1;30mLevel 1[0m _identify(docs/Map) by extensions ['cmake', 'python']
[0.220s] [34mcolcon.colcon_core.package_identification[0m [1;30mLevel 1[0m _identify(docs/Map) by extension 'cmake'
[0.220s] [34mcolcon.colcon_core.package_identification[0m [1;30mLevel 1[0m _identify(docs/Map) by extension 'python'
[0.220s] [34mcolcon.colcon_core.package_identification[0m [1;30mLevel 1[0m _identify(docs/Map) by extensions ['python_setup_py']
[0.220s] [34mcolcon.colcon_core.package_identification[0m [1;30mLevel 1[0m _identify(docs/Map) by extension 'python_setup_py'
[0.220s] [34mcolcon.colcon_core.package_identification[0m [1;30mLevel 1[0m _identify(docs/ROS2_Nav2) by extensions ['ignore', 'ignore_ament_install']
[0.220s] [34mcolcon.colcon_core.package_identification[0m [1;30mLevel 1[0m _identify(docs/ROS2_Nav2) by extension 'ignore'
[0.220s] [34mcolcon.colcon_core.package_identification[0m [1;30mLevel 1[0m _identify(docs/ROS2_Nav2) by extension 'ignore_ament_install'
[0.220s] [34mcolcon.colcon_core.package_identification[0m [1;30mLevel 1[0m _identify(docs/ROS2_Nav2) by extensions ['colcon_pkg']
[0.220s] [34mcolcon.colcon_core.package_identification[0m [1;30mLevel 1[0m _identify(docs/ROS2_Nav2) by extension 'colcon_pkg'
[0.220s] [34mcolcon.colcon_core.package_identification[0m [1;30mLevel 1[0m _identify(docs/ROS2_Nav2) by extensions ['colcon_meta']
[0.220s] [34mcolcon.colcon_core.package_identification[0m [1;30mLevel 1[0m _identify(docs/ROS2_Nav2) by extension 'colcon_meta'
[0.220s] [34mcolcon.colcon_core.package_identification[0m [1;30mLevel 1[0m _identify(docs/ROS2_Nav2) by extensions ['ros']
[0.220s] [34mcolcon.colcon_core.package_identification[0m [1;30mLevel 1[0m _identify(docs/ROS2_Nav2) by extension 'ros'
[0.221s] [34mcolcon.colcon_core.package_identification[0m [1;30mLevel 1[0m _identify(docs/ROS2_Nav2) by extensions ['cmake', 'python']
[0.221s] [34mcolcon.colcon_core.package_identification[0m [1;30mLevel 1[0m _identify(docs/ROS2_Nav2) by extension 'cmake'
[0.221s] [34mcolcon.colcon_core.package_identification[0m [1;30mLevel 1[0m _identify(docs/ROS2_Nav2) by extension 'python'
[0.221s] [34mcolcon.colcon_core.package_identification[0m [1;30mLevel 1[0m _identify(docs/ROS2_Nav2) by extensions ['python_setup_py']
[0.221s] [34mcolcon.colcon_core.package_identification[0m [1;30mLevel 1[0m _identify(docs/ROS2_Nav2) by extension 'python_setup_py'
[0.221s] [34mcolcon.colcon_core.package_identification[0m [1;30mLevel 1[0m _identify(docs/graph) by extensions ['ignore', 'ignore_ament_install']
[0.221s] [34mcolcon.colcon_core.package_identification[0m [1;30mLevel 1[0m _identify(docs/graph) by extension 'ignore'
[0.221s] [34mcolcon.colcon_core.package_identification[0m [1;30mLevel 1[0m _identify(docs/graph) by extension 'ignore_ament_install'
[0.221s] [34mcolcon.colcon_core.package_identification[0m [1;30mLevel 1[0m _identify(docs/graph) by extensions ['colcon_pkg']
[0.221s] [34mcolcon.colcon_core.package_identification[0m [1;30mLevel 1[0m _identify(docs/graph) by extension 'colcon_pkg'
[0.221s] [34mcolcon.colcon_core.package_identification[0m [1;30mLevel 1[0m _identify(docs/graph) by extensions ['colcon_meta']
[0.221s] [34mcolcon.colcon_core.package_identification[0m [1;30mLevel 1[0m _identify(docs/graph) by extension 'colcon_meta'
[0.221s] [34mcolcon.colcon_core.package_identification[0m [1;30mLevel 1[0m _identify(docs/graph) by extensions ['ros']
[0.221s] [34mcolcon.colcon_core.package_identification[0m [1;30mLevel 1[0m _identify(docs/graph) by extension 'ros'
[0.221s] [34mcolcon.colcon_core.package_identification[0m [1;30mLevel 1[0m _identify(docs/graph) by extensions ['cmake', 'python']
[0.221s] [34mcolcon.colcon_core.package_identification[0m [1;30mLevel 1[0m _identify(docs/graph) by extension 'cmake'
[0.221s] [34mcolcon.colcon_core.package_identification[0m [1;30mLevel 1[0m _identify(docs/graph) by extension 'python'
[0.221s] [34mcolcon.colcon_core.package_identification[0m [1;30mLevel 1[0m _identify(docs/graph) by extensions ['python_setup_py']
[0.221s] [34mcolcon.colcon_core.package_identification[0m [1;30mLevel 1[0m _identify(docs/graph) by extension 'python_setup_py'
[0.221s] [34mcolcon.colcon_core.package_identification[0m [1;30mLevel 1[0m _identify(install) by extensions ['ignore', 'ignore_ament_install']
[0.221s] [34mcolcon.colcon_core.package_identification[0m [1;30mLevel 1[0m _identify(install) by extension 'ignore'
[0.221s] [34mcolcon.colcon_core.package_identification[0m [1;30mLevel 1[0m _identify(install) ignored
[0.221s] [34mcolcon.colcon_core.package_identification[0m [1;30mLevel 1[0m _identify(log) by extensions ['ignore', 'ignore_ament_install']
[0.221s] [34mcolcon.colcon_core.package_identification[0m [1;30mLevel 1[0m _identify(log) by extension 'ignore'
[0.222s] [34mcolcon.colcon_core.package_identification[0m [1;30mLevel 1[0m _identify(log) ignored
[0.222s] [34mcolcon.colcon_core.package_identification[0m [1;30mLevel 1[0m _identify(src) by extensions ['ignore', 'ignore_ament_install']
[0.222s] [34mcolcon.colcon_core.package_identification[0m [1;30mLevel 1[0m _identify(src) by extension 'ignore'
[0.222s] [34mcolcon.colcon_core.package_identification[0m [1;30mLevel 1[0m _identify(src) by extension 'ignore_ament_install'
[0.222s] [34mcolcon.colcon_core.package_identification[0m [1;30mLevel 1[0m _identify(src) by extensions ['colcon_pkg']
[0.222s] [34mcolcon.colcon_core.package_identification[0m [1;30mLevel 1[0m _identify(src) by extension 'colcon_pkg'
[0.222s] [34mcolcon.colcon_core.package_identification[0m [1;30mLevel 1[0m _identify(src) by extensions ['colcon_meta']
[0.222s] [34mcolcon.colcon_core.package_identification[0m [1;30mLevel 1[0m _identify(src) by extension 'colcon_meta'
[0.222s] [34mcolcon.colcon_core.package_identification[0m [1;30mLevel 1[0m _identify(src) by extensions ['ros']
[0.222s] [34mcolcon.colcon_core.package_identification[0m [1;30mLevel 1[0m _identify(src) by extension 'ros'
[0.222s] [34mcolcon.colcon_core.package_identification[0m [1;30mLevel 1[0m _identify(src) by extensions ['cmake', 'python']
[0.222s] [34mcolcon.colcon_core.package_identification[0m [1;30mLevel 1[0m _identify(src) by extension 'cmake'
[0.222s] [34mcolcon.colcon_core.package_identification[0m [1;30mLevel 1[0m _identify(src) by extension 'python'
[0.222s] [34mcolcon.colcon_core.package_identification[0m [1;30mLevel 1[0m _identify(src) by extensions ['python_setup_py']
[0.222s] [34mcolcon.colcon_core.package_identification[0m [1;30mLevel 1[0m _identify(src) by extension 'python_setup_py'
[0.222s] [34mcolcon.colcon_core.package_identification[0m [1;30mLevel 1[0m _identify(src/food_del_robot) by extensions ['ignore', 'ignore_ament_install']
[0.222s] [34mcolcon.colcon_core.package_identification[0m [1;30mLevel 1[0m _identify(src/food_del_robot) by extension 'ignore'
[0.222s] [34mcolcon.colcon_core.package_identification[0m [1;30mLevel 1[0m _identify(src/food_del_robot) by extension 'ignore_ament_install'
[0.222s] [34mcolcon.colcon_core.package_identification[0m [1;30mLevel 1[0m _identify(src/food_del_robot) by extensions ['colcon_pkg']
[0.222s] [34mcolcon.colcon_core.package_identification[0m [1;30mLevel 1[0m _identify(src/food_del_robot) by extension 'colcon_pkg'
[0.222s] [34mcolcon.colcon_core.package_identification[0m [1;30mLevel 1[0m _identify(src/food_del_robot) by extensions ['colcon_meta']
[0.222s] [34mcolcon.colcon_core.package_identification[0m [1;30mLevel 1[0m _identify(src/food_del_robot) by extension 'colcon_meta'
[0.222s] [34mcolcon.colcon_core.package_identification[0m [1;30mLevel 1[0m _identify(src/food_del_robot) by extensions ['ros']
[0.222s] [34mcolcon.colcon_core.package_identification[0m [1;30mLevel 1[0m _identify(src/food_del_robot) by extension 'ros'
[0.225s] [34mcolcon.colcon_core.package_identification[0m [1;30mDEBUG[0m [32mPackage 'src/food_del_robot' with type 'ros.ament_cmake' and name 'food_del_robot'[0m
[0.225s] [34mcolcon.colcon_core.package_identification[0m [1;30mLevel 1[0m _identify(src/food_del_robot_description) by extensions ['ignore', 'ignore_ament_install']
[0.225s] [34mcolcon.colcon_core.package_identification[0m [1;30mLevel 1[0m _identify(src/food_del_robot_description) by extension 'ignore'
[0.225s] [34mcolcon.colcon_core.package_identification[0m [1;30mLevel 1[0m _identify(src/food_del_robot_description) by extension 'ignore_ament_install'
[0.225s] [34mcolcon.colcon_core.package_identification[0m [1;30mLevel 1[0m _identify(src/food_del_robot_description) by extensions ['colcon_pkg']
[0.225s] [34mcolcon.colcon_core.package_identification[0m [1;30mLevel 1[0m _identify(src/food_del_robot_description) by extension 'colcon_pkg'
[0.225s] [34mcolcon.colcon_core.package_identification[0m [1;30mLevel 1[0m _identify(src/food_del_robot_description) by extensions ['colcon_meta']
[0.225s] [34mcolcon.colcon_core.package_identification[0m [1;30mLevel 1[0m _identify(src/food_del_robot_description) by extension 'colcon_meta'
[0.225s] [34mcolcon.colcon_core.package_identification[0m [1;30mLevel 1[0m _identify(src/food_del_robot_description) by extensions ['ros']
[0.225s] [34mcolcon.colcon_core.package_identification[0m [1;30mLevel 1[0m _identify(src/food_del_robot_description) by extension 'ros'
[0.226s] [34mcolcon.colcon_core.package_identification[0m [1;30mDEBUG[0m [32mPackage 'src/food_del_robot_description' with type 'ros.ament_cmake' and name 'food_del_robot_description'[0m
[0.226s] [34mcolcon.colcon_core.package_identification[0m [1;30mLevel 1[0m _identify(src/robot_kinematic) by extensions ['ignore', 'ignore_ament_install']
[0.226s] [34mcolcon.colcon_core.package_identification[0m [1;30mLevel 1[0m _identify(src/robot_kinematic) by extension 'ignore'
[0.226s] [34mcolcon.colcon_core.package_identification[0m [1;30mLevel 1[0m _identify(src/robot_kinematic) ignored
[0.226s] [34mcolcon.colcon_core.package_identification[0m [1;30mLevel 1[0m _identify(src/rplidar_ros-ros2) by extensions ['ignore', 'ignore_ament_install']
[0.226s] [34mcolcon.colcon_core.package_identification[0m [1;30mLevel 1[0m _identify(src/rplidar_ros-ros2) by extension 'ignore'
[0.226s] [34mcolcon.colcon_core.package_identification[0m [1;30mLevel 1[0m _identify(src/rplidar_ros-ros2) by extension 'ignore_ament_install'
[0.226s] [34mcolcon.colcon_core.package_identification[0m [1;30mLevel 1[0m _identify(src/rplidar_ros-ros2) by extensions ['colcon_pkg']
[0.226s] [34mcolcon.colcon_core.package_identification[0m [1;30mLevel 1[0m _identify(src/rplidar_ros-ros2) by extension 'colcon_pkg'
[0.226s] [34mcolcon.colcon_core.package_identification[0m [1;30mLevel 1[0m _identify(src/rplidar_ros-ros2) by extensions ['colcon_meta']
[0.226s] [34mcolcon.colcon_core.package_identification[0m [1;30mLevel 1[0m _identify(src/rplidar_ros-ros2) by extension 'colcon_meta'
[0.226s] [34mcolcon.colcon_core.package_identification[0m [1;30mLevel 1[0m _identify(src/rplidar_ros-ros2) by extensions ['ros']
[0.226s] [34mcolcon.colcon_core.package_identification[0m [1;30mLevel 1[0m _identify(src/rplidar_ros-ros2) by extension 'ros'
[0.227s] [34mcolcon.colcon_core.package_identification[0m [1;30mDEBUG[0m [32mPackage 'src/rplidar_ros-ros2' with type 'ros.ament_cmake' and name 'rplidar_ros'[0m
[0.227s] [34mcolcon.colcon_core.package_identification[0m [1;30mLevel 1[0m _identify(src/yahboom_imu_10_axis) by extensions ['ignore', 'ignore_ament_install']
[0.227s] [34mcolcon.colcon_core.package_identification[0m [1;30mLevel 1[0m _identify(src/yahboom_imu_10_axis) by extension 'ignore'
[0.227s] [34mcolcon.colcon_core.package_identification[0m [1;30mLevel 1[0m _identify(src/yahboom_imu_10_axis) by extension 'ignore_ament_install'
[0.227s] [34mcolcon.colcon_core.package_identification[0m [1;30mLevel 1[0m _identify(src/yahboom_imu_10_axis) by extensions ['colcon_pkg']
[0.227s] [34mcolcon.colcon_core.package_identification[0m [1;30mLevel 1[0m _identify(src/yahboom_imu_10_axis) by extension 'colcon_pkg'
[0.227s] [34mcolcon.colcon_core.package_identification[0m [1;30mLevel 1[0m _identify(src/yahboom_imu_10_axis) by extensions ['colcon_meta']
[0.227s] [34mcolcon.colcon_core.package_identification[0m [1;30mLevel 1[0m _identify(src/yahboom_imu_10_axis) by extension 'colcon_meta'
[0.227s] [34mcolcon.colcon_core.package_identification[0m [1;30mLevel 1[0m _identify(src/yahboom_imu_10_axis) by extensions ['ros']
[0.227s] [34mcolcon.colcon_core.package_identification[0m [1;30mLevel 1[0m _identify(src/yahboom_imu_10_axis) by extension 'ros'
[0.228s] [34mcolcon.colcon_core.package_identification[0m [1;30mDEBUG[0m [32mPackage 'src/yahboom_imu_10_axis' with type 'ros.ament_cmake' and name 'yahboom_imu_10_axis'[0m
[0.228s] [34mcolcon.colcon_core.package_identification[0m [1;30mLevel 1[0m _identify(src/zlac8015d_driver) by extensions ['ignore', 'ignore_ament_install']
[0.228s] [34mcolcon.colcon_core.package_identification[0m [1;30mLevel 1[0m _identify(src/zlac8015d_driver) by extension 'ignore'
[0.228s] [34mcolcon.colcon_core.package_identification[0m [1;30mLevel 1[0m _identify(src/zlac8015d_driver) by extension 'ignore_ament_install'
[0.228s] [34mcolcon.colcon_core.package_identification[0m [1;30mLevel 1[0m _identify(src/zlac8015d_driver) by extensions ['colcon_pkg']
[0.228s] [34mcolcon.colcon_core.package_identification[0m [1;30mLevel 1[0m _identify(src/zlac8015d_driver) by extension 'colcon_pkg'
[0.228s] [34mcolcon.colcon_core.package_identification[0m [1;30mLevel 1[0m _identify(src/zlac8015d_driver) by extensions ['colcon_meta']
[0.228s] [34mcolcon.colcon_core.package_identification[0m [1;30mLevel 1[0m _identify(src/zlac8015d_driver) by extension 'colcon_meta'
[0.228s] [34mcolcon.colcon_core.package_identification[0m [1;30mLevel 1[0m _identify(src/zlac8015d_driver) by extensions ['ros']
[0.228s] [34mcolcon.colcon_core.package_identification[0m [1;30mLevel 1[0m _identify(src/zlac8015d_driver) by extension 'ros'
[0.229s] [34mcolcon.colcon_core.package_identification[0m [1;30mDEBUG[0m [32mPackage 'src/zlac8015d_driver' with type 'ros.ament_cmake' and name 'zlac8015d_driver'[0m
[0.229s] [34mcolcon.colcon_core.package_discovery[0m [1;30mLevel 1[0m discover_packages(recursive) using defaults
[0.229s] [34mcolcon.colcon_core.package_discovery[0m [1;30mLevel 1[0m discover_packages(ignore) discover
[0.229s] [34mcolcon.colcon_core.package_discovery[0m [1;30mLevel 1[0m discover_packages(ignore) using defaults
[0.229s] [34mcolcon.colcon_core.package_discovery[0m [1;30mLevel 1[0m discover_packages(path) discover
[0.229s] [34mcolcon.colcon_core.package_discovery[0m [1;30mLevel 1[0m discover_packages(path) using defaults
[0.244s] [34mcolcon.colcon_core.package_discovery[0m [1;30mLevel 1[0m discover_packages(prefix_path) check parameters
[0.244s] [34mcolcon.colcon_core.package_discovery[0m [1;30mLevel 1[0m discover_packages(prefix_path) discover
[0.251s] [34mcolcon.colcon_installed_package_information.package_discovery[0m [1;30mDEBUG[0m [32mFound 55 installed packages in /home/panha/ws_moveit/install[0m
[0.252s] [34mcolcon.colcon_installed_package_information.package_discovery[0m [1;30mDEBUG[0m [32mFound 3 installed packages in /home/panha/sporaX_ws/install[0m
[0.253s] [34mcolcon.colcon_installed_package_information.package_discovery[0m [1;30mDEBUG[0m [32mFound 3 installed packages in /home/panha/mushroom_ws_V2/install[0m
[0.253s] [34mcolcon.colcon_installed_package_information.package_discovery[0m [1;30mDEBUG[0m [32mFound 12 installed packages in /home/panha/turtlebot3_ws/install[0m
[0.254s] [34mcolcon.colcon_installed_package_information.package_discovery[0m [1;30mDEBUG[0m [32mFound 2 installed packages in /home/panha/Robocon2026_ws/install[0m
[0.254s] [34mcolcon.colcon_installed_package_information.package_discovery[0m [1;30mDEBUG[0m [32mFound 2 installed packages in /home/panha/my_ws/install[0m
[0.255s] [34mcolcon.colcon_installed_package_information.package_discovery[0m [1;30mDEBUG[0m [32mFound 433 installed packages in /opt/ros/humble[0m
[0.258s] [34mcolcon.colcon_core.package_discovery[0m [1;30mLevel 1[0m discover_packages(prefix_path) using defaults
[0.345s] [34mcolcon.colcon_core.verb[0m [1;30mLevel 5[0m set package 'food_del_robot' build argument 'cmake_args' from command line to 'None'
[0.345s] [34mcolcon.colcon_core.verb[0m [1;30mLevel 5[0m set package 'food_del_robot' build argument 'cmake_target' from command line to 'None'
[0.345s] [34mcolcon.colcon_core.verb[0m [1;30mLevel 5[0m set package 'food_del_robot' build argument 'cmake_target_skip_unavailable' from command line to 'False'
[0.345s] [34mcolcon.colcon_core.verb[0m [1;30mLevel 5[0m set package 'food_del_robot' build argument 'cmake_clean_cache' from command line to 'False'
[0.345s] [34mcolcon.colcon_core.verb[0m [1;30mLevel 5[0m set package 'food_del_robot' build argument 'cmake_clean_first' from command line to 'False'
[0.345s] [34mcolcon.colcon_core.verb[0m [1;30mLevel 5[0m set package 'food_del_robot' build argument 'cmake_force_configure' from command line to 'False'
[0.345s] [34mcolcon.colcon_core.verb[0m [1;30mLevel 5[0m set package 'food_del_robot' build argument 'ament_cmake_args' from command line to 'None'
[0.345s] [34mcolcon.colcon_core.verb[0m [1;30mLevel 5[0m set package 'food_del_robot' build argument 'catkin_cmake_args' from command line to 'None'
[0.345s] [34mcolcon.colcon_core.verb[0m [1;30mLevel 5[0m set package 'food_del_robot' build argument 'catkin_skip_building_tests' from command line to 'False'
[0.345s] [34mcolcon.colcon_core.verb[0m [1;30mDEBUG[0m [32mBuilding package 'food_del_robot' with the following arguments: {'ament_cmake_args': None, 'build_base': '/home/panha/Food_Delivery_Robot/build/food_del_robot', 'catkin_cmake_args': None, 'catkin_skip_building_tests': False, 'cmake_args': None, 'cmake_clean_cache': False, 'cmake_clean_first': False, 'cmake_force_configure': False, 'cmake_target': None, 'cmake_target_skip_unavailable': False, 'install_base': '/home/panha/Food_Delivery_Robot/install/food_del_robot', 'merge_install': False, 'path': '/home/panha/Food_Delivery_Robot/src/food_del_robot', 'symlink_install': False, 'test_result_base': None}[0m
[0.346s] [34mcolcon.colcon_core.verb[0m [1;30mLevel 5[0m set package 'food_del_robot_description' build argument 'cmake_args' from command line to 'None'
[0.346s] [34mcolcon.colcon_core.verb[0m [1;30mLevel 5[0m set package 'food_del_robot_description' build argument 'cmake_target' from command line to 'None'
[0.346s] [34mcolcon.colcon_core.verb[0m [1;30mLevel 5[0m set package 'food_del_robot_description' build argument 'cmake_target_skip_unavailable' from command line to 'False'
[0.346s] [34mcolcon.colcon_core.verb[0m [1;30mLevel 5[0m set package 'food_del_robot_description' build argument 'cmake_clean_cache' from command line to 'False'
[0.346s] [34mcolcon.colcon_core.verb[0m [1;30mLevel 5[0m set package 'food_del_robot_description' build argument 'cmake_clean_first' from command line to 'False'
[0.346s] [34mcolcon.colcon_core.verb[0m [1;30mLevel 5[0m set package 'food_del_robot_description' build argument 'cmake_force_configure' from command line to 'False'
[0.346s] [34mcolcon.colcon_core.verb[0m [1;30mLevel 5[0m set package 'food_del_robot_description' build argument 'ament_cmake_args' from command line to 'None'
[0.346s] [34mcolcon.colcon_core.verb[0m [1;30mLevel 5[0m set package 'food_del_robot_description' build argument 'catkin_cmake_args' from command line to 'None'
[0.346s] [34mcolcon.colcon_core.verb[0m [1;30mLevel 5[0m set package 'food_del_robot_description' build argument 'catkin_skip_building_tests' from command line to 'False'
[0.346s] [34mcolcon.colcon_core.verb[0m [1;30mDEBUG[0m [32mBuilding package 'food_del_robot_description' with the following arguments: {'ament_cmake_args': None, 'build_base': '/home/panha/Food_Delivery_Robot/build/food_del_robot_description', 'catkin_cmake_args': None, 'catkin_skip_building_tests': False, 'cmake_args': None, 'cmake_clean_cache': False, 'cmake_clean_first': False, 'cmake_force_configure': False, 'cmake_target': None, 'cmake_target_skip_unavailable': False, 'install_base': '/home/panha/Food_Delivery_Robot/install/food_del_robot_description', 'merge_install': False, 'path': '/home/panha/Food_Delivery_Robot/src/food_del_robot_description', 'symlink_install': False, 'test_result_base': None}[0m
[0.346s] [34mcolcon.colcon_core.verb[0m [1;30mLevel 5[0m set package 'rplidar_ros' build argument 'cmake_args' from command line to 'None'
[0.346s] [34mcolcon.colcon_core.verb[0m [1;30mLevel 5[0m set package 'rplidar_ros' build argument 'cmake_target' from command line to 'None'
[0.346s] [34mcolcon.colcon_core.verb[0m [1;30mLevel 5[0m set package 'rplidar_ros' build argument 'cmake_target_skip_unavailable' from command line to 'False'
[0.346s] [34mcolcon.colcon_core.verb[0m [1;30mLevel 5[0m set package 'rplidar_ros' build argument 'cmake_clean_cache' from command line to 'False'
[0.346s] [34mcolcon.colcon_core.verb[0m [1;30mLevel 5[0m set package 'rplidar_ros' build argument 'cmake_clean_first' from command line to 'False'
[0.346s] [34mcolcon.colcon_core.verb[0m [1;30mLevel 5[0m set package 'rplidar_ros' build argument 'cmake_force_configure' from command line to 'False'
[0.346s] [34mcolcon.colcon_core.verb[0m [1;30mLevel 5[0m set package 'rplidar_ros' build argument 'ament_cmake_args' from command line to 'None'
[0.346s] [34mcolcon.colcon_core.verb[0m [1;30mLevel 5[0m set package 'rplidar_ros' build argument 'catkin_cmake_args' from command line to 'None'
[0.346s] [34mcolcon.colcon_core.verb[0m [1;30mLevel 5[0m set package 'rplidar_ros' build argument 'catkin_skip_building_tests' from command line to 'False'
[0.346s] [34mcolcon.colcon_core.verb[0m [1;30mDEBUG[0m [32mBuilding package 'rplidar_ros' with the following arguments: {'ament_cmake_args': None, 'build_base': '/home/panha/Food_Delivery_Robot/build/rplidar_ros', 'catkin_cmake_args': None, 'catkin_skip_building_tests': False, 'cmake_args': None, 'cmake_clean_cache': False, 'cmake_clean_first': False, 'cmake_force_configure': False, 'cmake_target': None, 'cmake_target_skip_unavailable': False, 'install_base': '/home/panha/Food_Delivery_Robot/install/rplidar_ros', 'merge_install': False, 'path': '/home/panha/Food_Delivery_Robot/src/rplidar_ros-ros2', 'symlink_install': False, 'test_result_base': None}[0m
[0.346s] [34mcolcon.colcon_core.verb[0m [1;30mLevel 5[0m set package 'yahboom_imu_10_axis' build argument 'cmake_args' from command line to 'None'
[0.346s] [34mcolcon.colcon_core.verb[0m [1;30mLevel 5[0m set package 'yahboom_imu_10_axis' build argument 'cmake_target' from command line to 'None'
[0.346s] [34mcolcon.colcon_core.verb[0m [1;30mLevel 5[0m set package 'yahboom_imu_10_axis' build argument 'cmake_target_skip_unavailable' from command line to 'False'
[0.346s] [34mcolcon.colcon_core.verb[0m [1;30mLevel 5[0m set package 'yahboom_imu_10_axis' build argument 'cmake_clean_cache' from command line to 'False'
[0.346s] [34mcolcon.colcon_core.verb[0m [1;30mLevel 5[0m set package 'yahboom_imu_10_axis' build argument 'cmake_clean_first' from command line to 'False'
[0.346s] [34mcolcon.colcon_core.verb[0m [1;30mLevel 5[0m set package 'yahboom_imu_10_axis' build argument 'cmake_force_configure' from command line to 'False'
[0.346s] [34mcolcon.colcon_core.verb[0m [1;30mLevel 5[0m set package 'yahboom_imu_10_axis' build argument 'ament_cmake_args' from command line to 'None'
[0.347s] [34mcolcon.colcon_core.verb[0m [1;30mLevel 5[0m set package 'yahboom_imu_10_axis' build argument 'catkin_cmake_args' from command line to 'None'
[0.347s] [34mcolcon.colcon_core.verb[0m [1;30mLevel 5[0m set package 'yahboom_imu_10_axis' build argument 'catkin_skip_building_tests' from command line to 'False'
[0.347s] [34mcolcon.colcon_core.verb[0m [1;30mDEBUG[0m [32mBuilding package 'yahboom_imu_10_axis' with the following arguments: {'ament_cmake_args': None, 'build_base': '/home/panha/Food_Delivery_Robot/build/yahboom_imu_10_axis', 'catkin_cmake_args': None, 'catkin_skip_building_tests': False, 'cmake_args': None, 'cmake_clean_cache': False, 'cmake_clean_first': False, 'cmake_force_configure': False, 'cmake_target': None, 'cmake_target_skip_unavailable': False, 'install_base': '/home/panha/Food_Delivery_Robot/install/yahboom_imu_10_axis', 'merge_install': False, 'path': '/home/panha/Food_Delivery_Robot/src/yahboom_imu_10_axis', 'symlink_install': False, 'test_result_base': None}[0m
[0.347s] [34mcolcon.colcon_core.verb[0m [1;30mLevel 5[0m set package 'zlac8015d_driver' build argument 'cmake_args' from command line to 'None'
[0.347s] [34mcolcon.colcon_core.verb[0m [1;30mLevel 5[0m set package 'zlac8015d_driver' build argument 'cmake_target' from command line to 'None'
[0.347s] [34mcolcon.colcon_core.verb[0m [1;30mLevel 5[0m set package 'zlac8015d_driver' build argument 'cmake_target_skip_unavailable' from command line to 'False'
[0.347s] [34mcolcon.colcon_core.verb[0m [1;30mLevel 5[0m set package 'zlac8015d_driver' build argument 'cmake_clean_cache' from command line to 'False'
[0.347s] [34mcolcon.colcon_core.verb[0m [1;30mLevel 5[0m set package 'zlac8015d_driver' build argument 'cmake_clean_first' from command line to 'False'
[0.347s] [34mcolcon.colcon_core.verb[0m [1;30mLevel 5[0m set package 'zlac8015d_driver' build argument 'cmake_force_configure' from command line to 'False'
[0.347s] [34mcolcon.colcon_core.verb[0m [1;30mLevel 5[0m set package 'zlac8015d_driver' build argument 'ament_cmake_args' from command line to 'None'
[0.347s] [34mcolcon.colcon_core.verb[0m [1;30mLevel 5[0m set package 'zlac8015d_driver' build argument 'catkin_cmake_args' from command line to 'None'
[0.347s] [34mcolcon.colcon_core.verb[0m [1;30mLevel 5[0m set package 'zlac8015d_driver' build argument 'catkin_skip_building_tests' from command line to 'False'
[0.347s] [34mcolcon.colcon_core.verb[0m [1;30mDEBUG[0m [32mBuilding package 'zlac8015d_driver' with the following arguments: {'ament_cmake_args': None, 'build_base': '/home/panha/Food_Delivery_Robot/build/zlac8015d_driver', 'catkin_cmake_args': None, 'catkin_skip_building_tests': False, 'cmake_args': None, 'cmake_clean_cache': False, 'cmake_clean_first': False, 'cmake_force_configure': False, 'cmake_target': None, 'cmake_target_skip_unavailable': False, 'install_base': '/home/panha/Food_Delivery_Robot/install/zlac8015d_driver', 'merge_install': False, 'path': '/home/panha/Food_Delivery_Robot/src/zlac8015d_driver', 'symlink_install': False, 'test_result_base': None}[0m
[0.347s] [34mcolcon.colcon_core.executor[0m [1;30mINFO[0m Executing jobs using 'parallel' executor
[0.348s] [34mcolcon.colcon_parallel_executor.executor.parallel[0m [1;30mDEBUG[0m [32mrun_until_complete[0m
[0.348s] [34mcolcon.colcon_ros.task.ament_cmake.build[0m [1;30mINFO[0m Building ROS package in '/home/panha/Food_Delivery_Robot/src/food_del_robot' with build type 'ament_cmake'
[0.348s] [34mcolcon.colcon_cmake.task.cmake.build[0m [1;30mINFO[0m Building CMake package in '/home/panha/Food_Delivery_Robot/src/food_del_robot'
[0.351s] [34mcolcon.colcon_core.plugin_system[0m [1;30mINFO[0m Skipping extension 'colcon_core.shell.bat': Not used on non-Windows systems
[0.352s] [34mcolcon.colcon_core.shell[0m [1;30mINFO[0m Skip shell extension 'powershell' for command environment: Not usable outside of PowerShell
[0.352s] [34mcolcon.colcon_core.shell[0m [1;30mDEBUG[0m [32mSkip shell extension 'dsv' for command environment[0m
[0.359s] [34mcolcon.colcon_ros.task.ament_cmake.build[0m [1;30mINFO[0m Building ROS package in '/home/panha/Food_Delivery_Robot/src/food_del_robot_description' with build type 'ament_cmake'
[0.359s] [34mcolcon.colcon_cmake.task.cmake.build[0m [1;30mINFO[0m Building CMake package in '/home/panha/Food_Delivery_Robot/src/food_del_robot_description'
[0.360s] [34mcolcon.colcon_core.shell[0m [1;30mINFO[0m Skip shell extension 'powershell' for command environment: Not usable outside of PowerShell
[0.360s] [34mcolcon.colcon_core.shell[0m [1;30mDEBUG[0m [32mSkip shell extension 'dsv' for command environment[0m
[0.367s] [34mcolcon.colcon_ros.task.ament_cmake.build[0m [1;30mINFO[0m Building ROS package in '/home/panha/Food_Delivery_Robot/src/rplidar_ros-ros2' with build type 'ament_cmake'
[0.367s] [34mcolcon.colcon_cmake.task.cmake.build[0m [1;30mINFO[0m Building CMake package in '/home/panha/Food_Delivery_Robot/src/rplidar_ros-ros2'
[0.368s] [34mcolcon.colcon_core.shell[0m [1;30mINFO[0m Skip shell extension 'powershell' for command environment: Not usable outside of PowerShell
[0.368s] [34mcolcon.colcon_core.shell[0m [1;30mDEBUG[0m [32mSkip shell extension 'dsv' for command environment[0m
[0.375s] [34mcolcon.colcon_ros.task.ament_cmake.build[0m [1;30mINFO[0m Building ROS package in '/home/panha/Food_Delivery_Robot/src/yahboom_imu_10_axis' with build type 'ament_cmake'
[0.375s] [34mcolcon.colcon_cmake.task.cmake.build[0m [1;30mINFO[0m Building CMake package in '/home/panha/Food_Delivery_Robot/src/yahboom_imu_10_axis'
[0.375s] [34mcolcon.colcon_core.shell[0m [1;30mINFO[0m Skip shell extension 'powershell' for command environment: Not usable outside of PowerShell
[0.375s] [34mcolcon.colcon_core.shell[0m [1;30mDEBUG[0m [32mSkip shell extension 'dsv' for command environment[0m
[0.383s] [34mcolcon.colcon_ros.task.ament_cmake.build[0m [1;30mINFO[0m Building ROS package in '/home/panha/Food_Delivery_Robot/src/zlac8015d_driver' with build type 'ament_cmake'
[0.383s] [34mcolcon.colcon_cmake.task.cmake.build[0m [1;30mINFO[0m Building CMake package in '/home/panha/Food_Delivery_Robot/src/zlac8015d_driver'
[0.383s] [34mcolcon.colcon_core.shell[0m [1;30mINFO[0m Skip shell extension 'powershell' for command environment: Not usable outside of PowerShell
[0.383s] [34mcolcon.colcon_core.shell[0m [1;30mDEBUG[0m [32mSkip shell extension 'dsv' for command environment[0m
[0.397s] [34mcolcon.colcon_core.event_handler.log_command[0m [1;30mDEBUG[0m [32mInvoking command in '/home/panha/Food_Delivery_Robot/build/food_del_robot': CMAKE_PREFIX_PATH=${CMAKE_PREFIX_PATH}:/home/panha/ws_moveit/install/moveit_configs_utils:/home/panha/ws_moveit/install/launch_param_builder:/home/panha/mushroom_ws_V2/install/py_mushroom_control:/home/panha/turtlebot3_ws/install/turtlebot3_teleop:/home/panha/turtlebot3_ws/install/turtlebot3_example:/opt/ros/humble /usr/bin/cmake --build /home/panha/Food_Delivery_Robot/build/food_del_robot -- -j16 -l16[0m
[0.400s] [34mcolcon.colcon_core.event_handler.log_command[0m [1;30mDEBUG[0m [32mInvoking command in '/home/panha/Food_Delivery_Robot/build/food_del_robot_description': CMAKE_PREFIX_PATH=${CMAKE_PREFIX_PATH}:/home/panha/ws_moveit/install/moveit_configs_utils:/home/panha/ws_moveit/install/launch_param_builder:/home/panha/mushroom_ws_V2/install/py_mushroom_control:/home/panha/turtlebot3_ws/install/turtlebot3_teleop:/home/panha/turtlebot3_ws/install/turtlebot3_example:/opt/ros/humble /usr/bin/cmake --build /home/panha/Food_Delivery_Robot/build/food_del_robot_description -- -j16 -l16[0m
[0.403s] [34mcolcon.colcon_core.event_handler.log_command[0m [1;30mDEBUG[0m [32mInvoking command in '/home/panha/Food_Delivery_Robot/build/rplidar_ros': CMAKE_PREFIX_PATH=${CMAKE_PREFIX_PATH}:/home/panha/ws_moveit/install/moveit_configs_utils:/home/panha/ws_moveit/install/launch_param_builder:/home/panha/mushroom_ws_V2/install/py_mushroom_control:/home/panha/turtlebot3_ws/install/turtlebot3_teleop:/home/panha/turtlebot3_ws/install/turtlebot3_example:/opt/ros/humble /usr/bin/cmake --build /home/panha/Food_Delivery_Robot/build/rplidar_ros -- -j16 -l16[0m
[0.406s] [34mcolcon.colcon_core.event_handler.log_command[0m [1;30mDEBUG[0m [32mInvoking command in '/home/panha/Food_Delivery_Robot/build/yahboom_imu_10_axis': CMAKE_PREFIX_PATH=${CMAKE_PREFIX_PATH}:/home/panha/ws_moveit/install/moveit_configs_utils:/home/panha/ws_moveit/install/launch_param_builder:/home/panha/mushroom_ws_V2/install/py_mushroom_control:/home/panha/turtlebot3_ws/install/turtlebot3_teleop:/home/panha/turtlebot3_ws/install/turtlebot3_example:/opt/ros/humble /usr/bin/cmake --build /home/panha/Food_Delivery_Robot/build/yahboom_imu_10_axis -- -j16 -l16[0m
[0.411s] [34mcolcon.colcon_core.event_handler.log_command[0m [1;30mDEBUG[0m [32mInvoking command in '/home/panha/Food_Delivery_Robot/build/zlac8015d_driver': CMAKE_PREFIX_PATH=${CMAKE_PREFIX_PATH}:/home/panha/ws_moveit/install/moveit_configs_utils:/home/panha/ws_moveit/install/launch_param_builder:/home/panha/mushroom_ws_V2/install/py_mushroom_control:/home/panha/turtlebot3_ws/install/turtlebot3_teleop:/home/panha/turtlebot3_ws/install/turtlebot3_example:/opt/ros/humble /usr/bin/cmake --build /home/panha/Food_Delivery_Robot/build/zlac8015d_driver -- -j16 -l16[0m
[0.437s] [34mcolcon.colcon_core.event_handler.log_command[0m [1;30mDEBUG[0m [32mInvoked command in '/home/panha/Food_Delivery_Robot/build/food_del_robot_description' returned '0': CMAKE_PREFIX_PATH=${CMAKE_PREFIX_PATH}:/home/panha/ws_moveit/install/moveit_configs_utils:/home/panha/ws_moveit/install/launch_param_builder:/home/panha/mushroom_ws_V2/install/py_mushroom_control:/home/panha/turtlebot3_ws/install/turtlebot3_teleop:/home/panha/turtlebot3_ws/install/turtlebot3_example:/opt/ros/humble /usr/bin/cmake --build /home/panha/Food_Delivery_Robot/build/food_del_robot_description -- -j16 -l16[0m
[0.444s] [34mcolcon.colcon_core.event_handler.log_command[0m [1;30mDEBUG[0m [32mInvoking command in '/home/panha/Food_Delivery_Robot/build/food_del_robot_description': CMAKE_PREFIX_PATH=${CMAKE_PREFIX_PATH}:/home/panha/ws_moveit/install/moveit_configs_utils:/home/panha/ws_moveit/install/launch_param_builder:/home/panha/mushroom_ws_V2/install/py_mushroom_control:/home/panha/turtlebot3_ws/install/turtlebot3_teleop:/home/panha/turtlebot3_ws/install/turtlebot3_example:/opt/ros/humble /usr/bin/cmake --install /home/panha/Food_Delivery_Robot/build/food_del_robot_description[0m
[0.450s] [34mcolcon.colcon_core.environment[0m [1;30mLevel 1[0m create_environment_scripts_only(food_del_robot_description)
[0.451s] [34mcolcon.colcon_core.event_handler.log_command[0m [1;30mDEBUG[0m [32mInvoked command in '/home/panha/Food_Delivery_Robot/build/food_del_robot_description' returned '0': CMAKE_PREFIX_PATH=${CMAKE_PREFIX_PATH}:/home/panha/ws_moveit/install/moveit_configs_utils:/home/panha/ws_moveit/install/launch_param_builder:/home/panha/mushroom_ws_V2/install/py_mushroom_control:/home/panha/turtlebot3_ws/install/turtlebot3_teleop:/home/panha/turtlebot3_ws/install/turtlebot3_example:/opt/ros/humble /usr/bin/cmake --install /home/panha/Food_Delivery_Robot/build/food_del_robot_description[0m
[0.455s] [34mcolcon.colcon_core.environment[0m [1;30mLevel 1[0m checking '/home/panha/Food_Delivery_Robot/install/food_del_robot_description' for CMake module files
[0.455s] [34mcolcon.colcon_core.environment[0m [1;30mLevel 1[0m checking '/home/panha/Food_Delivery_Robot/install/food_del_robot_description' for CMake config files
[0.455s] [34mcolcon.colcon_core.shell[0m [1;30mLevel 1[0m create_environment_hook('food_del_robot_description', 'cmake_prefix_path')
[0.456s] [34mcolcon.colcon_core.shell[0m [1;30mINFO[0m Creating environment hook '/home/panha/Food_Delivery_Robot/install/food_del_robot_description/share/food_del_robot_description/hook/cmake_prefix_path.ps1'
[0.456s] [34mcolcon.colcon_core.shell[0m [1;30mINFO[0m Creating environment descriptor '/home/panha/Food_Delivery_Robot/install/food_del_robot_description/share/food_del_robot_description/hook/cmake_prefix_path.dsv'
[0.457s] [34mcolcon.colcon_core.shell[0m [1;30mINFO[0m Creating environment hook '/home/panha/Food_Delivery_Robot/install/food_del_robot_description/share/food_del_robot_description/hook/cmake_prefix_path.sh'
[0.458s] [34mcolcon.colcon_core.environment[0m [1;30mLevel 1[0m checking '/home/panha/Food_Delivery_Robot/install/food_del_robot_description/bin'
[0.458s] [34mcolcon.colcon_core.environment[0m [1;30mLevel 1[0m checking '/home/panha/Food_Delivery_Robot/install/food_del_robot_description/lib/pkgconfig/food_del_robot_description.pc'
[0.458s] [34mcolcon.colcon_core.environment[0m [1;30mLevel 1[0m checking '/home/panha/Food_Delivery_Robot/install/food_del_robot_description/lib/python3.10/site-packages'
[0.459s] [34mcolcon.colcon_core.environment[0m [1;30mLevel 1[0m checking '/home/panha/Food_Delivery_Robot/install/food_del_robot_description/bin'
[0.459s] [34mcolcon.colcon_core.shell[0m [1;30mINFO[0m Creating package script '/home/panha/Food_Delivery_Robot/install/food_del_robot_description/share/food_del_robot_description/package.ps1'
[0.460s] [34mcolcon.colcon_core.shell[0m [1;30mINFO[0m Creating package descriptor '/home/panha/Food_Delivery_Robot/install/food_del_robot_description/share/food_del_robot_description/package.dsv'
[0.460s] [34mcolcon.colcon_core.shell[0m [1;30mINFO[0m Creating package script '/home/panha/Food_Delivery_Robot/install/food_del_robot_description/share/food_del_robot_description/package.sh'
[0.461s] [34mcolcon.colcon_core.shell[0m [1;30mINFO[0m Creating package script '/home/panha/Food_Delivery_Robot/install/food_del_robot_description/share/food_del_robot_description/package.bash'
[0.462s] [34mcolcon.colcon_core.shell[0m [1;30mINFO[0m Creating package script '/home/panha/Food_Delivery_Robot/install/food_del_robot_description/share/food_del_robot_description/package.zsh'
[0.463s] [34mcolcon.colcon_core.environment[0m [1;30mLevel 1[0m create_file_with_runtime_dependencies(/home/panha/Food_Delivery_Robot/install/food_del_robot_description/share/colcon-core/packages/food_del_robot_description)
[0.464s] [34mcolcon.colcon_core.environment[0m [1;30mLevel 1[0m create_environment_scripts_only(food_del_robot_description)
[0.464s] [34mcolcon.colcon_core.environment[0m [1;30mLevel 1[0m checking '/home/panha/Food_Delivery_Robot/install/food_del_robot_description' for CMake module files
[0.464s] [34mcolcon.colcon_core.environment[0m [1;30mLevel 1[0m checking '/home/panha/Food_Delivery_Robot/install/food_del_robot_description' for CMake config files
[0.465s] [34mcolcon.colcon_core.shell[0m [1;30mLevel 1[0m create_environment_hook('food_del_robot_description', 'cmake_prefix_path')
[0.465s] [34mcolcon.colcon_core.shell[0m [1;30mINFO[0m Creating environment hook '/home/panha/Food_Delivery_Robot/install/food_del_robot_description/share/food_del_robot_description/hook/cmake_prefix_path.ps1'
[0.465s] [34mcolcon.colcon_core.shell[0m [1;30mINFO[0m Creating environment descriptor '/home/panha/Food_Delivery_Robot/install/food_del_robot_description/share/food_del_robot_description/hook/cmake_prefix_path.dsv'
[0.465s] [34mcolcon.colcon_core.shell[0m [1;30mINFO[0m Creating environment hook '/home/panha/Food_Delivery_Robot/install/food_del_robot_description/share/food_del_robot_description/hook/cmake_prefix_path.sh'
[0.466s] [34mcolcon.colcon_core.environment[0m [1;30mLevel 1[0m checking '/home/panha/Food_Delivery_Robot/install/food_del_robot_description/bin'
[0.466s] [34mcolcon.colcon_core.environment[0m [1;30mLevel 1[0m checking '/home/panha/Food_Delivery_Robot/install/food_del_robot_description/lib/pkgconfig/food_del_robot_description.pc'
[0.466s] [34mcolcon.colcon_core.environment[0m [1;30mLevel 1[0m checking '/home/panha/Food_Delivery_Robot/install/food_del_robot_description/lib/python3.10/site-packages'
[0.466s] [34mcolcon.colcon_core.environment[0m [1;30mLevel 1[0m checking '/home/panha/Food_Delivery_Robot/install/food_del_robot_description/bin'
[0.467s] [34mcolcon.colcon_core.shell[0m [1;30mINFO[0m Creating package script '/home/panha/Food_Delivery_Robot/install/food_del_robot_description/share/food_del_robot_description/package.ps1'
[0.467s] [34mcolcon.colcon_core.shell[0m [1;30mINFO[0m Creating package descriptor '/home/panha/Food_Delivery_Robot/install/food_del_robot_description/share/food_del_robot_description/package.dsv'
[0.468s] [34mcolcon.colcon_core.shell[0m [1;30mINFO[0m Creating package script '/home/panha/Food_Delivery_Robot/install/food_del_robot_description/share/food_del_robot_description/package.sh'
[0.468s] [34mcolcon.colcon_core.shell[0m [1;30mINFO[0m Creating package script '/home/panha/Food_Delivery_Robot/install/food_del_robot_description/share/food_del_robot_description/package.bash'
[0.468s] [34mcolcon.colcon_core.shell[0m [1;30mINFO[0m Creating package script '/home/panha/Food_Delivery_Robot/install/food_del_robot_description/share/food_del_robot_description/package.zsh'
[0.469s] [34mcolcon.colcon_core.environment[0m [1;30mLevel 1[0m create_file_with_runtime_dependencies(/home/panha/Food_Delivery_Robot/install/food_del_robot_description/share/colcon-core/packages/food_del_robot_description)
[0.489s] [34mcolcon.colcon_core.event_handler.log_command[0m [1;30mDEBUG[0m [32mInvoked command in '/home/panha/Food_Delivery_Robot/build/yahboom_imu_10_axis' returned '0': CMAKE_PREFIX_PATH=${CMAKE_PREFIX_PATH}:/home/panha/ws_moveit/install/moveit_configs_utils:/home/panha/ws_moveit/install/launch_param_builder:/home/panha/mushroom_ws_V2/install/py_mushroom_control:/home/panha/turtlebot3_ws/install/turtlebot3_teleop:/home/panha/turtlebot3_ws/install/turtlebot3_example:/opt/ros/humble /usr/bin/cmake --build /home/panha/Food_Delivery_Robot/build/yahboom_imu_10_axis -- -j16 -l16[0m
[0.491s] [34mcolcon.colcon_core.event_handler.log_command[0m [1;30mDEBUG[0m [32mInvoking command in '/home/panha/Food_Delivery_Robot/build/yahboom_imu_10_axis': CMAKE_PREFIX_PATH=${CMAKE_PREFIX_PATH}:/home/panha/ws_moveit/install/moveit_configs_utils:/home/panha/ws_moveit/install/launch_param_builder:/home/panha/mushroom_ws_V2/install/py_mushroom_control:/home/panha/turtlebot3_ws/install/turtlebot3_teleop:/home/panha/turtlebot3_ws/install/turtlebot3_example:/opt/ros/humble /usr/bin/cmake --install /home/panha/Food_Delivery_Robot/build/yahboom_imu_10_axis[0m
[0.497s] [34mcolcon.colcon_core.environment[0m [1;30mLevel 1[0m create_environment_scripts_only(yahboom_imu_10_axis)
[0.498s] [34mcolcon.colcon_core.environment[0m [1;30mLevel 1[0m checking '/home/panha/Food_Delivery_Robot/install/yahboom_imu_10_axis' for CMake module files
[0.498s] [34mcolcon.colcon_core.event_handler.log_command[0m [1;30mDEBUG[0m [32mInvoked command in '/home/panha/Food_Delivery_Robot/build/yahboom_imu_10_axis' returned '0': CMAKE_PREFIX_PATH=${CMAKE_PREFIX_PATH}:/home/panha/ws_moveit/install/moveit_configs_utils:/home/panha/ws_moveit/install/launch_param_builder:/home/panha/mushroom_ws_V2/install/py_mushroom_control:/home/panha/turtlebot3_ws/install/turtlebot3_teleop:/home/panha/turtlebot3_ws/install/turtlebot3_example:/opt/ros/humble /usr/bin/cmake --install /home/panha/Food_Delivery_Robot/build/yahboom_imu_10_axis[0m
[0.498s] [34mcolcon.colcon_core.environment[0m [1;30mLevel 1[0m checking '/home/panha/Food_Delivery_Robot/install/yahboom_imu_10_axis' for CMake config files
[0.498s] [34mcolcon.colcon_core.shell[0m [1;30mLevel 1[0m create_environment_hook('yahboom_imu_10_axis', 'cmake_prefix_path')
[0.499s] [34mcolcon.colcon_core.shell[0m [1;30mINFO[0m Creating environment hook '/home/panha/Food_Delivery_Robot/install/yahboom_imu_10_axis/share/yahboom_imu_10_axis/hook/cmake_prefix_path.ps1'
[0.499s] [34mcolcon.colcon_core.shell[0m [1;30mINFO[0m Creating environment descriptor '/home/panha/Food_Delivery_Robot/install/yahboom_imu_10_axis/share/yahboom_imu_10_axis/hook/cmake_prefix_path.dsv'
[0.499s] [34mcolcon.colcon_core.shell[0m [1;30mINFO[0m Creating environment hook '/home/panha/Food_Delivery_Robot/install/yahboom_imu_10_axis/share/yahboom_imu_10_axis/hook/cmake_prefix_path.sh'
[0.500s] [34mcolcon.colcon_core.environment[0m [1;30mLevel 1[0m checking '/home/panha/Food_Delivery_Robot/install/yahboom_imu_10_axis/lib'
[0.500s] [34mcolcon.colcon_core.environment[0m [1;30mLevel 1[0m checking '/home/panha/Food_Delivery_Robot/install/yahboom_imu_10_axis/bin'
[0.500s] [34mcolcon.colcon_core.environment[0m [1;30mLevel 1[0m checking '/home/panha/Food_Delivery_Robot/install/yahboom_imu_10_axis/lib/pkgconfig/yahboom_imu_10_axis.pc'
[0.500s] [34mcolcon.colcon_core.environment[0m [1;30mLevel 1[0m checking '/home/panha/Food_Delivery_Robot/install/yahboom_imu_10_axis/lib/python3.10/site-packages'
[0.500s] [34mcolcon.colcon_core.environment[0m [1;30mLevel 1[0m checking '/home/panha/Food_Delivery_Robot/install/yahboom_imu_10_axis/bin'
[0.501s] [34mcolcon.colcon_core.shell[0m [1;30mINFO[0m Creating package script '/home/panha/Food_Delivery_Robot/install/yahboom_imu_10_axis/share/yahboom_imu_10_axis/package.ps1'
[0.501s] [34mcolcon.colcon_core.shell[0m [1;30mINFO[0m Creating package descriptor '/home/panha/Food_Delivery_Robot/install/yahboom_imu_10_axis/share/yahboom_imu_10_axis/package.dsv'
[0.501s] [34mcolcon.colcon_core.shell[0m [1;30mINFO[0m Creating package script '/home/panha/Food_Delivery_Robot/install/yahboom_imu_10_axis/share/yahboom_imu_10_axis/package.sh'
[0.502s] [34mcolcon.colcon_core.shell[0m [1;30mINFO[0m Creating package script '/home/panha/Food_Delivery_Robot/install/yahboom_imu_10_axis/share/yahboom_imu_10_axis/package.bash'
[0.502s] [34mcolcon.colcon_core.shell[0m [1;30mINFO[0m Creating package script '/home/panha/Food_Delivery_Robot/install/yahboom_imu_10_axis/share/yahboom_imu_10_axis/package.zsh'
[0.502s] [34mcolcon.colcon_core.environment[0m [1;30mLevel 1[0m create_file_with_runtime_dependencies(/home/panha/Food_Delivery_Robot/install/yahboom_imu_10_axis/share/colcon-core/packages/yahboom_imu_10_axis)
[0.503s] [34mcolcon.colcon_core.environment[0m [1;30mLevel 1[0m create_environment_scripts_only(yahboom_imu_10_axis)
[0.503s] [34mcolcon.colcon_core.environment[0m [1;30mLevel 1[0m checking '/home/panha/Food_Delivery_Robot/install/yahboom_imu_10_axis' for CMake module files
[0.503s] [34mcolcon.colcon_core.environment[0m [1;30mLevel 1[0m checking '/home/panha/Food_Delivery_Robot/install/yahboom_imu_10_axis' for CMake config files
[0.503s] [34mcolcon.colcon_core.shell[0m [1;30mLevel 1[0m create_environment_hook('yahboom_imu_10_axis', 'cmake_prefix_path')
[0.503s] [34mcolcon.colcon_core.shell[0m [1;30mINFO[0m Creating environment hook '/home/panha/Food_Delivery_Robot/install/yahboom_imu_10_axis/share/yahboom_imu_10_axis/hook/cmake_prefix_path.ps1'
[0.504s] [34mcolcon.colcon_core.shell[0m [1;30mINFO[0m Creating environment descriptor '/home/panha/Food_Delivery_Robot/install/yahboom_imu_10_axis/share/yahboom_imu_10_axis/hook/cmake_prefix_path.dsv'
[0.504s] [34mcolcon.colcon_core.shell[0m [1;30mINFO[0m Creating environment hook '/home/panha/Food_Delivery_Robot/install/yahboom_imu_10_axis/share/yahboom_imu_10_axis/hook/cmake_prefix_path.sh'
[0.504s] [34mcolcon.colcon_core.environment[0m [1;30mLevel 1[0m checking '/home/panha/Food_Delivery_Robot/install/yahboom_imu_10_axis/lib'
[0.504s] [34mcolcon.colcon_core.environment[0m [1;30mLevel 1[0m checking '/home/panha/Food_Delivery_Robot/install/yahboom_imu_10_axis/bin'
[0.504s] [34mcolcon.colcon_core.environment[0m [1;30mLevel 1[0m checking '/home/panha/Food_Delivery_Robot/install/yahboom_imu_10_axis/lib/pkgconfig/yahboom_imu_10_axis.pc'
[0.505s] [34mcolcon.colcon_core.environment[0m [1;30mLevel 1[0m checking '/home/panha/Food_Delivery_Robot/install/yahboom_imu_10_axis/lib/python3.10/site-packages'
[0.505s] [34mcolcon.colcon_core.environment[0m [1;30mLevel 1[0m checking '/home/panha/Food_Delivery_Robot/install/yahboom_imu_10_axis/bin'
[0.505s] [34mcolcon.colcon_core.shell[0m [1;30mINFO[0m Creating package script '/home/panha/Food_Delivery_Robot/install/yahboom_imu_10_axis/share/yahboom_imu_10_axis/package.ps1'
[0.505s] [34mcolcon.colcon_core.shell[0m [1;30mINFO[0m Creating package descriptor '/home/panha/Food_Delivery_Robot/install/yahboom_imu_10_axis/share/yahboom_imu_10_axis/package.dsv'
[0.506s] [34mcolcon.colcon_core.shell[0m [1;30mINFO[0m Creating package script '/home/panha/Food_Delivery_Robot/install/yahboom_imu_10_axis/share/yahboom_imu_10_axis/package.sh'
[0.506s] [34mcolcon.colcon_core.shell[0m [1;30mINFO[0m Creating package script '/home/panha/Food_Delivery_Robot/install/yahboom_imu_10_axis/share/yahboom_imu_10_axis/package.bash'
[0.506s] [34mcolcon.colcon_core.shell[0m [1;30mINFO[0m Creating package script '/home/panha/Food_Delivery_Robot/install/yahboom_imu_10_axis/share/yahboom_imu_10_axis/package.zsh'
[0.507s] [34mcolcon.colcon_core.environment[0m [1;30mLevel 1[0m create_file_with_runtime_dependencies(/home/panha/Food_Delivery_Robot/install/yahboom_imu_10_axis/share/colcon-core/packages/yahboom_imu_10_axis)
[0.762s] [34mcolcon.colcon_core.event_handler.log_command[0m [1;30mDEBUG[0m [32mInvoked command in '/home/panha/Food_Delivery_Robot/build/zlac8015d_driver' returned '2': CMAKE_PREFIX_PATH=${CMAKE_PREFIX_PATH}:/home/panha/ws_moveit/install/moveit_configs_utils:/home/panha/ws_moveit/install/launch_param_builder:/home/panha/mushroom_ws_V2/install/py_mushroom_control:/home/panha/turtlebot3_ws/install/turtlebot3_teleop:/home/panha/turtlebot3_ws/install/turtlebot3_example:/opt/ros/humble /usr/bin/cmake --build /home/panha/Food_Delivery_Robot/build/zlac8015d_driver -- -j16 -l16[0m
[0.763s] [34mcolcon.colcon_core.environment[0m [1;30mLevel 1[0m create_environment_scripts_only(zlac8015d_driver)
[0.763s] [34mcolcon.colcon_core.environment[0m [1;30mLevel 1[0m checking '/home/panha/Food_Delivery_Robot/install/zlac8015d_driver' for CMake module files
[0.764s] [34mcolcon.colcon_core.environment[0m [1;30mLevel 1[0m checking '/home/panha/Food_Delivery_Robot/install/zlac8015d_driver' for CMake config files
[0.764s] [34mcolcon.colcon_core.shell[0m [1;30mLevel 1[0m create_environment_hook('zlac8015d_driver', 'cmake_prefix_path')
[0.764s] [34mcolcon.colcon_core.shell[0m [1;30mINFO[0m Creating environment hook '/home/panha/Food_Delivery_Robot/install/zlac8015d_driver/share/zlac8015d_driver/hook/cmake_prefix_path.ps1'
[0.765s] [34mcolcon.colcon_core.shell[0m [1;30mINFO[0m Creating environment descriptor '/home/panha/Food_Delivery_Robot/install/zlac8015d_driver/share/zlac8015d_driver/hook/cmake_prefix_path.dsv'
[0.765s] [34mcolcon.colcon_core.shell[0m [1;30mINFO[0m Creating environment hook '/home/panha/Food_Delivery_Robot/install/zlac8015d_driver/share/zlac8015d_driver/hook/cmake_prefix_path.sh'
[0.765s] [34mcolcon.colcon_core.environment[0m [1;30mLevel 1[0m checking '/home/panha/Food_Delivery_Robot/install/zlac8015d_driver/lib'
[0.765s] [34mcolcon.colcon_core.environment[0m [1;30mLevel 1[0m checking '/home/panha/Food_Delivery_Robot/install/zlac8015d_driver/bin'
[0.765s] [34mcolcon.colcon_core.environment[0m [1;30mLevel 1[0m checking '/home/panha/Food_Delivery_Robot/install/zlac8015d_driver/lib/pkgconfig/zlac8015d_driver.pc'
[0.766s] [34mcolcon.colcon_core.environment[0m [1;30mLevel 1[0m checking '/home/panha/Food_Delivery_Robot/install/zlac8015d_driver/lib/python3.10/site-packages'
[0.766s] [34mcolcon.colcon_core.environment[0m [1;30mLevel 1[0m checking '/home/panha/Food_Delivery_Robot/install/zlac8015d_driver/bin'
[0.766s] [34mcolcon.colcon_core.shell[0m [1;30mINFO[0m Creating package script '/home/panha/Food_Delivery_Robot/install/zlac8015d_driver/share/zlac8015d_driver/package.ps1'
[0.766s] [34mcolcon.colcon_core.shell[0m [1;30mINFO[0m Creating package descriptor '/home/panha/Food_Delivery_Robot/install/zlac8015d_driver/share/zlac8015d_driver/package.dsv'
[0.767s] [34mcolcon.colcon_core.shell[0m [1;30mINFO[0m Creating package script '/home/panha/Food_Delivery_Robot/install/zlac8015d_driver/share/zlac8015d_driver/package.sh'
[0.767s] [34mcolcon.colcon_core.shell[0m [1;30mINFO[0m Creating package script '/home/panha/Food_Delivery_Robot/install/zlac8015d_driver/share/zlac8015d_driver/package.bash'
[0.767s] [34mcolcon.colcon_core.shell[0m [1;30mINFO[0m Creating package script '/home/panha/Food_Delivery_Robot/install/zlac8015d_driver/share/zlac8015d_driver/package.zsh'
[0.768s] [34mcolcon.colcon_core.environment[0m [1;30mLevel 1[0m create_file_with_runtime_dependencies(/home/panha/Food_Delivery_Robot/install/zlac8015d_driver/share/colcon-core/packages/zlac8015d_driver)
[4.432s] [34mcolcon.colcon_parallel_executor.executor.parallel[0m [1;30mDEBUG[0m [32mclosing loop[0m
[4.433s] [34mcolcon.colcon_parallel_executor.executor.parallel[0m [1;30mDEBUG[0m [32mloop closed[0m
[4.433s] [34mcolcon.colcon_parallel_executor.executor.parallel[0m [1;30mDEBUG[0m [32mrun_until_complete finished with '2'[0m
[4.433s] [34mcolcon.colcon_core.event_reactor[0m [1;30mDEBUG[0m [32mjoining thread[0m
[4.439s] [34mcolcon.colcon_core.plugin_system[0m [1;30mINFO[0m Skipping extension 'colcon_notification.desktop_notification.terminal_notifier': Not used on non-Darwin systems
[4.439s] [34mcolcon.colcon_core.plugin_system[0m [1;30mINFO[0m Skipping extension 'colcon_notification.desktop_notification.win32': Not used on non-Windows systems
[4.439s] [34mcolcon.colcon_notification.desktop_notification[0m [1;30mINFO[0m Sending desktop notification using 'notify2'
[4.448s] [34mcolcon.colcon_core.event_reactor[0m [1;30mDEBUG[0m [32mjoined thread[0m
[4.448s] [34mcolcon.colcon_core.shell[0m [1;30mINFO[0m Creating prefix script '/home/panha/Food_Delivery_Robot/install/local_setup.ps1'
[4.449s] [34mcolcon.colcon_core.shell[0m [1;30mINFO[0m Creating prefix util module '/home/panha/Food_Delivery_Robot/install/_local_setup_util_ps1.py'
[4.450s] [34mcolcon.colcon_core.shell[0m [1;30mINFO[0m Creating prefix chain script '/home/panha/Food_Delivery_Robot/install/setup.ps1'
[4.453s] [34mcolcon.colcon_core.shell[0m [1;30mINFO[0m Creating prefix script '/home/panha/Food_Delivery_Robot/install/local_setup.sh'
[4.453s] [34mcolcon.colcon_core.shell[0m [1;30mINFO[0m Creating prefix util module '/home/panha/Food_Delivery_Robot/install/_local_setup_util_sh.py'
[4.454s] [34mcolcon.colcon_core.shell[0m [1;30mINFO[0m Creating prefix chain script '/home/panha/Food_Delivery_Robot/install/setup.sh'
[4.457s] [34mcolcon.colcon_core.shell[0m [1;30mINFO[0m Creating prefix script '/home/panha/Food_Delivery_Robot/install/local_setup.bash'
[4.457s] [34mcolcon.colcon_core.shell[0m [1;30mINFO[0m Creating prefix chain script '/home/panha/Food_Delivery_Robot/install/setup.bash'
[4.460s] [34mcolcon.colcon_core.shell[0m [1;30mINFO[0m Creating prefix script '/home/panha/Food_Delivery_Robot/install/local_setup.zsh'
[4.461s] [34mcolcon.colcon_core.shell[0m [1;30mINFO[0m Creating prefix chain script '/home/panha/Food_Delivery_Robot/install/setup.zsh'
