[0.017s] Invoking command in '/home/panha/Food_Delivery_Robot/build/food_del_robot': CMAKE_PREFIX_PATH=${CMAKE_PREFIX_PATH}:/home/panha/ws_moveit/install/moveit_configs_utils:/home/panha/ws_moveit/install/launch_param_builder:/home/panha/mushroom_ws_V2/install/py_mushroom_control:/home/panha/turtlebot3_ws/install/turtlebot3_teleop:/home/panha/turtlebot3_ws/install/turtlebot3_example:/opt/ros/humble /usr/bin/cmake /home/panha/Food_Delivery_Robot/src/food_del_robot -DCMAKE_INSTALL_PREFIX=/home/panha/Food_Delivery_Robot/install/food_del_robot
[0.121s] -- The C compiler identification is GNU 11.4.0
[0.190s] -- The CXX compiler identification is GNU 11.4.0
[0.207s] -- Detecting C compiler ABI info
[0.282s] -- Detecting C compiler ABI info - done
[0.287s] -- Check for working C compiler: /usr/bin/cc - skipped
[0.288s] -- Detecting C compile features
[0.288s] -- Detecting C compile features - done
[0.291s] -- Detecting CXX compiler ABI info
[0.372s] -- Detecting CXX compiler ABI info - done
[0.377s] -- Check for working CXX compiler: /usr/bin/c++ - skipped
[0.377s] -- Detecting CXX compile features
[0.378s] -- Detecting CXX compile features - done
[0.391s] -- Found ament_cmake: 1.3.12 (/opt/ros/humble/share/ament_cmake/cmake)
[0.710s] -- Found Python3: /usr/bin/python3 (found version "3.10.12") found components: Interpreter 
[0.899s] -- Found rclcpp: 16.0.15 (/opt/ros/humble/share/rclcpp/cmake)
[1.031s] -- Found rosidl_generator_c: 3.1.7 (/opt/ros/humble/share/rosidl_generator_c/cmake)
[1.052s] -- Found rosidl_adapter: 3.1.7 (/opt/ros/humble/share/rosidl_adapter/cmake)
[1.075s] -- Found rosidl_generator_cpp: 3.1.7 (/opt/ros/humble/share/rosidl_generator_cpp/cmake)
[1.105s] -- Using all available rosidl_typesupport_c: rosidl_typesupport_fastrtps_c;rosidl_typesupport_introspection_c
[1.147s] -- Using all available rosidl_typesupport_cpp: rosidl_typesupport_fastrtps_cpp;rosidl_typesupport_introspection_cpp
[1.271s] -- Found rmw_implementation_cmake: 6.1.2 (/opt/ros/humble/share/rmw_implementation_cmake/cmake)
[1.284s] -- Found rmw_cyclonedds_cpp: 1.3.4 (/opt/ros/humble/share/rmw_cyclonedds_cpp/cmake)
[1.353s] -- Using RMW implementation 'rmw_cyclonedds_cpp' as default
[1.385s] -- Performing Test CMAKE_HAVE_LIBC_PTHREAD
[1.472s] -- Performing Test CMAKE_HAVE_LIBC_PTHREAD - Success
[1.472s] -- Found Threads: TRUE  
[1.562s] -- Found rosidl_default_generators: 1.2.0 (/opt/ros/humble/share/rosidl_default_generators/cmake)
[1.769s] -- Found ament_cmake_ros: 0.10.0 (/opt/ros/humble/share/ament_cmake_ros/cmake)
[1.932s] -- Using all available rosidl_typesupport_c: rosidl_typesupport_fastrtps_c;rosidl_typesupport_introspection_c
[1.989s] -- Using all available rosidl_typesupport_cpp: rosidl_typesupport_fastrtps_cpp;rosidl_typesupport_introspection_cpp
[2.015s] -- Found PythonInterp: /usr/bin/python3 (found suitable version "3.10.12", minimum required is "3.6") 
[2.024s] -- Found python_cmake_module: 0.10.0 (/opt/ros/humble/share/python_cmake_module/cmake)
[2.059s] -- Found PythonLibs: /usr/lib/x86_64-linux-gnu/libpython3.10.so (found suitable version "3.10.12", minimum required is "3.5") 
[2.059s] -- Using PYTHON_EXECUTABLE: /usr/bin/python3
[2.059s] -- Using PYTHON_INCLUDE_DIRS: /usr/include/python3.10
[2.059s] -- Using PYTHON_LIBRARIES: /usr/lib/x86_64-linux-gnu/libpython3.10.so
[2.083s] -- Found PythonExtra: .so  
[2.160s] -- Configuring done
[2.187s] -- Generating done
[2.197s] -- Build files have been written to: /home/panha/Food_Delivery_Robot/build/food_del_robot
[2.209s] Invoked command in '/home/panha/Food_Delivery_Robot/build/food_del_robot' returned '0': CMAKE_PREFIX_PATH=${CMAKE_PREFIX_PATH}:/home/panha/ws_moveit/install/moveit_configs_utils:/home/panha/ws_moveit/install/launch_param_builder:/home/panha/mushroom_ws_V2/install/py_mushroom_control:/home/panha/turtlebot3_ws/install/turtlebot3_teleop:/home/panha/turtlebot3_ws/install/turtlebot3_example:/opt/ros/humble /usr/bin/cmake /home/panha/Food_Delivery_Robot/src/food_del_robot -DCMAKE_INSTALL_PREFIX=/home/panha/Food_Delivery_Robot/install/food_del_robot
[2.211s] Invoking command in '/home/panha/Food_Delivery_Robot/build/food_del_robot': CMAKE_PREFIX_PATH=${CMAKE_PREFIX_PATH}:/home/panha/ws_moveit/install/moveit_configs_utils:/home/panha/ws_moveit/install/launch_param_builder:/home/panha/mushroom_ws_V2/install/py_mushroom_control:/home/panha/turtlebot3_ws/install/turtlebot3_teleop:/home/panha/turtlebot3_ws/install/turtlebot3_example:/opt/ros/humble /usr/bin/cmake --build /home/panha/Food_Delivery_Robot/build/food_del_robot -- -j16 -l16
[2.246s] [  3%] [34m[1mGenerating C code for ROS interfaces[0m
[2.254s] [  6%] [34m[1mGenerating C++ code for ROS interfaces[0m
[2.261s] [  6%] Built target ament_cmake_python_copy_food_del_robot
[2.478s] [  6%] Built target food_del_robot__cpp
[2.479s] [  9%] [32mBuilding C object CMakeFiles/food_del_robot__rosidl_generator_c.dir/rosidl_generator_c/food_del_robot/srv/detail/emergency_stop__functions.c.o[0m
[2.486s] [ 12%] [34m[1mGenerating C++ type support dispatch for ROS interfaces[0m
[2.488s] [ 19%] [34m[1mGenerating C++ type support for eProsima Fast-RTPS[0m
[2.488s] [ 19%] [34m[1mGenerating C++ introspection for ROS interfaces[0m
[2.496s] running egg_info
[2.517s] creating food_del_robot.egg-info
[2.517s] writing food_del_robot.egg-info/PKG-INFO
[2.518s] writing dependency_links to food_del_robot.egg-info/dependency_links.txt
[2.518s] writing top-level names to food_del_robot.egg-info/top_level.txt
[2.518s] writing manifest file 'food_del_robot.egg-info/SOURCES.txt'
[2.533s] [ 22%] [32m[1mLinking C shared library libfood_del_robot__rosidl_generator_c.so[0m
[2.567s] [ 22%] Built target food_del_robot__rosidl_generator_c
[2.576s] [ 29%] [34m[1mGenerating C introspection for ROS interfaces[0m
[2.576s] [ 29%] [34m[1mGenerating C type support dispatch for ROS interfaces[0m
[2.576s] [ 32%] [34m[1mGenerating C type support for eProsima Fast-RTPS[0m
[2.582s] reading manifest file 'food_del_robot.egg-info/SOURCES.txt'
[2.583s] writing manifest file 'food_del_robot.egg-info/SOURCES.txt'
[2.616s] [ 32%] Built target ament_cmake_python_build_food_del_robot_egg
[2.685s] [ 35%] [32mBuilding CXX object CMakeFiles/food_del_robot__rosidl_typesupport_cpp.dir/rosidl_typesupport_cpp/food_del_robot/srv/emergency_stop__type_support.cpp.o[0m
[2.704s] [ 38%] [32mBuilding CXX object CMakeFiles/food_del_robot__rosidl_typesupport_introspection_cpp.dir/rosidl_typesupport_introspection_cpp/food_del_robot/srv/detail/emergency_stop__type_support.cpp.o[0m
[2.709s] [ 41%] [32mBuilding CXX object CMakeFiles/food_del_robot__rosidl_typesupport_fastrtps_cpp.dir/rosidl_typesupport_fastrtps_cpp/food_del_robot/srv/detail/dds_fastrtps/emergency_stop__type_support.cpp.o[0m
[2.774s] [ 45%] [32mBuilding CXX object CMakeFiles/food_del_robot__rosidl_typesupport_c.dir/rosidl_typesupport_c/food_del_robot/srv/emergency_stop__type_support.cpp.o[0m
[2.796s] [ 48%] [32mBuilding C object CMakeFiles/food_del_robot__rosidl_typesupport_introspection_c.dir/rosidl_typesupport_introspection_c/food_del_robot/srv/detail/emergency_stop__type_support.c.o[0m
[2.799s] [ 51%] [32mBuilding CXX object CMakeFiles/food_del_robot__rosidl_typesupport_fastrtps_c.dir/rosidl_typesupport_fastrtps_c/food_del_robot/srv/detail/emergency_stop__type_support_c.cpp.o[0m
[2.807s] [ 54%] [32m[1mLinking CXX shared library libfood_del_robot__rosidl_typesupport_c.so[0m
[2.832s] [ 58%] [32m[1mLinking C shared library libfood_del_robot__rosidl_typesupport_introspection_c.so[0m
[2.843s] [ 58%] Built target food_del_robot__rosidl_typesupport_c
[2.861s] [ 58%] Built target food_del_robot__rosidl_typesupport_introspection_c
[2.912s] [ 61%] [32m[1mLinking CXX shared library libfood_del_robot__rosidl_typesupport_cpp.so[0m
[2.949s] [ 61%] Built target food_del_robot__rosidl_typesupport_cpp
[3.007s] [ 64%] [32m[1mLinking CXX shared library libfood_del_robot__rosidl_typesupport_introspection_cpp.so[0m
[3.030s] [ 67%] [32m[1mLinking CXX shared library libfood_del_robot__rosidl_typesupport_fastrtps_cpp.so[0m
[3.045s] [ 67%] Built target food_del_robot__rosidl_typesupport_introspection_cpp
[3.062s] [ 70%] [32m[1mLinking CXX shared library libfood_del_robot__rosidl_typesupport_fastrtps_c.so[0m
[3.092s] [ 70%] Built target food_del_robot__rosidl_typesupport_fastrtps_cpp
[3.125s] [ 70%] Built target food_del_robot__rosidl_typesupport_fastrtps_c
[3.145s] [ 70%] Built target food_del_robot
[3.164s] [ 74%] [34m[1mGenerating Python code for ROS interfaces[0m
[3.418s] [ 74%] Built target food_del_robot__py
[3.440s] [ 77%] [32mBuilding C object CMakeFiles/food_del_robot__rosidl_generator_py.dir/rosidl_generator_py/food_del_robot/srv/_emergency_stop_s.c.o[0m
[3.539s] [ 80%] [32m[1mLinking C shared library rosidl_generator_py/food_del_robot/libfood_del_robot__rosidl_generator_py.so[0m
[3.574s] [ 80%] Built target food_del_robot__rosidl_generator_py
[3.593s] [ 83%] [32mBuilding C object CMakeFiles/food_del_robot__rosidl_typesupport_fastrtps_c__pyext.dir/rosidl_generator_py/food_del_robot/_food_del_robot_s.ep.rosidl_typesupport_fastrtps_c.c.o[0m
[3.594s] [ 90%] [32mBuilding C object CMakeFiles/food_del_robot__rosidl_typesupport_c__pyext.dir/rosidl_generator_py/food_del_robot/_food_del_robot_s.ep.rosidl_typesupport_c.c.o[0m
[3.594s] [ 90%] [32mBuilding C object CMakeFiles/food_del_robot__rosidl_typesupport_introspection_c__pyext.dir/rosidl_generator_py/food_del_robot/_food_del_robot_s.ep.rosidl_typesupport_introspection_c.c.o[0m
[3.675s] [ 96%] [32m[1mLinking C shared library rosidl_generator_py/food_del_robot/food_del_robot_s__rosidl_typesupport_introspection_c.cpython-310-x86_64-linux-gnu.so[0m
[3.675s] [ 96%] [32m[1mLinking C shared library rosidl_generator_py/food_del_robot/food_del_robot_s__rosidl_typesupport_fastrtps_c.cpython-310-x86_64-linux-gnu.so[0m
[3.678s] [100%] [32m[1mLinking C shared library rosidl_generator_py/food_del_robot/food_del_robot_s__rosidl_typesupport_c.cpython-310-x86_64-linux-gnu.so[0m
[3.706s] [100%] Built target food_del_robot__rosidl_typesupport_fastrtps_c__pyext
[3.706s] [100%] Built target food_del_robot__rosidl_typesupport_introspection_c__pyext
[3.707s] [100%] Built target food_del_robot__rosidl_typesupport_c__pyext
[3.715s] Invoked command in '/home/panha/Food_Delivery_Robot/build/food_del_robot' returned '0': CMAKE_PREFIX_PATH=${CMAKE_PREFIX_PATH}:/home/panha/ws_moveit/install/moveit_configs_utils:/home/panha/ws_moveit/install/launch_param_builder:/home/panha/mushroom_ws_V2/install/py_mushroom_control:/home/panha/turtlebot3_ws/install/turtlebot3_teleop:/home/panha/turtlebot3_ws/install/turtlebot3_example:/opt/ros/humble /usr/bin/cmake --build /home/panha/Food_Delivery_Robot/build/food_del_robot -- -j16 -l16
[3.722s] Invoking command in '/home/panha/Food_Delivery_Robot/build/food_del_robot': CMAKE_PREFIX_PATH=${CMAKE_PREFIX_PATH}:/home/panha/ws_moveit/install/moveit_configs_utils:/home/panha/ws_moveit/install/launch_param_builder:/home/panha/mushroom_ws_V2/install/py_mushroom_control:/home/panha/turtlebot3_ws/install/turtlebot3_teleop:/home/panha/turtlebot3_ws/install/turtlebot3_example:/opt/ros/humble /usr/bin/cmake --install /home/panha/Food_Delivery_Robot/build/food_del_robot
[3.726s] -- Install configuration: ""
[3.726s] -- Installing: /home/panha/Food_Delivery_Robot/install/food_del_robot/share/ament_index/resource_index/rosidl_interfaces/food_del_robot
[3.726s] -- Installing: /home/panha/Food_Delivery_Robot/install/food_del_robot/include/food_del_robot/food_del_robot
[3.727s] -- Installing: /home/panha/Food_Delivery_Robot/install/food_del_robot/include/food_del_robot/food_del_robot/msg
[3.727s] -- Installing: /home/panha/Food_Delivery_Robot/install/food_del_robot/include/food_del_robot/food_del_robot/msg/rosidl_generator_c__visibility_control.h
[3.727s] -- Installing: /home/panha/Food_Delivery_Robot/install/food_del_robot/include/food_del_robot/food_del_robot/srv
[3.727s] -- Installing: /home/panha/Food_Delivery_Robot/install/food_del_robot/include/food_del_robot/food_del_robot/srv/emergency_stop.h
[3.727s] -- Installing: /home/panha/Food_Delivery_Robot/install/food_del_robot/include/food_del_robot/food_del_robot/srv/detail
[3.727s] -- Installing: /home/panha/Food_Delivery_Robot/install/food_del_robot/include/food_del_robot/food_del_robot/srv/detail/emergency_stop__functions.c
[3.727s] -- Installing: /home/panha/Food_Delivery_Robot/install/food_del_robot/include/food_del_robot/food_del_robot/srv/detail/emergency_stop__type_support.h
[3.727s] -- Installing: /home/panha/Food_Delivery_Robot/install/food_del_robot/include/food_del_robot/food_del_robot/srv/detail/emergency_stop__functions.h
[3.727s] -- Installing: /home/panha/Food_Delivery_Robot/install/food_del_robot/include/food_del_robot/food_del_robot/srv/detail/emergency_stop__struct.h
[3.727s] -- Installing: /home/panha/Food_Delivery_Robot/install/food_del_robot/share/food_del_robot/environment/library_path.sh
[3.727s] -- Installing: /home/panha/Food_Delivery_Robot/install/food_del_robot/share/food_del_robot/environment/library_path.dsv
[3.728s] -- Installing: /home/panha/Food_Delivery_Robot/install/food_del_robot/lib/libfood_del_robot__rosidl_generator_c.so
[3.728s] -- Set runtime path of "/home/panha/Food_Delivery_Robot/install/food_del_robot/lib/libfood_del_robot__rosidl_generator_c.so" to ""
[3.728s] -- Up-to-date: /home/panha/Food_Delivery_Robot/install/food_del_robot/include/food_del_robot/food_del_robot
[3.728s] -- Up-to-date: /home/panha/Food_Delivery_Robot/install/food_del_robot/include/food_del_robot/food_del_robot/msg
[3.728s] -- Installing: /home/panha/Food_Delivery_Robot/install/food_del_robot/include/food_del_robot/food_del_robot/msg/rosidl_typesupport_fastrtps_c__visibility_control.h
[3.728s] -- Up-to-date: /home/panha/Food_Delivery_Robot/install/food_del_robot/include/food_del_robot/food_del_robot/srv
[3.728s] -- Up-to-date: /home/panha/Food_Delivery_Robot/install/food_del_robot/include/food_del_robot/food_del_robot/srv/detail
[3.728s] -- Installing: /home/panha/Food_Delivery_Robot/install/food_del_robot/include/food_del_robot/food_del_robot/srv/detail/emergency_stop__rosidl_typesupport_fastrtps_c.h
[3.728s] -- Installing: /home/panha/Food_Delivery_Robot/install/food_del_robot/lib/libfood_del_robot__rosidl_typesupport_fastrtps_c.so
[3.729s] -- Set runtime path of "/home/panha/Food_Delivery_Robot/install/food_del_robot/lib/libfood_del_robot__rosidl_typesupport_fastrtps_c.so" to ""
[3.729s] -- Up-to-date: /home/panha/Food_Delivery_Robot/install/food_del_robot/include/food_del_robot/food_del_robot
[3.729s] -- Up-to-date: /home/panha/Food_Delivery_Robot/install/food_del_robot/include/food_del_robot/food_del_robot/msg
[3.729s] -- Installing: /home/panha/Food_Delivery_Robot/install/food_del_robot/include/food_del_robot/food_del_robot/msg/rosidl_generator_cpp__visibility_control.hpp
[3.729s] -- Up-to-date: /home/panha/Food_Delivery_Robot/install/food_del_robot/include/food_del_robot/food_del_robot/srv
[3.729s] -- Up-to-date: /home/panha/Food_Delivery_Robot/install/food_del_robot/include/food_del_robot/food_del_robot/srv/detail
[3.729s] -- Installing: /home/panha/Food_Delivery_Robot/install/food_del_robot/include/food_del_robot/food_del_robot/srv/detail/emergency_stop__struct.hpp
[3.729s] -- Installing: /home/panha/Food_Delivery_Robot/install/food_del_robot/include/food_del_robot/food_del_robot/srv/detail/emergency_stop__traits.hpp
[3.729s] -- Installing: /home/panha/Food_Delivery_Robot/install/food_del_robot/include/food_del_robot/food_del_robot/srv/detail/emergency_stop__builder.hpp
[3.729s] -- Installing: /home/panha/Food_Delivery_Robot/install/food_del_robot/include/food_del_robot/food_del_robot/srv/detail/emergency_stop__type_support.hpp
[3.729s] -- Installing: /home/panha/Food_Delivery_Robot/install/food_del_robot/include/food_del_robot/food_del_robot/srv/emergency_stop.hpp
[3.730s] -- Up-to-date: /home/panha/Food_Delivery_Robot/install/food_del_robot/include/food_del_robot/food_del_robot
[3.730s] -- Up-to-date: /home/panha/Food_Delivery_Robot/install/food_del_robot/include/food_del_robot/food_del_robot/msg
[3.730s] -- Installing: /home/panha/Food_Delivery_Robot/install/food_del_robot/include/food_del_robot/food_del_robot/msg/rosidl_typesupport_fastrtps_cpp__visibility_control.h
[3.730s] -- Up-to-date: /home/panha/Food_Delivery_Robot/install/food_del_robot/include/food_del_robot/food_del_robot/srv
[3.730s] -- Up-to-date: /home/panha/Food_Delivery_Robot/install/food_del_robot/include/food_del_robot/food_del_robot/srv/detail
[3.730s] -- Installing: /home/panha/Food_Delivery_Robot/install/food_del_robot/include/food_del_robot/food_del_robot/srv/detail/emergency_stop__rosidl_typesupport_fastrtps_cpp.hpp
[3.730s] -- Installing: /home/panha/Food_Delivery_Robot/install/food_del_robot/include/food_del_robot/food_del_robot/srv/detail/dds_fastrtps
[3.730s] -- Installing: /home/panha/Food_Delivery_Robot/install/food_del_robot/lib/libfood_del_robot__rosidl_typesupport_fastrtps_cpp.so
[3.730s] -- Set runtime path of "/home/panha/Food_Delivery_Robot/install/food_del_robot/lib/libfood_del_robot__rosidl_typesupport_fastrtps_cpp.so" to ""
[3.730s] -- Up-to-date: /home/panha/Food_Delivery_Robot/install/food_del_robot/include/food_del_robot/food_del_robot
[3.730s] -- Up-to-date: /home/panha/Food_Delivery_Robot/install/food_del_robot/include/food_del_robot/food_del_robot/msg
[3.730s] -- Installing: /home/panha/Food_Delivery_Robot/install/food_del_robot/include/food_del_robot/food_del_robot/msg/rosidl_typesupport_introspection_c__visibility_control.h
[3.731s] -- Up-to-date: /home/panha/Food_Delivery_Robot/install/food_del_robot/include/food_del_robot/food_del_robot/srv
[3.731s] -- Up-to-date: /home/panha/Food_Delivery_Robot/install/food_del_robot/include/food_del_robot/food_del_robot/srv/detail
[3.731s] -- Installing: /home/panha/Food_Delivery_Robot/install/food_del_robot/include/food_del_robot/food_del_robot/srv/detail/emergency_stop__type_support.c
[3.731s] -- Installing: /home/panha/Food_Delivery_Robot/install/food_del_robot/include/food_del_robot/food_del_robot/srv/detail/emergency_stop__rosidl_typesupport_introspection_c.h
[3.731s] -- Installing: /home/panha/Food_Delivery_Robot/install/food_del_robot/lib/libfood_del_robot__rosidl_typesupport_introspection_c.so
[3.731s] -- Set runtime path of "/home/panha/Food_Delivery_Robot/install/food_del_robot/lib/libfood_del_robot__rosidl_typesupport_introspection_c.so" to ""
[3.731s] -- Installing: /home/panha/Food_Delivery_Robot/install/food_del_robot/lib/libfood_del_robot__rosidl_typesupport_c.so
[3.731s] -- Set runtime path of "/home/panha/Food_Delivery_Robot/install/food_del_robot/lib/libfood_del_robot__rosidl_typesupport_c.so" to ""
[3.732s] -- Up-to-date: /home/panha/Food_Delivery_Robot/install/food_del_robot/include/food_del_robot/food_del_robot
[3.732s] -- Up-to-date: /home/panha/Food_Delivery_Robot/install/food_del_robot/include/food_del_robot/food_del_robot/srv
[3.732s] -- Up-to-date: /home/panha/Food_Delivery_Robot/install/food_del_robot/include/food_del_robot/food_del_robot/srv/detail
[3.732s] -- Installing: /home/panha/Food_Delivery_Robot/install/food_del_robot/include/food_del_robot/food_del_robot/srv/detail/emergency_stop__rosidl_typesupport_introspection_cpp.hpp
[3.732s] -- Installing: /home/panha/Food_Delivery_Robot/install/food_del_robot/include/food_del_robot/food_del_robot/srv/detail/emergency_stop__type_support.cpp
[3.732s] -- Installing: /home/panha/Food_Delivery_Robot/install/food_del_robot/lib/libfood_del_robot__rosidl_typesupport_introspection_cpp.so
[3.732s] -- Set runtime path of "/home/panha/Food_Delivery_Robot/install/food_del_robot/lib/libfood_del_robot__rosidl_typesupport_introspection_cpp.so" to ""
[3.732s] -- Installing: /home/panha/Food_Delivery_Robot/install/food_del_robot/lib/libfood_del_robot__rosidl_typesupport_cpp.so
[3.733s] -- Set runtime path of "/home/panha/Food_Delivery_Robot/install/food_del_robot/lib/libfood_del_robot__rosidl_typesupport_cpp.so" to ""
[3.733s] -- Installing: /home/panha/Food_Delivery_Robot/install/food_del_robot/share/food_del_robot/environment/pythonpath.sh
[3.733s] -- Installing: /home/panha/Food_Delivery_Robot/install/food_del_robot/share/food_del_robot/environment/pythonpath.dsv
[3.733s] -- Installing: /home/panha/Food_Delivery_Robot/install/food_del_robot/local/lib/python3.10/dist-packages/food_del_robot-0.0.0-py3.10.egg-info
[3.733s] -- Installing: /home/panha/Food_Delivery_Robot/install/food_del_robot/local/lib/python3.10/dist-packages/food_del_robot-0.0.0-py3.10.egg-info/dependency_links.txt
[3.733s] -- Installing: /home/panha/Food_Delivery_Robot/install/food_del_robot/local/lib/python3.10/dist-packages/food_del_robot-0.0.0-py3.10.egg-info/PKG-INFO
[3.733s] -- Installing: /home/panha/Food_Delivery_Robot/install/food_del_robot/local/lib/python3.10/dist-packages/food_del_robot-0.0.0-py3.10.egg-info/top_level.txt
[3.733s] -- Installing: /home/panha/Food_Delivery_Robot/install/food_del_robot/local/lib/python3.10/dist-packages/food_del_robot-0.0.0-py3.10.egg-info/SOURCES.txt
[3.733s] -- Installing: /home/panha/Food_Delivery_Robot/install/food_del_robot/local/lib/python3.10/dist-packages/food_del_robot
[3.734s] -- Installing: /home/panha/Food_Delivery_Robot/install/food_del_robot/local/lib/python3.10/dist-packages/food_del_robot/libfood_del_robot__rosidl_generator_py.so
[3.734s] -- Installing: /home/panha/Food_Delivery_Robot/install/food_del_robot/local/lib/python3.10/dist-packages/food_del_robot/__init__.py
[3.734s] -- Installing: /home/panha/Food_Delivery_Robot/install/food_del_robot/local/lib/python3.10/dist-packages/food_del_robot/_food_del_robot_s.ep.rosidl_typesupport_introspection_c.c
[3.734s] -- Installing: /home/panha/Food_Delivery_Robot/install/food_del_robot/local/lib/python3.10/dist-packages/food_del_robot/_food_del_robot_s.ep.rosidl_typesupport_c.c
[3.734s] -- Installing: /home/panha/Food_Delivery_Robot/install/food_del_robot/local/lib/python3.10/dist-packages/food_del_robot/food_del_robot_s__rosidl_typesupport_fastrtps_c.cpython-310-x86_64-linux-gnu.so
[3.734s] -- Installing: /home/panha/Food_Delivery_Robot/install/food_del_robot/local/lib/python3.10/dist-packages/food_del_robot/food_del_robot_s__rosidl_typesupport_c.cpython-310-x86_64-linux-gnu.so
[3.734s] -- Installing: /home/panha/Food_Delivery_Robot/install/food_del_robot/local/lib/python3.10/dist-packages/food_del_robot/_food_del_robot_s.ep.rosidl_typesupport_fastrtps_c.c
[3.734s] -- Installing: /home/panha/Food_Delivery_Robot/install/food_del_robot/local/lib/python3.10/dist-packages/food_del_robot/srv
[3.734s] -- Installing: /home/panha/Food_Delivery_Robot/install/food_del_robot/local/lib/python3.10/dist-packages/food_del_robot/srv/__init__.py
[3.734s] -- Installing: /home/panha/Food_Delivery_Robot/install/food_del_robot/local/lib/python3.10/dist-packages/food_del_robot/srv/_emergency_stop.py
[3.735s] -- Installing: /home/panha/Food_Delivery_Robot/install/food_del_robot/local/lib/python3.10/dist-packages/food_del_robot/srv/_emergency_stop_s.c
[3.735s] -- Installing: /home/panha/Food_Delivery_Robot/install/food_del_robot/local/lib/python3.10/dist-packages/food_del_robot/food_del_robot_s__rosidl_typesupport_introspection_c.cpython-310-x86_64-linux-gnu.so
[3.767s] Listing '/home/panha/Food_Delivery_Robot/install/food_del_robot/local/lib/python3.10/dist-packages/food_del_robot'...
[3.767s] Compiling '/home/panha/Food_Delivery_Robot/install/food_del_robot/local/lib/python3.10/dist-packages/food_del_robot/__init__.py'...
[3.767s] Listing '/home/panha/Food_Delivery_Robot/install/food_del_robot/local/lib/python3.10/dist-packages/food_del_robot/srv'...
[3.767s] Compiling '/home/panha/Food_Delivery_Robot/install/food_del_robot/local/lib/python3.10/dist-packages/food_del_robot/srv/__init__.py'...
[3.768s] Compiling '/home/panha/Food_Delivery_Robot/install/food_del_robot/local/lib/python3.10/dist-packages/food_del_robot/srv/_emergency_stop.py'...
[3.770s] -- Installing: /home/panha/Food_Delivery_Robot/install/food_del_robot/local/lib/python3.10/dist-packages/food_del_robot/food_del_robot_s__rosidl_typesupport_fastrtps_c.cpython-310-x86_64-linux-gnu.so
[3.771s] -- Set runtime path of "/home/panha/Food_Delivery_Robot/install/food_del_robot/local/lib/python3.10/dist-packages/food_del_robot/food_del_robot_s__rosidl_typesupport_fastrtps_c.cpython-310-x86_64-linux-gnu.so" to ""
[3.771s] -- Installing: /home/panha/Food_Delivery_Robot/install/food_del_robot/local/lib/python3.10/dist-packages/food_del_robot/food_del_robot_s__rosidl_typesupport_introspection_c.cpython-310-x86_64-linux-gnu.so
[3.771s] -- Set runtime path of "/home/panha/Food_Delivery_Robot/install/food_del_robot/local/lib/python3.10/dist-packages/food_del_robot/food_del_robot_s__rosidl_typesupport_introspection_c.cpython-310-x86_64-linux-gnu.so" to ""
[3.771s] -- Installing: /home/panha/Food_Delivery_Robot/install/food_del_robot/local/lib/python3.10/dist-packages/food_del_robot/food_del_robot_s__rosidl_typesupport_c.cpython-310-x86_64-linux-gnu.so
[3.772s] -- Set runtime path of "/home/panha/Food_Delivery_Robot/install/food_del_robot/local/lib/python3.10/dist-packages/food_del_robot/food_del_robot_s__rosidl_typesupport_c.cpython-310-x86_64-linux-gnu.so" to ""
[3.772s] -- Installing: /home/panha/Food_Delivery_Robot/install/food_del_robot/lib/libfood_del_robot__rosidl_generator_py.so
[3.772s] -- Set runtime path of "/home/panha/Food_Delivery_Robot/install/food_del_robot/lib/libfood_del_robot__rosidl_generator_py.so" to ""
[3.772s] -- Installing: /home/panha/Food_Delivery_Robot/install/food_del_robot/share/food_del_robot/srv/EmergencyStop.idl
[3.772s] -- Installing: /home/panha/Food_Delivery_Robot/install/food_del_robot/share/food_del_robot/srv/EmergencyStop.srv
[3.772s] -- Installing: /home/panha/Food_Delivery_Robot/install/food_del_robot/share/food_del_robot/srv/EmergencyStop_Request.msg
[3.772s] -- Installing: /home/panha/Food_Delivery_Robot/install/food_del_robot/share/food_del_robot/srv/EmergencyStop_Response.msg
[3.773s] -- Installing: /home/panha/Food_Delivery_Robot/install/food_del_robot/share/ament_index/resource_index/package_run_dependencies/food_del_robot
[3.773s] -- Installing: /home/panha/Food_Delivery_Robot/install/food_del_robot/share/ament_index/resource_index/parent_prefix_path/food_del_robot
[3.773s] -- Installing: /home/panha/Food_Delivery_Robot/install/food_del_robot/share/food_del_robot/environment/ament_prefix_path.sh
[3.773s] -- Installing: /home/panha/Food_Delivery_Robot/install/food_del_robot/share/food_del_robot/environment/ament_prefix_path.dsv
[3.773s] -- Installing: /home/panha/Food_Delivery_Robot/install/food_del_robot/share/food_del_robot/environment/path.sh
[3.773s] -- Installing: /home/panha/Food_Delivery_Robot/install/food_del_robot/share/food_del_robot/environment/path.dsv
[3.773s] -- Installing: /home/panha/Food_Delivery_Robot/install/food_del_robot/share/food_del_robot/local_setup.bash
[3.774s] -- Installing: /home/panha/Food_Delivery_Robot/install/food_del_robot/share/food_del_robot/local_setup.sh
[3.774s] -- Installing: /home/panha/Food_Delivery_Robot/install/food_del_robot/share/food_del_robot/local_setup.zsh
[3.774s] -- Installing: /home/panha/Food_Delivery_Robot/install/food_del_robot/share/food_del_robot/local_setup.dsv
[3.774s] -- Installing: /home/panha/Food_Delivery_Robot/install/food_del_robot/share/food_del_robot/package.dsv
[3.774s] -- Installing: /home/panha/Food_Delivery_Robot/install/food_del_robot/share/ament_index/resource_index/packages/food_del_robot
[3.774s] -- Installing: /home/panha/Food_Delivery_Robot/install/food_del_robot/share/food_del_robot/cmake/export_food_del_robot__rosidl_generator_cExport.cmake
[3.774s] -- Installing: /home/panha/Food_Delivery_Robot/install/food_del_robot/share/food_del_robot/cmake/export_food_del_robot__rosidl_generator_cExport-noconfig.cmake
[3.774s] -- Installing: /home/panha/Food_Delivery_Robot/install/food_del_robot/share/food_del_robot/cmake/export_food_del_robot__rosidl_typesupport_fastrtps_cExport.cmake
[3.775s] -- Installing: /home/panha/Food_Delivery_Robot/install/food_del_robot/share/food_del_robot/cmake/export_food_del_robot__rosidl_typesupport_fastrtps_cExport-noconfig.cmake
[3.775s] -- Installing: /home/panha/Food_Delivery_Robot/install/food_del_robot/share/food_del_robot/cmake/export_food_del_robot__rosidl_generator_cppExport.cmake
[3.775s] -- Installing: /home/panha/Food_Delivery_Robot/install/food_del_robot/share/food_del_robot/cmake/export_food_del_robot__rosidl_typesupport_fastrtps_cppExport.cmake
[3.775s] -- Installing: /home/panha/Food_Delivery_Robot/install/food_del_robot/share/food_del_robot/cmake/export_food_del_robot__rosidl_typesupport_fastrtps_cppExport-noconfig.cmake
[3.775s] -- Installing: /home/panha/Food_Delivery_Robot/install/food_del_robot/share/food_del_robot/cmake/food_del_robot__rosidl_typesupport_introspection_cExport.cmake
[3.775s] -- Installing: /home/panha/Food_Delivery_Robot/install/food_del_robot/share/food_del_robot/cmake/food_del_robot__rosidl_typesupport_introspection_cExport-noconfig.cmake
[3.775s] -- Installing: /home/panha/Food_Delivery_Robot/install/food_del_robot/share/food_del_robot/cmake/food_del_robot__rosidl_typesupport_cExport.cmake
[3.775s] -- Installing: /home/panha/Food_Delivery_Robot/install/food_del_robot/share/food_del_robot/cmake/food_del_robot__rosidl_typesupport_cExport-noconfig.cmake
[3.776s] -- Installing: /home/panha/Food_Delivery_Robot/install/food_del_robot/share/food_del_robot/cmake/food_del_robot__rosidl_typesupport_introspection_cppExport.cmake
[3.776s] -- Installing: /home/panha/Food_Delivery_Robot/install/food_del_robot/share/food_del_robot/cmake/food_del_robot__rosidl_typesupport_introspection_cppExport-noconfig.cmake
[3.776s] -- Installing: /home/panha/Food_Delivery_Robot/install/food_del_robot/share/food_del_robot/cmake/food_del_robot__rosidl_typesupport_cppExport.cmake
[3.776s] -- Installing: /home/panha/Food_Delivery_Robot/install/food_del_robot/share/food_del_robot/cmake/food_del_robot__rosidl_typesupport_cppExport-noconfig.cmake
[3.776s] -- Installing: /home/panha/Food_Delivery_Robot/install/food_del_robot/share/food_del_robot/cmake/export_food_del_robot__rosidl_generator_pyExport.cmake
[3.776s] -- Installing: /home/panha/Food_Delivery_Robot/install/food_del_robot/share/food_del_robot/cmake/export_food_del_robot__rosidl_generator_pyExport-noconfig.cmake
[3.776s] -- Installing: /home/panha/Food_Delivery_Robot/install/food_del_robot/share/food_del_robot/cmake/rosidl_cmake-extras.cmake
[3.776s] -- Installing: /home/panha/Food_Delivery_Robot/install/food_del_robot/share/food_del_robot/cmake/ament_cmake_export_dependencies-extras.cmake
[3.777s] -- Installing: /home/panha/Food_Delivery_Robot/install/food_del_robot/share/food_del_robot/cmake/ament_cmake_export_include_directories-extras.cmake
[3.777s] -- Installing: /home/panha/Food_Delivery_Robot/install/food_del_robot/share/food_del_robot/cmake/ament_cmake_export_libraries-extras.cmake
[3.777s] -- Installing: /home/panha/Food_Delivery_Robot/install/food_del_robot/share/food_del_robot/cmake/ament_cmake_export_targets-extras.cmake
[3.777s] -- Installing: /home/panha/Food_Delivery_Robot/install/food_del_robot/share/food_del_robot/cmake/rosidl_cmake_export_typesupport_targets-extras.cmake
[3.777s] -- Installing: /home/panha/Food_Delivery_Robot/install/food_del_robot/share/food_del_robot/cmake/rosidl_cmake_export_typesupport_libraries-extras.cmake
[3.777s] -- Installing: /home/panha/Food_Delivery_Robot/install/food_del_robot/share/food_del_robot/cmake/food_del_robotConfig.cmake
[3.777s] -- Installing: /home/panha/Food_Delivery_Robot/install/food_del_robot/share/food_del_robot/cmake/food_del_robotConfig-version.cmake
[3.777s] -- Installing: /home/panha/Food_Delivery_Robot/install/food_del_robot/share/food_del_robot/package.xml
[3.779s] Invoked command in '/home/panha/Food_Delivery_Robot/build/food_del_robot' returned '0': CMAKE_PREFIX_PATH=${CMAKE_PREFIX_PATH}:/home/panha/ws_moveit/install/moveit_configs_utils:/home/panha/ws_moveit/install/launch_param_builder:/home/panha/mushroom_ws_V2/install/py_mushroom_control:/home/panha/turtlebot3_ws/install/turtlebot3_teleop:/home/panha/turtlebot3_ws/install/turtlebot3_example:/opt/ros/humble /usr/bin/cmake --install /home/panha/Food_Delivery_Robot/build/food_del_robot
