-- Found ament_cmake: 1.3.12 (/opt/ros/humble/share/ament_cmake/cmake)
-- Override CMake install command with custom implementation using symlinks instead of copying resources
-- Found rclcpp: 16.0.17 (/opt/ros/humble/share/rclcpp/cmake)
-- Found rosidl_generator_c: 3.1.8 (/opt/ros/humble/share/rosidl_generator_c/cmake)
-- Found rosidl_adapter: 3.1.8 (/opt/ros/humble/share/rosidl_adapter/cmake)
-- Found rosidl_generator_cpp: 3.1.8 (/opt/ros/humble/share/rosidl_generator_cpp/cmake)
-- Using all available rosidl_typesupport_c: rosidl_typesupport_fastrtps_c;rosidl_typesupport_introspection_c
-- Using all available rosidl_typesupport_cpp: rosidl_typesupport_fastrtps_cpp;rosidl_typesupport_introspection_cpp
-- Found rmw_implementation_cmake: 6.1.2 (/opt/ros/humble/share/rmw_implementation_cmake/cmake)
-- Found rmw_cyclonedds_cpp: 1.3.4 (/opt/ros/humble/share/rmw_cyclonedds_cpp/cmake)
-- Using RMW implementation 'rmw_cyclonedds_cpp' as default
-- Found rosidl_default_generators: 1.2.0 (/opt/ros/humble/share/rosidl_default_generators/cmake)
-- Found ament_cmake_ros: 0.10.0 (/opt/ros/humble/share/ament_cmake_ros/cmake)
-- Using all available rosidl_typesupport_c: rosidl_typesupport_fastrtps_c;rosidl_typesupport_introspection_c
-- Using all available rosidl_typesupport_cpp: rosidl_typesupport_fastrtps_cpp;rosidl_typesupport_introspection_cpp
-- Found python_cmake_module: 0.10.0 (/opt/ros/humble/share/python_cmake_module/cmake)
-- Using PYTHON_EXECUTABLE: /usr/bin/python3
-- Using PYTHON_INCLUDE_DIRS: /usr/include/python3.10
-- Using PYTHON_LIBRARIES: /usr/lib/x86_64-linux-gnu/libpython3.10.so
-- Configuring done
-- Generating done
-- Build files have been written to: /home/tikea/Food_Delivery_Robot/build/food_del_robot
[35m[1mConsolidate compiler generated dependencies of target food_del_robot__rosidl_generator_c[0m
[ 12%] Built target food_del_robot__cpp
[ 12%] Built target food_del_robot__rosidl_generator_c
[ 12%] Built target ament_cmake_python_symlink_food_del_robot
[35m[1mConsolidate compiler generated dependencies of target food_del_robot__rosidl_typesupport_introspection_cpp[0m
[35m[1mConsolidate compiler generated dependencies of target food_del_robot__rosidl_typesupport_fastrtps_c[0m
[35m[1mConsolidate compiler generated dependencies of target food_del_robot__rosidl_typesupport_c[0m
[35m[1mConsolidate compiler generated dependencies of target food_del_robot__rosidl_typesupport_introspection_c[0m
[35m[1mConsolidate compiler generated dependencies of target food_del_robot__rosidl_typesupport_fastrtps_cpp[0m
[35m[1mConsolidate compiler generated dependencies of target food_del_robot__rosidl_typesupport_cpp[0m
[ 22%] Built target food_del_robot__rosidl_typesupport_fastrtps_c
[ 32%] Built target food_del_robot__rosidl_typesupport_introspection_cpp
[ 41%] Built target food_del_robot__rosidl_typesupport_c
[ 51%] Built target food_del_robot__rosidl_typesupport_introspection_c
[ 61%] Built target food_del_robot__rosidl_typesupport_fastrtps_cpp
[ 70%] Built target food_del_robot__rosidl_typesupport_cpp
[ 70%] Built target food_del_robot
[ 74%] Built target food_del_robot__py
[35m[1mConsolidate compiler generated dependencies of target food_del_robot__rosidl_generator_py[0m
[ 80%] Built target food_del_robot__rosidl_generator_py
[35m[1mConsolidate compiler generated dependencies of target food_del_robot__rosidl_typesupport_fastrtps_c__pyext[0m
[35m[1mConsolidate compiler generated dependencies of target food_del_robot__rosidl_typesupport_introspection_c__pyext[0m
[35m[1mConsolidate compiler generated dependencies of target food_del_robot__rosidl_typesupport_c__pyext[0m
[ 87%] Built target food_del_robot__rosidl_typesupport_fastrtps_c__pyext
[ 93%] Built target food_del_robot__rosidl_typesupport_c__pyext
[100%] Built target food_del_robot__rosidl_typesupport_introspection_c__pyext
running egg_info
writing food_del_robot.egg-info/PKG-INFO
writing dependency_links to food_del_robot.egg-info/dependency_links.txt
writing top-level names to food_del_robot.egg-info/top_level.txt
reading manifest file 'food_del_robot.egg-info/SOURCES.txt'
writing manifest file 'food_del_robot.egg-info/SOURCES.txt'
[100%] Built target ament_cmake_python_build_food_del_robot_egg
-- Install configuration: ""
-- Execute custom install script
-- Up-to-date symlink: /home/tikea/Food_Delivery_Robot/install/food_del_robot/share/ament_index/resource_index/rosidl_interfaces/food_del_robot
-- Up-to-date symlink: /home/tikea/Food_Delivery_Robot/install/food_del_robot/include/food_del_robot/food_del_robot/msg/rosidl_generator_c__visibility_control.h
-- Up-to-date symlink: /home/tikea/Food_Delivery_Robot/install/food_del_robot/include/food_del_robot/food_del_robot/srv/detail/emergency_stop__functions.h
-- Up-to-date symlink: /home/tikea/Food_Delivery_Robot/install/food_del_robot/include/food_del_robot/food_del_robot/srv/detail/emergency_stop__struct.h
-- Up-to-date symlink: /home/tikea/Food_Delivery_Robot/install/food_del_robot/include/food_del_robot/food_del_robot/srv/detail/emergency_stop__type_support.h
-- Up-to-date symlink: /home/tikea/Food_Delivery_Robot/install/food_del_robot/include/food_del_robot/food_del_robot/srv/emergency_stop.h
-- Up-to-date symlink: /home/tikea/Food_Delivery_Robot/install/food_del_robot/share/food_del_robot/environment/library_path.sh
-- Up-to-date symlink: /home/tikea/Food_Delivery_Robot/install/food_del_robot/share/food_del_robot/environment/library_path.dsv
-- Up-to-date symlink: /home/tikea/Food_Delivery_Robot/install/food_del_robot/include/food_del_robot/food_del_robot/msg/rosidl_typesupport_fastrtps_c__visibility_control.h
-- Up-to-date symlink: /home/tikea/Food_Delivery_Robot/install/food_del_robot/include/food_del_robot/food_del_robot/srv/detail/emergency_stop__rosidl_typesupport_fastrtps_c.h
-- Up-to-date symlink: /home/tikea/Food_Delivery_Robot/install/food_del_robot/include/food_del_robot/food_del_robot/msg/rosidl_generator_cpp__visibility_control.hpp
-- Up-to-date symlink: /home/tikea/Food_Delivery_Robot/install/food_del_robot/include/food_del_robot/food_del_robot/srv/detail/emergency_stop__builder.hpp
-- Up-to-date symlink: /home/tikea/Food_Delivery_Robot/install/food_del_robot/include/food_del_robot/food_del_robot/srv/detail/emergency_stop__struct.hpp
-- Up-to-date symlink: /home/tikea/Food_Delivery_Robot/install/food_del_robot/include/food_del_robot/food_del_robot/srv/detail/emergency_stop__traits.hpp
-- Up-to-date symlink: /home/tikea/Food_Delivery_Robot/install/food_del_robot/include/food_del_robot/food_del_robot/srv/detail/emergency_stop__type_support.hpp
-- Up-to-date symlink: /home/tikea/Food_Delivery_Robot/install/food_del_robot/include/food_del_robot/food_del_robot/srv/emergency_stop.hpp
-- Up-to-date symlink: /home/tikea/Food_Delivery_Robot/install/food_del_robot/include/food_del_robot/food_del_robot/msg/rosidl_typesupport_fastrtps_cpp__visibility_control.h
-- Up-to-date symlink: /home/tikea/Food_Delivery_Robot/install/food_del_robot/include/food_del_robot/food_del_robot/srv/detail/emergency_stop__rosidl_typesupport_fastrtps_cpp.hpp
-- Up-to-date symlink: /home/tikea/Food_Delivery_Robot/install/food_del_robot/include/food_del_robot/food_del_robot/msg/rosidl_typesupport_introspection_c__visibility_control.h
-- Up-to-date symlink: /home/tikea/Food_Delivery_Robot/install/food_del_robot/include/food_del_robot/food_del_robot/srv/detail/emergency_stop__rosidl_typesupport_introspection_c.h
-- Up-to-date symlink: /home/tikea/Food_Delivery_Robot/install/food_del_robot/include/food_del_robot/food_del_robot/srv/detail/emergency_stop__rosidl_typesupport_introspection_cpp.hpp
-- Up-to-date symlink: /home/tikea/Food_Delivery_Robot/install/food_del_robot/share/food_del_robot/environment/pythonpath.sh
-- Up-to-date symlink: /home/tikea/Food_Delivery_Robot/install/food_del_robot/share/food_del_robot/environment/pythonpath.dsv
-- Up-to-date symlink: /home/tikea/Food_Delivery_Robot/install/food_del_robot/local/lib/python3.10/dist-packages/food_del_robot-0.0.0-py3.10.egg-info/PKG-INFO
-- Up-to-date symlink: /home/tikea/Food_Delivery_Robot/install/food_del_robot/local/lib/python3.10/dist-packages/food_del_robot-0.0.0-py3.10.egg-info/SOURCES.txt
-- Up-to-date symlink: /home/tikea/Food_Delivery_Robot/install/food_del_robot/local/lib/python3.10/dist-packages/food_del_robot-0.0.0-py3.10.egg-info/dependency_links.txt
-- Up-to-date symlink: /home/tikea/Food_Delivery_Robot/install/food_del_robot/local/lib/python3.10/dist-packages/food_del_robot-0.0.0-py3.10.egg-info/top_level.txt
-- Up-to-date symlink: /home/tikea/Food_Delivery_Robot/install/food_del_robot/local/lib/python3.10/dist-packages/food_del_robot/__init__.py
-- Up-to-date symlink: /home/tikea/Food_Delivery_Robot/install/food_del_robot/local/lib/python3.10/dist-packages/food_del_robot/_food_del_robot_s.ep.rosidl_typesupport_c.c
-- Up-to-date symlink: /home/tikea/Food_Delivery_Robot/install/food_del_robot/local/lib/python3.10/dist-packages/food_del_robot/_food_del_robot_s.ep.rosidl_typesupport_fastrtps_c.c
-- Up-to-date symlink: /home/tikea/Food_Delivery_Robot/install/food_del_robot/local/lib/python3.10/dist-packages/food_del_robot/_food_del_robot_s.ep.rosidl_typesupport_introspection_c.c
-- Up-to-date symlink: /home/tikea/Food_Delivery_Robot/install/food_del_robot/local/lib/python3.10/dist-packages/food_del_robot/food_del_robot_s__rosidl_typesupport_c.cpython-310-x86_64-linux-gnu.so
-- Up-to-date symlink: /home/tikea/Food_Delivery_Robot/install/food_del_robot/local/lib/python3.10/dist-packages/food_del_robot/food_del_robot_s__rosidl_typesupport_fastrtps_c.cpython-310-x86_64-linux-gnu.so
-- Up-to-date symlink: /home/tikea/Food_Delivery_Robot/install/food_del_robot/local/lib/python3.10/dist-packages/food_del_robot/food_del_robot_s__rosidl_typesupport_introspection_c.cpython-310-x86_64-linux-gnu.so
-- Up-to-date symlink: /home/tikea/Food_Delivery_Robot/install/food_del_robot/local/lib/python3.10/dist-packages/food_del_robot/libfood_del_robot__rosidl_generator_py.so
-- Up-to-date symlink: /home/tikea/Food_Delivery_Robot/install/food_del_robot/local/lib/python3.10/dist-packages/food_del_robot/srv/__init__.py
-- Up-to-date symlink: /home/tikea/Food_Delivery_Robot/install/food_del_robot/local/lib/python3.10/dist-packages/food_del_robot/srv/_emergency_stop.py
-- Up-to-date symlink: /home/tikea/Food_Delivery_Robot/install/food_del_robot/local/lib/python3.10/dist-packages/food_del_robot/srv/_emergency_stop_s.c
-- Up-to-date symlink: /home/tikea/Food_Delivery_Robot/install/food_del_robot/local/lib/python3.10/dist-packages/food_del_robot/food_del_robot_s__rosidl_typesupport_fastrtps_c.cpython-310-x86_64-linux-gnu.so
-- Up-to-date symlink: /home/tikea/Food_Delivery_Robot/install/food_del_robot/local/lib/python3.10/dist-packages/food_del_robot/food_del_robot_s__rosidl_typesupport_introspection_c.cpython-310-x86_64-linux-gnu.so
-- Up-to-date symlink: /home/tikea/Food_Delivery_Robot/install/food_del_robot/local/lib/python3.10/dist-packages/food_del_robot/food_del_robot_s__rosidl_typesupport_c.cpython-310-x86_64-linux-gnu.so
-- Up-to-date symlink: /home/tikea/Food_Delivery_Robot/install/food_del_robot/share/food_del_robot/srv/EmergencyStop.idl
-- Up-to-date symlink: /home/tikea/Food_Delivery_Robot/install/food_del_robot/share/food_del_robot/srv/EmergencyStop.srv
-- Up-to-date symlink: /home/tikea/Food_Delivery_Robot/install/food_del_robot/share/food_del_robot/srv/EmergencyStop_Request.msg
-- Up-to-date symlink: /home/tikea/Food_Delivery_Robot/install/food_del_robot/share/food_del_robot/srv/EmergencyStop_Response.msg
-- Up-to-date symlink: /home/tikea/Food_Delivery_Robot/install/food_del_robot/share/ament_index/resource_index/package_run_dependencies/food_del_robot
-- Up-to-date symlink: /home/tikea/Food_Delivery_Robot/install/food_del_robot/share/ament_index/resource_index/parent_prefix_path/food_del_robot
-- Up-to-date symlink: /home/tikea/Food_Delivery_Robot/install/food_del_robot/share/food_del_robot/environment/ament_prefix_path.sh
-- Up-to-date symlink: /home/tikea/Food_Delivery_Robot/install/food_del_robot/share/food_del_robot/environment/ament_prefix_path.dsv
-- Up-to-date symlink: /home/tikea/Food_Delivery_Robot/install/food_del_robot/share/food_del_robot/environment/path.sh
-- Up-to-date symlink: /home/tikea/Food_Delivery_Robot/install/food_del_robot/share/food_del_robot/environment/path.dsv
-- Up-to-date symlink: /home/tikea/Food_Delivery_Robot/install/food_del_robot/share/food_del_robot/local_setup.bash
-- Up-to-date symlink: /home/tikea/Food_Delivery_Robot/install/food_del_robot/share/food_del_robot/local_setup.sh
-- Up-to-date symlink: /home/tikea/Food_Delivery_Robot/install/food_del_robot/share/food_del_robot/local_setup.zsh
-- Up-to-date symlink: /home/tikea/Food_Delivery_Robot/install/food_del_robot/share/food_del_robot/local_setup.dsv
-- Symlinking: /home/tikea/Food_Delivery_Robot/install/food_del_robot/share/food_del_robot/package.dsv
-- Up-to-date symlink: /home/tikea/Food_Delivery_Robot/install/food_del_robot/share/ament_index/resource_index/packages/food_del_robot
-- Up-to-date symlink: /home/tikea/Food_Delivery_Robot/install/food_del_robot/share/food_del_robot/cmake/rosidl_cmake-extras.cmake
-- Up-to-date symlink: /home/tikea/Food_Delivery_Robot/install/food_del_robot/share/food_del_robot/cmake/ament_cmake_export_dependencies-extras.cmake
-- Up-to-date symlink: /home/tikea/Food_Delivery_Robot/install/food_del_robot/share/food_del_robot/cmake/ament_cmake_export_include_directories-extras.cmake
-- Up-to-date symlink: /home/tikea/Food_Delivery_Robot/install/food_del_robot/share/food_del_robot/cmake/ament_cmake_export_libraries-extras.cmake
-- Up-to-date symlink: /home/tikea/Food_Delivery_Robot/install/food_del_robot/share/food_del_robot/cmake/ament_cmake_export_targets-extras.cmake
-- Up-to-date symlink: /home/tikea/Food_Delivery_Robot/install/food_del_robot/share/food_del_robot/cmake/rosidl_cmake_export_typesupport_targets-extras.cmake
-- Up-to-date symlink: /home/tikea/Food_Delivery_Robot/install/food_del_robot/share/food_del_robot/cmake/rosidl_cmake_export_typesupport_libraries-extras.cmake
-- Up-to-date symlink: /home/tikea/Food_Delivery_Robot/install/food_del_robot/share/food_del_robot/cmake/food_del_robotConfig.cmake
-- Up-to-date symlink: /home/tikea/Food_Delivery_Robot/install/food_del_robot/share/food_del_robot/cmake/food_del_robotConfig-version.cmake
-- Up-to-date symlink: /home/tikea/Food_Delivery_Robot/install/food_del_robot/share/food_del_robot/package.xml
-- Up-to-date: /home/tikea/Food_Delivery_Robot/install/food_del_robot/lib/libfood_del_robot__rosidl_generator_c.so
-- Up-to-date: /home/tikea/Food_Delivery_Robot/install/food_del_robot/lib/libfood_del_robot__rosidl_typesupport_fastrtps_c.so
-- Up-to-date: /home/tikea/Food_Delivery_Robot/install/food_del_robot/lib/libfood_del_robot__rosidl_typesupport_fastrtps_cpp.so
-- Up-to-date: /home/tikea/Food_Delivery_Robot/install/food_del_robot/lib/libfood_del_robot__rosidl_typesupport_introspection_c.so
-- Up-to-date: /home/tikea/Food_Delivery_Robot/install/food_del_robot/lib/libfood_del_robot__rosidl_typesupport_c.so
-- Up-to-date: /home/tikea/Food_Delivery_Robot/install/food_del_robot/lib/libfood_del_robot__rosidl_typesupport_introspection_cpp.so
-- Up-to-date: /home/tikea/Food_Delivery_Robot/install/food_del_robot/lib/libfood_del_robot__rosidl_typesupport_cpp.so
Listing '/home/tikea/Food_Delivery_Robot/install/food_del_robot/local/lib/python3.10/dist-packages/food_del_robot'...
Compiling '/home/tikea/Food_Delivery_Robot/install/food_del_robot/local/lib/python3.10/dist-packages/food_del_robot/__init__.py'...
Listing '/home/tikea/Food_Delivery_Robot/install/food_del_robot/local/lib/python3.10/dist-packages/food_del_robot/srv'...
-- Up-to-date: /home/tikea/Food_Delivery_Robot/install/food_del_robot/lib/libfood_del_robot__rosidl_generator_py.so
-- Up-to-date: /home/tikea/Food_Delivery_Robot/install/food_del_robot/share/food_del_robot/cmake/export_food_del_robot__rosidl_generator_cExport.cmake
-- Up-to-date: /home/tikea/Food_Delivery_Robot/install/food_del_robot/share/food_del_robot/cmake/export_food_del_robot__rosidl_generator_cExport-noconfig.cmake
-- Up-to-date: /home/tikea/Food_Delivery_Robot/install/food_del_robot/share/food_del_robot/cmake/export_food_del_robot__rosidl_typesupport_fastrtps_cExport.cmake
-- Up-to-date: /home/tikea/Food_Delivery_Robot/install/food_del_robot/share/food_del_robot/cmake/export_food_del_robot__rosidl_typesupport_fastrtps_cExport-noconfig.cmake
-- Up-to-date: /home/tikea/Food_Delivery_Robot/install/food_del_robot/share/food_del_robot/cmake/export_food_del_robot__rosidl_generator_cppExport.cmake
-- Up-to-date: /home/tikea/Food_Delivery_Robot/install/food_del_robot/share/food_del_robot/cmake/export_food_del_robot__rosidl_typesupport_fastrtps_cppExport.cmake
-- Up-to-date: /home/tikea/Food_Delivery_Robot/install/food_del_robot/share/food_del_robot/cmake/export_food_del_robot__rosidl_typesupport_fastrtps_cppExport-noconfig.cmake
-- Up-to-date: /home/tikea/Food_Delivery_Robot/install/food_del_robot/share/food_del_robot/cmake/food_del_robot__rosidl_typesupport_introspection_cExport.cmake
-- Up-to-date: /home/tikea/Food_Delivery_Robot/install/food_del_robot/share/food_del_robot/cmake/food_del_robot__rosidl_typesupport_introspection_cExport-noconfig.cmake
-- Up-to-date: /home/tikea/Food_Delivery_Robot/install/food_del_robot/share/food_del_robot/cmake/food_del_robot__rosidl_typesupport_cExport.cmake
-- Up-to-date: /home/tikea/Food_Delivery_Robot/install/food_del_robot/share/food_del_robot/cmake/food_del_robot__rosidl_typesupport_cExport-noconfig.cmake
-- Up-to-date: /home/tikea/Food_Delivery_Robot/install/food_del_robot/share/food_del_robot/cmake/food_del_robot__rosidl_typesupport_introspection_cppExport.cmake
-- Up-to-date: /home/tikea/Food_Delivery_Robot/install/food_del_robot/share/food_del_robot/cmake/food_del_robot__rosidl_typesupport_introspection_cppExport-noconfig.cmake
-- Up-to-date: /home/tikea/Food_Delivery_Robot/install/food_del_robot/share/food_del_robot/cmake/food_del_robot__rosidl_typesupport_cppExport.cmake
-- Up-to-date: /home/tikea/Food_Delivery_Robot/install/food_del_robot/share/food_del_robot/cmake/food_del_robot__rosidl_typesupport_cppExport-noconfig.cmake
-- Up-to-date: /home/tikea/Food_Delivery_Robot/install/food_del_robot/share/food_del_robot/cmake/export_food_del_robot__rosidl_generator_pyExport.cmake
-- Up-to-date: /home/tikea/Food_Delivery_Robot/install/food_del_robot/share/food_del_robot/cmake/export_food_del_robot__rosidl_generator_pyExport-noconfig.cmake
