[35m[1mConsolidate compiler generated dependencies of target food_del_robot_hardware[0m
[ 20%] [32mBuilding CXX object CMakeFiles/food_del_robot_hardware.dir/src/food_del_robot_hardware_interface.cpp.o[0m
In file included from [01m[K/usr/include/x86_64-linux-gnu/c++/11/bits/c++allocator.h:33[m[K,
                 from [01m[K/usr/include/c++/11/bits/allocator.h:46[m[K,
                 from [01m[K/usr/include/c++/11/memory:64[m[K,
                 from [01m[K/opt/ros/humble/include/hardware_interface/hardware_interface/system_interface.hpp:18[m[K,
                 from [01m[K/home/tikea/Food_Delivery_Robot/src/food_del_robot_hardware/include/food_del_robot_hardware/food_del_robot_hardware_interface.hpp:4[m[K,
                 from [01m[K/home/tikea/Food_Delivery_Robot/src/food_del_robot_hardware/src/food_del_robot_hardware_interface.cpp:1[m[K:
/usr/include/c++/11/ext/new_allocator.h: In instantiation of ‘[01m[Kvoid __gnu_cxx::new_allocator<_Tp>::construct(_Up*, _Args&& ...) [with _Up = ZLAC8015DDriver; _Args = {std::shared_ptr<CAN>&, int}; _Tp = ZLAC8015DDriver][m[K’:
[01m[K/usr/include/c++/11/bits/alloc_traits.h:516:17:[m[K   required from ‘[01m[Kstatic void std::allocator_traits<std::allocator<_Tp1> >::construct(std::allocator_traits<std::allocator<_Tp1> >::allocator_type&, _Up*, _Args&& ...) [with _Up = ZLAC8015DDriver; _Args = {std::shared_ptr<CAN>&, int}; _Tp = ZLAC8015DDriver; std::allocator_traits<std::allocator<_Tp1> >::allocator_type = std::allocator<ZLAC8015DDriver>][m[K’
[01m[K/usr/include/c++/11/bits/shared_ptr_base.h:519:39:[m[K   required from ‘[01m[Kstd::_Sp_counted_ptr_inplace<_Tp, _Alloc, _Lp>::_Sp_counted_ptr_inplace(_Alloc, _Args&& ...) [with _Args = {std::shared_ptr<CAN>&, int}; _Tp = ZLAC8015DDriver; _Alloc = std::allocator<ZLAC8015DDriver>; __gnu_cxx::_Lock_policy _Lp = __gnu_cxx::_S_atomic][m[K’
[01m[K/usr/include/c++/11/bits/shared_ptr_base.h:650:16:[m[K   required from ‘[01m[Kstd::__shared_count<_Lp>::__shared_count(_Tp*&, std::_Sp_alloc_shared_tag<_Alloc>, _Args&& ...) [with _Tp = ZLAC8015DDriver; _Alloc = std::allocator<ZLAC8015DDriver>; _Args = {std::shared_ptr<CAN>&, int}; __gnu_cxx::_Lock_policy _Lp = __gnu_cxx::_S_atomic][m[K’
[01m[K/usr/include/c++/11/bits/shared_ptr_base.h:1342:14:[m[K   required from ‘[01m[Kstd::__shared_ptr<_Tp, _Lp>::__shared_ptr(std::_Sp_alloc_shared_tag<_Tp>, _Args&& ...) [with _Alloc = std::allocator<ZLAC8015DDriver>; _Args = {std::shared_ptr<CAN>&, int}; _Tp = ZLAC8015DDriver; __gnu_cxx::_Lock_policy _Lp = __gnu_cxx::_S_atomic][m[K’
[01m[K/usr/include/c++/11/bits/shared_ptr.h:409:59:[m[K   required from ‘[01m[Kstd::shared_ptr<_Tp>::shared_ptr(std::_Sp_alloc_shared_tag<_Tp>, _Args&& ...) [with _Alloc = std::allocator<ZLAC8015DDriver>; _Args = {std::shared_ptr<CAN>&, int}; _Tp = ZLAC8015DDriver][m[K’
[01m[K/usr/include/c++/11/bits/shared_ptr.h:862:14:[m[K   required from ‘[01m[Kstd::shared_ptr<_Tp> std::allocate_shared(const _Alloc&, _Args&& ...) [with _Tp = ZLAC8015DDriver; _Alloc = std::allocator<ZLAC8015DDriver>; _Args = {std::shared_ptr<CAN>&, int}][m[K’
[01m[K/usr/include/c++/11/bits/shared_ptr.h:878:39:[m[K   required from ‘[01m[Kstd::shared_ptr<_Tp> std::make_shared(_Args&& ...) [with _Tp = ZLAC8015DDriver; _Args = {std::shared_ptr<CAN>&, int}][m[K’
[01m[K/home/tikea/Food_Delivery_Robot/src/food_del_robot_hardware/src/food_del_robot_hardware_interface.cpp:27:48:[m[K   required from here
[01m[K/usr/include/c++/11/ext/new_allocator.h:162:11:[m[K [01;31m[Kerror: [m[Kno matching function for call to ‘[01m[KZLAC8015DDriver::ZLAC8015DDriver(std::shared_ptr<CAN>&, int)[m[K’
  162 |         { [01;31m[K::new((void *)__p) _Up(std::forward<_Args>(__args)...)[m[K; }
      |           [01;31m[K^~~~~~~~~~~~~~~~~~~~~~~~~~~~~~~~~~~~~~~~~~~~~~~~~~~~~~[m[K
In file included from [01m[K/home/tikea/Food_Delivery_Robot/src/food_del_robot_hardware/include/food_del_robot_hardware/food_del_robot_hardware_interface.hpp:7[m[K,
                 from [01m[K/home/tikea/Food_Delivery_Robot/src/food_del_robot_hardware/src/food_del_robot_hardware_interface.cpp:1[m[K:
[01m[K/home/tikea/Food_Delivery_Robot/src/food_del_robot_hardware/include/food_del_robot_hardware/zlac8015d_driver.hpp:9:14:[m[K [01;36m[Knote: [m[Kcandidate: ‘[01m[KZLAC8015DDriver::ZLAC8015DDriver(CAN&, uint8_t)[m[K’
    9 |     explicit [01;36m[KZLAC8015DDriver[m[K(CAN& can_interface, uint8_t device_id);
      |              [01;36m[K^~~~~~~~~~~~~~~[m[K
[01m[K/home/tikea/Food_Delivery_Robot/src/food_del_robot_hardware/include/food_del_robot_hardware/zlac8015d_driver.hpp:9:35:[m[K [01;36m[Knote: [m[K  no known conversion for argument 1 from ‘[01m[Kstd::shared_ptr<CAN>[m[K’ to ‘[01m[KCAN&[m[K’
    9 |     explicit ZLAC8015DDriver([01;36m[KCAN& can_interface[m[K, uint8_t device_id);
      |                              [01;36m[K~~~~~^~~~~~~~~~~~~[m[K
[01m[K/home/tikea/Food_Delivery_Robot/src/food_del_robot_hardware/include/food_del_robot_hardware/zlac8015d_driver.hpp:7:7:[m[K [01;36m[Knote: [m[Kcandidate: ‘[01m[Kconstexpr ZLAC8015DDriver::ZLAC8015DDriver(const ZLAC8015DDriver&)[m[K’
    7 | class [01;36m[KZLAC8015DDriver[m[K {
      |       [01;36m[K^~~~~~~~~~~~~~~[m[K
[01m[K/home/tikea/Food_Delivery_Robot/src/food_del_robot_hardware/include/food_del_robot_hardware/zlac8015d_driver.hpp:7:7:[m[K [01;36m[Knote: [m[K  candidate expects 1 argument, 2 provided
[01m[K/home/tikea/Food_Delivery_Robot/src/food_del_robot_hardware/include/food_del_robot_hardware/zlac8015d_driver.hpp:7:7:[m[K [01;36m[Knote: [m[Kcandidate: ‘[01m[Kconstexpr ZLAC8015DDriver::ZLAC8015DDriver(ZLAC8015DDriver&&)[m[K’
[01m[K/home/tikea/Food_Delivery_Robot/src/food_del_robot_hardware/include/food_del_robot_hardware/zlac8015d_driver.hpp:7:7:[m[K [01;36m[Knote: [m[K  candidate expects 1 argument, 2 provided
gmake[2]: *** [CMakeFiles/food_del_robot_hardware.dir/build.make:104: CMakeFiles/food_del_robot_hardware.dir/src/food_del_robot_hardware_interface.cpp.o] Error 1
gmake[1]: *** [CMakeFiles/Makefile2:137: CMakeFiles/food_del_robot_hardware.dir/all] Error 2
gmake: *** [Makefile:146: all] Error 2
