[0.030s] Invoking command in '/home/panha/Food_Delivery_Robot/build/rplidar_ros': CMAKE_PREFIX_PATH=${CMAKE_PREFIX_PATH}:/home/panha/ws_moveit/install/moveit_configs_utils:/home/panha/ws_moveit/install/launch_param_builder:/home/panha/mushroom_ws_V2/install/py_mushroom_control:/home/panha/turtlebot3_ws/install/turtlebot3_teleop:/home/panha/turtlebot3_ws/install/turtlebot3_example:/opt/ros/humble /usr/bin/cmake --build /home/panha/Food_Delivery_Robot/build/rplidar_ros -- -j16 -l16
[0.071s] [  5%] Built target rplidar_client
[0.083s] [ 52%] Built target rplidar_node
[0.086s] [100%] Built target rplidar_composition
[0.095s] Invoked command in '/home/panha/Food_Delivery_Robot/build/rplidar_ros' returned '0': CMAKE_PREFIX_PATH=${CMAKE_PREFIX_PATH}:/home/panha/ws_moveit/install/moveit_configs_utils:/home/panha/ws_moveit/install/launch_param_builder:/home/panha/mushroom_ws_V2/install/py_mushroom_control:/home/panha/turtlebot3_ws/install/turtlebot3_teleop:/home/panha/turtlebot3_ws/install/turtlebot3_example:/opt/ros/humble /usr/bin/cmake --build /home/panha/Food_Delivery_Robot/build/rplidar_ros -- -j16 -l16
[0.096s] Invoking command in '/home/panha/Food_Delivery_Robot/build/rplidar_ros': CMAKE_PREFIX_PATH=${CMAKE_PREFIX_PATH}:/home/panha/ws_moveit/install/moveit_configs_utils:/home/panha/ws_moveit/install/launch_param_builder:/home/panha/mushroom_ws_V2/install/py_mushroom_control:/home/panha/turtlebot3_ws/install/turtlebot3_teleop:/home/panha/turtlebot3_ws/install/turtlebot3_example:/opt/ros/humble /usr/bin/cmake --install /home/panha/Food_Delivery_Robot/build/rplidar_ros
[0.101s] -- Install configuration: ""
[0.102s] -- Up-to-date: /home/panha/Food_Delivery_Robot/install/rplidar_ros/share/rplidar_ros/launch
[0.102s] -- Up-to-date: /home/panha/Food_Delivery_Robot/install/rplidar_ros/share/rplidar_ros/launch/view_rplidar_a2m7_launch.py
[0.102s] -- Up-to-date: /home/panha/Food_Delivery_Robot/install/rplidar_ros/share/rplidar_ros/launch/view_rplidar_s3_launch.py
[0.102s] -- Up-to-date: /home/panha/Food_Delivery_Robot/install/rplidar_ros/share/rplidar_ros/launch/rplidar_c1_launch.py
[0.102s] -- Up-to-date: /home/panha/Food_Delivery_Robot/install/rplidar_ros/share/rplidar_ros/launch/view_rplidar_s2_launch.py
[0.102s] -- Up-to-date: /home/panha/Food_Delivery_Robot/install/rplidar_ros/share/rplidar_ros/launch/view_rplidar_t1_launch.py
[0.102s] -- Up-to-date: /home/panha/Food_Delivery_Robot/install/rplidar_ros/share/rplidar_ros/launch/view_rplidar_c1_launch.py
[0.102s] -- Up-to-date: /home/panha/Food_Delivery_Robot/install/rplidar_ros/share/rplidar_ros/launch/rplidar_a2m12_launch.py
[0.103s] -- Up-to-date: /home/panha/Food_Delivery_Robot/install/rplidar_ros/share/rplidar_ros/launch/view_rplidar_a2m8_launch.py
[0.103s] -- Up-to-date: /home/panha/Food_Delivery_Robot/install/rplidar_ros/share/rplidar_ros/launch/rplidar_t1_launch.py
[0.103s] -- Up-to-date: /home/panha/Food_Delivery_Robot/install/rplidar_ros/share/rplidar_ros/launch/view_rplidar_s1_launch.py
[0.103s] -- Up-to-date: /home/panha/Food_Delivery_Robot/install/rplidar_ros/share/rplidar_ros/launch/view_rplidar_a1_launch.py
[0.103s] -- Up-to-date: /home/panha/Food_Delivery_Robot/install/rplidar_ros/share/rplidar_ros/launch/rplidar_a3_launch.py
[0.103s] -- Up-to-date: /home/panha/Food_Delivery_Robot/install/rplidar_ros/share/rplidar_ros/launch/rplidar_s2e_launch.py
[0.103s] -- Up-to-date: /home/panha/Food_Delivery_Robot/install/rplidar_ros/share/rplidar_ros/launch/rplidar_s3_launch.py
[0.103s] -- Up-to-date: /home/panha/Food_Delivery_Robot/install/rplidar_ros/share/rplidar_ros/launch/view_rplidar_a2m12_launch.py
[0.103s] -- Up-to-date: /home/panha/Food_Delivery_Robot/install/rplidar_ros/share/rplidar_ros/launch/rplidar_a2m7_launch.py
[0.103s] -- Up-to-date: /home/panha/Food_Delivery_Robot/install/rplidar_ros/share/rplidar_ros/launch/rplidar_s2_launch.py
[0.103s] -- Up-to-date: /home/panha/Food_Delivery_Robot/install/rplidar_ros/share/rplidar_ros/launch/rplidar_a1_launch.py
[0.103s] -- Up-to-date: /home/panha/Food_Delivery_Robot/install/rplidar_ros/share/rplidar_ros/launch/view_rplidar_s2e_launch.py
[0.103s] -- Up-to-date: /home/panha/Food_Delivery_Robot/install/rplidar_ros/share/rplidar_ros/launch/rplidar_s1_tcp_launch.py
[0.103s] -- Up-to-date: /home/panha/Food_Delivery_Robot/install/rplidar_ros/share/rplidar_ros/launch/rplidar_s1_launch.py
[0.103s] -- Up-to-date: /home/panha/Food_Delivery_Robot/install/rplidar_ros/share/rplidar_ros/launch/view_rplidar_s1_tcp_launch.py
[0.103s] -- Up-to-date: /home/panha/Food_Delivery_Robot/install/rplidar_ros/share/rplidar_ros/launch/view_rplidar_a3_launch.py
[0.103s] -- Up-to-date: /home/panha/Food_Delivery_Robot/install/rplidar_ros/share/rplidar_ros/launch/rplidar_a2m8_launch.py
[0.103s] -- Up-to-date: /home/panha/Food_Delivery_Robot/install/rplidar_ros/share/rplidar_ros/rviz
[0.103s] -- Up-to-date: /home/panha/Food_Delivery_Robot/install/rplidar_ros/share/rplidar_ros/rviz/rplidar_ros.rviz
[0.103s] -- Up-to-date: /home/panha/Food_Delivery_Robot/install/rplidar_ros/lib/rplidar_ros/rplidar_node
[0.103s] -- Up-to-date: /home/panha/Food_Delivery_Robot/install/rplidar_ros/lib/rplidar_ros/rplidar_composition
[0.103s] -- Up-to-date: /home/panha/Food_Delivery_Robot/install/rplidar_ros/lib/rplidar_ros/rplidar_client
[0.104s] -- Up-to-date: /home/panha/Food_Delivery_Robot/install/rplidar_ros/share/ament_index/resource_index/package_run_dependencies/rplidar_ros
[0.104s] -- Up-to-date: /home/panha/Food_Delivery_Robot/install/rplidar_ros/share/ament_index/resource_index/parent_prefix_path/rplidar_ros
[0.104s] -- Up-to-date: /home/panha/Food_Delivery_Robot/install/rplidar_ros/share/rplidar_ros/environment/ament_prefix_path.sh
[0.104s] -- Up-to-date: /home/panha/Food_Delivery_Robot/install/rplidar_ros/share/rplidar_ros/environment/ament_prefix_path.dsv
[0.104s] -- Up-to-date: /home/panha/Food_Delivery_Robot/install/rplidar_ros/share/rplidar_ros/environment/path.sh
[0.104s] -- Up-to-date: /home/panha/Food_Delivery_Robot/install/rplidar_ros/share/rplidar_ros/environment/path.dsv
[0.104s] -- Up-to-date: /home/panha/Food_Delivery_Robot/install/rplidar_ros/share/rplidar_ros/local_setup.bash
[0.104s] -- Up-to-date: /home/panha/Food_Delivery_Robot/install/rplidar_ros/share/rplidar_ros/local_setup.sh
[0.104s] -- Up-to-date: /home/panha/Food_Delivery_Robot/install/rplidar_ros/share/rplidar_ros/local_setup.zsh
[0.104s] -- Up-to-date: /home/panha/Food_Delivery_Robot/install/rplidar_ros/share/rplidar_ros/local_setup.dsv
[0.104s] -- Installing: /home/panha/Food_Delivery_Robot/install/rplidar_ros/share/rplidar_ros/package.dsv
[0.104s] -- Up-to-date: /home/panha/Food_Delivery_Robot/install/rplidar_ros/share/ament_index/resource_index/packages/rplidar_ros
[0.105s] -- Up-to-date: /home/panha/Food_Delivery_Robot/install/rplidar_ros/share/rplidar_ros/cmake/ament_cmake_export_dependencies-extras.cmake
[0.105s] -- Up-to-date: /home/panha/Food_Delivery_Robot/install/rplidar_ros/share/rplidar_ros/cmake/ament_cmake_export_include_directories-extras.cmake
[0.105s] -- Up-to-date: /home/panha/Food_Delivery_Robot/install/rplidar_ros/share/rplidar_ros/cmake/rplidar_rosConfig.cmake
[0.105s] -- Up-to-date: /home/panha/Food_Delivery_Robot/install/rplidar_ros/share/rplidar_ros/cmake/rplidar_rosConfig-version.cmake
[0.105s] -- Up-to-date: /home/panha/Food_Delivery_Robot/install/rplidar_ros/share/rplidar_ros/package.xml
[0.105s] Invoked command in '/home/panha/Food_Delivery_Robot/build/rplidar_ros' returned '0': CMAKE_PREFIX_PATH=${CMAKE_PREFIX_PATH}:/home/panha/ws_moveit/install/moveit_configs_utils:/home/panha/ws_moveit/install/launch_param_builder:/home/panha/mushroom_ws_V2/install/py_mushroom_control:/home/panha/turtlebot3_ws/install/turtlebot3_teleop:/home/panha/turtlebot3_ws/install/turtlebot3_example:/opt/ros/humble /usr/bin/cmake --install /home/panha/Food_Delivery_Robot/build/rplidar_ros
