[0.029s] Invoking command in '/home/panha/Food_Delivery_Robot/build/food_del_robot': CMAKE_PREFIX_PATH=${CMAKE_PREFIX_PATH}:/home/panha/ws_moveit/install/moveit_configs_utils:/home/panha/ws_moveit/install/launch_param_builder:/opt/ros/humble /usr/bin/cmake --build /home/panha/Food_Delivery_Robot/build/food_del_robot -- -j16 -l16
[0.067s] [ 10%] Built target food_del_robot__rosidl_generator_c
[0.068s] [ 12%] Built target food_del_robot__cpp
[0.077s] [ 12%] Built target ament_cmake_python_copy_food_del_robot
[0.091s] [ 23%] Built target food_del_robot__rosidl_typesupport_c
[0.094s] [ 33%] Built target food_del_robot__rosidl_typesupport_introspection_c
[0.095s] [ 43%] Built target food_del_robot__rosidl_typesupport_cpp
[0.097s] [ 64%] Built target food_del_robot__rosidl_typesupport_introspection_cpp
[0.097s] [ 64%] Built target food_del_robot__rosidl_typesupport_fastrtps_c
[0.097s] [ 74%] Built target food_del_robot__rosidl_typesupport_fastrtps_cpp
[0.118s] [ 74%] Built target food_del_robot
[0.140s] [ 76%] Built target food_del_robot__py
[0.163s] [ 84%] Built target food_del_robot__rosidl_generator_py
[0.184s] [100%] Built target food_del_robot__rosidl_typesupport_introspection_c__pyext
[0.184s] [100%] Built target food_del_robot__rosidl_typesupport_c__pyext
[0.184s] [100%] Built target food_del_robot__rosidl_typesupport_fastrtps_c__pyext
[0.321s] running egg_info
[0.342s] writing food_del_robot.egg-info/PKG-INFO
[0.343s] writing dependency_links to food_del_robot.egg-info/dependency_links.txt
[0.343s] writing top-level names to food_del_robot.egg-info/top_level.txt
[0.407s] reading manifest file 'food_del_robot.egg-info/SOURCES.txt'
[0.408s] writing manifest file 'food_del_robot.egg-info/SOURCES.txt'
[0.434s] [100%] Built target ament_cmake_python_build_food_del_robot_egg
