[0.019s] Invoking command in '/home/panha/Food_Delivery_Robot/build/food_del_robot_description': CMAKE_PREFIX_PATH=${CMAKE_PREFIX_PATH}:/home/panha/turtlebot3_ws/install/turtlebot3_teleop:/home/panha/turtlebot3_ws/install/turtlebot3_example:/home/panha/ros2_ws/install/actions_py:/home/panha/ros2_ws/install/executors_py:/home/panha/WitImu_ws/install/wit_ros2_imu:/home/panha/mushroom_ws_V2/install/py_mushroom_control:/home/panha/ws_moveit/install/moveit_configs_utils:/home/panha/ws_moveit/install/launch_param_builder:/opt/ros/humble /usr/bin/cmake /home/panha/Food_Delivery_Robot/src/food_del_robot_description -DCMAKE_INSTALL_PREFIX=/home/panha/Food_Delivery_Robot/install/food_del_robot_description
[0.138s] -- The C compiler identification is GNU 11.4.0
[0.219s] -- The CXX compiler identification is GNU 11.4.0
[0.233s] -- Detecting C compiler ABI info
[0.311s] -- Detecting C compiler ABI info - done
[0.316s] -- Check for working C compiler: /usr/bin/cc - skipped
[0.317s] -- Detecting C compile features
[0.317s] -- Detecting C compile features - done
[0.320s] -- Detecting CXX compiler ABI info
[0.403s] -- Detecting CXX compiler ABI info - done
[0.409s] -- Check for working CXX compiler: /usr/bin/c++ - skipped
[0.409s] -- Detecting CXX compile features
[0.409s] -- Detecting CXX compile features - done
[0.423s] -- Found ament_cmake: 1.3.12 (/opt/ros/humble/share/ament_cmake/cmake)
[0.717s] -- Found Python3: /usr/bin/python3 (found version "3.10.12") found components: Interpreter 
[0.954s] -- Configuring done
[0.956s] -- Generating done
[0.957s] -- Build files have been written to: /home/panha/Food_Delivery_Robot/build/food_del_robot_description
[0.961s] Invoked command in '/home/panha/Food_Delivery_Robot/build/food_del_robot_description' returned '0': CMAKE_PREFIX_PATH=${CMAKE_PREFIX_PATH}:/home/panha/turtlebot3_ws/install/turtlebot3_teleop:/home/panha/turtlebot3_ws/install/turtlebot3_example:/home/panha/ros2_ws/install/actions_py:/home/panha/ros2_ws/install/executors_py:/home/panha/WitImu_ws/install/wit_ros2_imu:/home/panha/mushroom_ws_V2/install/py_mushroom_control:/home/panha/ws_moveit/install/moveit_configs_utils:/home/panha/ws_moveit/install/launch_param_builder:/opt/ros/humble /usr/bin/cmake /home/panha/Food_Delivery_Robot/src/food_del_robot_description -DCMAKE_INSTALL_PREFIX=/home/panha/Food_Delivery_Robot/install/food_del_robot_description
[0.963s] Invoking command in '/home/panha/Food_Delivery_Robot/build/food_del_robot_description': CMAKE_PREFIX_PATH=${CMAKE_PREFIX_PATH}:/home/panha/turtlebot3_ws/install/turtlebot3_teleop:/home/panha/turtlebot3_ws/install/turtlebot3_example:/home/panha/ros2_ws/install/actions_py:/home/panha/ros2_ws/install/executors_py:/home/panha/WitImu_ws/install/wit_ros2_imu:/home/panha/mushroom_ws_V2/install/py_mushroom_control:/home/panha/ws_moveit/install/moveit_configs_utils:/home/panha/ws_moveit/install/launch_param_builder:/opt/ros/humble /usr/bin/cmake --build /home/panha/Food_Delivery_Robot/build/food_del_robot_description -- -j16 -l16
[0.990s] Invoked command in '/home/panha/Food_Delivery_Robot/build/food_del_robot_description' returned '0': CMAKE_PREFIX_PATH=${CMAKE_PREFIX_PATH}:/home/panha/turtlebot3_ws/install/turtlebot3_teleop:/home/panha/turtlebot3_ws/install/turtlebot3_example:/home/panha/ros2_ws/install/actions_py:/home/panha/ros2_ws/install/executors_py:/home/panha/WitImu_ws/install/wit_ros2_imu:/home/panha/mushroom_ws_V2/install/py_mushroom_control:/home/panha/ws_moveit/install/moveit_configs_utils:/home/panha/ws_moveit/install/launch_param_builder:/opt/ros/humble /usr/bin/cmake --build /home/panha/Food_Delivery_Robot/build/food_del_robot_description -- -j16 -l16
[0.997s] Invoking command in '/home/panha/Food_Delivery_Robot/build/food_del_robot_description': CMAKE_PREFIX_PATH=${CMAKE_PREFIX_PATH}:/home/panha/turtlebot3_ws/install/turtlebot3_teleop:/home/panha/turtlebot3_ws/install/turtlebot3_example:/home/panha/ros2_ws/install/actions_py:/home/panha/ros2_ws/install/executors_py:/home/panha/WitImu_ws/install/wit_ros2_imu:/home/panha/mushroom_ws_V2/install/py_mushroom_control:/home/panha/ws_moveit/install/moveit_configs_utils:/home/panha/ws_moveit/install/launch_param_builder:/opt/ros/humble /usr/bin/cmake --install /home/panha/Food_Delivery_Robot/build/food_del_robot_description
[1.002s] -- Install configuration: ""
[1.002s] -- Installing: /home/panha/Food_Delivery_Robot/install/food_del_robot_description/share/food_del_robot_description//urdf
[1.002s] -- Installing: /home/panha/Food_Delivery_Robot/install/food_del_robot_description/share/food_del_robot_description//urdf/common_properties.xacro
[1.003s] -- Installing: /home/panha/Food_Delivery_Robot/install/food_del_robot_description/share/food_del_robot_description//urdf/food_del_robot.xacro
[1.003s] -- Installing: /home/panha/Food_Delivery_Robot/install/food_del_robot_description/share/food_del_robot_description//urdf/food_del_robot.ros2_control.xacro
[1.003s] -- Installing: /home/panha/Food_Delivery_Robot/install/food_del_robot_description/share/food_del_robot_description//urdf/food_del_robot_gazebo.xacro
[1.003s] -- Installing: /home/panha/Food_Delivery_Robot/install/food_del_robot_description/share/food_del_robot_description//urdf/my_main.urdf.xacro
[1.003s] -- Installing: /home/panha/Food_Delivery_Robot/install/food_del_robot_description/share/food_del_robot_description//launch
[1.003s] -- Installing: /home/panha/Food_Delivery_Robot/install/food_del_robot_description/share/food_del_robot_description//launch/gazebo.launch.py
[1.003s] -- Installing: /home/panha/Food_Delivery_Robot/install/food_del_robot_description/share/food_del_robot_description//launch/display.launch.py
[1.003s] -- Installing: /home/panha/Food_Delivery_Robot/install/food_del_robot_description/share/food_del_robot_description//launch/robot.launch.py
[1.003s] -- Installing: /home/panha/Food_Delivery_Robot/install/food_del_robot_description/share/food_del_robot_description//rviz
[1.003s] -- Installing: /home/panha/Food_Delivery_Robot/install/food_del_robot_description/share/food_del_robot_description//rviz/food_del_robot.rviz
[1.003s] -- Installing: /home/panha/Food_Delivery_Robot/install/food_del_robot_description/share/food_del_robot_description//config
[1.004s] -- Installing: /home/panha/Food_Delivery_Robot/install/food_del_robot_description/share/food_del_robot_description//config/gazebo_bridge.yaml
[1.004s] -- Installing: /home/panha/Food_Delivery_Robot/install/food_del_robot_description/share/food_del_robot_description//config/food_del_robot.yaml
[1.004s] -- Installing: /home/panha/Food_Delivery_Robot/install/food_del_robot_description/share/food_del_robot_description//worlds
[1.004s] -- Installing: /home/panha/Food_Delivery_Robot/install/food_del_robot_description/share/food_del_robot_description//worlds/restaurant
[1.004s] -- Installing: /home/panha/Food_Delivery_Robot/install/food_del_robot_description/share/food_del_robot_description//worlds/restaurant/model.sdf
[1.004s] -- Installing: /home/panha/Food_Delivery_Robot/install/food_del_robot_description/share/food_del_robot_description//worlds/restaurant/model.config
[1.004s] -- Installing: /home/panha/Food_Delivery_Robot/install/food_del_robot_description/share/food_del_robot_description//worlds/restaurant/restaurant.world
[1.004s] -- Installing: /home/panha/Food_Delivery_Robot/install/food_del_robot_description/share/food_del_robot_description//maps
[1.004s] -- Installing: /home/panha/Food_Delivery_Robot/install/food_del_robot_description/share/food_del_robot_description//maps/imu.pgm
[1.004s] -- Installing: /home/panha/Food_Delivery_Robot/install/food_del_robot_description/share/food_del_robot_description//maps/imu.yaml
[1.005s] -- Installing: /home/panha/Food_Delivery_Robot/install/food_del_robot_description/share/ament_index/resource_index/package_run_dependencies/food_del_robot_description
[1.005s] -- Installing: /home/panha/Food_Delivery_Robot/install/food_del_robot_description/share/ament_index/resource_index/parent_prefix_path/food_del_robot_description
[1.005s] -- Installing: /home/panha/Food_Delivery_Robot/install/food_del_robot_description/share/food_del_robot_description/environment/ament_prefix_path.sh
[1.005s] -- Installing: /home/panha/Food_Delivery_Robot/install/food_del_robot_description/share/food_del_robot_description/environment/ament_prefix_path.dsv
[1.005s] -- Installing: /home/panha/Food_Delivery_Robot/install/food_del_robot_description/share/food_del_robot_description/environment/path.sh
[1.005s] -- Installing: /home/panha/Food_Delivery_Robot/install/food_del_robot_description/share/food_del_robot_description/environment/path.dsv
[1.006s] -- Installing: /home/panha/Food_Delivery_Robot/install/food_del_robot_description/share/food_del_robot_description/local_setup.bash
[1.006s] -- Installing: /home/panha/Food_Delivery_Robot/install/food_del_robot_description/share/food_del_robot_description/local_setup.sh
[1.006s] -- Installing: /home/panha/Food_Delivery_Robot/install/food_del_robot_description/share/food_del_robot_description/local_setup.zsh
[1.006s] -- Installing: /home/panha/Food_Delivery_Robot/install/food_del_robot_description/share/food_del_robot_description/local_setup.dsv
[1.006s] -- Installing: /home/panha/Food_Delivery_Robot/install/food_del_robot_description/share/food_del_robot_description/package.dsv
[1.006s] -- Installing: /home/panha/Food_Delivery_Robot/install/food_del_robot_description/share/ament_index/resource_index/packages/food_del_robot_description
[1.006s] -- Installing: /home/panha/Food_Delivery_Robot/install/food_del_robot_description/share/food_del_robot_description/cmake/food_del_robot_descriptionConfig.cmake
[1.006s] -- Installing: /home/panha/Food_Delivery_Robot/install/food_del_robot_description/share/food_del_robot_description/cmake/food_del_robot_descriptionConfig-version.cmake
[1.007s] -- Installing: /home/panha/Food_Delivery_Robot/install/food_del_robot_description/share/food_del_robot_description/package.xml
[1.008s] Invoked command in '/home/panha/Food_Delivery_Robot/build/food_del_robot_description' returned '0': CMAKE_PREFIX_PATH=${CMAKE_PREFIX_PATH}:/home/panha/turtlebot3_ws/install/turtlebot3_teleop:/home/panha/turtlebot3_ws/install/turtlebot3_example:/home/panha/ros2_ws/install/actions_py:/home/panha/ros2_ws/install/executors_py:/home/panha/WitImu_ws/install/wit_ros2_imu:/home/panha/mushroom_ws_V2/install/py_mushroom_control:/home/panha/ws_moveit/install/moveit_configs_utils:/home/panha/ws_moveit/install/launch_param_builder:/opt/ros/humble /usr/bin/cmake --install /home/panha/Food_Delivery_Robot/build/food_del_robot_description
