-- Found ament_cmake: 1.3.12 (/opt/ros/humble/share/ament_cmake/cmake)
-- Found rclcpp: 16.0.15 (/opt/ros/humble/share/rclcpp/cmake)
-- Found rosidl_generator_c: 3.1.7 (/opt/ros/humble/share/rosidl_generator_c/cmake)
-- Found rosidl_adapter: 3.1.7 (/opt/ros/humble/share/rosidl_adapter/cmake)
-- Found rosidl_generator_cpp: 3.1.7 (/opt/ros/humble/share/rosidl_generator_cpp/cmake)
-- Using all available rosidl_typesupport_c: rosidl_typesupport_fastrtps_c;rosidl_typesupport_introspection_c
-- Using all available rosidl_typesupport_cpp: rosidl_typesupport_fastrtps_cpp;rosidl_typesupport_introspection_cpp
-- Found rmw_implementation_cmake: 6.1.2 (/opt/ros/humble/share/rmw_implementation_cmake/cmake)
-- Found rmw_cyclonedds_cpp: 1.3.4 (/opt/ros/humble/share/rmw_cyclonedds_cpp/cmake)
-- Using RMW implementation 'rmw_cyclonedds_cpp' as default
-- Found geometry_msgs: 4.9.0 (/opt/ros/humble/share/geometry_msgs/cmake)
-- Found tf2_msgs: 0.25.16 (/opt/ros/humble/share/tf2_msgs/cmake)
-- Found tf2: 0.25.16 (/opt/ros/humble/share/tf2/cmake)
-- Found nav_msgs: 4.9.0 (/opt/ros/humble/share/nav_msgs/cmake)
-- Found sensor_msgs: 4.9.0 (/opt/ros/humble/share/sensor_msgs/cmake)
-- Configuring done
-- Generating done
-- Build files have been written to: /home/panha/Food_Delivery_Robot/build/zlac8015d_driver
[ 25%] Built target robot_kinematic
[ 50%] Built target can
[ 75%] Built target zlac8015d_driver
[ 87%] [32mBuilding CXX object CMakeFiles/drive_and_odom.dir/src/drive_and_odom.cpp.o[0m
[100%] [32m[1mLinking CXX executable drive_and_odom[0m
[100%] Built target drive_and_odom
-- Install configuration: ""
-- Up-to-date: /home/panha/Food_Delivery_Robot/install/zlac8015d_driver/lib/libcan.a
-- Installing: /home/panha/Food_Delivery_Robot/install/zlac8015d_driver/lib/libzlac8015d_driver.a
-- Up-to-date: /home/panha/Food_Delivery_Robot/install/zlac8015d_driver/include/
-- Up-to-date: /home/panha/Food_Delivery_Robot/install/zlac8015d_driver/include//zlac8015d_driver
-- Installing: /home/panha/Food_Delivery_Robot/install/zlac8015d_driver/include//zlac8015d_driver/zlac8015d_driver.hpp
-- Up-to-date: /home/panha/Food_Delivery_Robot/install/zlac8015d_driver/include//zlac8015d_driver/can.hpp
-- Installing: /home/panha/Food_Delivery_Robot/install/zlac8015d_driver/lib/zlac8015d_driver/drive_and_odom
-- Set runtime path of "/home/panha/Food_Delivery_Robot/install/zlac8015d_driver/lib/zlac8015d_driver/drive_and_odom" to ""
-- Installing: /home/panha/Food_Delivery_Robot/install/zlac8015d_driver/share/ament_index/resource_index/package_run_dependencies/zlac8015d_driver
-- Up-to-date: /home/panha/Food_Delivery_Robot/install/zlac8015d_driver/share/ament_index/resource_index/parent_prefix_path/zlac8015d_driver
-- Up-to-date: /home/panha/Food_Delivery_Robot/install/zlac8015d_driver/share/zlac8015d_driver/environment/ament_prefix_path.sh
-- Installing: /home/panha/Food_Delivery_Robot/install/zlac8015d_driver/share/zlac8015d_driver/environment/ament_prefix_path.dsv
-- Up-to-date: /home/panha/Food_Delivery_Robot/install/zlac8015d_driver/share/zlac8015d_driver/environment/path.sh
-- Installing: /home/panha/Food_Delivery_Robot/install/zlac8015d_driver/share/zlac8015d_driver/environment/path.dsv
-- Up-to-date: /home/panha/Food_Delivery_Robot/install/zlac8015d_driver/share/zlac8015d_driver/local_setup.bash
-- Up-to-date: /home/panha/Food_Delivery_Robot/install/zlac8015d_driver/share/zlac8015d_driver/local_setup.sh
-- Up-to-date: /home/panha/Food_Delivery_Robot/install/zlac8015d_driver/share/zlac8015d_driver/local_setup.zsh
-- Installing: /home/panha/Food_Delivery_Robot/install/zlac8015d_driver/share/zlac8015d_driver/local_setup.dsv
-- Installing: /home/panha/Food_Delivery_Robot/install/zlac8015d_driver/share/zlac8015d_driver/package.dsv
-- Up-to-date: /home/panha/Food_Delivery_Robot/install/zlac8015d_driver/share/ament_index/resource_index/packages/zlac8015d_driver
-- Up-to-date: /home/panha/Food_Delivery_Robot/install/zlac8015d_driver/share/zlac8015d_driver/cmake/zlac8015d_driverConfig.cmake
-- Up-to-date: /home/panha/Food_Delivery_Robot/install/zlac8015d_driver/share/zlac8015d_driver/cmake/zlac8015d_driverConfig-version.cmake
-- Installing: /home/panha/Food_Delivery_Robot/install/zlac8015d_driver/share/zlac8015d_driver/package.xml
