[35m[1mConsolidate compiler generated dependencies of target food_del_robot_hardware[0m
[100%] Built target food_del_robot_hardware
-- Install configuration: ""
-- Up-to-date: /home/tikea/Food_Delivery_Robot/install/food_del_robot_hardware/lib/libfood_del_robot_hardware.so
-- Up-to-date: /home/tikea/Food_Delivery_Robot/install/food_del_robot_hardware/include/food_del_robot_hardware
-- Up-to-date: /home/tikea/Food_Delivery_Robot/install/food_del_robot_hardware/include/food_del_robot_hardware/food_del_robot_hardware
-- Up-to-date: /home/tikea/Food_Delivery_Robot/install/food_del_robot_hardware/include/food_del_robot_hardware/food_del_robot_hardware/zlac8015d_driver.hpp
-- Up-to-date: /home/tikea/Food_Delivery_Robot/install/food_del_robot_hardware/include/food_del_robot_hardware/food_del_robot_hardware/food_del_robot_hardware_interface.hpp
-- Up-to-date: /home/tikea/Food_Delivery_Robot/install/food_del_robot_hardware/include/food_del_robot_hardware/food_del_robot_hardware/wheels_driver.hpp
-- Up-to-date: /home/tikea/Food_Delivery_Robot/install/food_del_robot_hardware/include/food_del_robot_hardware/food_del_robot_hardware/can.hpp
-- Up-to-date: /home/tikea/Food_Delivery_Robot/install/food_del_robot_hardware/share/food_del_robot_hardware/food_del_robot_hw_interface.xml
-- Up-to-date: /home/tikea/Food_Delivery_Robot/install/food_del_robot_hardware/share/food_del_robot_hardware/environment/library_path.sh
-- Up-to-date: /home/tikea/Food_Delivery_Robot/install/food_del_robot_hardware/share/food_del_robot_hardware/environment/library_path.dsv
-- Up-to-date: /home/tikea/Food_Delivery_Robot/install/food_del_robot_hardware/share/food_del_robot_hardware/food_del_robot_hw_interface.xml
-- Up-to-date: /home/tikea/Food_Delivery_Robot/install/food_del_robot_hardware/share/ament_index/resource_index/package_run_dependencies/food_del_robot_hardware
-- Up-to-date: /home/tikea/Food_Delivery_Robot/install/food_del_robot_hardware/share/ament_index/resource_index/parent_prefix_path/food_del_robot_hardware
-- Up-to-date: /home/tikea/Food_Delivery_Robot/install/food_del_robot_hardware/share/food_del_robot_hardware/environment/ament_prefix_path.sh
-- Up-to-date: /home/tikea/Food_Delivery_Robot/install/food_del_robot_hardware/share/food_del_robot_hardware/environment/ament_prefix_path.dsv
-- Up-to-date: /home/tikea/Food_Delivery_Robot/install/food_del_robot_hardware/share/food_del_robot_hardware/environment/path.sh
-- Up-to-date: /home/tikea/Food_Delivery_Robot/install/food_del_robot_hardware/share/food_del_robot_hardware/environment/path.dsv
-- Up-to-date: /home/tikea/Food_Delivery_Robot/install/food_del_robot_hardware/share/food_del_robot_hardware/local_setup.bash
-- Up-to-date: /home/tikea/Food_Delivery_Robot/install/food_del_robot_hardware/share/food_del_robot_hardware/local_setup.sh
-- Up-to-date: /home/tikea/Food_Delivery_Robot/install/food_del_robot_hardware/share/food_del_robot_hardware/local_setup.zsh
-- Up-to-date: /home/tikea/Food_Delivery_Robot/install/food_del_robot_hardware/share/food_del_robot_hardware/local_setup.dsv
-- Installing: /home/tikea/Food_Delivery_Robot/install/food_del_robot_hardware/share/food_del_robot_hardware/package.dsv
-- Up-to-date: /home/tikea/Food_Delivery_Robot/install/food_del_robot_hardware/share/ament_index/resource_index/packages/food_del_robot_hardware
-- Up-to-date: /home/tikea/Food_Delivery_Robot/install/food_del_robot_hardware/share/ament_index/resource_index/hardware_interface__pluginlib__plugin/food_del_robot_hardware
-- Up-to-date: /home/tikea/Food_Delivery_Robot/install/food_del_robot_hardware/share/food_del_robot_hardware/cmake/export_food_del_robot_hardwareExport.cmake
-- Up-to-date: /home/tikea/Food_Delivery_Robot/install/food_del_robot_hardware/share/food_del_robot_hardware/cmake/export_food_del_robot_hardwareExport-noconfig.cmake
-- Up-to-date: /home/tikea/Food_Delivery_Robot/install/food_del_robot_hardware/share/food_del_robot_hardware/cmake/ament_cmake_export_targets-extras.cmake
-- Up-to-date: /home/tikea/Food_Delivery_Robot/install/food_del_robot_hardware/share/food_del_robot_hardware/cmake/ament_cmake_export_dependencies-extras.cmake
-- Up-to-date: /home/tikea/Food_Delivery_Robot/install/food_del_robot_hardware/share/food_del_robot_hardware/cmake/food_del_robot_hardwareConfig.cmake
-- Up-to-date: /home/tikea/Food_Delivery_Robot/install/food_del_robot_hardware/share/food_del_robot_hardware/cmake/food_del_robot_hardwareConfig-version.cmake
-- Up-to-date: /home/tikea/Food_Delivery_Robot/install/food_del_robot_hardware/share/food_del_robot_hardware/package.xml
