[0.036s] Invoking command in '/home/panha/Food_Delivery_Robot/build/zlac8015d_driver': CMAKE_PREFIX_PATH=${CMAKE_PREFIX_PATH}:/home/panha/ws_moveit/install/moveit_configs_utils:/home/panha/ws_moveit/install/launch_param_builder:/home/panha/mushroom_ws_V2/install/py_mushroom_control:/home/panha/turtlebot3_ws/install/turtlebot3_teleop:/home/panha/turtlebot3_ws/install/turtlebot3_example:/opt/ros/humble /usr/bin/cmake --build /home/panha/Food_Delivery_Robot/build/zlac8015d_driver -- -j16 -l16
[0.054s] -- Found ament_cmake: 1.3.12 (/opt/ros/humble/share/ament_cmake/cmake)
[0.146s] -- Override CMake install command with custom implementation using symlinks instead of copying resources
[0.151s] -- Found rclcpp: 16.0.15 (/opt/ros/humble/share/rclcpp/cmake)
[0.179s] -- Found rosidl_generator_c: 3.1.7 (/opt/ros/humble/share/rosidl_generator_c/cmake)
[0.181s] -- Found rosidl_adapter: 3.1.7 (/opt/ros/humble/share/rosidl_adapter/cmake)
[0.186s] -- Found rosidl_generator_cpp: 3.1.7 (/opt/ros/humble/share/rosidl_generator_cpp/cmake)
[0.196s] -- Using all available rosidl_typesupport_c: rosidl_typesupport_fastrtps_c;rosidl_typesupport_introspection_c
[0.208s] -- Using all available rosidl_typesupport_cpp: rosidl_typesupport_fastrtps_cpp;rosidl_typesupport_introspection_cpp
[0.235s] -- Found rmw_implementation_cmake: 6.1.2 (/opt/ros/humble/share/rmw_implementation_cmake/cmake)
[0.239s] -- Found rmw_cyclonedds_cpp: 1.3.4 (/opt/ros/humble/share/rmw_cyclonedds_cpp/cmake)
[0.254s] -- Using RMW implementation 'rmw_cyclonedds_cpp' as default
[0.290s] -- Found geometry_msgs: 4.9.0 (/opt/ros/humble/share/geometry_msgs/cmake)
[0.299s] -- Found nav_msgs: 4.9.0 (/opt/ros/humble/share/nav_msgs/cmake)
[0.311s] -- Found tf2_msgs: 0.25.16 (/opt/ros/humble/share/tf2_msgs/cmake)
[0.341s] -- Found sensor_msgs: 4.9.0 (/opt/ros/humble/share/sensor_msgs/cmake)
[0.353s] -- Found food_del_robot: 0.0.0 (/home/panha/Food_Delivery_Robot/install/food_del_robot/share/food_del_robot/cmake)
[0.440s] -- Configuring done
[0.461s] -- Generating done
[0.468s] -- Build files have been written to: /home/panha/Food_Delivery_Robot/build/zlac8015d_driver
[0.505s] [ 40%] Built target robot_kinematic
[0.505s] [ 40%] Built target can
[0.509s] [ 60%] Built target cmd_vel_to_twist_stamped
[0.527s] [ 80%] Built target zlac8015d_driver
[0.555s] [ 90%] [32mBuilding CXX object CMakeFiles/drive_and_odom.dir/src/drive_and_odom.cpp.o[0m
[0.771s] [01m[K/home/panha/Food_Delivery_Robot/src/zlac8015d_driver/src/drive_and_odom.cpp:4:10:[m[K [01;31m[Kfatal error: [m[Ktf2_ros/transform_broadcaster.h: No such file or directory
[0.771s]     4 | #include [01;31m[K<tf2_ros/transform_broadcaster.h>[m[K
[0.771s]       |          [01;31m[K^~~~~~~~~~~~~~~~~~~~~~~~~~~~~~~~~[m[K
[0.771s] compilation terminated.
[0.783s] gmake[2]: *** [CMakeFiles/drive_and_odom.dir/build.make:76: CMakeFiles/drive_and_odom.dir/src/drive_and_odom.cpp.o] Error 1
[0.784s] gmake[1]: *** [CMakeFiles/Makefile2:214: CMakeFiles/drive_and_odom.dir/all] Error 2
[0.784s] gmake: *** [Makefile:146: all] Error 2
[0.786s] Invoked command in '/home/panha/Food_Delivery_Robot/build/zlac8015d_driver' returned '2': CMAKE_PREFIX_PATH=${CMAKE_PREFIX_PATH}:/home/panha/ws_moveit/install/moveit_configs_utils:/home/panha/ws_moveit/install/launch_param_builder:/home/panha/mushroom_ws_V2/install/py_mushroom_control:/home/panha/turtlebot3_ws/install/turtlebot3_teleop:/home/panha/turtlebot3_ws/install/turtlebot3_example:/opt/ros/humble /usr/bin/cmake --build /home/panha/Food_Delivery_Robot/build/zlac8015d_driver -- -j16 -l16
