-- Found ament_cmake: 1.3.12 (/opt/ros/humble/share/ament_cmake/cmake)
-- Found rclcpp: 16.0.17 (/opt/ros/humble/share/rclcpp/cmake)
-- Found rosidl_generator_c: 3.1.8 (/opt/ros/humble/share/rosidl_generator_c/cmake)
-- Found rosidl_adapter: 3.1.8 (/opt/ros/humble/share/rosidl_adapter/cmake)
-- Found rosidl_generator_cpp: 3.1.8 (/opt/ros/humble/share/rosidl_generator_cpp/cmake)
-- Using all available rosidl_typesupport_c: rosidl_typesupport_fastrtps_c;rosidl_typesupport_introspection_c
-- Using all available rosidl_typesupport_cpp: rosidl_typesupport_fastrtps_cpp;rosidl_typesupport_introspection_cpp
-- Found rmw_implementation_cmake: 6.1.2 (/opt/ros/humble/share/rmw_implementation_cmake/cmake)
-- Found rmw_cyclonedds_cpp: 1.3.4 (/opt/ros/humble/share/rmw_cyclonedds_cpp/cmake)
-- Using RMW implementation 'rmw_cyclonedds_cpp' as default
-- Found rclcpp_lifecycle: 16.0.17 (/opt/ros/humble/share/rclcpp_lifecycle/cmake)
-- Found hardware_interface: 2.53.0 (/opt/ros/humble/share/hardware_interface/cmake)
-- Configuring done
-- Generating done
-- Build files have been written to: /home/panha/Food_Delivery_Robot/build/food_del_robot_hardware
[ 20%] [32mBuilding CXX object CMakeFiles/food_del_robot_hardware.dir/src/can.cpp.o[0m
[ 40%] [32mBuilding CXX object CMakeFiles/food_del_robot_hardware.dir/src/zlac8015d_driver.cpp.o[0m
[ 60%] [32mBuilding CXX object CMakeFiles/food_del_robot_hardware.dir/src/wheels_driver.cpp.o[0m
[ 80%] [32mBuilding CXX object CMakeFiles/food_del_robot_hardware.dir/src/food_del_robot_hardware_interface.cpp.o[0m
[100%] [32m[1mLinking CXX shared library libfood_del_robot_hardware.so[0m
[100%] Built target food_del_robot_hardware
