[0.052s] Invoking command in '/home/panha/Food_Delivery_Robot/build/food_del_robot_hardware': CMAKE_PREFIX_PATH=${CMAKE_PREFIX_PATH}:/home/panha/ws_moveit/install/moveit_configs_utils:/home/panha/ws_moveit/install/launch_param_builder:/opt/ros/humble /usr/bin/cmake --build /home/panha/Food_Delivery_Robot/build/food_del_robot_hardware -- -j16 -l16
[0.074s] -- Found ament_cmake: 1.3.12 (/opt/ros/humble/share/ament_cmake/cmake)
[0.174s] -- Found rclcpp: 16.0.17 (/opt/ros/humble/share/rclcpp/cmake)
[0.207s] -- Found rosidl_generator_c: 3.1.8 (/opt/ros/humble/share/rosidl_generator_c/cmake)
[0.209s] -- Found rosidl_adapter: 3.1.8 (/opt/ros/humble/share/rosidl_adapter/cmake)
[0.214s] -- Found rosidl_generator_cpp: 3.1.8 (/opt/ros/humble/share/rosidl_generator_cpp/cmake)
[0.224s] -- Using all available rosidl_typesupport_c: rosidl_typesupport_fastrtps_c;rosidl_typesupport_introspection_c
[0.237s] -- Using all available rosidl_typesupport_cpp: rosidl_typesupport_fastrtps_cpp;rosidl_typesupport_introspection_cpp
[0.265s] -- Found rmw_implementation_cmake: 6.1.2 (/opt/ros/humble/share/rmw_implementation_cmake/cmake)
[0.268s] -- Found rmw_cyclonedds_cpp: 1.3.4 (/opt/ros/humble/share/rmw_cyclonedds_cpp/cmake)
[0.285s] -- Using RMW implementation 'rmw_cyclonedds_cpp' as default
[0.331s] -- Found rclcpp_lifecycle: 16.0.17 (/opt/ros/humble/share/rclcpp_lifecycle/cmake)
[0.352s] -- Found hardware_interface: 2.53.0 (/opt/ros/humble/share/hardware_interface/cmake)
[0.605s] -- Configuring done
[0.654s] -- Generating done
[0.674s] -- Build files have been written to: /home/panha/Food_Delivery_Robot/build/food_del_robot_hardware
[0.833s] [ 20%] [32mBuilding CXX object CMakeFiles/food_del_robot_hardware.dir/src/can.cpp.o[0m
[0.842s] [ 40%] [32mBuilding CXX object CMakeFiles/food_del_robot_hardware.dir/src/zlac8015d_driver.cpp.o[0m
[0.846s] [ 60%] [32mBuilding CXX object CMakeFiles/food_del_robot_hardware.dir/src/wheels_driver.cpp.o[0m
[0.846s] [ 80%] [32mBuilding CXX object CMakeFiles/food_del_robot_hardware.dir/src/food_del_robot_hardware_interface.cpp.o[0m
[6.516s] [100%] [32m[1mLinking CXX shared library libfood_del_robot_hardware.so[0m
[6.741s] [100%] Built target food_del_robot_hardware
