[0.165s] DEBUG:colcon:Command line arguments: ['/usr/bin/colcon', 'build', '--packages-select', 'food_del_robot_hardware']
[0.166s] DEBUG:colcon:Parsed command line arguments: Namespace(log_base=None, log_level=None, verb_name='build', build_base='build', install_base='install', merge_install=False, symlink_install=False, test_result_base=None, continue_on_error=False, executor='parallel', parallel_workers=20, event_handlers=None, ignore_user_meta=False, metas=['./colcon.meta'], base_paths=['.'], packages_ignore=None, packages_ignore_regex=None, paths=None, packages_up_to=None, packages_up_to_regex=None, packages_above=None, packages_above_and_dependencies=None, packages_above_depth=None, packages_select_by_dep=None, packages_skip_by_dep=None, packages_skip_up_to=None, packages_select_build_failed=False, packages_skip_build_finished=False, packages_select_test_failures=False, packages_skip_test_passed=False, packages_select=['food_del_robot_hardware'], packages_skip=None, packages_select_regex=None, packages_skip_regex=None, packages_start=None, packages_end=None, allow_overriding=[], cmake_args=None, cmake_target=None, cmake_target_skip_unavailable=False, cmake_clean_cache=False, cmake_clean_first=False, cmake_force_configure=False, ament_cmake_args=None, catkin_cmake_args=None, catkin_skip_building_tests=False, mixin_files=None, mixin=None, verb_parser=<colcon_mixin.mixin.mixin_argument.MixinArgumentDecorator object at 0x76fefde199f0>, verb_extension=<colcon_core.verb.build.BuildVerb object at 0x76fefdf4b010>, main=<bound method BuildVerb.main of <colcon_core.verb.build.BuildVerb object at 0x76fefdf4b010>>, mixin_verb=('build',))
[0.368s] Level 1:colcon.colcon_core.package_discovery:discover_packages(colcon_meta) check parameters
[0.368s] Level 1:colcon.colcon_core.package_discovery:discover_packages(recursive) check parameters
[0.368s] Level 1:colcon.colcon_core.package_discovery:discover_packages(ignore) check parameters
[0.368s] Level 1:colcon.colcon_core.package_discovery:discover_packages(path) check parameters
[0.368s] Level 1:colcon.colcon_core.package_discovery:discover_packages(colcon_meta) discover
[0.368s] Level 1:colcon.colcon_core.package_discovery:discover_packages(recursive) discover
[0.368s] INFO:colcon.colcon_core.package_discovery:Crawling recursively for packages in '/home/tikea/Food_Delivery_Robot'
[0.368s] Level 1:colcon.colcon_core.package_identification:_identify(.) by extensions ['ignore', 'ignore_ament_install']
[0.368s] Level 1:colcon.colcon_core.package_identification:_identify(.) by extension 'ignore'
[0.368s] Level 1:colcon.colcon_core.package_identification:_identify(.) by extension 'ignore_ament_install'
[0.369s] Level 1:colcon.colcon_core.package_identification:_identify(.) by extensions ['colcon_pkg']
[0.369s] Level 1:colcon.colcon_core.package_identification:_identify(.) by extension 'colcon_pkg'
[0.369s] Level 1:colcon.colcon_core.package_identification:_identify(.) by extensions ['colcon_meta']
[0.369s] Level 1:colcon.colcon_core.package_identification:_identify(.) by extension 'colcon_meta'
[0.369s] Level 1:colcon.colcon_core.package_identification:_identify(.) by extensions ['ros']
[0.369s] Level 1:colcon.colcon_core.package_identification:_identify(.) by extension 'ros'
[0.377s] Level 1:colcon.colcon_core.package_identification:_identify(.) by extensions ['cmake', 'python']
[0.377s] Level 1:colcon.colcon_core.package_identification:_identify(.) by extension 'cmake'
[0.377s] Level 1:colcon.colcon_core.package_identification:_identify(.) by extension 'python'
[0.377s] Level 1:colcon.colcon_core.package_identification:_identify(.) by extensions ['python_setup_py']
[0.377s] Level 1:colcon.colcon_core.package_identification:_identify(.) by extension 'python_setup_py'
[0.378s] Level 1:colcon.colcon_core.package_identification:_identify(build) by extensions ['ignore', 'ignore_ament_install']
[0.378s] Level 1:colcon.colcon_core.package_identification:_identify(build) by extension 'ignore'
[0.378s] Level 1:colcon.colcon_core.package_identification:_identify(build) ignored
[0.378s] Level 1:colcon.colcon_core.package_identification:_identify(docs) by extensions ['ignore', 'ignore_ament_install']
[0.378s] Level 1:colcon.colcon_core.package_identification:_identify(docs) by extension 'ignore'
[0.378s] Level 1:colcon.colcon_core.package_identification:_identify(docs) by extension 'ignore_ament_install'
[0.378s] Level 1:colcon.colcon_core.package_identification:_identify(docs) by extensions ['colcon_pkg']
[0.378s] Level 1:colcon.colcon_core.package_identification:_identify(docs) by extension 'colcon_pkg'
[0.378s] Level 1:colcon.colcon_core.package_identification:_identify(docs) by extensions ['colcon_meta']
[0.378s] Level 1:colcon.colcon_core.package_identification:_identify(docs) by extension 'colcon_meta'
[0.378s] Level 1:colcon.colcon_core.package_identification:_identify(docs) by extensions ['ros']
[0.378s] Level 1:colcon.colcon_core.package_identification:_identify(docs) by extension 'ros'
[0.378s] Level 1:colcon.colcon_core.package_identification:_identify(docs) by extensions ['cmake', 'python']
[0.378s] Level 1:colcon.colcon_core.package_identification:_identify(docs) by extension 'cmake'
[0.378s] Level 1:colcon.colcon_core.package_identification:_identify(docs) by extension 'python'
[0.378s] Level 1:colcon.colcon_core.package_identification:_identify(docs) by extensions ['python_setup_py']
[0.378s] Level 1:colcon.colcon_core.package_identification:_identify(docs) by extension 'python_setup_py'
[0.378s] Level 1:colcon.colcon_core.package_identification:_identify(docs/AMCL) by extensions ['ignore', 'ignore_ament_install']
[0.378s] Level 1:colcon.colcon_core.package_identification:_identify(docs/AMCL) by extension 'ignore'
[0.378s] Level 1:colcon.colcon_core.package_identification:_identify(docs/AMCL) by extension 'ignore_ament_install'
[0.378s] Level 1:colcon.colcon_core.package_identification:_identify(docs/AMCL) by extensions ['colcon_pkg']
[0.378s] Level 1:colcon.colcon_core.package_identification:_identify(docs/AMCL) by extension 'colcon_pkg'
[0.378s] Level 1:colcon.colcon_core.package_identification:_identify(docs/AMCL) by extensions ['colcon_meta']
[0.378s] Level 1:colcon.colcon_core.package_identification:_identify(docs/AMCL) by extension 'colcon_meta'
[0.378s] Level 1:colcon.colcon_core.package_identification:_identify(docs/AMCL) by extensions ['ros']
[0.378s] Level 1:colcon.colcon_core.package_identification:_identify(docs/AMCL) by extension 'ros'
[0.378s] Level 1:colcon.colcon_core.package_identification:_identify(docs/AMCL) by extensions ['cmake', 'python']
[0.378s] Level 1:colcon.colcon_core.package_identification:_identify(docs/AMCL) by extension 'cmake'
[0.378s] Level 1:colcon.colcon_core.package_identification:_identify(docs/AMCL) by extension 'python'
[0.378s] Level 1:colcon.colcon_core.package_identification:_identify(docs/AMCL) by extensions ['python_setup_py']
[0.378s] Level 1:colcon.colcon_core.package_identification:_identify(docs/AMCL) by extension 'python_setup_py'
[0.378s] Level 1:colcon.colcon_core.package_identification:_identify(docs/EKF) by extensions ['ignore', 'ignore_ament_install']
[0.378s] Level 1:colcon.colcon_core.package_identification:_identify(docs/EKF) by extension 'ignore'
[0.379s] Level 1:colcon.colcon_core.package_identification:_identify(docs/EKF) by extension 'ignore_ament_install'
[0.379s] Level 1:colcon.colcon_core.package_identification:_identify(docs/EKF) by extensions ['colcon_pkg']
[0.379s] Level 1:colcon.colcon_core.package_identification:_identify(docs/EKF) by extension 'colcon_pkg'
[0.379s] Level 1:colcon.colcon_core.package_identification:_identify(docs/EKF) by extensions ['colcon_meta']
[0.379s] Level 1:colcon.colcon_core.package_identification:_identify(docs/EKF) by extension 'colcon_meta'
[0.379s] Level 1:colcon.colcon_core.package_identification:_identify(docs/EKF) by extensions ['ros']
[0.379s] Level 1:colcon.colcon_core.package_identification:_identify(docs/EKF) by extension 'ros'
[0.379s] Level 1:colcon.colcon_core.package_identification:_identify(docs/EKF) by extensions ['cmake', 'python']
[0.379s] Level 1:colcon.colcon_core.package_identification:_identify(docs/EKF) by extension 'cmake'
[0.379s] Level 1:colcon.colcon_core.package_identification:_identify(docs/EKF) by extension 'python'
[0.379s] Level 1:colcon.colcon_core.package_identification:_identify(docs/EKF) by extensions ['python_setup_py']
[0.379s] Level 1:colcon.colcon_core.package_identification:_identify(docs/EKF) by extension 'python_setup_py'
[0.379s] Level 1:colcon.colcon_core.package_identification:_identify(docs/Imu) by extensions ['ignore', 'ignore_ament_install']
[0.379s] Level 1:colcon.colcon_core.package_identification:_identify(docs/Imu) by extension 'ignore'
[0.379s] Level 1:colcon.colcon_core.package_identification:_identify(docs/Imu) by extension 'ignore_ament_install'
[0.379s] Level 1:colcon.colcon_core.package_identification:_identify(docs/Imu) by extensions ['colcon_pkg']
[0.379s] Level 1:colcon.colcon_core.package_identification:_identify(docs/Imu) by extension 'colcon_pkg'
[0.379s] Level 1:colcon.colcon_core.package_identification:_identify(docs/Imu) by extensions ['colcon_meta']
[0.379s] Level 1:colcon.colcon_core.package_identification:_identify(docs/Imu) by extension 'colcon_meta'
[0.379s] Level 1:colcon.colcon_core.package_identification:_identify(docs/Imu) by extensions ['ros']
[0.379s] Level 1:colcon.colcon_core.package_identification:_identify(docs/Imu) by extension 'ros'
[0.379s] Level 1:colcon.colcon_core.package_identification:_identify(docs/Imu) by extensions ['cmake', 'python']
[0.379s] Level 1:colcon.colcon_core.package_identification:_identify(docs/Imu) by extension 'cmake'
[0.379s] Level 1:colcon.colcon_core.package_identification:_identify(docs/Imu) by extension 'python'
[0.379s] Level 1:colcon.colcon_core.package_identification:_identify(docs/Imu) by extensions ['python_setup_py']
[0.379s] Level 1:colcon.colcon_core.package_identification:_identify(docs/Imu) by extension 'python_setup_py'
[0.379s] Level 1:colcon.colcon_core.package_identification:_identify(docs/Map) by extensions ['ignore', 'ignore_ament_install']
[0.379s] Level 1:colcon.colcon_core.package_identification:_identify(docs/Map) by extension 'ignore'
[0.379s] Level 1:colcon.colcon_core.package_identification:_identify(docs/Map) by extension 'ignore_ament_install'
[0.379s] Level 1:colcon.colcon_core.package_identification:_identify(docs/Map) by extensions ['colcon_pkg']
[0.379s] Level 1:colcon.colcon_core.package_identification:_identify(docs/Map) by extension 'colcon_pkg'
[0.379s] Level 1:colcon.colcon_core.package_identification:_identify(docs/Map) by extensions ['colcon_meta']
[0.379s] Level 1:colcon.colcon_core.package_identification:_identify(docs/Map) by extension 'colcon_meta'
[0.379s] Level 1:colcon.colcon_core.package_identification:_identify(docs/Map) by extensions ['ros']
[0.379s] Level 1:colcon.colcon_core.package_identification:_identify(docs/Map) by extension 'ros'
[0.379s] Level 1:colcon.colcon_core.package_identification:_identify(docs/Map) by extensions ['cmake', 'python']
[0.379s] Level 1:colcon.colcon_core.package_identification:_identify(docs/Map) by extension 'cmake'
[0.379s] Level 1:colcon.colcon_core.package_identification:_identify(docs/Map) by extension 'python'
[0.379s] Level 1:colcon.colcon_core.package_identification:_identify(docs/Map) by extensions ['python_setup_py']
[0.379s] Level 1:colcon.colcon_core.package_identification:_identify(docs/Map) by extension 'python_setup_py'
[0.379s] Level 1:colcon.colcon_core.package_identification:_identify(docs/Odom) by extensions ['ignore', 'ignore_ament_install']
[0.379s] Level 1:colcon.colcon_core.package_identification:_identify(docs/Odom) by extension 'ignore'
[0.380s] Level 1:colcon.colcon_core.package_identification:_identify(docs/Odom) by extension 'ignore_ament_install'
[0.380s] Level 1:colcon.colcon_core.package_identification:_identify(docs/Odom) by extensions ['colcon_pkg']
[0.380s] Level 1:colcon.colcon_core.package_identification:_identify(docs/Odom) by extension 'colcon_pkg'
[0.380s] Level 1:colcon.colcon_core.package_identification:_identify(docs/Odom) by extensions ['colcon_meta']
[0.380s] Level 1:colcon.colcon_core.package_identification:_identify(docs/Odom) by extension 'colcon_meta'
[0.380s] Level 1:colcon.colcon_core.package_identification:_identify(docs/Odom) by extensions ['ros']
[0.380s] Level 1:colcon.colcon_core.package_identification:_identify(docs/Odom) by extension 'ros'
[0.380s] Level 1:colcon.colcon_core.package_identification:_identify(docs/Odom) by extensions ['cmake', 'python']
[0.380s] Level 1:colcon.colcon_core.package_identification:_identify(docs/Odom) by extension 'cmake'
[0.380s] Level 1:colcon.colcon_core.package_identification:_identify(docs/Odom) by extension 'python'
[0.380s] Level 1:colcon.colcon_core.package_identification:_identify(docs/Odom) by extensions ['python_setup_py']
[0.380s] Level 1:colcon.colcon_core.package_identification:_identify(docs/Odom) by extension 'python_setup_py'
[0.380s] Level 1:colcon.colcon_core.package_identification:_identify(docs/ROS2_Nav2) by extensions ['ignore', 'ignore_ament_install']
[0.380s] Level 1:colcon.colcon_core.package_identification:_identify(docs/ROS2_Nav2) by extension 'ignore'
[0.380s] Level 1:colcon.colcon_core.package_identification:_identify(docs/ROS2_Nav2) by extension 'ignore_ament_install'
[0.380s] Level 1:colcon.colcon_core.package_identification:_identify(docs/ROS2_Nav2) by extensions ['colcon_pkg']
[0.380s] Level 1:colcon.colcon_core.package_identification:_identify(docs/ROS2_Nav2) by extension 'colcon_pkg'
[0.380s] Level 1:colcon.colcon_core.package_identification:_identify(docs/ROS2_Nav2) by extensions ['colcon_meta']
[0.380s] Level 1:colcon.colcon_core.package_identification:_identify(docs/ROS2_Nav2) by extension 'colcon_meta'
[0.380s] Level 1:colcon.colcon_core.package_identification:_identify(docs/ROS2_Nav2) by extensions ['ros']
[0.380s] Level 1:colcon.colcon_core.package_identification:_identify(docs/ROS2_Nav2) by extension 'ros'
[0.380s] Level 1:colcon.colcon_core.package_identification:_identify(docs/ROS2_Nav2) by extensions ['cmake', 'python']
[0.380s] Level 1:colcon.colcon_core.package_identification:_identify(docs/ROS2_Nav2) by extension 'cmake'
[0.380s] Level 1:colcon.colcon_core.package_identification:_identify(docs/ROS2_Nav2) by extension 'python'
[0.380s] Level 1:colcon.colcon_core.package_identification:_identify(docs/ROS2_Nav2) by extensions ['python_setup_py']
[0.380s] Level 1:colcon.colcon_core.package_identification:_identify(docs/ROS2_Nav2) by extension 'python_setup_py'
[0.380s] Level 1:colcon.colcon_core.package_identification:_identify(docs/graph) by extensions ['ignore', 'ignore_ament_install']
[0.380s] Level 1:colcon.colcon_core.package_identification:_identify(docs/graph) by extension 'ignore'
[0.380s] Level 1:colcon.colcon_core.package_identification:_identify(docs/graph) by extension 'ignore_ament_install'
[0.380s] Level 1:colcon.colcon_core.package_identification:_identify(docs/graph) by extensions ['colcon_pkg']
[0.380s] Level 1:colcon.colcon_core.package_identification:_identify(docs/graph) by extension 'colcon_pkg'
[0.380s] Level 1:colcon.colcon_core.package_identification:_identify(docs/graph) by extensions ['colcon_meta']
[0.380s] Level 1:colcon.colcon_core.package_identification:_identify(docs/graph) by extension 'colcon_meta'
[0.380s] Level 1:colcon.colcon_core.package_identification:_identify(docs/graph) by extensions ['ros']
[0.380s] Level 1:colcon.colcon_core.package_identification:_identify(docs/graph) by extension 'ros'
[0.380s] Level 1:colcon.colcon_core.package_identification:_identify(docs/graph) by extensions ['cmake', 'python']
[0.380s] Level 1:colcon.colcon_core.package_identification:_identify(docs/graph) by extension 'cmake'
[0.380s] Level 1:colcon.colcon_core.package_identification:_identify(docs/graph) by extension 'python'
[0.380s] Level 1:colcon.colcon_core.package_identification:_identify(docs/graph) by extensions ['python_setup_py']
[0.380s] Level 1:colcon.colcon_core.package_identification:_identify(docs/graph) by extension 'python_setup_py'
[0.380s] Level 1:colcon.colcon_core.package_identification:_identify(install) by extensions ['ignore', 'ignore_ament_install']
[0.380s] Level 1:colcon.colcon_core.package_identification:_identify(install) by extension 'ignore'
[0.381s] Level 1:colcon.colcon_core.package_identification:_identify(install) ignored
[0.381s] Level 1:colcon.colcon_core.package_identification:_identify(log) by extensions ['ignore', 'ignore_ament_install']
[0.381s] Level 1:colcon.colcon_core.package_identification:_identify(log) by extension 'ignore'
[0.381s] Level 1:colcon.colcon_core.package_identification:_identify(log) ignored
[0.381s] Level 1:colcon.colcon_core.package_identification:_identify(src) by extensions ['ignore', 'ignore_ament_install']
[0.381s] Level 1:colcon.colcon_core.package_identification:_identify(src) by extension 'ignore'
[0.381s] Level 1:colcon.colcon_core.package_identification:_identify(src) by extension 'ignore_ament_install'
[0.381s] Level 1:colcon.colcon_core.package_identification:_identify(src) by extensions ['colcon_pkg']
[0.381s] Level 1:colcon.colcon_core.package_identification:_identify(src) by extension 'colcon_pkg'
[0.381s] Level 1:colcon.colcon_core.package_identification:_identify(src) by extensions ['colcon_meta']
[0.381s] Level 1:colcon.colcon_core.package_identification:_identify(src) by extension 'colcon_meta'
[0.381s] Level 1:colcon.colcon_core.package_identification:_identify(src) by extensions ['ros']
[0.381s] Level 1:colcon.colcon_core.package_identification:_identify(src) by extension 'ros'
[0.381s] Level 1:colcon.colcon_core.package_identification:_identify(src) by extensions ['cmake', 'python']
[0.381s] Level 1:colcon.colcon_core.package_identification:_identify(src) by extension 'cmake'
[0.381s] Level 1:colcon.colcon_core.package_identification:_identify(src) by extension 'python'
[0.381s] Level 1:colcon.colcon_core.package_identification:_identify(src) by extensions ['python_setup_py']
[0.381s] Level 1:colcon.colcon_core.package_identification:_identify(src) by extension 'python_setup_py'
[0.381s] Level 1:colcon.colcon_core.package_identification:_identify(src/food_del_robot) by extensions ['ignore', 'ignore_ament_install']
[0.381s] Level 1:colcon.colcon_core.package_identification:_identify(src/food_del_robot) by extension 'ignore'
[0.381s] Level 1:colcon.colcon_core.package_identification:_identify(src/food_del_robot) by extension 'ignore_ament_install'
[0.381s] Level 1:colcon.colcon_core.package_identification:_identify(src/food_del_robot) by extensions ['colcon_pkg']
[0.381s] Level 1:colcon.colcon_core.package_identification:_identify(src/food_del_robot) by extension 'colcon_pkg'
[0.381s] Level 1:colcon.colcon_core.package_identification:_identify(src/food_del_robot) by extensions ['colcon_meta']
[0.381s] Level 1:colcon.colcon_core.package_identification:_identify(src/food_del_robot) by extension 'colcon_meta'
[0.381s] Level 1:colcon.colcon_core.package_identification:_identify(src/food_del_robot) by extensions ['ros']
[0.381s] Level 1:colcon.colcon_core.package_identification:_identify(src/food_del_robot) by extension 'ros'
[0.383s] DEBUG:colcon.colcon_core.package_identification:Package 'src/food_del_robot' with type 'ros.ament_cmake' and name 'food_del_robot'
[0.383s] Level 1:colcon.colcon_core.package_identification:_identify(src/food_del_robot_description) by extensions ['ignore', 'ignore_ament_install']
[0.383s] Level 1:colcon.colcon_core.package_identification:_identify(src/food_del_robot_description) by extension 'ignore'
[0.383s] Level 1:colcon.colcon_core.package_identification:_identify(src/food_del_robot_description) by extension 'ignore_ament_install'
[0.383s] Level 1:colcon.colcon_core.package_identification:_identify(src/food_del_robot_description) by extensions ['colcon_pkg']
[0.383s] Level 1:colcon.colcon_core.package_identification:_identify(src/food_del_robot_description) by extension 'colcon_pkg'
[0.383s] Level 1:colcon.colcon_core.package_identification:_identify(src/food_del_robot_description) by extensions ['colcon_meta']
[0.383s] Level 1:colcon.colcon_core.package_identification:_identify(src/food_del_robot_description) by extension 'colcon_meta'
[0.383s] Level 1:colcon.colcon_core.package_identification:_identify(src/food_del_robot_description) by extensions ['ros']
[0.384s] Level 1:colcon.colcon_core.package_identification:_identify(src/food_del_robot_description) by extension 'ros'
[0.384s] DEBUG:colcon.colcon_core.package_identification:Package 'src/food_del_robot_description' with type 'ros.ament_cmake' and name 'food_del_robot_description'
[0.384s] Level 1:colcon.colcon_core.package_identification:_identify(src/food_del_robot_hardware) by extensions ['ignore', 'ignore_ament_install']
[0.384s] Level 1:colcon.colcon_core.package_identification:_identify(src/food_del_robot_hardware) by extension 'ignore'
[0.384s] Level 1:colcon.colcon_core.package_identification:_identify(src/food_del_robot_hardware) by extension 'ignore_ament_install'
[0.384s] Level 1:colcon.colcon_core.package_identification:_identify(src/food_del_robot_hardware) by extensions ['colcon_pkg']
[0.384s] Level 1:colcon.colcon_core.package_identification:_identify(src/food_del_robot_hardware) by extension 'colcon_pkg'
[0.384s] Level 1:colcon.colcon_core.package_identification:_identify(src/food_del_robot_hardware) by extensions ['colcon_meta']
[0.384s] Level 1:colcon.colcon_core.package_identification:_identify(src/food_del_robot_hardware) by extension 'colcon_meta'
[0.384s] Level 1:colcon.colcon_core.package_identification:_identify(src/food_del_robot_hardware) by extensions ['ros']
[0.384s] Level 1:colcon.colcon_core.package_identification:_identify(src/food_del_robot_hardware) by extension 'ros'
[0.385s] DEBUG:colcon.colcon_core.package_identification:Package 'src/food_del_robot_hardware' with type 'ros.ament_cmake' and name 'food_del_robot_hardware'
[0.385s] Level 1:colcon.colcon_core.package_identification:_identify(src/robot_kinematic) by extensions ['ignore', 'ignore_ament_install']
[0.385s] Level 1:colcon.colcon_core.package_identification:_identify(src/robot_kinematic) by extension 'ignore'
[0.385s] Level 1:colcon.colcon_core.package_identification:_identify(src/robot_kinematic) ignored
[0.385s] Level 1:colcon.colcon_core.package_identification:_identify(src/rplidar_ros-ros2) by extensions ['ignore', 'ignore_ament_install']
[0.385s] Level 1:colcon.colcon_core.package_identification:_identify(src/rplidar_ros-ros2) by extension 'ignore'
[0.385s] Level 1:colcon.colcon_core.package_identification:_identify(src/rplidar_ros-ros2) by extension 'ignore_ament_install'
[0.385s] Level 1:colcon.colcon_core.package_identification:_identify(src/rplidar_ros-ros2) by extensions ['colcon_pkg']
[0.385s] Level 1:colcon.colcon_core.package_identification:_identify(src/rplidar_ros-ros2) by extension 'colcon_pkg'
[0.385s] Level 1:colcon.colcon_core.package_identification:_identify(src/rplidar_ros-ros2) by extensions ['colcon_meta']
[0.385s] Level 1:colcon.colcon_core.package_identification:_identify(src/rplidar_ros-ros2) by extension 'colcon_meta'
[0.385s] Level 1:colcon.colcon_core.package_identification:_identify(src/rplidar_ros-ros2) by extensions ['ros']
[0.385s] Level 1:colcon.colcon_core.package_identification:_identify(src/rplidar_ros-ros2) by extension 'ros'
[0.386s] DEBUG:colcon.colcon_core.package_identification:Package 'src/rplidar_ros-ros2' with type 'ros.ament_cmake' and name 'rplidar_ros'
[0.386s] Level 1:colcon.colcon_core.package_identification:_identify(src/yahboom_imu_10_axis) by extensions ['ignore', 'ignore_ament_install']
[0.386s] Level 1:colcon.colcon_core.package_identification:_identify(src/yahboom_imu_10_axis) by extension 'ignore'
[0.386s] Level 1:colcon.colcon_core.package_identification:_identify(src/yahboom_imu_10_axis) by extension 'ignore_ament_install'
[0.386s] Level 1:colcon.colcon_core.package_identification:_identify(src/yahboom_imu_10_axis) by extensions ['colcon_pkg']
[0.386s] Level 1:colcon.colcon_core.package_identification:_identify(src/yahboom_imu_10_axis) by extension 'colcon_pkg'
[0.386s] Level 1:colcon.colcon_core.package_identification:_identify(src/yahboom_imu_10_axis) by extensions ['colcon_meta']
[0.386s] Level 1:colcon.colcon_core.package_identification:_identify(src/yahboom_imu_10_axis) by extension 'colcon_meta'
[0.386s] Level 1:colcon.colcon_core.package_identification:_identify(src/yahboom_imu_10_axis) by extensions ['ros']
[0.386s] Level 1:colcon.colcon_core.package_identification:_identify(src/yahboom_imu_10_axis) by extension 'ros'
[0.386s] DEBUG:colcon.colcon_core.package_identification:Package 'src/yahboom_imu_10_axis' with type 'ros.ament_cmake' and name 'yahboom_imu_10_axis'
[0.386s] Level 1:colcon.colcon_core.package_identification:_identify(src/zlac8015d_driver) by extensions ['ignore', 'ignore_ament_install']
[0.386s] Level 1:colcon.colcon_core.package_identification:_identify(src/zlac8015d_driver) by extension 'ignore'
[0.386s] Level 1:colcon.colcon_core.package_identification:_identify(src/zlac8015d_driver) by extension 'ignore_ament_install'
[0.386s] Level 1:colcon.colcon_core.package_identification:_identify(src/zlac8015d_driver) by extensions ['colcon_pkg']
[0.386s] Level 1:colcon.colcon_core.package_identification:_identify(src/zlac8015d_driver) by extension 'colcon_pkg'
[0.386s] Level 1:colcon.colcon_core.package_identification:_identify(src/zlac8015d_driver) by extensions ['colcon_meta']
[0.386s] Level 1:colcon.colcon_core.package_identification:_identify(src/zlac8015d_driver) by extension 'colcon_meta'
[0.386s] Level 1:colcon.colcon_core.package_identification:_identify(src/zlac8015d_driver) by extensions ['ros']
[0.386s] Level 1:colcon.colcon_core.package_identification:_identify(src/zlac8015d_driver) by extension 'ros'
[0.387s] DEBUG:colcon.colcon_core.package_identification:Package 'src/zlac8015d_driver' with type 'ros.ament_cmake' and name 'zlac8015d_driver'
[0.387s] Level 1:colcon.colcon_core.package_discovery:discover_packages(recursive) using defaults
[0.387s] Level 1:colcon.colcon_core.package_discovery:discover_packages(ignore) discover
[0.387s] Level 1:colcon.colcon_core.package_discovery:discover_packages(ignore) using defaults
[0.387s] Level 1:colcon.colcon_core.package_discovery:discover_packages(path) discover
[0.387s] Level 1:colcon.colcon_core.package_discovery:discover_packages(path) using defaults
[0.419s] INFO:colcon.colcon_core.package_selection:Skipping not selected package 'food_del_robot' in 'src/food_del_robot'
[0.419s] INFO:colcon.colcon_core.package_selection:Skipping not selected package 'rplidar_ros' in 'src/rplidar_ros-ros2'
[0.419s] INFO:colcon.colcon_core.package_selection:Skipping not selected package 'yahboom_imu_10_axis' in 'src/yahboom_imu_10_axis'
[0.419s] INFO:colcon.colcon_core.package_selection:Skipping not selected package 'zlac8015d_driver' in 'src/zlac8015d_driver'
[0.419s] INFO:colcon.colcon_core.package_selection:Skipping not selected package 'food_del_robot_description' in 'src/food_del_robot_description'
[0.419s] Level 1:colcon.colcon_core.package_discovery:discover_packages(prefix_path) check parameters
[0.419s] Level 1:colcon.colcon_core.package_discovery:discover_packages(prefix_path) discover
[0.427s] DEBUG:colcon.colcon_installed_package_information.package_discovery:Found 6 installed packages in /home/tikea/Food_Delivery_Robot/install
[0.428s] DEBUG:colcon.colcon_installed_package_information.package_discovery:Found 3 installed packages in /home/tikea/stepper_motor_ws/install
[0.428s] DEBUG:colcon.colcon_installed_package_information.package_discovery:Found 5 installed packages in /home/tikea/level3_ws/install
[0.428s] DEBUG:colcon.colcon_installed_package_information.package_discovery:Found 6 installed packages in /home/tikea/ros2_udemy_ws/install
[0.429s] DEBUG:colcon.colcon_installed_package_information.package_discovery:Found 56 installed packages in /home/tikea/ws_moveit2/install
[0.430s] DEBUG:colcon.colcon_installed_package_information.package_discovery:Found 10 installed packages in /home/tikea/scara_ws/install
[0.430s] DEBUG:colcon.colcon_installed_package_information.package_discovery:Found 7 installed packages in /home/tikea/odrive_ws/install
[0.430s] DEBUG:colcon.colcon_installed_package_information.package_discovery:Found 5 installed packages in /home/tikea/moveit2_ws/install
[0.430s] DEBUG:colcon.colcon_installed_package_information.package_discovery:Found 5 installed packages in /home/tikea/level2_ws/install
[0.431s] DEBUG:colcon.colcon_installed_package_information.package_discovery:Found 3 installed packages in /home/tikea/sporaX_ws/install
[0.431s] DEBUG:colcon.colcon_installed_package_information.package_discovery:Found 2 installed packages in /home/tikea/mushroom_ws/install
[0.431s] DEBUG:colcon.colcon_installed_package_information.package_discovery:Found 14 installed packages in /home/tikea/ecam_ws/install
[0.431s] DEBUG:colcon.colcon_installed_package_information.package_discovery:Found 2 installed packages in /home/tikea/ros2_ecam_ws/install
[0.436s] DEBUG:colcon.colcon_installed_package_information.package_discovery:Found 334 installed packages in /home/tikea/ros2_humble/install
[0.438s] DEBUG:colcon.colcon_installed_package_information.package_discovery:Found 385 installed packages in /opt/ros/humble
[0.443s] Level 1:colcon.colcon_core.package_discovery:discover_packages(prefix_path) using defaults
[0.486s] Level 5:colcon.colcon_core.verb:set package 'food_del_robot_hardware' build argument 'cmake_args' from command line to 'None'
[0.486s] Level 5:colcon.colcon_core.verb:set package 'food_del_robot_hardware' build argument 'cmake_target' from command line to 'None'
[0.486s] Level 5:colcon.colcon_core.verb:set package 'food_del_robot_hardware' build argument 'cmake_target_skip_unavailable' from command line to 'False'
[0.486s] Level 5:colcon.colcon_core.verb:set package 'food_del_robot_hardware' build argument 'cmake_clean_cache' from command line to 'False'
[0.486s] Level 5:colcon.colcon_core.verb:set package 'food_del_robot_hardware' build argument 'cmake_clean_first' from command line to 'False'
[0.486s] Level 5:colcon.colcon_core.verb:set package 'food_del_robot_hardware' build argument 'cmake_force_configure' from command line to 'False'
[0.486s] Level 5:colcon.colcon_core.verb:set package 'food_del_robot_hardware' build argument 'ament_cmake_args' from command line to 'None'
[0.486s] Level 5:colcon.colcon_core.verb:set package 'food_del_robot_hardware' build argument 'catkin_cmake_args' from command line to 'None'
[0.486s] Level 5:colcon.colcon_core.verb:set package 'food_del_robot_hardware' build argument 'catkin_skip_building_tests' from command line to 'False'
[0.486s] DEBUG:colcon.colcon_core.verb:Building package 'food_del_robot_hardware' with the following arguments: {'ament_cmake_args': None, 'build_base': '/home/tikea/Food_Delivery_Robot/build/food_del_robot_hardware', 'catkin_cmake_args': None, 'catkin_skip_building_tests': False, 'cmake_args': None, 'cmake_clean_cache': False, 'cmake_clean_first': False, 'cmake_force_configure': False, 'cmake_target': None, 'cmake_target_skip_unavailable': False, 'install_base': '/home/tikea/Food_Delivery_Robot/install/food_del_robot_hardware', 'merge_install': False, 'path': '/home/tikea/Food_Delivery_Robot/src/food_del_robot_hardware', 'symlink_install': False, 'test_result_base': None}
[0.486s] INFO:colcon.colcon_core.executor:Executing jobs using 'parallel' executor
[0.487s] DEBUG:colcon.colcon_parallel_executor.executor.parallel:run_until_complete
[0.487s] INFO:colcon.colcon_ros.task.ament_cmake.build:Building ROS package in '/home/tikea/Food_Delivery_Robot/src/food_del_robot_hardware' with build type 'ament_cmake'
[0.487s] INFO:colcon.colcon_cmake.task.cmake.build:Building CMake package in '/home/tikea/Food_Delivery_Robot/src/food_del_robot_hardware'
[0.491s] INFO:colcon.colcon_core.plugin_system:Skipping extension 'colcon_core.shell.bat': Not used on non-Windows systems
[0.492s] INFO:colcon.colcon_core.shell:Skip shell extension 'powershell' for command environment: Not usable outside of PowerShell
[0.492s] DEBUG:colcon.colcon_core.shell:Skip shell extension 'dsv' for command environment
[0.533s] DEBUG:colcon.colcon_core.event_handler.log_command:Invoking command in '/home/tikea/Food_Delivery_Robot/build/food_del_robot_hardware': CMAKE_PREFIX_PATH=/home/tikea/Food_Delivery_Robot/install/zlac8015d_driver:/home/tikea/stepper_motor_ws/install/mks_servo_cpp:/home/tikea/stepper_motor_ws/install/stepper_motor_control:/home/tikea/level3_ws/install/lifecycle_py:/home/tikea/level3_ws/install/actions_py:/home/tikea/ros2_udemy_ws/install/turtle_project:/home/tikea/ros2_udemy_ws/install/my_py_pkg:/home/tikea/ws_moveit2/install/moveit_configs_utils:/home/tikea/ws_moveit2/install/launch_param_builder:/home/tikea/scara_ws/install/yolo_detector:/home/tikea/scara_ws/install/startup_scara:/home/tikea/scara_ws/install/solenoid_valve:/home/tikea/scara_ws/install/scara_ik:/home/tikea/scara_ws/install/can_utilities:/home/tikea/odrive_ws/install/user_interface:/home/tikea/odrive_ws/install/odrive_ros2_control:/home/tikea/odrive_ws/install/my_odrive_control:/home/tikea/mushroom_ws/install/temperature_monitor:/home/tikea/mushroom_ws/install/temperature_bridge:/home/tikea/ecam_ws/install/subscriber_pkg:/home/tikea/ecam_ws/install/service:/home/tikea/ecam_ws/install/publisher_pkg:/home/tikea/ecam_ws/install/parameter_tests:/home/tikea/ecam_ws/install/my_pkg:/home/tikea/ecam_ws/install/movement_pkg:/home/tikea/ecam_ws/install/localization_server:/home/tikea/ecam_ws/install/launch_test_pkg:/home/tikea/ecam_ws/install/example36_pkg:/home/tikea/ecam_ws/install/ecam_action:/home/tikea/ros2_ecam_ws/install/publisher_pkg:/home/tikea/ros2_ecam_ws/install/my_packages:/opt/ros/humble:/home/tikea/ros2_humble/install/tracetools_test:/home/tikea/ros2_humble/install/tracetools_launch:/home/tikea/ros2_humble/install/topic_monitor:/home/tikea/ros2_humble/install/tf2_tools:/home/tikea/ros2_humble/install/examples_tf2_py:/home/tikea/ros2_humble/install/tf2_ros_py:/home/tikea/ros2_humble/install/sros2:/home/tikea/ros2_humble/install/rqt_topic:/home/tikea/ros2_humble/install/rqt_srv:/home/tikea/ros2_humble/install/rqt_shell:/home/tikea/ros2_humble/install/rqt_service_caller:/home/tikea/ros2_humble/install/rqt_reconfigure:/home/tikea/ros2_humble/install/rqt_py_console:/home/tikea/ros2_humble/install/rqt_publisher:/home/tikea/ros2_humble/install/rqt_plot:/home/tikea/ros2_humble/install/rqt_action:/home/tikea/ros2_humble/install/rqt_msg:/home/tikea/ros2_humble/install/rqt_console:/home/tikea/ros2_humble/install/rqt:/home/tikea/ros2_humble/install/rqt_graph:/home/tikea/ros2_humble/install/rqt_gui_py:/home/tikea/ros2_humble/install/rqt_gui:/home/tikea/ros2_humble/install/ros2trace:/home/tikea/ros2_humble/install/ros2topic:/home/tikea/ros2_humble/install/ros2test:/home/tikea/ros2_humble/install/ros2component:/home/tikea/ros2_humble/install/ros2param:/home/tikea/ros2_humble/install/ros2lifecycle:/home/tikea/ros2_humble/install/ros2service:/home/tikea/ros2_humble/install/ros2run:/home/tikea/ros2_humble/install/ros2plugin:/home/tikea/ros2_humble/install/ros2launch:/home/tikea/ros2_humble/install/ros2pkg:/home/tikea/ros2_humble/install/ros2node:/home/tikea/ros2_humble/install/ros2multicast:/home/tikea/ros2_humble/install/ros2interface:/home/tikea/ros2_humble/install/ros2doctor:/home/tikea/ros2_humble/install/ros2action:/home/tikea/ros2_humble/install/ros2cli:/home/tikea/ros2_humble/install/quality_of_service_demo_py:/home/tikea/ros2_humble/install/lifecycle_py:/home/tikea/ros2_humble/install/launch_testing_ros:/home/tikea/ros2_humble/install/launch_ros:/home/tikea/ros2_humble/install/examples_rclpy_pointcloud_publisher:/home/tikea/ros2_humble/install/examples_rclpy_minimal_subscriber:/home/tikea/ros2_humble/install/examples_rclpy_minimal_service:/home/tikea/ros2_humble/install/examples_rclpy_minimal_publisher:/home/tikea/ros2_humble/install/examples_rclpy_minimal_client:/home/tikea/ros2_humble/install/examples_rclpy_minimal_action_server:/home/tikea/ros2_humble/install/examples_rclpy_minimal_action_client:/home/tikea/ros2_humble/install/examples_rclpy_guard_conditions:/home/tikea/ros2_humble/install/examples_rclpy_executors:/home/tikea/ros2_humble/install/demo_nodes_py:/home/tikea/ros2_humble/install/camera_info_manager_py:/home/tikea/ros2_humble/install/action_tutorials_py:/home/tikea/ros2_humble/install/ament_uncrustify:/home/tikea/ros2_humble/install/tracetools_trace:/home/tikea/ros2_humble/install/tracetools_read:/home/tikea/ros2_humble/install/test_tracetools_launch:/home/tikea/ros2_humble/install/test_launch_ros:/home/tikea/ros2_humble/install/sensor_msgs_py:/home/tikea/ros2_humble/install/rpyutils:/home/tikea/ros2_humble/install/rosidl_runtime_py:/home/tikea/ros2_humble/install/rosidl_cli:/home/tikea/ros2_humble/install/launch_pytest:/home/tikea/ros2_humble/install/launch_testing:/home/tikea/ros2_humble/install/launch_yaml:/home/tikea/ros2_humble/install/launch_xml:/home/tikea/ros2_humble/install/launch:/home/tikea/ros2_humble/install/osrf_pycommon:/home/tikea/ros2_humble/install/domain_coordinator:/home/tikea/ros2_humble/install/ament_xmllint:/home/tikea/ros2_humble/install/ament_pyflakes:/home/tikea/ros2_humble/install/ament_pycodestyle:/home/tikea/ros2_humble/install/ament_pep257:/home/tikea/ros2_humble/install/ament_pclint:/home/tikea/ros2_humble/install/ament_package:/home/tikea/ros2_humble/install/ament_mypy:/home/tikea/ros2_humble/install/ament_lint_cmake:/home/tikea/ros2_humble/install/ament_flake8:/home/tikea/ros2_humble/install/ament_copyright:/home/tikea/ros2_humble/install/ament_lint:/home/tikea/ros2_humble/install/ament_index_python:/home/tikea/ros2_humble/install/ament_cpplint:/home/tikea/ros2_humble/install/ament_cppcheck:/home/tikea/ros2_humble/install/ament_clang_tidy:/home/tikea/ros2_humble/install/ament_clang_format:/home/tikea/stepper_motor_ws/install/can_stepper_interfaces:/home/tikea/Food_Delivery_Robot/install/food_del_robot_description:/home/tikea/Food_Delivery_Robot/install/yahboom_imu_10_axis:/home/tikea/Food_Delivery_Robot/install/rplidar_ros:/home/tikea/Food_Delivery_Robot/install/food_del_robot_hardware:/home/tikea/Food_Delivery_Robot/install/food_del_robot:/home/tikea/level3_ws/install/lifecycle_cpp:/home/tikea/level3_ws/install/actions_cpp:/home/tikea/level3_ws/install/level3_interfaces:/home/tikea/ros2_udemy_ws/install/my_robot_bringup:/home/tikea/ros2_udemy_ws/install/my_cpp_pkg:/home/tikea/ros2_udemy_ws/install/cpp_serious_pkg:/home/tikea/ros2_udemy_ws/install/my_robot_interfaces:/home/tikea/ws_moveit2/install/pilz_industrial_motion_planner_testutils:/home/tikea/ws_moveit2/install/moveit_runtime:/home/tikea/ws_moveit2/install/moveit2_tutorials:/home/tikea/ws_moveit2/install/moveit:/home/tikea/ws_moveit2/install/moveit_planners:/home/tikea/ws_moveit2/install/pilz_industrial_motion_planner:/home/tikea/ws_moveit2/install/moveit_visual_tools:/home/tikea/ws_moveit2/install/moveit_task_constructor_visualization:/home/tikea/ws_moveit2/install/moveit_task_constructor_demo:/home/tikea/ws_moveit2/install/moveit_task_constructor_capabilities:/home/tikea/ws_moveit2/install/moveit_task_constructor_core:/home/tikea/ws_moveit2/install/moveit_ros_control_interface:/home/tikea/ws_moveit2/install/moveit_plugins:/home/tikea/ws_moveit2/install/moveit_simple_controller_manager:/home/tikea/ws_moveit2/install/moveit_setup_assistant:/home/tikea/ws_moveit2/install/moveit_setup_srdf_plugins:/home/tikea/ws_moveit2/install/moveit_setup_core_plugins:/home/tikea/ws_moveit2/install/moveit_setup_controllers:/home/tikea/ws_moveit2/install/moveit_setup_app_plugins:/home/tikea/ws_moveit2/install/moveit_setup_framework:/home/tikea/ws_moveit2/install/moveit_servo:/home/tikea/ws_moveit2/install/moveit_ros:/home/tikea/ws_moveit2/install/moveit_ros_visualization:/home/tikea/ws_moveit2/install/moveit_py:/home/tikea/ws_moveit2/install/moveit_hybrid_planning:/home/tikea/ws_moveit2/install/moveit_ros_planning_interface:/home/tikea/ws_moveit2/install/moveit_ros_benchmarks:/home/tikea/ws_moveit2/install/moveit_ros_warehouse:/home/tikea/ws_moveit2/install/moveit_ros_robot_interaction:/home/tikea/ws_moveit2/install/moveit_ros_perception:/home/tikea/ws_moveit2/install/moveit_resources_prbt_pg70_support:/home/tikea/ws_moveit2/install/moveit_resources_prbt_moveit_config:/home/tikea/ws_moveit2/install/moveit_ros_move_group:/home/tikea/ws_moveit2/install/moveit_planners_ompl:/home/tikea/ws_moveit2/install/moveit_ros_planning:/home/tikea/ws_moveit2/install/moveit_ros_occupancy_map_monitor:/home/tikea/ws_moveit2/install/moveit_resources_prbt_ikfast_manipulator_plugin:/home/tikea/ws_moveit2/install/moveit_planners_chomp:/home/tikea/ws_moveit2/install/moveit_kinematics:/home/tikea/ws_moveit2/install/moveit_chomp_optimizer_adapter:/home/tikea/ws_moveit2/install/chomp_motion_planner:/home/tikea/ws_moveit2/install/moveit_core:/home/tikea/ws_moveit2/install/srdfdom:/home/tikea/ws_moveit2/install/rviz_marker_tools:/home/tikea/ws_moveit2/install/rosparam_shortcuts:/home/tikea/ws_moveit2/install/moveit_task_constructor_msgs:/home/tikea/ws_moveit2/install/moveit_resources_prbt_support:/home/tikea/ws_moveit2/install/moveit_resources:/home/tikea/ws_moveit2/install/moveit_resources_pr2_description:/home/tikea/ws_moveit2/install/moveit_resources_panda_moveit_config:/home/tikea/ws_moveit2/install/moveit_resources_panda_description:/home/tikea/ws_moveit2/install/moveit_resources_fanuc_moveit_config:/home/tikea/ws_moveit2/install/moveit_resources_fanuc_description:/home/tikea/ws_moveit2/install/moveit_common:/home/tikea/scara_ws/install/scara_bringup:/home/tikea/scara_ws/install/scara_moveit_config:/home/tikea/scara_ws/install/scara_description:/home/tikea/scara_ws/install/scara_commander_cpp:/home/tikea/scara_ws/install/my_scara_interfaces:/home/tikea/odrive_ws/install/scara_interfaces:/home/tikea/odrive_ws/install/odrive_botwheel_explorer:/home/tikea/odrive_ws/install/odrive_interfaces:/home/tikea/odrive_ws/install/odrive_can:/home/tikea/moveit2_ws/install/robot_commander_cpp:/home/tikea/moveit2_ws/install/moveit2_bringup:/home/tikea/moveit2_ws/install/my_robot_moveit_config:/home/tikea/moveit2_ws/install/my_moveit2_robot_description:/home/tikea/moveit2_ws/install/moveit2_interfaces:/home/tikea/level2_ws/install/level2_bringup:/home/tikea/level2_ws/install/my_robot_description:/home/tikea/level2_ws/install/mks_servo_test:/home/tikea/level2_ws/install/level2_hardware:/home/tikea/level2_ws/install/dxl_test:/home/tikea/sporaX_ws/install/test_pkg:/home/tikea/sporaX_ws/install/robot_server:/home/tikea/sporaX_ws/install/robot_interfaces:/home/tikea/ecam_ws/install/robot_description:/home/tikea/ecam_ws/install/my_tf_ros2:/home/tikea/ecam_ws/install/custom_interfaces:/home/tikea/ros2_humble/install/rosbag2_storage_mcap:/home/tikea/ros2_humble/install/rosbag2_compression_zstd:/home/tikea/ros2_humble/install/mcap_vendor:/home/tikea/ros2_humble/install/zstd_vendor:/home/tikea/ros2_humble/install/rviz_common:/home/tikea/ros2_humble/install/rosbag2_storage_default_plugins:/home/tikea/ros2_humble/install/rosbag2_performance_benchmarking:/home/tikea/ros2_humble/install/rosbag2_compression:/home/tikea/ros2_humble/install/rosbag2_cpp:/home/tikea/ros2_humble/install/rosbag2_storage:/home/tikea/ros2_humble/install/image_common:/home/tikea/ros2_humble/install/camera_info_manager:/home/tikea/ros2_humble/install/camera_calibration_parsers:/home/tikea/ros2_humble/install/yaml_cpp_vendor:/home/tikea/ros2_humble/install/interactive_markers:/home/tikea/ros2_humble/install/common_interfaces:/home/tikea/ros2_humble/install/visualization_msgs:/home/tikea/ros2_humble/install/robot_state_publisher:/home/tikea/ros2_humble/install/kdl_parser:/home/tikea/ros2_humble/install/urdf:/home/tikea/ros2_humble/install/urdfdom:/home/tikea/ros2_humble/install/urdf_parser_plugin:/home/tikea/ros2_humble/install/urdfdom_headers:/home/tikea/ros2_humble/install/turtlesim:/home/tikea/ros2_humble/install/geometry2:/home/tikea/ros2_humble/install/tf2_sensor_msgs:/home/tikea/ros2_humble/install/tf2_kdl:/home/tikea/ros2_humble/install/tf2_geometry_msgs:/home/tikea/ros2_humble/install/tf2_eigen:/home/tikea/ros2_humble/install/tf2_bullet:/home/tikea/ros2_humble/install/tf2_ros:/home/tikea/ros2_humble/install/tf2_py:/home/tikea/ros2_humble/install/tf2_msgs:/home/tikea/ros2_humble/install/test_msgs:/home/tikea/ros2_humble/install/sros2_cmake:/home/tikea/ros2_humble/install/ros2cli_common_extensions:/home/tikea/ros2_humble/install/rqt_py_common:/home/tikea/ros2_humble/install/rosbag2_storage_mcap_testdata:/home/tikea/ros2_humble/install/ros_testing:/home/tikea/ros2_humble/install/ros2cli_test_interfaces:/home/tikea/ros2_humble/install/quality_of_service_demo_cpp:/home/tikea/ros2_humble/install/image_transport:/home/tikea/ros2_humble/install/message_filters:/home/tikea/ros2_humble/install/demo_nodes_cpp:/home/tikea/ros2_humble/install/composition:/home/tikea/ros2_humble/install/laser_geometry:/home/tikea/ros2_humble/install/rclpy:/home/tikea/ros2_humble/install/examples_rclcpp_minimal_action_server:/home/tikea/ros2_humble/install/examples_rclcpp_minimal_action_client:/home/tikea/ros2_humble/install/action_tutorials_cpp:/home/tikea/ros2_humble/install/rclcpp_action:/home/tikea/ros2_humble/install/rcl_action:/home/tikea/ros2_humble/install/examples_rclcpp_wait_set:/home/tikea/ros2_humble/install/examples_rclcpp_minimal_service:/home/tikea/ros2_humble/install/examples_rclcpp_minimal_client:/home/tikea/ros2_humble/install/examples_rclcpp_async_client:/home/tikea/ros2_humble/install/example_interfaces:/home/tikea/ros2_humble/install/action_tutorials_interfaces:/home/tikea/ros2_humble/install/action_msgs:/home/tikea/ros2_humble/install/unique_identifier_msgs:/home/tikea/ros2_humble/install/ament_lint_common:/home/tikea/ros2_humble/install/ament_cmake_uncrustify:/home/tikea/ros2_humble/install/uncrustify_vendor:/home/tikea/ros2_humble/install/trajectory_msgs:/home/tikea/ros2_humble/install/topic_statistics_demo:/home/tikea/ros2_humble/install/pendulum_control:/home/tikea/ros2_humble/install/tlsf_cpp:/home/tikea/ros2_humble/install/test_tracetools:/home/tikea/ros2_humble/install/rqt_gui_cpp:/home/tikea/ros2_humble/install/rosbag2_test_common:/home/tikea/ros2_humble/install/ros2lifecycle_test_fixtures:/home/tikea/ros2_humble/install/lifecycle:/home/tikea/ros2_humble/install/rclcpp_lifecycle:/home/tikea/ros2_humble/install/logging_demo:/home/tikea/ros2_humble/install/image_tools:/home/tikea/ros2_humble/install/examples_rclcpp_minimal_subscriber:/home/tikea/ros2_humble/install/examples_rclcpp_minimal_composition:/home/tikea/ros2_humble/install/demo_nodes_cpp_native:/home/tikea/ros2_humble/install/rclcpp_components:/home/tikea/ros2_humble/install/intra_process_demo:/home/tikea/ros2_humble/install/examples_rclcpp_multithreaded_executor:/home/tikea/ros2_humble/install/examples_rclcpp_minimal_timer:/home/tikea/ros2_humble/install/examples_rclcpp_minimal_publisher:/home/tikea/ros2_humble/install/examples_rclcpp_cbg_executor:/home/tikea/ros2_humble/install/dummy_sensors:/home/tikea/ros2_humble/install/dummy_map_server:/home/tikea/ros2_humble/install/rclcpp:/home/tikea/ros2_humble/install/rcl_lifecycle:/home/tikea/ros2_humble/install/libstatistics_collector:/home/tikea/ros2_humble/install/rcl:/home/tikea/ros2_humble/install/rmw_implementation:/home/tikea/ros2_humble/install/rmw_fastrtps_dynamic_cpp:/home/tikea/ros2_humble/install/rmw_fastrtps_cpp:/home/tikea/ros2_humble/install/rmw_fastrtps_shared_cpp:/home/tikea/ros2_humble/install/rmw_cyclonedds_cpp:/home/tikea/ros2_humble/install/tracetools:/home/tikea/ros2_humble/install/tlsf:/home/tikea/ros2_humble/install/tinyxml_vendor:/home/tikea/ros2_humble/install/qt_gui_core:/home/tikea/ros2_humble/install/qt_gui_cpp:/home/tikea/ros2_humble/install/pluginlib:/home/tikea/ros2_humble/install/tinyxml2_vendor:/home/tikea/ros2_humble/install/tf2_eigen_kdl:/home/tikea/ros2_humble/install/tf2:/home/tikea/ros2_humble/install/test_security:/home/tikea/ros2_humble/install/test_rmw_implementation:/home/tikea/ros2_humble/install/test_rclcpp:/home/tikea/ros2_humble/install/test_quality_of_service:/home/tikea/ros2_humble/install/test_launch_testing:/home/tikea/ros2_humble/install/test_interface_files:/home/tikea/ros2_humble/install/test_communication:/home/tikea/ros2_humble/install/test_cli_remapping:/home/tikea/ros2_humble/install/test_cli:/home/tikea/ros2_humble/install/qt_gui_app:/home/tikea/ros2_humble/install/qt_gui:/home/tikea/ros2_humble/install/tango_icons_vendor:/home/tikea/ros2_humble/install/stereo_msgs:/home/tikea/ros2_humble/install/std_srvs:/home/tikea/ros2_humble/install/shape_msgs:/home/tikea/ros2_humble/install/map_msgs:/home/tikea/ros2_humble/install/sensor_msgs:/home/tikea/ros2_humble/install/nav_msgs:/home/tikea/ros2_humble/install/diagnostic_msgs:/home/tikea/ros2_humble/install/geometry_msgs:/home/tikea/ros2_humble/install/actionlib_msgs:/home/tikea/ros2_humble/install/std_msgs:/home/tikea/ros2_humble/install/statistics_msgs:/home/tikea/ros2_humble/install/sqlite3_vendor:/home/tikea/ros2_humble/install/rcl_logging_spdlog:/home/tikea/ros2_humble/install/spdlog_vendor:/home/tikea/ros2_humble/install/shared_queues_vendor:/home/tikea/ros2_humble/install/rviz_rendering_tests:/home/tikea/ros2_humble/install/rviz_rendering:/home/tikea/ros2_humble/install/rviz_ogre_vendor:/home/tikea/ros2_humble/install/rviz_assimp_vendor:/home/tikea/ros2_humble/install/rttest:/home/tikea/ros2_humble/install/rmw_connextddsmicro:/home/tikea/ros2_humble/install/rmw_connextdds:/home/tikea/ros2_humble/install/rmw_connextdds_common:/home/tikea/ros2_humble/install/rti_connext_dds_cmake_module:/home/tikea/ros2_humble/install/rosgraph_msgs:/home/tikea/ros2_humble/install/rosbag2_interfaces:/home/tikea/ros2_humble/install/rmw_dds_common:/home/tikea/ros2_humble/install/composition_interfaces:/home/tikea/ros2_humble/install/rcl_interfaces:/home/tikea/ros2_humble/install/pendulum_msgs:/home/tikea/ros2_humble/install/lifecycle_msgs:/home/tikea/ros2_humble/install/builtin_interfaces:/home/tikea/ros2_humble/install/rosidl_default_runtime:/home/tikea/ros2_humble/install/rosidl_default_generators:/home/tikea/ros2_humble/install/rosidl_generator_py:/home/tikea/ros2_humble/install/rosidl_typesupport_introspection_tests:/home/tikea/ros2_humble/install/rosidl_typesupport_cpp:/home/tikea/ros2_humble/install/rosidl_typesupport_introspection_cpp:/home/tikea/ros2_humble/install/rosidl_typesupport_c:/home/tikea/ros2_humble/install/rosidl_typesupport_introspection_c:/home/tikea/ros2_humble/install/rosidl_typesupport_fastrtps_c:/home/tikea/ros2_humble/install/rosidl_typesupport_fastrtps_cpp:/home/tikea/ros2_humble/install/rosidl_generator_cpp:/home/tikea/ros2_humble/install/rosidl_runtime_cpp:/home/tikea/ros2_humble/install/rcl_yaml_param_parser:/home/tikea/ros2_humble/install/rmw:/home/tikea/ros2_humble/install/rosidl_runtime_c:/home/tikea/ros2_humble/install/rosidl_generator_c:/home/tikea/ros2_humble/install/rosidl_typesupport_interface:/home/tikea/ros2_humble/install/rosidl_generator_dds_idl:/home/tikea/ros2_humble/install/rosidl_cmake:/home/tikea/ros2_humble/install/rosidl_parser:/home/tikea/ros2_humble/install/rosidl_adapter:/home/tikea/ros2_humble/install/ros_environment:/home/tikea/ros2_humble/install/rmw_implementation_cmake:/home/tikea/ros2_humble/install/resource_retriever:/home/tikea/ros2_humble/install/class_loader:/home/tikea/ros2_humble/install/rcpputils:/home/tikea/ros2_humble/install/rcl_logging_noop:/home/tikea/ros2_humble/install/rcl_logging_interface:/home/tikea/ros2_humble/install/rcutils:/home/tikea/ros2_humble/install/qt_gui_py_common:/home/tikea/ros2_humble/install/qt_dotgraph:/home/tikea/ros2_humble/install/python_qt_binding:/home/tikea/ros2_humble/install/python_orocos_kdl_vendor:/home/tikea/ros2_humble/install/launch_testing_ament_cmake:/home/tikea/ros2_humble/install/python_cmake_module:/home/tikea/ros2_humble/install/pybind11_vendor:/home/tikea/ros2_humble/install/performance_test_fixture:/home/tikea/ros2_humble/install/osrf_testing_tools_cpp:/home/tikea/ros2_humble/install/orocos_kdl_vendor:/home/tikea/ros2_humble/install/mimick_vendor:/home/tikea/ros2_humble/install/libyaml_vendor:/home/tikea/ros2_humble/install/libcurl_vendor:/home/tikea/ros2_humble/install/keyboard_handler:/home/tikea/ros2_humble/install/iceoryx_introspection:/home/tikea/ros2_humble/install/cyclonedds:/home/tikea/ros2_humble/install/iceoryx_posh:/home/tikea/ros2_humble/install/iceoryx_hoofs:/home/tikea/ros2_humble/install/iceoryx_binding_c:/home/tikea/ros2_humble/install/ament_cmake_ros:/home/tikea/ros2_humble/install/ament_cmake_auto:/home/tikea/ros2_humble/install/ament_cmake_gmock:/home/tikea/ros2_humble/install/gmock_vendor:/home/tikea/ros2_humble/install/ament_cmake_gtest:/home/tikea/ros2_humble/install/gtest_vendor:/home/tikea/ros2_humble/install/ament_cmake_google_benchmark:/home/tikea/ros2_humble/install/google_benchmark_vendor:/home/tikea/ros2_humble/install/fastrtps:/home/tikea/ros2_humble/install/foonathan_memory_vendor:/home/tikea/ros2_humble/install/fastrtps_cmake_module:/home/tikea/ros2_humble/install/fastcdr:/home/tikea/ros2_humble/install/eigen3_cmake_module:/home/tikea/ros2_humble/install/console_bridge_vendor:/home/tikea/ros2_humble/install/ament_cmake_xmllint:/home/tikea/ros2_humble/install/ament_cmake_pyflakes:/home/tikea/ros2_humble/install/ament_cmake_pycodestyle:/home/tikea/ros2_humble/install/ament_cmake_pep257:/home/tikea/ros2_humble/install/ament_cmake_pclint:/home/tikea/ros2_humble/install/ament_lint_auto:/home/tikea/ros2_humble/install/ament_cmake:/home/tikea/ros2_humble/install/ament_cmake_version:/home/tikea/ros2_humble/install/ament_cmake_vendor_package:/home/tikea/ros2_humble/install/ament_cmake_pytest:/home/tikea/ros2_humble/install/ament_cmake_nose:/home/tikea/ros2_humble/install/ament_cmake_mypy:/home/tikea/ros2_humble/install/ament_cmake_lint_cmake:/home/tikea/ros2_humble/install/ament_cmake_flake8:/home/tikea/ros2_humble/install/ament_cmake_cpplint:/home/tikea/ros2_humble/install/ament_cmake_cppcheck:/home/tikea/ros2_humble/install/ament_cmake_copyright:/home/tikea/ros2_humble/install/ament_cmake_clang_tidy:/home/tikea/ros2_humble/install/ament_cmake_clang_format:/home/tikea/ros2_humble/install/ament_cmake_test:/home/tikea/ros2_humble/install/ament_cmake_target_dependencies:/home/tikea/ros2_humble/install/ament_cmake_python:/home/tikea/ros2_humble/install/ament_cmake_export_dependencies:/home/tikea/ros2_humble/install/ament_cmake_libraries:/home/tikea/ros2_humble/install/ament_cmake_include_directories:/home/tikea/ros2_humble/install/ament_cmake_gen_version_h:/home/tikea/ros2_humble/install/ament_cmake_export_targets:/home/tikea/ros2_humble/install/ament_cmake_export_link_flags:/home/tikea/ros2_humble/install/ament_cmake_export_interfaces:/home/tikea/ros2_humble/install/ament_cmake_export_libraries:/home/tikea/ros2_humble/install/ament_cmake_export_include_directories:/home/tikea/ros2_humble/install/ament_cmake_export_definitions:/home/tikea/ros2_humble/install/ament_cmake_core:/home/tikea/ros2_humble/install/ament_index_cpp /usr/bin/cmake --build /home/tikea/Food_Delivery_Robot/build/food_del_robot_hardware -- -j20 -l20
[0.770s] DEBUG:colcon.colcon_core.event_handler.log_command:Invoked command in '/home/tikea/Food_Delivery_Robot/build/food_del_robot_hardware' returned '2': CMAKE_PREFIX_PATH=/home/tikea/Food_Delivery_Robot/install/zlac8015d_driver:/home/tikea/stepper_motor_ws/install/mks_servo_cpp:/home/tikea/stepper_motor_ws/install/stepper_motor_control:/home/tikea/level3_ws/install/lifecycle_py:/home/tikea/level3_ws/install/actions_py:/home/tikea/ros2_udemy_ws/install/turtle_project:/home/tikea/ros2_udemy_ws/install/my_py_pkg:/home/tikea/ws_moveit2/install/moveit_configs_utils:/home/tikea/ws_moveit2/install/launch_param_builder:/home/tikea/scara_ws/install/yolo_detector:/home/tikea/scara_ws/install/startup_scara:/home/tikea/scara_ws/install/solenoid_valve:/home/tikea/scara_ws/install/scara_ik:/home/tikea/scara_ws/install/can_utilities:/home/tikea/odrive_ws/install/user_interface:/home/tikea/odrive_ws/install/odrive_ros2_control:/home/tikea/odrive_ws/install/my_odrive_control:/home/tikea/mushroom_ws/install/temperature_monitor:/home/tikea/mushroom_ws/install/temperature_bridge:/home/tikea/ecam_ws/install/subscriber_pkg:/home/tikea/ecam_ws/install/service:/home/tikea/ecam_ws/install/publisher_pkg:/home/tikea/ecam_ws/install/parameter_tests:/home/tikea/ecam_ws/install/my_pkg:/home/tikea/ecam_ws/install/movement_pkg:/home/tikea/ecam_ws/install/localization_server:/home/tikea/ecam_ws/install/launch_test_pkg:/home/tikea/ecam_ws/install/example36_pkg:/home/tikea/ecam_ws/install/ecam_action:/home/tikea/ros2_ecam_ws/install/publisher_pkg:/home/tikea/ros2_ecam_ws/install/my_packages:/opt/ros/humble:/home/tikea/ros2_humble/install/tracetools_test:/home/tikea/ros2_humble/install/tracetools_launch:/home/tikea/ros2_humble/install/topic_monitor:/home/tikea/ros2_humble/install/tf2_tools:/home/tikea/ros2_humble/install/examples_tf2_py:/home/tikea/ros2_humble/install/tf2_ros_py:/home/tikea/ros2_humble/install/sros2:/home/tikea/ros2_humble/install/rqt_topic:/home/tikea/ros2_humble/install/rqt_srv:/home/tikea/ros2_humble/install/rqt_shell:/home/tikea/ros2_humble/install/rqt_service_caller:/home/tikea/ros2_humble/install/rqt_reconfigure:/home/tikea/ros2_humble/install/rqt_py_console:/home/tikea/ros2_humble/install/rqt_publisher:/home/tikea/ros2_humble/install/rqt_plot:/home/tikea/ros2_humble/install/rqt_action:/home/tikea/ros2_humble/install/rqt_msg:/home/tikea/ros2_humble/install/rqt_console:/home/tikea/ros2_humble/install/rqt:/home/tikea/ros2_humble/install/rqt_graph:/home/tikea/ros2_humble/install/rqt_gui_py:/home/tikea/ros2_humble/install/rqt_gui:/home/tikea/ros2_humble/install/ros2trace:/home/tikea/ros2_humble/install/ros2topic:/home/tikea/ros2_humble/install/ros2test:/home/tikea/ros2_humble/install/ros2component:/home/tikea/ros2_humble/install/ros2param:/home/tikea/ros2_humble/install/ros2lifecycle:/home/tikea/ros2_humble/install/ros2service:/home/tikea/ros2_humble/install/ros2run:/home/tikea/ros2_humble/install/ros2plugin:/home/tikea/ros2_humble/install/ros2launch:/home/tikea/ros2_humble/install/ros2pkg:/home/tikea/ros2_humble/install/ros2node:/home/tikea/ros2_humble/install/ros2multicast:/home/tikea/ros2_humble/install/ros2interface:/home/tikea/ros2_humble/install/ros2doctor:/home/tikea/ros2_humble/install/ros2action:/home/tikea/ros2_humble/install/ros2cli:/home/tikea/ros2_humble/install/quality_of_service_demo_py:/home/tikea/ros2_humble/install/lifecycle_py:/home/tikea/ros2_humble/install/launch_testing_ros:/home/tikea/ros2_humble/install/launch_ros:/home/tikea/ros2_humble/install/examples_rclpy_pointcloud_publisher:/home/tikea/ros2_humble/install/examples_rclpy_minimal_subscriber:/home/tikea/ros2_humble/install/examples_rclpy_minimal_service:/home/tikea/ros2_humble/install/examples_rclpy_minimal_publisher:/home/tikea/ros2_humble/install/examples_rclpy_minimal_client:/home/tikea/ros2_humble/install/examples_rclpy_minimal_action_server:/home/tikea/ros2_humble/install/examples_rclpy_minimal_action_client:/home/tikea/ros2_humble/install/examples_rclpy_guard_conditions:/home/tikea/ros2_humble/install/examples_rclpy_executors:/home/tikea/ros2_humble/install/demo_nodes_py:/home/tikea/ros2_humble/install/camera_info_manager_py:/home/tikea/ros2_humble/install/action_tutorials_py:/home/tikea/ros2_humble/install/ament_uncrustify:/home/tikea/ros2_humble/install/tracetools_trace:/home/tikea/ros2_humble/install/tracetools_read:/home/tikea/ros2_humble/install/test_tracetools_launch:/home/tikea/ros2_humble/install/test_launch_ros:/home/tikea/ros2_humble/install/sensor_msgs_py:/home/tikea/ros2_humble/install/rpyutils:/home/tikea/ros2_humble/install/rosidl_runtime_py:/home/tikea/ros2_humble/install/rosidl_cli:/home/tikea/ros2_humble/install/launch_pytest:/home/tikea/ros2_humble/install/launch_testing:/home/tikea/ros2_humble/install/launch_yaml:/home/tikea/ros2_humble/install/launch_xml:/home/tikea/ros2_humble/install/launch:/home/tikea/ros2_humble/install/osrf_pycommon:/home/tikea/ros2_humble/install/domain_coordinator:/home/tikea/ros2_humble/install/ament_xmllint:/home/tikea/ros2_humble/install/ament_pyflakes:/home/tikea/ros2_humble/install/ament_pycodestyle:/home/tikea/ros2_humble/install/ament_pep257:/home/tikea/ros2_humble/install/ament_pclint:/home/tikea/ros2_humble/install/ament_package:/home/tikea/ros2_humble/install/ament_mypy:/home/tikea/ros2_humble/install/ament_lint_cmake:/home/tikea/ros2_humble/install/ament_flake8:/home/tikea/ros2_humble/install/ament_copyright:/home/tikea/ros2_humble/install/ament_lint:/home/tikea/ros2_humble/install/ament_index_python:/home/tikea/ros2_humble/install/ament_cpplint:/home/tikea/ros2_humble/install/ament_cppcheck:/home/tikea/ros2_humble/install/ament_clang_tidy:/home/tikea/ros2_humble/install/ament_clang_format:/home/tikea/stepper_motor_ws/install/can_stepper_interfaces:/home/tikea/Food_Delivery_Robot/install/food_del_robot_description:/home/tikea/Food_Delivery_Robot/install/yahboom_imu_10_axis:/home/tikea/Food_Delivery_Robot/install/rplidar_ros:/home/tikea/Food_Delivery_Robot/install/food_del_robot_hardware:/home/tikea/Food_Delivery_Robot/install/food_del_robot:/home/tikea/level3_ws/install/lifecycle_cpp:/home/tikea/level3_ws/install/actions_cpp:/home/tikea/level3_ws/install/level3_interfaces:/home/tikea/ros2_udemy_ws/install/my_robot_bringup:/home/tikea/ros2_udemy_ws/install/my_cpp_pkg:/home/tikea/ros2_udemy_ws/install/cpp_serious_pkg:/home/tikea/ros2_udemy_ws/install/my_robot_interfaces:/home/tikea/ws_moveit2/install/pilz_industrial_motion_planner_testutils:/home/tikea/ws_moveit2/install/moveit_runtime:/home/tikea/ws_moveit2/install/moveit2_tutorials:/home/tikea/ws_moveit2/install/moveit:/home/tikea/ws_moveit2/install/moveit_planners:/home/tikea/ws_moveit2/install/pilz_industrial_motion_planner:/home/tikea/ws_moveit2/install/moveit_visual_tools:/home/tikea/ws_moveit2/install/moveit_task_constructor_visualization:/home/tikea/ws_moveit2/install/moveit_task_constructor_demo:/home/tikea/ws_moveit2/install/moveit_task_constructor_capabilities:/home/tikea/ws_moveit2/install/moveit_task_constructor_core:/home/tikea/ws_moveit2/install/moveit_ros_control_interface:/home/tikea/ws_moveit2/install/moveit_plugins:/home/tikea/ws_moveit2/install/moveit_simple_controller_manager:/home/tikea/ws_moveit2/install/moveit_setup_assistant:/home/tikea/ws_moveit2/install/moveit_setup_srdf_plugins:/home/tikea/ws_moveit2/install/moveit_setup_core_plugins:/home/tikea/ws_moveit2/install/moveit_setup_controllers:/home/tikea/ws_moveit2/install/moveit_setup_app_plugins:/home/tikea/ws_moveit2/install/moveit_setup_framework:/home/tikea/ws_moveit2/install/moveit_servo:/home/tikea/ws_moveit2/install/moveit_ros:/home/tikea/ws_moveit2/install/moveit_ros_visualization:/home/tikea/ws_moveit2/install/moveit_py:/home/tikea/ws_moveit2/install/moveit_hybrid_planning:/home/tikea/ws_moveit2/install/moveit_ros_planning_interface:/home/tikea/ws_moveit2/install/moveit_ros_benchmarks:/home/tikea/ws_moveit2/install/moveit_ros_warehouse:/home/tikea/ws_moveit2/install/moveit_ros_robot_interaction:/home/tikea/ws_moveit2/install/moveit_ros_perception:/home/tikea/ws_moveit2/install/moveit_resources_prbt_pg70_support:/home/tikea/ws_moveit2/install/moveit_resources_prbt_moveit_config:/home/tikea/ws_moveit2/install/moveit_ros_move_group:/home/tikea/ws_moveit2/install/moveit_planners_ompl:/home/tikea/ws_moveit2/install/moveit_ros_planning:/home/tikea/ws_moveit2/install/moveit_ros_occupancy_map_monitor:/home/tikea/ws_moveit2/install/moveit_resources_prbt_ikfast_manipulator_plugin:/home/tikea/ws_moveit2/install/moveit_planners_chomp:/home/tikea/ws_moveit2/install/moveit_kinematics:/home/tikea/ws_moveit2/install/moveit_chomp_optimizer_adapter:/home/tikea/ws_moveit2/install/chomp_motion_planner:/home/tikea/ws_moveit2/install/moveit_core:/home/tikea/ws_moveit2/install/srdfdom:/home/tikea/ws_moveit2/install/rviz_marker_tools:/home/tikea/ws_moveit2/install/rosparam_shortcuts:/home/tikea/ws_moveit2/install/moveit_task_constructor_msgs:/home/tikea/ws_moveit2/install/moveit_resources_prbt_support:/home/tikea/ws_moveit2/install/moveit_resources:/home/tikea/ws_moveit2/install/moveit_resources_pr2_description:/home/tikea/ws_moveit2/install/moveit_resources_panda_moveit_config:/home/tikea/ws_moveit2/install/moveit_resources_panda_description:/home/tikea/ws_moveit2/install/moveit_resources_fanuc_moveit_config:/home/tikea/ws_moveit2/install/moveit_resources_fanuc_description:/home/tikea/ws_moveit2/install/moveit_common:/home/tikea/scara_ws/install/scara_bringup:/home/tikea/scara_ws/install/scara_moveit_config:/home/tikea/scara_ws/install/scara_description:/home/tikea/scara_ws/install/scara_commander_cpp:/home/tikea/scara_ws/install/my_scara_interfaces:/home/tikea/odrive_ws/install/scara_interfaces:/home/tikea/odrive_ws/install/odrive_botwheel_explorer:/home/tikea/odrive_ws/install/odrive_interfaces:/home/tikea/odrive_ws/install/odrive_can:/home/tikea/moveit2_ws/install/robot_commander_cpp:/home/tikea/moveit2_ws/install/moveit2_bringup:/home/tikea/moveit2_ws/install/my_robot_moveit_config:/home/tikea/moveit2_ws/install/my_moveit2_robot_description:/home/tikea/moveit2_ws/install/moveit2_interfaces:/home/tikea/level2_ws/install/level2_bringup:/home/tikea/level2_ws/install/my_robot_description:/home/tikea/level2_ws/install/mks_servo_test:/home/tikea/level2_ws/install/level2_hardware:/home/tikea/level2_ws/install/dxl_test:/home/tikea/sporaX_ws/install/test_pkg:/home/tikea/sporaX_ws/install/robot_server:/home/tikea/sporaX_ws/install/robot_interfaces:/home/tikea/ecam_ws/install/robot_description:/home/tikea/ecam_ws/install/my_tf_ros2:/home/tikea/ecam_ws/install/custom_interfaces:/home/tikea/ros2_humble/install/rosbag2_storage_mcap:/home/tikea/ros2_humble/install/rosbag2_compression_zstd:/home/tikea/ros2_humble/install/mcap_vendor:/home/tikea/ros2_humble/install/zstd_vendor:/home/tikea/ros2_humble/install/rviz_common:/home/tikea/ros2_humble/install/rosbag2_storage_default_plugins:/home/tikea/ros2_humble/install/rosbag2_performance_benchmarking:/home/tikea/ros2_humble/install/rosbag2_compression:/home/tikea/ros2_humble/install/rosbag2_cpp:/home/tikea/ros2_humble/install/rosbag2_storage:/home/tikea/ros2_humble/install/image_common:/home/tikea/ros2_humble/install/camera_info_manager:/home/tikea/ros2_humble/install/camera_calibration_parsers:/home/tikea/ros2_humble/install/yaml_cpp_vendor:/home/tikea/ros2_humble/install/interactive_markers:/home/tikea/ros2_humble/install/common_interfaces:/home/tikea/ros2_humble/install/visualization_msgs:/home/tikea/ros2_humble/install/robot_state_publisher:/home/tikea/ros2_humble/install/kdl_parser:/home/tikea/ros2_humble/install/urdf:/home/tikea/ros2_humble/install/urdfdom:/home/tikea/ros2_humble/install/urdf_parser_plugin:/home/tikea/ros2_humble/install/urdfdom_headers:/home/tikea/ros2_humble/install/turtlesim:/home/tikea/ros2_humble/install/geometry2:/home/tikea/ros2_humble/install/tf2_sensor_msgs:/home/tikea/ros2_humble/install/tf2_kdl:/home/tikea/ros2_humble/install/tf2_geometry_msgs:/home/tikea/ros2_humble/install/tf2_eigen:/home/tikea/ros2_humble/install/tf2_bullet:/home/tikea/ros2_humble/install/tf2_ros:/home/tikea/ros2_humble/install/tf2_py:/home/tikea/ros2_humble/install/tf2_msgs:/home/tikea/ros2_humble/install/test_msgs:/home/tikea/ros2_humble/install/sros2_cmake:/home/tikea/ros2_humble/install/ros2cli_common_extensions:/home/tikea/ros2_humble/install/rqt_py_common:/home/tikea/ros2_humble/install/rosbag2_storage_mcap_testdata:/home/tikea/ros2_humble/install/ros_testing:/home/tikea/ros2_humble/install/ros2cli_test_interfaces:/home/tikea/ros2_humble/install/quality_of_service_demo_cpp:/home/tikea/ros2_humble/install/image_transport:/home/tikea/ros2_humble/install/message_filters:/home/tikea/ros2_humble/install/demo_nodes_cpp:/home/tikea/ros2_humble/install/composition:/home/tikea/ros2_humble/install/laser_geometry:/home/tikea/ros2_humble/install/rclpy:/home/tikea/ros2_humble/install/examples_rclcpp_minimal_action_server:/home/tikea/ros2_humble/install/examples_rclcpp_minimal_action_client:/home/tikea/ros2_humble/install/action_tutorials_cpp:/home/tikea/ros2_humble/install/rclcpp_action:/home/tikea/ros2_humble/install/rcl_action:/home/tikea/ros2_humble/install/examples_rclcpp_wait_set:/home/tikea/ros2_humble/install/examples_rclcpp_minimal_service:/home/tikea/ros2_humble/install/examples_rclcpp_minimal_client:/home/tikea/ros2_humble/install/examples_rclcpp_async_client:/home/tikea/ros2_humble/install/example_interfaces:/home/tikea/ros2_humble/install/action_tutorials_interfaces:/home/tikea/ros2_humble/install/action_msgs:/home/tikea/ros2_humble/install/unique_identifier_msgs:/home/tikea/ros2_humble/install/ament_lint_common:/home/tikea/ros2_humble/install/ament_cmake_uncrustify:/home/tikea/ros2_humble/install/uncrustify_vendor:/home/tikea/ros2_humble/install/trajectory_msgs:/home/tikea/ros2_humble/install/topic_statistics_demo:/home/tikea/ros2_humble/install/pendulum_control:/home/tikea/ros2_humble/install/tlsf_cpp:/home/tikea/ros2_humble/install/test_tracetools:/home/tikea/ros2_humble/install/rqt_gui_cpp:/home/tikea/ros2_humble/install/rosbag2_test_common:/home/tikea/ros2_humble/install/ros2lifecycle_test_fixtures:/home/tikea/ros2_humble/install/lifecycle:/home/tikea/ros2_humble/install/rclcpp_lifecycle:/home/tikea/ros2_humble/install/logging_demo:/home/tikea/ros2_humble/install/image_tools:/home/tikea/ros2_humble/install/examples_rclcpp_minimal_subscriber:/home/tikea/ros2_humble/install/examples_rclcpp_minimal_composition:/home/tikea/ros2_humble/install/demo_nodes_cpp_native:/home/tikea/ros2_humble/install/rclcpp_components:/home/tikea/ros2_humble/install/intra_process_demo:/home/tikea/ros2_humble/install/examples_rclcpp_multithreaded_executor:/home/tikea/ros2_humble/install/examples_rclcpp_minimal_timer:/home/tikea/ros2_humble/install/examples_rclcpp_minimal_publisher:/home/tikea/ros2_humble/install/examples_rclcpp_cbg_executor:/home/tikea/ros2_humble/install/dummy_sensors:/home/tikea/ros2_humble/install/dummy_map_server:/home/tikea/ros2_humble/install/rclcpp:/home/tikea/ros2_humble/install/rcl_lifecycle:/home/tikea/ros2_humble/install/libstatistics_collector:/home/tikea/ros2_humble/install/rcl:/home/tikea/ros2_humble/install/rmw_implementation:/home/tikea/ros2_humble/install/rmw_fastrtps_dynamic_cpp:/home/tikea/ros2_humble/install/rmw_fastrtps_cpp:/home/tikea/ros2_humble/install/rmw_fastrtps_shared_cpp:/home/tikea/ros2_humble/install/rmw_cyclonedds_cpp:/home/tikea/ros2_humble/install/tracetools:/home/tikea/ros2_humble/install/tlsf:/home/tikea/ros2_humble/install/tinyxml_vendor:/home/tikea/ros2_humble/install/qt_gui_core:/home/tikea/ros2_humble/install/qt_gui_cpp:/home/tikea/ros2_humble/install/pluginlib:/home/tikea/ros2_humble/install/tinyxml2_vendor:/home/tikea/ros2_humble/install/tf2_eigen_kdl:/home/tikea/ros2_humble/install/tf2:/home/tikea/ros2_humble/install/test_security:/home/tikea/ros2_humble/install/test_rmw_implementation:/home/tikea/ros2_humble/install/test_rclcpp:/home/tikea/ros2_humble/install/test_quality_of_service:/home/tikea/ros2_humble/install/test_launch_testing:/home/tikea/ros2_humble/install/test_interface_files:/home/tikea/ros2_humble/install/test_communication:/home/tikea/ros2_humble/install/test_cli_remapping:/home/tikea/ros2_humble/install/test_cli:/home/tikea/ros2_humble/install/qt_gui_app:/home/tikea/ros2_humble/install/qt_gui:/home/tikea/ros2_humble/install/tango_icons_vendor:/home/tikea/ros2_humble/install/stereo_msgs:/home/tikea/ros2_humble/install/std_srvs:/home/tikea/ros2_humble/install/shape_msgs:/home/tikea/ros2_humble/install/map_msgs:/home/tikea/ros2_humble/install/sensor_msgs:/home/tikea/ros2_humble/install/nav_msgs:/home/tikea/ros2_humble/install/diagnostic_msgs:/home/tikea/ros2_humble/install/geometry_msgs:/home/tikea/ros2_humble/install/actionlib_msgs:/home/tikea/ros2_humble/install/std_msgs:/home/tikea/ros2_humble/install/statistics_msgs:/home/tikea/ros2_humble/install/sqlite3_vendor:/home/tikea/ros2_humble/install/rcl_logging_spdlog:/home/tikea/ros2_humble/install/spdlog_vendor:/home/tikea/ros2_humble/install/shared_queues_vendor:/home/tikea/ros2_humble/install/rviz_rendering_tests:/home/tikea/ros2_humble/install/rviz_rendering:/home/tikea/ros2_humble/install/rviz_ogre_vendor:/home/tikea/ros2_humble/install/rviz_assimp_vendor:/home/tikea/ros2_humble/install/rttest:/home/tikea/ros2_humble/install/rmw_connextddsmicro:/home/tikea/ros2_humble/install/rmw_connextdds:/home/tikea/ros2_humble/install/rmw_connextdds_common:/home/tikea/ros2_humble/install/rti_connext_dds_cmake_module:/home/tikea/ros2_humble/install/rosgraph_msgs:/home/tikea/ros2_humble/install/rosbag2_interfaces:/home/tikea/ros2_humble/install/rmw_dds_common:/home/tikea/ros2_humble/install/composition_interfaces:/home/tikea/ros2_humble/install/rcl_interfaces:/home/tikea/ros2_humble/install/pendulum_msgs:/home/tikea/ros2_humble/install/lifecycle_msgs:/home/tikea/ros2_humble/install/builtin_interfaces:/home/tikea/ros2_humble/install/rosidl_default_runtime:/home/tikea/ros2_humble/install/rosidl_default_generators:/home/tikea/ros2_humble/install/rosidl_generator_py:/home/tikea/ros2_humble/install/rosidl_typesupport_introspection_tests:/home/tikea/ros2_humble/install/rosidl_typesupport_cpp:/home/tikea/ros2_humble/install/rosidl_typesupport_introspection_cpp:/home/tikea/ros2_humble/install/rosidl_typesupport_c:/home/tikea/ros2_humble/install/rosidl_typesupport_introspection_c:/home/tikea/ros2_humble/install/rosidl_typesupport_fastrtps_c:/home/tikea/ros2_humble/install/rosidl_typesupport_fastrtps_cpp:/home/tikea/ros2_humble/install/rosidl_generator_cpp:/home/tikea/ros2_humble/install/rosidl_runtime_cpp:/home/tikea/ros2_humble/install/rcl_yaml_param_parser:/home/tikea/ros2_humble/install/rmw:/home/tikea/ros2_humble/install/rosidl_runtime_c:/home/tikea/ros2_humble/install/rosidl_generator_c:/home/tikea/ros2_humble/install/rosidl_typesupport_interface:/home/tikea/ros2_humble/install/rosidl_generator_dds_idl:/home/tikea/ros2_humble/install/rosidl_cmake:/home/tikea/ros2_humble/install/rosidl_parser:/home/tikea/ros2_humble/install/rosidl_adapter:/home/tikea/ros2_humble/install/ros_environment:/home/tikea/ros2_humble/install/rmw_implementation_cmake:/home/tikea/ros2_humble/install/resource_retriever:/home/tikea/ros2_humble/install/class_loader:/home/tikea/ros2_humble/install/rcpputils:/home/tikea/ros2_humble/install/rcl_logging_noop:/home/tikea/ros2_humble/install/rcl_logging_interface:/home/tikea/ros2_humble/install/rcutils:/home/tikea/ros2_humble/install/qt_gui_py_common:/home/tikea/ros2_humble/install/qt_dotgraph:/home/tikea/ros2_humble/install/python_qt_binding:/home/tikea/ros2_humble/install/python_orocos_kdl_vendor:/home/tikea/ros2_humble/install/launch_testing_ament_cmake:/home/tikea/ros2_humble/install/python_cmake_module:/home/tikea/ros2_humble/install/pybind11_vendor:/home/tikea/ros2_humble/install/performance_test_fixture:/home/tikea/ros2_humble/install/osrf_testing_tools_cpp:/home/tikea/ros2_humble/install/orocos_kdl_vendor:/home/tikea/ros2_humble/install/mimick_vendor:/home/tikea/ros2_humble/install/libyaml_vendor:/home/tikea/ros2_humble/install/libcurl_vendor:/home/tikea/ros2_humble/install/keyboard_handler:/home/tikea/ros2_humble/install/iceoryx_introspection:/home/tikea/ros2_humble/install/cyclonedds:/home/tikea/ros2_humble/install/iceoryx_posh:/home/tikea/ros2_humble/install/iceoryx_hoofs:/home/tikea/ros2_humble/install/iceoryx_binding_c:/home/tikea/ros2_humble/install/ament_cmake_ros:/home/tikea/ros2_humble/install/ament_cmake_auto:/home/tikea/ros2_humble/install/ament_cmake_gmock:/home/tikea/ros2_humble/install/gmock_vendor:/home/tikea/ros2_humble/install/ament_cmake_gtest:/home/tikea/ros2_humble/install/gtest_vendor:/home/tikea/ros2_humble/install/ament_cmake_google_benchmark:/home/tikea/ros2_humble/install/google_benchmark_vendor:/home/tikea/ros2_humble/install/fastrtps:/home/tikea/ros2_humble/install/foonathan_memory_vendor:/home/tikea/ros2_humble/install/fastrtps_cmake_module:/home/tikea/ros2_humble/install/fastcdr:/home/tikea/ros2_humble/install/eigen3_cmake_module:/home/tikea/ros2_humble/install/console_bridge_vendor:/home/tikea/ros2_humble/install/ament_cmake_xmllint:/home/tikea/ros2_humble/install/ament_cmake_pyflakes:/home/tikea/ros2_humble/install/ament_cmake_pycodestyle:/home/tikea/ros2_humble/install/ament_cmake_pep257:/home/tikea/ros2_humble/install/ament_cmake_pclint:/home/tikea/ros2_humble/install/ament_lint_auto:/home/tikea/ros2_humble/install/ament_cmake:/home/tikea/ros2_humble/install/ament_cmake_version:/home/tikea/ros2_humble/install/ament_cmake_vendor_package:/home/tikea/ros2_humble/install/ament_cmake_pytest:/home/tikea/ros2_humble/install/ament_cmake_nose:/home/tikea/ros2_humble/install/ament_cmake_mypy:/home/tikea/ros2_humble/install/ament_cmake_lint_cmake:/home/tikea/ros2_humble/install/ament_cmake_flake8:/home/tikea/ros2_humble/install/ament_cmake_cpplint:/home/tikea/ros2_humble/install/ament_cmake_cppcheck:/home/tikea/ros2_humble/install/ament_cmake_copyright:/home/tikea/ros2_humble/install/ament_cmake_clang_tidy:/home/tikea/ros2_humble/install/ament_cmake_clang_format:/home/tikea/ros2_humble/install/ament_cmake_test:/home/tikea/ros2_humble/install/ament_cmake_target_dependencies:/home/tikea/ros2_humble/install/ament_cmake_python:/home/tikea/ros2_humble/install/ament_cmake_export_dependencies:/home/tikea/ros2_humble/install/ament_cmake_libraries:/home/tikea/ros2_humble/install/ament_cmake_include_directories:/home/tikea/ros2_humble/install/ament_cmake_gen_version_h:/home/tikea/ros2_humble/install/ament_cmake_export_targets:/home/tikea/ros2_humble/install/ament_cmake_export_link_flags:/home/tikea/ros2_humble/install/ament_cmake_export_interfaces:/home/tikea/ros2_humble/install/ament_cmake_export_libraries:/home/tikea/ros2_humble/install/ament_cmake_export_include_directories:/home/tikea/ros2_humble/install/ament_cmake_export_definitions:/home/tikea/ros2_humble/install/ament_cmake_core:/home/tikea/ros2_humble/install/ament_index_cpp /usr/bin/cmake --build /home/tikea/Food_Delivery_Robot/build/food_del_robot_hardware -- -j20 -l20
[0.771s] Level 1:colcon.colcon_core.environment:create_environment_scripts_only(food_del_robot_hardware)
[0.779s] Level 1:colcon.colcon_core.environment:checking '/home/tikea/Food_Delivery_Robot/install/food_del_robot_hardware' for CMake module files
[0.780s] Level 1:colcon.colcon_core.environment:checking '/home/tikea/Food_Delivery_Robot/install/food_del_robot_hardware' for CMake config files
[0.780s] Level 1:colcon.colcon_core.shell:create_environment_hook('food_del_robot_hardware', 'cmake_prefix_path')
[0.780s] INFO:colcon.colcon_core.shell:Creating environment hook '/home/tikea/Food_Delivery_Robot/install/food_del_robot_hardware/share/food_del_robot_hardware/hook/cmake_prefix_path.ps1'
[0.780s] INFO:colcon.colcon_core.shell:Creating environment descriptor '/home/tikea/Food_Delivery_Robot/install/food_del_robot_hardware/share/food_del_robot_hardware/hook/cmake_prefix_path.dsv'
[0.781s] INFO:colcon.colcon_core.shell:Creating environment hook '/home/tikea/Food_Delivery_Robot/install/food_del_robot_hardware/share/food_del_robot_hardware/hook/cmake_prefix_path.sh'
[0.781s] Level 1:colcon.colcon_core.environment:checking '/home/tikea/Food_Delivery_Robot/install/food_del_robot_hardware/bin'
[0.781s] Level 1:colcon.colcon_core.environment:checking '/home/tikea/Food_Delivery_Robot/install/food_del_robot_hardware/lib/pkgconfig/food_del_robot_hardware.pc'
[0.781s] Level 1:colcon.colcon_core.environment:checking '/home/tikea/Food_Delivery_Robot/install/food_del_robot_hardware/lib/python3.10/site-packages'
[0.781s] Level 1:colcon.colcon_core.environment:checking '/home/tikea/Food_Delivery_Robot/install/food_del_robot_hardware/bin'
[0.782s] INFO:colcon.colcon_core.shell:Creating package script '/home/tikea/Food_Delivery_Robot/install/food_del_robot_hardware/share/food_del_robot_hardware/package.ps1'
[0.782s] INFO:colcon.colcon_core.shell:Creating package descriptor '/home/tikea/Food_Delivery_Robot/install/food_del_robot_hardware/share/food_del_robot_hardware/package.dsv'
[0.782s] INFO:colcon.colcon_core.shell:Creating package script '/home/tikea/Food_Delivery_Robot/install/food_del_robot_hardware/share/food_del_robot_hardware/package.sh'
[0.783s] INFO:colcon.colcon_core.shell:Creating package script '/home/tikea/Food_Delivery_Robot/install/food_del_robot_hardware/share/food_del_robot_hardware/package.bash'
[0.783s] INFO:colcon.colcon_core.shell:Creating package script '/home/tikea/Food_Delivery_Robot/install/food_del_robot_hardware/share/food_del_robot_hardware/package.zsh'
[0.784s] Level 1:colcon.colcon_core.environment:create_file_with_runtime_dependencies(/home/tikea/Food_Delivery_Robot/install/food_del_robot_hardware/share/colcon-core/packages/food_del_robot_hardware)
[0.794s] DEBUG:colcon.colcon_parallel_executor.executor.parallel:closing loop
[0.794s] DEBUG:colcon.colcon_parallel_executor.executor.parallel:loop closed
[0.794s] DEBUG:colcon.colcon_parallel_executor.executor.parallel:run_until_complete finished with '2'
[0.794s] DEBUG:colcon.colcon_core.event_reactor:joining thread
[0.807s] INFO:colcon.colcon_core.plugin_system:Skipping extension 'colcon_notification.desktop_notification.terminal_notifier': Not used on non-Darwin systems
[0.807s] INFO:colcon.colcon_core.plugin_system:Skipping extension 'colcon_notification.desktop_notification.win32': Not used on non-Windows systems
[0.807s] INFO:colcon.colcon_notification.desktop_notification:Sending desktop notification using 'notify2'
[0.816s] DEBUG:colcon.colcon_core.event_reactor:joined thread
[0.816s] INFO:colcon.colcon_core.shell:Creating prefix script '/home/tikea/Food_Delivery_Robot/install/local_setup.ps1'
[0.817s] INFO:colcon.colcon_core.shell:Creating prefix util module '/home/tikea/Food_Delivery_Robot/install/_local_setup_util_ps1.py'
[0.818s] INFO:colcon.colcon_core.shell:Creating prefix chain script '/home/tikea/Food_Delivery_Robot/install/setup.ps1'
[0.828s] INFO:colcon.colcon_core.shell:Creating prefix script '/home/tikea/Food_Delivery_Robot/install/local_setup.sh'
[0.828s] INFO:colcon.colcon_core.shell:Creating prefix util module '/home/tikea/Food_Delivery_Robot/install/_local_setup_util_sh.py'
[0.829s] INFO:colcon.colcon_core.shell:Creating prefix chain script '/home/tikea/Food_Delivery_Robot/install/setup.sh'
[0.837s] INFO:colcon.colcon_core.shell:Creating prefix script '/home/tikea/Food_Delivery_Robot/install/local_setup.bash'
[0.837s] INFO:colcon.colcon_core.shell:Creating prefix chain script '/home/tikea/Food_Delivery_Robot/install/setup.bash'
[0.845s] INFO:colcon.colcon_core.shell:Creating prefix script '/home/tikea/Food_Delivery_Robot/install/local_setup.zsh'
[0.845s] INFO:colcon.colcon_core.shell:Creating prefix chain script '/home/tikea/Food_Delivery_Robot/install/setup.zsh'
