[0.254s] [34mcolcon[0m [1;30mDEBUG[0m [32mCommand line arguments: ['/usr/bin/colcon', 'build'][0m
[0.254s] [34mcolcon[0m [1;30mDEBUG[0m [32mParsed command line arguments: Namespace(log_base=None, log_level=None, verb_name='build', build_base='build', install_base='install', merge_install=False, symlink_install=False, test_result_base=None, continue_on_error=False, executor='parallel', parallel_workers=6, event_handlers=None, ignore_user_meta=False, metas=['./colcon.meta'], base_paths=['.'], packages_ignore=None, packages_ignore_regex=None, paths=None, packages_up_to=None, packages_up_to_regex=None, packages_above=None, packages_above_and_dependencies=None, packages_above_depth=None, packages_select_by_dep=None, packages_skip_by_dep=None, packages_skip_up_to=None, packages_select_build_failed=False, packages_skip_build_finished=False, packages_select_test_failures=False, packages_skip_test_passed=False, packages_select=None, packages_skip=None, packages_select_regex=None, packages_skip_regex=None, packages_start=None, packages_end=None, allow_overriding=[], cmake_args=None, cmake_target=None, cmake_target_skip_unavailable=False, cmake_clean_cache=False, cmake_clean_first=False, cmake_force_configure=False, ament_cmake_args=None, catkin_cmake_args=None, catkin_skip_building_tests=False, mixin_files=None, mixin=None, verb_parser=<colcon_mixin.mixin.mixin_argument.MixinArgumentDecorator object at 0xffff92d15d20>, verb_extension=<colcon_core.verb.build.BuildVerb object at 0xffff92ed7280>, main=<bound method BuildVerb.main of <colcon_core.verb.build.BuildVerb object at 0xffff92ed7280>>, mixin_verb=('build',))[0m
[0.641s] [34mcolcon.colcon_core.package_discovery[0m [1;30mLevel 1[0m discover_packages(colcon_meta) check parameters
[0.641s] [34mcolcon.colcon_core.package_discovery[0m [1;30mLevel 1[0m discover_packages(recursive) check parameters
[0.641s] [34mcolcon.colcon_core.package_discovery[0m [1;30mLevel 1[0m discover_packages(ignore) check parameters
[0.641s] [34mcolcon.colcon_core.package_discovery[0m [1;30mLevel 1[0m discover_packages(path) check parameters
[0.642s] [34mcolcon.colcon_core.package_discovery[0m [1;30mLevel 1[0m discover_packages(colcon_meta) discover
[0.642s] [34mcolcon.colcon_core.package_discovery[0m [1;30mLevel 1[0m discover_packages(recursive) discover
[0.642s] [34mcolcon.colcon_core.package_discovery[0m [1;30mINFO[0m Crawling recursively for packages in '/home/panha/Food_Delivery_Robot'
[0.642s] [34mcolcon.colcon_core.package_identification[0m [1;30mLevel 1[0m _identify(.) by extensions ['ignore', 'ignore_ament_install']
[0.642s] [34mcolcon.colcon_core.package_identification[0m [1;30mLevel 1[0m _identify(.) by extension 'ignore'
[0.642s] [34mcolcon.colcon_core.package_identification[0m [1;30mLevel 1[0m _identify(.) by extension 'ignore_ament_install'
[0.643s] [34mcolcon.colcon_core.package_identification[0m [1;30mLevel 1[0m _identify(.) by extensions ['colcon_pkg']
[0.643s] [34mcolcon.colcon_core.package_identification[0m [1;30mLevel 1[0m _identify(.) by extension 'colcon_pkg'
[0.643s] [34mcolcon.colcon_core.package_identification[0m [1;30mLevel 1[0m _identify(.) by extensions ['colcon_meta']
[0.643s] [34mcolcon.colcon_core.package_identification[0m [1;30mLevel 1[0m _identify(.) by extension 'colcon_meta'
[0.643s] [34mcolcon.colcon_core.package_identification[0m [1;30mLevel 1[0m _identify(.) by extensions ['ros']
[0.643s] [34mcolcon.colcon_core.package_identification[0m [1;30mLevel 1[0m _identify(.) by extension 'ros'
[0.691s] [34mcolcon.colcon_core.package_identification[0m [1;30mLevel 1[0m _identify(.) by extensions ['cmake', 'python']
[0.691s] [34mcolcon.colcon_core.package_identification[0m [1;30mLevel 1[0m _identify(.) by extension 'cmake'
[0.691s] [34mcolcon.colcon_core.package_identification[0m [1;30mLevel 1[0m _identify(.) by extension 'python'
[0.692s] [34mcolcon.colcon_core.package_identification[0m [1;30mLevel 1[0m _identify(.) by extensions ['python_setup_py']
[0.692s] [34mcolcon.colcon_core.package_identification[0m [1;30mLevel 1[0m _identify(.) by extension 'python_setup_py'
[0.692s] [34mcolcon.colcon_core.package_identification[0m [1;30mLevel 1[0m _identify(build) by extensions ['ignore', 'ignore_ament_install']
[0.692s] [34mcolcon.colcon_core.package_identification[0m [1;30mLevel 1[0m _identify(build) by extension 'ignore'
[0.692s] [34mcolcon.colcon_core.package_identification[0m [1;30mLevel 1[0m _identify(build) ignored
[0.693s] [34mcolcon.colcon_core.package_identification[0m [1;30mLevel 1[0m _identify(docs) by extensions ['ignore', 'ignore_ament_install']
[0.693s] [34mcolcon.colcon_core.package_identification[0m [1;30mLevel 1[0m _identify(docs) by extension 'ignore'
[0.693s] [34mcolcon.colcon_core.package_identification[0m [1;30mLevel 1[0m _identify(docs) by extension 'ignore_ament_install'
[0.693s] [34mcolcon.colcon_core.package_identification[0m [1;30mLevel 1[0m _identify(docs) by extensions ['colcon_pkg']
[0.693s] [34mcolcon.colcon_core.package_identification[0m [1;30mLevel 1[0m _identify(docs) by extension 'colcon_pkg'
[0.693s] [34mcolcon.colcon_core.package_identification[0m [1;30mLevel 1[0m _identify(docs) by extensions ['colcon_meta']
[0.693s] [34mcolcon.colcon_core.package_identification[0m [1;30mLevel 1[0m _identify(docs) by extension 'colcon_meta'
[0.693s] [34mcolcon.colcon_core.package_identification[0m [1;30mLevel 1[0m _identify(docs) by extensions ['ros']
[0.694s] [34mcolcon.colcon_core.package_identification[0m [1;30mLevel 1[0m _identify(docs) by extension 'ros'
[0.694s] [34mcolcon.colcon_core.package_identification[0m [1;30mLevel 1[0m _identify(docs) by extensions ['cmake', 'python']
[0.694s] [34mcolcon.colcon_core.package_identification[0m [1;30mLevel 1[0m _identify(docs) by extension 'cmake'
[0.694s] [34mcolcon.colcon_core.package_identification[0m [1;30mLevel 1[0m _identify(docs) by extension 'python'
[0.694s] [34mcolcon.colcon_core.package_identification[0m [1;30mLevel 1[0m _identify(docs) by extensions ['python_setup_py']
[0.694s] [34mcolcon.colcon_core.package_identification[0m [1;30mLevel 1[0m _identify(docs) by extension 'python_setup_py'
[0.694s] [34mcolcon.colcon_core.package_identification[0m [1;30mLevel 1[0m _identify(docs/EKF) by extensions ['ignore', 'ignore_ament_install']
[0.694s] [34mcolcon.colcon_core.package_identification[0m [1;30mLevel 1[0m _identify(docs/EKF) by extension 'ignore'
[0.695s] [34mcolcon.colcon_core.package_identification[0m [1;30mLevel 1[0m _identify(docs/EKF) by extension 'ignore_ament_install'
[0.695s] [34mcolcon.colcon_core.package_identification[0m [1;30mLevel 1[0m _identify(docs/EKF) by extensions ['colcon_pkg']
[0.695s] [34mcolcon.colcon_core.package_identification[0m [1;30mLevel 1[0m _identify(docs/EKF) by extension 'colcon_pkg'
[0.695s] [34mcolcon.colcon_core.package_identification[0m [1;30mLevel 1[0m _identify(docs/EKF) by extensions ['colcon_meta']
[0.695s] [34mcolcon.colcon_core.package_identification[0m [1;30mLevel 1[0m _identify(docs/EKF) by extension 'colcon_meta'
[0.695s] [34mcolcon.colcon_core.package_identification[0m [1;30mLevel 1[0m _identify(docs/EKF) by extensions ['ros']
[0.695s] [34mcolcon.colcon_core.package_identification[0m [1;30mLevel 1[0m _identify(docs/EKF) by extension 'ros'
[0.695s] [34mcolcon.colcon_core.package_identification[0m [1;30mLevel 1[0m _identify(docs/EKF) by extensions ['cmake', 'python']
[0.695s] [34mcolcon.colcon_core.package_identification[0m [1;30mLevel 1[0m _identify(docs/EKF) by extension 'cmake'
[0.695s] [34mcolcon.colcon_core.package_identification[0m [1;30mLevel 1[0m _identify(docs/EKF) by extension 'python'
[0.695s] [34mcolcon.colcon_core.package_identification[0m [1;30mLevel 1[0m _identify(docs/EKF) by extensions ['python_setup_py']
[0.696s] [34mcolcon.colcon_core.package_identification[0m [1;30mLevel 1[0m _identify(docs/EKF) by extension 'python_setup_py'
[0.696s] [34mcolcon.colcon_core.package_identification[0m [1;30mLevel 1[0m _identify(docs/Map) by extensions ['ignore', 'ignore_ament_install']
[0.696s] [34mcolcon.colcon_core.package_identification[0m [1;30mLevel 1[0m _identify(docs/Map) by extension 'ignore'
[0.696s] [34mcolcon.colcon_core.package_identification[0m [1;30mLevel 1[0m _identify(docs/Map) by extension 'ignore_ament_install'
[0.696s] [34mcolcon.colcon_core.package_identification[0m [1;30mLevel 1[0m _identify(docs/Map) by extensions ['colcon_pkg']
[0.696s] [34mcolcon.colcon_core.package_identification[0m [1;30mLevel 1[0m _identify(docs/Map) by extension 'colcon_pkg'
[0.696s] [34mcolcon.colcon_core.package_identification[0m [1;30mLevel 1[0m _identify(docs/Map) by extensions ['colcon_meta']
[0.696s] [34mcolcon.colcon_core.package_identification[0m [1;30mLevel 1[0m _identify(docs/Map) by extension 'colcon_meta'
[0.697s] [34mcolcon.colcon_core.package_identification[0m [1;30mLevel 1[0m _identify(docs/Map) by extensions ['ros']
[0.697s] [34mcolcon.colcon_core.package_identification[0m [1;30mLevel 1[0m _identify(docs/Map) by extension 'ros'
[0.697s] [34mcolcon.colcon_core.package_identification[0m [1;30mLevel 1[0m _identify(docs/Map) by extensions ['cmake', 'python']
[0.697s] [34mcolcon.colcon_core.package_identification[0m [1;30mLevel 1[0m _identify(docs/Map) by extension 'cmake'
[0.697s] [34mcolcon.colcon_core.package_identification[0m [1;30mLevel 1[0m _identify(docs/Map) by extension 'python'
[0.697s] [34mcolcon.colcon_core.package_identification[0m [1;30mLevel 1[0m _identify(docs/Map) by extensions ['python_setup_py']
[0.697s] [34mcolcon.colcon_core.package_identification[0m [1;30mLevel 1[0m _identify(docs/Map) by extension 'python_setup_py'
[0.697s] [34mcolcon.colcon_core.package_identification[0m [1;30mLevel 1[0m _identify(docs/ROS2_Nav2) by extensions ['ignore', 'ignore_ament_install']
[0.697s] [34mcolcon.colcon_core.package_identification[0m [1;30mLevel 1[0m _identify(docs/ROS2_Nav2) by extension 'ignore'
[0.698s] [34mcolcon.colcon_core.package_identification[0m [1;30mLevel 1[0m _identify(docs/ROS2_Nav2) by extension 'ignore_ament_install'
[0.698s] [34mcolcon.colcon_core.package_identification[0m [1;30mLevel 1[0m _identify(docs/ROS2_Nav2) by extensions ['colcon_pkg']
[0.698s] [34mcolcon.colcon_core.package_identification[0m [1;30mLevel 1[0m _identify(docs/ROS2_Nav2) by extension 'colcon_pkg'
[0.698s] [34mcolcon.colcon_core.package_identification[0m [1;30mLevel 1[0m _identify(docs/ROS2_Nav2) by extensions ['colcon_meta']
[0.698s] [34mcolcon.colcon_core.package_identification[0m [1;30mLevel 1[0m _identify(docs/ROS2_Nav2) by extension 'colcon_meta'
[0.698s] [34mcolcon.colcon_core.package_identification[0m [1;30mLevel 1[0m _identify(docs/ROS2_Nav2) by extensions ['ros']
[0.698s] [34mcolcon.colcon_core.package_identification[0m [1;30mLevel 1[0m _identify(docs/ROS2_Nav2) by extension 'ros'
[0.698s] [34mcolcon.colcon_core.package_identification[0m [1;30mLevel 1[0m _identify(docs/ROS2_Nav2) by extensions ['cmake', 'python']
[0.698s] [34mcolcon.colcon_core.package_identification[0m [1;30mLevel 1[0m _identify(docs/ROS2_Nav2) by extension 'cmake'
[0.698s] [34mcolcon.colcon_core.package_identification[0m [1;30mLevel 1[0m _identify(docs/ROS2_Nav2) by extension 'python'
[0.699s] [34mcolcon.colcon_core.package_identification[0m [1;30mLevel 1[0m _identify(docs/ROS2_Nav2) by extensions ['python_setup_py']
[0.699s] [34mcolcon.colcon_core.package_identification[0m [1;30mLevel 1[0m _identify(docs/ROS2_Nav2) by extension 'python_setup_py'
[0.699s] [34mcolcon.colcon_core.package_identification[0m [1;30mLevel 1[0m _identify(docs/graph) by extensions ['ignore', 'ignore_ament_install']
[0.699s] [34mcolcon.colcon_core.package_identification[0m [1;30mLevel 1[0m _identify(docs/graph) by extension 'ignore'
[0.699s] [34mcolcon.colcon_core.package_identification[0m [1;30mLevel 1[0m _identify(docs/graph) by extension 'ignore_ament_install'
[0.699s] [34mcolcon.colcon_core.package_identification[0m [1;30mLevel 1[0m _identify(docs/graph) by extensions ['colcon_pkg']
[0.699s] [34mcolcon.colcon_core.package_identification[0m [1;30mLevel 1[0m _identify(docs/graph) by extension 'colcon_pkg'
[0.699s] [34mcolcon.colcon_core.package_identification[0m [1;30mLevel 1[0m _identify(docs/graph) by extensions ['colcon_meta']
[0.699s] [34mcolcon.colcon_core.package_identification[0m [1;30mLevel 1[0m _identify(docs/graph) by extension 'colcon_meta'
[0.700s] [34mcolcon.colcon_core.package_identification[0m [1;30mLevel 1[0m _identify(docs/graph) by extensions ['ros']
[0.700s] [34mcolcon.colcon_core.package_identification[0m [1;30mLevel 1[0m _identify(docs/graph) by extension 'ros'
[0.700s] [34mcolcon.colcon_core.package_identification[0m [1;30mLevel 1[0m _identify(docs/graph) by extensions ['cmake', 'python']
[0.700s] [34mcolcon.colcon_core.package_identification[0m [1;30mLevel 1[0m _identify(docs/graph) by extension 'cmake'
[0.700s] [34mcolcon.colcon_core.package_identification[0m [1;30mLevel 1[0m _identify(docs/graph) by extension 'python'
[0.700s] [34mcolcon.colcon_core.package_identification[0m [1;30mLevel 1[0m _identify(docs/graph) by extensions ['python_setup_py']
[0.700s] [34mcolcon.colcon_core.package_identification[0m [1;30mLevel 1[0m _identify(docs/graph) by extension 'python_setup_py'
[0.700s] [34mcolcon.colcon_core.package_identification[0m [1;30mLevel 1[0m _identify(install) by extensions ['ignore', 'ignore_ament_install']
[0.700s] [34mcolcon.colcon_core.package_identification[0m [1;30mLevel 1[0m _identify(install) by extension 'ignore'
[0.701s] [34mcolcon.colcon_core.package_identification[0m [1;30mLevel 1[0m _identify(install) ignored
[0.701s] [34mcolcon.colcon_core.package_identification[0m [1;30mLevel 1[0m _identify(log) by extensions ['ignore', 'ignore_ament_install']
[0.701s] [34mcolcon.colcon_core.package_identification[0m [1;30mLevel 1[0m _identify(log) by extension 'ignore'
[0.701s] [34mcolcon.colcon_core.package_identification[0m [1;30mLevel 1[0m _identify(log) ignored
[0.701s] [34mcolcon.colcon_core.package_identification[0m [1;30mLevel 1[0m _identify(src) by extensions ['ignore', 'ignore_ament_install']
[0.701s] [34mcolcon.colcon_core.package_identification[0m [1;30mLevel 1[0m _identify(src) by extension 'ignore'
[0.701s] [34mcolcon.colcon_core.package_identification[0m [1;30mLevel 1[0m _identify(src) by extension 'ignore_ament_install'
[0.702s] [34mcolcon.colcon_core.package_identification[0m [1;30mLevel 1[0m _identify(src) by extensions ['colcon_pkg']
[0.702s] [34mcolcon.colcon_core.package_identification[0m [1;30mLevel 1[0m _identify(src) by extension 'colcon_pkg'
[0.702s] [34mcolcon.colcon_core.package_identification[0m [1;30mLevel 1[0m _identify(src) by extensions ['colcon_meta']
[0.702s] [34mcolcon.colcon_core.package_identification[0m [1;30mLevel 1[0m _identify(src) by extension 'colcon_meta'
[0.702s] [34mcolcon.colcon_core.package_identification[0m [1;30mLevel 1[0m _identify(src) by extensions ['ros']
[0.702s] [34mcolcon.colcon_core.package_identification[0m [1;30mLevel 1[0m _identify(src) by extension 'ros'
[0.702s] [34mcolcon.colcon_core.package_identification[0m [1;30mLevel 1[0m _identify(src) by extensions ['cmake', 'python']
[0.702s] [34mcolcon.colcon_core.package_identification[0m [1;30mLevel 1[0m _identify(src) by extension 'cmake'
[0.702s] [34mcolcon.colcon_core.package_identification[0m [1;30mLevel 1[0m _identify(src) by extension 'python'
[0.702s] [34mcolcon.colcon_core.package_identification[0m [1;30mLevel 1[0m _identify(src) by extensions ['python_setup_py']
[0.702s] [34mcolcon.colcon_core.package_identification[0m [1;30mLevel 1[0m _identify(src) by extension 'python_setup_py'
[0.703s] [34mcolcon.colcon_core.package_identification[0m [1;30mLevel 1[0m _identify(src/food_del_robot) by extensions ['ignore', 'ignore_ament_install']
[0.703s] [34mcolcon.colcon_core.package_identification[0m [1;30mLevel 1[0m _identify(src/food_del_robot) by extension 'ignore'
[0.703s] [34mcolcon.colcon_core.package_identification[0m [1;30mLevel 1[0m _identify(src/food_del_robot) by extension 'ignore_ament_install'
[0.703s] [34mcolcon.colcon_core.package_identification[0m [1;30mLevel 1[0m _identify(src/food_del_robot) by extensions ['colcon_pkg']
[0.703s] [34mcolcon.colcon_core.package_identification[0m [1;30mLevel 1[0m _identify(src/food_del_robot) by extension 'colcon_pkg'
[0.703s] [34mcolcon.colcon_core.package_identification[0m [1;30mLevel 1[0m _identify(src/food_del_robot) by extensions ['colcon_meta']
[0.703s] [34mcolcon.colcon_core.package_identification[0m [1;30mLevel 1[0m _identify(src/food_del_robot) by extension 'colcon_meta'
[0.703s] [34mcolcon.colcon_core.package_identification[0m [1;30mLevel 1[0m _identify(src/food_del_robot) by extensions ['ros']
[0.703s] [34mcolcon.colcon_core.package_identification[0m [1;30mLevel 1[0m _identify(src/food_del_robot) by extension 'ros'
[0.709s] [34mcolcon.colcon_core.package_identification[0m [1;30mDEBUG[0m [32mPackage 'src/food_del_robot' with type 'ros.ament_cmake' and name 'food_del_robot'[0m
[0.709s] [34mcolcon.colcon_core.package_identification[0m [1;30mLevel 1[0m _identify(src/food_del_robot_description) by extensions ['ignore', 'ignore_ament_install']
[0.710s] [34mcolcon.colcon_core.package_identification[0m [1;30mLevel 1[0m _identify(src/food_del_robot_description) by extension 'ignore'
[0.710s] [34mcolcon.colcon_core.package_identification[0m [1;30mLevel 1[0m _identify(src/food_del_robot_description) by extension 'ignore_ament_install'
[0.710s] [34mcolcon.colcon_core.package_identification[0m [1;30mLevel 1[0m _identify(src/food_del_robot_description) by extensions ['colcon_pkg']
[0.710s] [34mcolcon.colcon_core.package_identification[0m [1;30mLevel 1[0m _identify(src/food_del_robot_description) by extension 'colcon_pkg'
[0.710s] [34mcolcon.colcon_core.package_identification[0m [1;30mLevel 1[0m _identify(src/food_del_robot_description) by extensions ['colcon_meta']
[0.710s] [34mcolcon.colcon_core.package_identification[0m [1;30mLevel 1[0m _identify(src/food_del_robot_description) by extension 'colcon_meta'
[0.710s] [34mcolcon.colcon_core.package_identification[0m [1;30mLevel 1[0m _identify(src/food_del_robot_description) by extensions ['ros']
[0.710s] [34mcolcon.colcon_core.package_identification[0m [1;30mLevel 1[0m _identify(src/food_del_robot_description) by extension 'ros'
[0.711s] [34mcolcon.colcon_core.package_identification[0m [1;30mDEBUG[0m [32mPackage 'src/food_del_robot_description' with type 'ros.ament_cmake' and name 'food_del_robot_description'[0m
[0.712s] [34mcolcon.colcon_core.package_identification[0m [1;30mLevel 1[0m _identify(src/robot_kinematic) by extensions ['ignore', 'ignore_ament_install']
[0.712s] [34mcolcon.colcon_core.package_identification[0m [1;30mLevel 1[0m _identify(src/robot_kinematic) by extension 'ignore'
[0.712s] [34mcolcon.colcon_core.package_identification[0m [1;30mLevel 1[0m _identify(src/robot_kinematic) ignored
[0.712s] [34mcolcon.colcon_core.package_identification[0m [1;30mLevel 1[0m _identify(src/rplidar_ros-ros2) by extensions ['ignore', 'ignore_ament_install']
[0.712s] [34mcolcon.colcon_core.package_identification[0m [1;30mLevel 1[0m _identify(src/rplidar_ros-ros2) by extension 'ignore'
[0.712s] [34mcolcon.colcon_core.package_identification[0m [1;30mLevel 1[0m _identify(src/rplidar_ros-ros2) by extension 'ignore_ament_install'
[0.713s] [34mcolcon.colcon_core.package_identification[0m [1;30mLevel 1[0m _identify(src/rplidar_ros-ros2) by extensions ['colcon_pkg']
[0.713s] [34mcolcon.colcon_core.package_identification[0m [1;30mLevel 1[0m _identify(src/rplidar_ros-ros2) by extension 'colcon_pkg'
[0.713s] [34mcolcon.colcon_core.package_identification[0m [1;30mLevel 1[0m _identify(src/rplidar_ros-ros2) by extensions ['colcon_meta']
[0.713s] [34mcolcon.colcon_core.package_identification[0m [1;30mLevel 1[0m _identify(src/rplidar_ros-ros2) by extension 'colcon_meta'
[0.713s] [34mcolcon.colcon_core.package_identification[0m [1;30mLevel 1[0m _identify(src/rplidar_ros-ros2) by extensions ['ros']
[0.713s] [34mcolcon.colcon_core.package_identification[0m [1;30mLevel 1[0m _identify(src/rplidar_ros-ros2) by extension 'ros'
[0.714s] [34mcolcon.colcon_core.package_identification[0m [1;30mDEBUG[0m [32mPackage 'src/rplidar_ros-ros2' with type 'ros.ament_cmake' and name 'rplidar_ros'[0m
[0.714s] [34mcolcon.colcon_core.package_identification[0m [1;30mLevel 1[0m _identify(src/yahboom_imu_10_axis) by extensions ['ignore', 'ignore_ament_install']
[0.715s] [34mcolcon.colcon_core.package_identification[0m [1;30mLevel 1[0m _identify(src/yahboom_imu_10_axis) by extension 'ignore'
[0.715s] [34mcolcon.colcon_core.package_identification[0m [1;30mLevel 1[0m _identify(src/yahboom_imu_10_axis) by extension 'ignore_ament_install'
[0.715s] [34mcolcon.colcon_core.package_identification[0m [1;30mLevel 1[0m _identify(src/yahboom_imu_10_axis) by extensions ['colcon_pkg']
[0.715s] [34mcolcon.colcon_core.package_identification[0m [1;30mLevel 1[0m _identify(src/yahboom_imu_10_axis) by extension 'colcon_pkg'
[0.715s] [34mcolcon.colcon_core.package_identification[0m [1;30mLevel 1[0m _identify(src/yahboom_imu_10_axis) by extensions ['colcon_meta']
[0.715s] [34mcolcon.colcon_core.package_identification[0m [1;30mLevel 1[0m _identify(src/yahboom_imu_10_axis) by extension 'colcon_meta'
[0.715s] [34mcolcon.colcon_core.package_identification[0m [1;30mLevel 1[0m _identify(src/yahboom_imu_10_axis) by extensions ['ros']
[0.715s] [34mcolcon.colcon_core.package_identification[0m [1;30mLevel 1[0m _identify(src/yahboom_imu_10_axis) by extension 'ros'
[0.716s] [34mcolcon.colcon_core.package_identification[0m [1;30mDEBUG[0m [32mPackage 'src/yahboom_imu_10_axis' with type 'ros.ament_cmake' and name 'yahboom_imu_10_axis'[0m
[0.717s] [34mcolcon.colcon_core.package_identification[0m [1;30mLevel 1[0m _identify(src/zlac8015d_driver) by extensions ['ignore', 'ignore_ament_install']
[0.717s] [34mcolcon.colcon_core.package_identification[0m [1;30mLevel 1[0m _identify(src/zlac8015d_driver) by extension 'ignore'
[0.717s] [34mcolcon.colcon_core.package_identification[0m [1;30mLevel 1[0m _identify(src/zlac8015d_driver) by extension 'ignore_ament_install'
[0.717s] [34mcolcon.colcon_core.package_identification[0m [1;30mLevel 1[0m _identify(src/zlac8015d_driver) by extensions ['colcon_pkg']
[0.717s] [34mcolcon.colcon_core.package_identification[0m [1;30mLevel 1[0m _identify(src/zlac8015d_driver) by extension 'colcon_pkg'
[0.717s] [34mcolcon.colcon_core.package_identification[0m [1;30mLevel 1[0m _identify(src/zlac8015d_driver) by extensions ['colcon_meta']
[0.717s] [34mcolcon.colcon_core.package_identification[0m [1;30mLevel 1[0m _identify(src/zlac8015d_driver) by extension 'colcon_meta'
[0.718s] [34mcolcon.colcon_core.package_identification[0m [1;30mLevel 1[0m _identify(src/zlac8015d_driver) by extensions ['ros']
[0.718s] [34mcolcon.colcon_core.package_identification[0m [1;30mLevel 1[0m _identify(src/zlac8015d_driver) by extension 'ros'
[0.719s] [34mcolcon.colcon_core.package_identification[0m [1;30mDEBUG[0m [32mPackage 'src/zlac8015d_driver' with type 'ros.ament_cmake' and name 'zlac8015d_driver'[0m
[0.719s] [34mcolcon.colcon_core.package_discovery[0m [1;30mLevel 1[0m discover_packages(recursive) using defaults
[0.719s] [34mcolcon.colcon_core.package_discovery[0m [1;30mLevel 1[0m discover_packages(ignore) discover
[0.719s] [34mcolcon.colcon_core.package_discovery[0m [1;30mLevel 1[0m discover_packages(ignore) using defaults
[0.719s] [34mcolcon.colcon_core.package_discovery[0m [1;30mLevel 1[0m discover_packages(path) discover
[0.719s] [34mcolcon.colcon_core.package_discovery[0m [1;30mLevel 1[0m discover_packages(path) using defaults
[0.752s] [34mcolcon.colcon_core.package_discovery[0m [1;30mLevel 1[0m discover_packages(prefix_path) check parameters
[0.752s] [34mcolcon.colcon_core.package_discovery[0m [1;30mLevel 1[0m discover_packages(prefix_path) discover
[0.756s] [34mcolcon.colcon_installed_package_information.package_discovery[0m [1;30mDEBUG[0m [32mFound 5 installed packages in /home/panha/Food_Delivery_Robot/install[0m
[0.757s] [34mcolcon.colcon_installed_package_information.package_discovery[0m [1;30mDEBUG[0m [32mFound 1 installed packages in /home/panha/yolo_ws/install[0m
[0.758s] [34mcolcon.colcon_installed_package_information.package_discovery[0m [1;30mDEBUG[0m [32mFound 3 installed packages in /home/panha/ros2_ws/install[0m
[0.761s] [34mcolcon.colcon_installed_package_information.package_discovery[0m [1;30mDEBUG[0m [32mFound 361 installed packages in /opt/ros/humble[0m
[0.766s] [34mcolcon.colcon_core.package_discovery[0m [1;30mLevel 1[0m discover_packages(prefix_path) using defaults
[0.857s] [34mcolcon.colcon_core.verb[0m [1;30mLevel 5[0m set package 'food_del_robot' build argument 'cmake_args' from command line to 'None'
[0.857s] [34mcolcon.colcon_core.verb[0m [1;30mLevel 5[0m set package 'food_del_robot' build argument 'cmake_target' from command line to 'None'
[0.857s] [34mcolcon.colcon_core.verb[0m [1;30mLevel 5[0m set package 'food_del_robot' build argument 'cmake_target_skip_unavailable' from command line to 'False'
[0.857s] [34mcolcon.colcon_core.verb[0m [1;30mLevel 5[0m set package 'food_del_robot' build argument 'cmake_clean_cache' from command line to 'False'
[0.857s] [34mcolcon.colcon_core.verb[0m [1;30mLevel 5[0m set package 'food_del_robot' build argument 'cmake_clean_first' from command line to 'False'
[0.858s] [34mcolcon.colcon_core.verb[0m [1;30mLevel 5[0m set package 'food_del_robot' build argument 'cmake_force_configure' from command line to 'False'
[0.858s] [34mcolcon.colcon_core.verb[0m [1;30mLevel 5[0m set package 'food_del_robot' build argument 'ament_cmake_args' from command line to 'None'
[0.858s] [34mcolcon.colcon_core.verb[0m [1;30mLevel 5[0m set package 'food_del_robot' build argument 'catkin_cmake_args' from command line to 'None'
[0.858s] [34mcolcon.colcon_core.verb[0m [1;30mLevel 5[0m set package 'food_del_robot' build argument 'catkin_skip_building_tests' from command line to 'False'
[0.858s] [34mcolcon.colcon_core.verb[0m [1;30mDEBUG[0m [32mBuilding package 'food_del_robot' with the following arguments: {'ament_cmake_args': None, 'build_base': '/home/panha/Food_Delivery_Robot/build/food_del_robot', 'catkin_cmake_args': None, 'catkin_skip_building_tests': False, 'cmake_args': None, 'cmake_clean_cache': False, 'cmake_clean_first': False, 'cmake_force_configure': False, 'cmake_target': None, 'cmake_target_skip_unavailable': False, 'install_base': '/home/panha/Food_Delivery_Robot/install/food_del_robot', 'merge_install': False, 'path': '/home/panha/Food_Delivery_Robot/src/food_del_robot', 'symlink_install': False, 'test_result_base': None}[0m
[0.858s] [34mcolcon.colcon_core.verb[0m [1;30mLevel 5[0m set package 'rplidar_ros' build argument 'cmake_args' from command line to 'None'
[0.859s] [34mcolcon.colcon_core.verb[0m [1;30mLevel 5[0m set package 'rplidar_ros' build argument 'cmake_target' from command line to 'None'
[0.859s] [34mcolcon.colcon_core.verb[0m [1;30mLevel 5[0m set package 'rplidar_ros' build argument 'cmake_target_skip_unavailable' from command line to 'False'
[0.859s] [34mcolcon.colcon_core.verb[0m [1;30mLevel 5[0m set package 'rplidar_ros' build argument 'cmake_clean_cache' from command line to 'False'
[0.859s] [34mcolcon.colcon_core.verb[0m [1;30mLevel 5[0m set package 'rplidar_ros' build argument 'cmake_clean_first' from command line to 'False'
[0.859s] [34mcolcon.colcon_core.verb[0m [1;30mLevel 5[0m set package 'rplidar_ros' build argument 'cmake_force_configure' from command line to 'False'
[0.859s] [34mcolcon.colcon_core.verb[0m [1;30mLevel 5[0m set package 'rplidar_ros' build argument 'ament_cmake_args' from command line to 'None'
[0.859s] [34mcolcon.colcon_core.verb[0m [1;30mLevel 5[0m set package 'rplidar_ros' build argument 'catkin_cmake_args' from command line to 'None'
[0.859s] [34mcolcon.colcon_core.verb[0m [1;30mLevel 5[0m set package 'rplidar_ros' build argument 'catkin_skip_building_tests' from command line to 'False'
[0.859s] [34mcolcon.colcon_core.verb[0m [1;30mDEBUG[0m [32mBuilding package 'rplidar_ros' with the following arguments: {'ament_cmake_args': None, 'build_base': '/home/panha/Food_Delivery_Robot/build/rplidar_ros', 'catkin_cmake_args': None, 'catkin_skip_building_tests': False, 'cmake_args': None, 'cmake_clean_cache': False, 'cmake_clean_first': False, 'cmake_force_configure': False, 'cmake_target': None, 'cmake_target_skip_unavailable': False, 'install_base': '/home/panha/Food_Delivery_Robot/install/rplidar_ros', 'merge_install': False, 'path': '/home/panha/Food_Delivery_Robot/src/rplidar_ros-ros2', 'symlink_install': False, 'test_result_base': None}[0m
[0.860s] [34mcolcon.colcon_core.verb[0m [1;30mLevel 5[0m set package 'yahboom_imu_10_axis' build argument 'cmake_args' from command line to 'None'
[0.860s] [34mcolcon.colcon_core.verb[0m [1;30mLevel 5[0m set package 'yahboom_imu_10_axis' build argument 'cmake_target' from command line to 'None'
[0.860s] [34mcolcon.colcon_core.verb[0m [1;30mLevel 5[0m set package 'yahboom_imu_10_axis' build argument 'cmake_target_skip_unavailable' from command line to 'False'
[0.860s] [34mcolcon.colcon_core.verb[0m [1;30mLevel 5[0m set package 'yahboom_imu_10_axis' build argument 'cmake_clean_cache' from command line to 'False'
[0.860s] [34mcolcon.colcon_core.verb[0m [1;30mLevel 5[0m set package 'yahboom_imu_10_axis' build argument 'cmake_clean_first' from command line to 'False'
[0.860s] [34mcolcon.colcon_core.verb[0m [1;30mLevel 5[0m set package 'yahboom_imu_10_axis' build argument 'cmake_force_configure' from command line to 'False'
[0.860s] [34mcolcon.colcon_core.verb[0m [1;30mLevel 5[0m set package 'yahboom_imu_10_axis' build argument 'ament_cmake_args' from command line to 'None'
[0.860s] [34mcolcon.colcon_core.verb[0m [1;30mLevel 5[0m set package 'yahboom_imu_10_axis' build argument 'catkin_cmake_args' from command line to 'None'
[0.860s] [34mcolcon.colcon_core.verb[0m [1;30mLevel 5[0m set package 'yahboom_imu_10_axis' build argument 'catkin_skip_building_tests' from command line to 'False'
[0.860s] [34mcolcon.colcon_core.verb[0m [1;30mDEBUG[0m [32mBuilding package 'yahboom_imu_10_axis' with the following arguments: {'ament_cmake_args': None, 'build_base': '/home/panha/Food_Delivery_Robot/build/yahboom_imu_10_axis', 'catkin_cmake_args': None, 'catkin_skip_building_tests': False, 'cmake_args': None, 'cmake_clean_cache': False, 'cmake_clean_first': False, 'cmake_force_configure': False, 'cmake_target': None, 'cmake_target_skip_unavailable': False, 'install_base': '/home/panha/Food_Delivery_Robot/install/yahboom_imu_10_axis', 'merge_install': False, 'path': '/home/panha/Food_Delivery_Robot/src/yahboom_imu_10_axis', 'symlink_install': False, 'test_result_base': None}[0m
[0.861s] [34mcolcon.colcon_core.verb[0m [1;30mLevel 5[0m set package 'zlac8015d_driver' build argument 'cmake_args' from command line to 'None'
[0.861s] [34mcolcon.colcon_core.verb[0m [1;30mLevel 5[0m set package 'zlac8015d_driver' build argument 'cmake_target' from command line to 'None'
[0.861s] [34mcolcon.colcon_core.verb[0m [1;30mLevel 5[0m set package 'zlac8015d_driver' build argument 'cmake_target_skip_unavailable' from command line to 'False'
[0.861s] [34mcolcon.colcon_core.verb[0m [1;30mLevel 5[0m set package 'zlac8015d_driver' build argument 'cmake_clean_cache' from command line to 'False'
[0.861s] [34mcolcon.colcon_core.verb[0m [1;30mLevel 5[0m set package 'zlac8015d_driver' build argument 'cmake_clean_first' from command line to 'False'
[0.861s] [34mcolcon.colcon_core.verb[0m [1;30mLevel 5[0m set package 'zlac8015d_driver' build argument 'cmake_force_configure' from command line to 'False'
[0.861s] [34mcolcon.colcon_core.verb[0m [1;30mLevel 5[0m set package 'zlac8015d_driver' build argument 'ament_cmake_args' from command line to 'None'
[0.861s] [34mcolcon.colcon_core.verb[0m [1;30mLevel 5[0m set package 'zlac8015d_driver' build argument 'catkin_cmake_args' from command line to 'None'
[0.861s] [34mcolcon.colcon_core.verb[0m [1;30mLevel 5[0m set package 'zlac8015d_driver' build argument 'catkin_skip_building_tests' from command line to 'False'
[0.861s] [34mcolcon.colcon_core.verb[0m [1;30mDEBUG[0m [32mBuilding package 'zlac8015d_driver' with the following arguments: {'ament_cmake_args': None, 'build_base': '/home/panha/Food_Delivery_Robot/build/zlac8015d_driver', 'catkin_cmake_args': None, 'catkin_skip_building_tests': False, 'cmake_args': None, 'cmake_clean_cache': False, 'cmake_clean_first': False, 'cmake_force_configure': False, 'cmake_target': None, 'cmake_target_skip_unavailable': False, 'install_base': '/home/panha/Food_Delivery_Robot/install/zlac8015d_driver', 'merge_install': False, 'path': '/home/panha/Food_Delivery_Robot/src/zlac8015d_driver', 'symlink_install': False, 'test_result_base': None}[0m
[0.862s] [34mcolcon.colcon_core.verb[0m [1;30mLevel 5[0m set package 'food_del_robot_description' build argument 'cmake_args' from command line to 'None'
[0.862s] [34mcolcon.colcon_core.verb[0m [1;30mLevel 5[0m set package 'food_del_robot_description' build argument 'cmake_target' from command line to 'None'
[0.862s] [34mcolcon.colcon_core.verb[0m [1;30mLevel 5[0m set package 'food_del_robot_description' build argument 'cmake_target_skip_unavailable' from command line to 'False'
[0.862s] [34mcolcon.colcon_core.verb[0m [1;30mLevel 5[0m set package 'food_del_robot_description' build argument 'cmake_clean_cache' from command line to 'False'
[0.862s] [34mcolcon.colcon_core.verb[0m [1;30mLevel 5[0m set package 'food_del_robot_description' build argument 'cmake_clean_first' from command line to 'False'
[0.862s] [34mcolcon.colcon_core.verb[0m [1;30mLevel 5[0m set package 'food_del_robot_description' build argument 'cmake_force_configure' from command line to 'False'
[0.862s] [34mcolcon.colcon_core.verb[0m [1;30mLevel 5[0m set package 'food_del_robot_description' build argument 'ament_cmake_args' from command line to 'None'
[0.862s] [34mcolcon.colcon_core.verb[0m [1;30mLevel 5[0m set package 'food_del_robot_description' build argument 'catkin_cmake_args' from command line to 'None'
[0.862s] [34mcolcon.colcon_core.verb[0m [1;30mLevel 5[0m set package 'food_del_robot_description' build argument 'catkin_skip_building_tests' from command line to 'False'
[0.863s] [34mcolcon.colcon_core.verb[0m [1;30mDEBUG[0m [32mBuilding package 'food_del_robot_description' with the following arguments: {'ament_cmake_args': None, 'build_base': '/home/panha/Food_Delivery_Robot/build/food_del_robot_description', 'catkin_cmake_args': None, 'catkin_skip_building_tests': False, 'cmake_args': None, 'cmake_clean_cache': False, 'cmake_clean_first': False, 'cmake_force_configure': False, 'cmake_target': None, 'cmake_target_skip_unavailable': False, 'install_base': '/home/panha/Food_Delivery_Robot/install/food_del_robot_description', 'merge_install': False, 'path': '/home/panha/Food_Delivery_Robot/src/food_del_robot_description', 'symlink_install': False, 'test_result_base': None}[0m
[0.863s] [34mcolcon.colcon_core.executor[0m [1;30mINFO[0m Executing jobs using 'parallel' executor
[0.865s] [34mcolcon.colcon_parallel_executor.executor.parallel[0m [1;30mDEBUG[0m [32mrun_until_complete[0m
[0.866s] [34mcolcon.colcon_ros.task.ament_cmake.build[0m [1;30mINFO[0m Building ROS package in '/home/panha/Food_Delivery_Robot/src/zlac8015d_driver' with build type 'ament_cmake'
[0.866s] [34mcolcon.colcon_cmake.task.cmake.build[0m [1;30mINFO[0m Building CMake package in '/home/panha/Food_Delivery_Robot/src/zlac8015d_driver'
[0.871s] [34mcolcon.colcon_core.plugin_system[0m [1;30mINFO[0m Skipping extension 'colcon_core.shell.bat': Not used on non-Windows systems
[0.871s] [34mcolcon.colcon_core.shell[0m [1;30mINFO[0m Skip shell extension 'powershell' for command environment: Not usable outside of PowerShell
[0.871s] [34mcolcon.colcon_core.shell[0m [1;30mDEBUG[0m [32mSkip shell extension 'dsv' for command environment[0m
[0.880s] [34mcolcon.colcon_ros.task.ament_cmake.build[0m [1;30mINFO[0m Building ROS package in '/home/panha/Food_Delivery_Robot/src/food_del_robot' with build type 'ament_cmake'
[0.881s] [34mcolcon.colcon_cmake.task.cmake.build[0m [1;30mINFO[0m Building CMake package in '/home/panha/Food_Delivery_Robot/src/food_del_robot'
[0.881s] [34mcolcon.colcon_core.shell[0m [1;30mINFO[0m Skip shell extension 'powershell' for command environment: Not usable outside of PowerShell
[0.882s] [34mcolcon.colcon_core.shell[0m [1;30mDEBUG[0m [32mSkip shell extension 'dsv' for command environment[0m
[0.890s] [34mcolcon.colcon_ros.task.ament_cmake.build[0m [1;30mINFO[0m Building ROS package in '/home/panha/Food_Delivery_Robot/src/rplidar_ros-ros2' with build type 'ament_cmake'
[0.890s] [34mcolcon.colcon_cmake.task.cmake.build[0m [1;30mINFO[0m Building CMake package in '/home/panha/Food_Delivery_Robot/src/rplidar_ros-ros2'
[0.891s] [34mcolcon.colcon_core.shell[0m [1;30mINFO[0m Skip shell extension 'powershell' for command environment: Not usable outside of PowerShell
[0.891s] [34mcolcon.colcon_core.shell[0m [1;30mDEBUG[0m [32mSkip shell extension 'dsv' for command environment[0m
[0.899s] [34mcolcon.colcon_ros.task.ament_cmake.build[0m [1;30mINFO[0m Building ROS package in '/home/panha/Food_Delivery_Robot/src/yahboom_imu_10_axis' with build type 'ament_cmake'
[0.900s] [34mcolcon.colcon_cmake.task.cmake.build[0m [1;30mINFO[0m Building CMake package in '/home/panha/Food_Delivery_Robot/src/yahboom_imu_10_axis'
[0.900s] [34mcolcon.colcon_core.shell[0m [1;30mINFO[0m Skip shell extension 'powershell' for command environment: Not usable outside of PowerShell
[0.900s] [34mcolcon.colcon_core.shell[0m [1;30mDEBUG[0m [32mSkip shell extension 'dsv' for command environment[0m
[0.919s] [34mcolcon.colcon_core.event_handler.log_command[0m [1;30mDEBUG[0m [32mInvoking command in '/home/panha/Food_Delivery_Robot/build/zlac8015d_driver': CMAKE_PREFIX_PATH=${CMAKE_PREFIX_PATH}:/home/panha/yolo_ws/install/depth_test:/opt/ros/humble /usr/bin/cmake --build /home/panha/Food_Delivery_Robot/build/zlac8015d_driver -- -j6 -l6[0m
[0.924s] [34mcolcon.colcon_core.event_handler.log_command[0m [1;30mDEBUG[0m [32mInvoking command in '/home/panha/Food_Delivery_Robot/build/food_del_robot': CMAKE_PREFIX_PATH=${CMAKE_PREFIX_PATH}:/home/panha/yolo_ws/install/depth_test:/opt/ros/humble /usr/bin/cmake --build /home/panha/Food_Delivery_Robot/build/food_del_robot -- -j6 -l6[0m
[0.928s] [34mcolcon.colcon_core.event_handler.log_command[0m [1;30mDEBUG[0m [32mInvoking command in '/home/panha/Food_Delivery_Robot/build/rplidar_ros': CMAKE_PREFIX_PATH=${CMAKE_PREFIX_PATH}:/home/panha/yolo_ws/install/depth_test:/opt/ros/humble /usr/bin/cmake --build /home/panha/Food_Delivery_Robot/build/rplidar_ros -- -j6 -l6[0m
[0.939s] [34mcolcon.colcon_core.event_handler.log_command[0m [1;30mDEBUG[0m [32mInvoking command in '/home/panha/Food_Delivery_Robot/build/yahboom_imu_10_axis': CMAKE_PREFIX_PATH=${CMAKE_PREFIX_PATH}:/home/panha/yolo_ws/install/depth_test:/opt/ros/humble /usr/bin/cmake --build /home/panha/Food_Delivery_Robot/build/yahboom_imu_10_axis -- -j6 -l6[0m
[1.188s] [34mcolcon.colcon_core.event_handler.log_command[0m [1;30mDEBUG[0m [32mInvoked command in '/home/panha/Food_Delivery_Robot/build/rplidar_ros' returned '0': CMAKE_PREFIX_PATH=${CMAKE_PREFIX_PATH}:/home/panha/yolo_ws/install/depth_test:/opt/ros/humble /usr/bin/cmake --build /home/panha/Food_Delivery_Robot/build/rplidar_ros -- -j6 -l6[0m
[1.211s] [34mcolcon.colcon_core.event_handler.log_command[0m [1;30mDEBUG[0m [32mInvoking command in '/home/panha/Food_Delivery_Robot/build/rplidar_ros': CMAKE_PREFIX_PATH=${CMAKE_PREFIX_PATH}:/home/panha/yolo_ws/install/depth_test:/opt/ros/humble /usr/bin/cmake --install /home/panha/Food_Delivery_Robot/build/rplidar_ros[0m
[1.213s] [34mcolcon.colcon_core.event_handler.log_command[0m [1;30mDEBUG[0m [32mInvoked command in '/home/panha/Food_Delivery_Robot/build/yahboom_imu_10_axis' returned '0': CMAKE_PREFIX_PATH=${CMAKE_PREFIX_PATH}:/home/panha/yolo_ws/install/depth_test:/opt/ros/humble /usr/bin/cmake --build /home/panha/Food_Delivery_Robot/build/yahboom_imu_10_axis -- -j6 -l6[0m
[1.221s] [34mcolcon.colcon_core.event_handler.log_command[0m [1;30mDEBUG[0m [32mInvoking command in '/home/panha/Food_Delivery_Robot/build/yahboom_imu_10_axis': CMAKE_PREFIX_PATH=${CMAKE_PREFIX_PATH}:/home/panha/yolo_ws/install/depth_test:/opt/ros/humble /usr/bin/cmake --install /home/panha/Food_Delivery_Robot/build/yahboom_imu_10_axis[0m
[1.224s] [34mcolcon.colcon_core.event_handler.log_command[0m [1;30mDEBUG[0m [32mInvoked command in '/home/panha/Food_Delivery_Robot/build/zlac8015d_driver' returned '0': CMAKE_PREFIX_PATH=${CMAKE_PREFIX_PATH}:/home/panha/yolo_ws/install/depth_test:/opt/ros/humble /usr/bin/cmake --build /home/panha/Food_Delivery_Robot/build/zlac8015d_driver -- -j6 -l6[0m
[1.235s] [34mcolcon.colcon_core.event_handler.log_command[0m [1;30mDEBUG[0m [32mInvoking command in '/home/panha/Food_Delivery_Robot/build/zlac8015d_driver': CMAKE_PREFIX_PATH=${CMAKE_PREFIX_PATH}:/home/panha/yolo_ws/install/depth_test:/opt/ros/humble /usr/bin/cmake --install /home/panha/Food_Delivery_Robot/build/zlac8015d_driver[0m
[1.238s] [34mcolcon.colcon_core.environment[0m [1;30mLevel 1[0m create_environment_scripts_only(rplidar_ros)
[1.245s] [34mcolcon.colcon_core.event_handler.log_command[0m [1;30mDEBUG[0m [32mInvoked command in '/home/panha/Food_Delivery_Robot/build/rplidar_ros' returned '0': CMAKE_PREFIX_PATH=${CMAKE_PREFIX_PATH}:/home/panha/yolo_ws/install/depth_test:/opt/ros/humble /usr/bin/cmake --install /home/panha/Food_Delivery_Robot/build/rplidar_ros[0m
[1.256s] [34mcolcon.colcon_core.environment[0m [1;30mLevel 1[0m checking '/home/panha/Food_Delivery_Robot/install/rplidar_ros' for CMake module files
[1.260s] [34mcolcon.colcon_core.environment[0m [1;30mLevel 1[0m checking '/home/panha/Food_Delivery_Robot/install/rplidar_ros' for CMake config files
[1.262s] [34mcolcon.colcon_core.shell[0m [1;30mLevel 1[0m create_environment_hook('rplidar_ros', 'cmake_prefix_path')
[1.263s] [34mcolcon.colcon_core.shell[0m [1;30mINFO[0m Creating environment hook '/home/panha/Food_Delivery_Robot/install/rplidar_ros/share/rplidar_ros/hook/cmake_prefix_path.ps1'
[1.264s] [34mcolcon.colcon_core.shell[0m [1;30mINFO[0m Creating environment descriptor '/home/panha/Food_Delivery_Robot/install/rplidar_ros/share/rplidar_ros/hook/cmake_prefix_path.dsv'
[1.266s] [34mcolcon.colcon_core.shell[0m [1;30mINFO[0m Creating environment hook '/home/panha/Food_Delivery_Robot/install/rplidar_ros/share/rplidar_ros/hook/cmake_prefix_path.sh'
[1.268s] [34mcolcon.colcon_core.environment[0m [1;30mLevel 1[0m checking '/home/panha/Food_Delivery_Robot/install/rplidar_ros/lib'
[1.268s] [34mcolcon.colcon_core.environment[0m [1;30mLevel 1[0m checking '/home/panha/Food_Delivery_Robot/install/rplidar_ros/bin'
[1.268s] [34mcolcon.colcon_core.environment[0m [1;30mLevel 1[0m checking '/home/panha/Food_Delivery_Robot/install/rplidar_ros/lib/pkgconfig/rplidar_ros.pc'
[1.269s] [34mcolcon.colcon_core.environment[0m [1;30mLevel 1[0m checking '/home/panha/Food_Delivery_Robot/install/rplidar_ros/lib/python3.10/site-packages'
[1.270s] [34mcolcon.colcon_core.environment[0m [1;30mLevel 1[0m checking '/home/panha/Food_Delivery_Robot/install/rplidar_ros/bin'
[1.271s] [34mcolcon.colcon_core.shell[0m [1;30mINFO[0m Creating package script '/home/panha/Food_Delivery_Robot/install/rplidar_ros/share/rplidar_ros/package.ps1'
[1.273s] [34mcolcon.colcon_core.shell[0m [1;30mINFO[0m Creating package descriptor '/home/panha/Food_Delivery_Robot/install/rplidar_ros/share/rplidar_ros/package.dsv'
[1.274s] [34mcolcon.colcon_core.shell[0m [1;30mINFO[0m Creating package script '/home/panha/Food_Delivery_Robot/install/rplidar_ros/share/rplidar_ros/package.sh'
[1.276s] [34mcolcon.colcon_core.shell[0m [1;30mINFO[0m Creating package script '/home/panha/Food_Delivery_Robot/install/rplidar_ros/share/rplidar_ros/package.bash'
[1.277s] [34mcolcon.colcon_core.shell[0m [1;30mINFO[0m Creating package script '/home/panha/Food_Delivery_Robot/install/rplidar_ros/share/rplidar_ros/package.zsh'
[1.279s] [34mcolcon.colcon_core.environment[0m [1;30mLevel 1[0m create_file_with_runtime_dependencies(/home/panha/Food_Delivery_Robot/install/rplidar_ros/share/colcon-core/packages/rplidar_ros)
[1.280s] [34mcolcon.colcon_core.environment[0m [1;30mLevel 1[0m create_environment_scripts_only(rplidar_ros)
[1.281s] [34mcolcon.colcon_core.environment[0m [1;30mLevel 1[0m checking '/home/panha/Food_Delivery_Robot/install/rplidar_ros' for CMake module files
[1.282s] [34mcolcon.colcon_core.environment[0m [1;30mLevel 1[0m checking '/home/panha/Food_Delivery_Robot/install/rplidar_ros' for CMake config files
[1.282s] [34mcolcon.colcon_core.shell[0m [1;30mLevel 1[0m create_environment_hook('rplidar_ros', 'cmake_prefix_path')
[1.283s] [34mcolcon.colcon_core.shell[0m [1;30mINFO[0m Creating environment hook '/home/panha/Food_Delivery_Robot/install/rplidar_ros/share/rplidar_ros/hook/cmake_prefix_path.ps1'
[1.284s] [34mcolcon.colcon_core.shell[0m [1;30mINFO[0m Creating environment descriptor '/home/panha/Food_Delivery_Robot/install/rplidar_ros/share/rplidar_ros/hook/cmake_prefix_path.dsv'
[1.284s] [34mcolcon.colcon_core.shell[0m [1;30mINFO[0m Creating environment hook '/home/panha/Food_Delivery_Robot/install/rplidar_ros/share/rplidar_ros/hook/cmake_prefix_path.sh'
[1.285s] [34mcolcon.colcon_core.environment[0m [1;30mLevel 1[0m checking '/home/panha/Food_Delivery_Robot/install/rplidar_ros/lib'
[1.286s] [34mcolcon.colcon_core.environment[0m [1;30mLevel 1[0m checking '/home/panha/Food_Delivery_Robot/install/rplidar_ros/bin'
[1.286s] [34mcolcon.colcon_core.environment[0m [1;30mLevel 1[0m checking '/home/panha/Food_Delivery_Robot/install/rplidar_ros/lib/pkgconfig/rplidar_ros.pc'
[1.286s] [34mcolcon.colcon_core.environment[0m [1;30mLevel 1[0m checking '/home/panha/Food_Delivery_Robot/install/rplidar_ros/lib/python3.10/site-packages'
[1.287s] [34mcolcon.colcon_core.environment[0m [1;30mLevel 1[0m checking '/home/panha/Food_Delivery_Robot/install/rplidar_ros/bin'
[1.288s] [34mcolcon.colcon_core.shell[0m [1;30mINFO[0m Creating package script '/home/panha/Food_Delivery_Robot/install/rplidar_ros/share/rplidar_ros/package.ps1'
[1.289s] [34mcolcon.colcon_core.shell[0m [1;30mINFO[0m Creating package descriptor '/home/panha/Food_Delivery_Robot/install/rplidar_ros/share/rplidar_ros/package.dsv'
[1.290s] [34mcolcon.colcon_core.shell[0m [1;30mINFO[0m Creating package script '/home/panha/Food_Delivery_Robot/install/rplidar_ros/share/rplidar_ros/package.sh'
[1.291s] [34mcolcon.colcon_core.shell[0m [1;30mINFO[0m Creating package script '/home/panha/Food_Delivery_Robot/install/rplidar_ros/share/rplidar_ros/package.bash'
[1.292s] [34mcolcon.colcon_core.shell[0m [1;30mINFO[0m Creating package script '/home/panha/Food_Delivery_Robot/install/rplidar_ros/share/rplidar_ros/package.zsh'
[1.292s] [34mcolcon.colcon_core.environment[0m [1;30mLevel 1[0m create_file_with_runtime_dependencies(/home/panha/Food_Delivery_Robot/install/rplidar_ros/share/colcon-core/packages/rplidar_ros)
[1.295s] [34mcolcon.colcon_core.environment[0m [1;30mLevel 1[0m create_environment_scripts_only(yahboom_imu_10_axis)
[1.296s] [34mcolcon.colcon_core.environment[0m [1;30mLevel 1[0m checking '/home/panha/Food_Delivery_Robot/install/yahboom_imu_10_axis' for CMake module files
[1.298s] [34mcolcon.colcon_core.event_handler.log_command[0m [1;30mDEBUG[0m [32mInvoked command in '/home/panha/Food_Delivery_Robot/build/yahboom_imu_10_axis' returned '0': CMAKE_PREFIX_PATH=${CMAKE_PREFIX_PATH}:/home/panha/yolo_ws/install/depth_test:/opt/ros/humble /usr/bin/cmake --install /home/panha/Food_Delivery_Robot/build/yahboom_imu_10_axis[0m
[1.298s] [34mcolcon.colcon_core.environment[0m [1;30mLevel 1[0m checking '/home/panha/Food_Delivery_Robot/install/yahboom_imu_10_axis' for CMake config files
[1.299s] [34mcolcon.colcon_core.shell[0m [1;30mLevel 1[0m create_environment_hook('yahboom_imu_10_axis', 'cmake_prefix_path')
[1.300s] [34mcolcon.colcon_core.shell[0m [1;30mINFO[0m Creating environment hook '/home/panha/Food_Delivery_Robot/install/yahboom_imu_10_axis/share/yahboom_imu_10_axis/hook/cmake_prefix_path.ps1'
[1.301s] [34mcolcon.colcon_core.shell[0m [1;30mINFO[0m Creating environment descriptor '/home/panha/Food_Delivery_Robot/install/yahboom_imu_10_axis/share/yahboom_imu_10_axis/hook/cmake_prefix_path.dsv'
[1.302s] [34mcolcon.colcon_core.shell[0m [1;30mINFO[0m Creating environment hook '/home/panha/Food_Delivery_Robot/install/yahboom_imu_10_axis/share/yahboom_imu_10_axis/hook/cmake_prefix_path.sh'
[1.303s] [34mcolcon.colcon_core.environment[0m [1;30mLevel 1[0m checking '/home/panha/Food_Delivery_Robot/install/yahboom_imu_10_axis/lib'
[1.303s] [34mcolcon.colcon_core.environment[0m [1;30mLevel 1[0m checking '/home/panha/Food_Delivery_Robot/install/yahboom_imu_10_axis/bin'
[1.303s] [34mcolcon.colcon_core.environment[0m [1;30mLevel 1[0m checking '/home/panha/Food_Delivery_Robot/install/yahboom_imu_10_axis/lib/pkgconfig/yahboom_imu_10_axis.pc'
[1.304s] [34mcolcon.colcon_core.environment[0m [1;30mLevel 1[0m checking '/home/panha/Food_Delivery_Robot/install/yahboom_imu_10_axis/lib/python3.10/site-packages'
[1.304s] [34mcolcon.colcon_core.environment[0m [1;30mLevel 1[0m checking '/home/panha/Food_Delivery_Robot/install/yahboom_imu_10_axis/bin'
[1.305s] [34mcolcon.colcon_core.shell[0m [1;30mINFO[0m Creating package script '/home/panha/Food_Delivery_Robot/install/yahboom_imu_10_axis/share/yahboom_imu_10_axis/package.ps1'
[1.306s] [34mcolcon.colcon_core.shell[0m [1;30mINFO[0m Creating package descriptor '/home/panha/Food_Delivery_Robot/install/yahboom_imu_10_axis/share/yahboom_imu_10_axis/package.dsv'
[1.307s] [34mcolcon.colcon_core.shell[0m [1;30mINFO[0m Creating package script '/home/panha/Food_Delivery_Robot/install/yahboom_imu_10_axis/share/yahboom_imu_10_axis/package.sh'
[1.308s] [34mcolcon.colcon_core.shell[0m [1;30mINFO[0m Creating package script '/home/panha/Food_Delivery_Robot/install/yahboom_imu_10_axis/share/yahboom_imu_10_axis/package.bash'
[1.309s] [34mcolcon.colcon_core.shell[0m [1;30mINFO[0m Creating package script '/home/panha/Food_Delivery_Robot/install/yahboom_imu_10_axis/share/yahboom_imu_10_axis/package.zsh'
[1.310s] [34mcolcon.colcon_core.environment[0m [1;30mLevel 1[0m create_file_with_runtime_dependencies(/home/panha/Food_Delivery_Robot/install/yahboom_imu_10_axis/share/colcon-core/packages/yahboom_imu_10_axis)
[1.311s] [34mcolcon.colcon_core.environment[0m [1;30mLevel 1[0m create_environment_scripts_only(yahboom_imu_10_axis)
[1.311s] [34mcolcon.colcon_core.environment[0m [1;30mLevel 1[0m checking '/home/panha/Food_Delivery_Robot/install/yahboom_imu_10_axis' for CMake module files
[1.312s] [34mcolcon.colcon_core.environment[0m [1;30mLevel 1[0m checking '/home/panha/Food_Delivery_Robot/install/yahboom_imu_10_axis' for CMake config files
[1.313s] [34mcolcon.colcon_core.shell[0m [1;30mLevel 1[0m create_environment_hook('yahboom_imu_10_axis', 'cmake_prefix_path')
[1.313s] [34mcolcon.colcon_core.shell[0m [1;30mINFO[0m Creating environment hook '/home/panha/Food_Delivery_Robot/install/yahboom_imu_10_axis/share/yahboom_imu_10_axis/hook/cmake_prefix_path.ps1'
[1.314s] [34mcolcon.colcon_core.shell[0m [1;30mINFO[0m Creating environment descriptor '/home/panha/Food_Delivery_Robot/install/yahboom_imu_10_axis/share/yahboom_imu_10_axis/hook/cmake_prefix_path.dsv'
[1.315s] [34mcolcon.colcon_core.shell[0m [1;30mINFO[0m Creating environment hook '/home/panha/Food_Delivery_Robot/install/yahboom_imu_10_axis/share/yahboom_imu_10_axis/hook/cmake_prefix_path.sh'
[1.316s] [34mcolcon.colcon_core.environment[0m [1;30mLevel 1[0m checking '/home/panha/Food_Delivery_Robot/install/yahboom_imu_10_axis/lib'
[1.316s] [34mcolcon.colcon_core.environment[0m [1;30mLevel 1[0m checking '/home/panha/Food_Delivery_Robot/install/yahboom_imu_10_axis/bin'
[1.316s] [34mcolcon.colcon_core.environment[0m [1;30mLevel 1[0m checking '/home/panha/Food_Delivery_Robot/install/yahboom_imu_10_axis/lib/pkgconfig/yahboom_imu_10_axis.pc'
[1.317s] [34mcolcon.colcon_core.environment[0m [1;30mLevel 1[0m checking '/home/panha/Food_Delivery_Robot/install/yahboom_imu_10_axis/lib/python3.10/site-packages'
[1.317s] [34mcolcon.colcon_core.environment[0m [1;30mLevel 1[0m checking '/home/panha/Food_Delivery_Robot/install/yahboom_imu_10_axis/bin'
[1.318s] [34mcolcon.colcon_core.shell[0m [1;30mINFO[0m Creating package script '/home/panha/Food_Delivery_Robot/install/yahboom_imu_10_axis/share/yahboom_imu_10_axis/package.ps1'
[1.319s] [34mcolcon.colcon_core.shell[0m [1;30mINFO[0m Creating package descriptor '/home/panha/Food_Delivery_Robot/install/yahboom_imu_10_axis/share/yahboom_imu_10_axis/package.dsv'
[1.320s] [34mcolcon.colcon_core.shell[0m [1;30mINFO[0m Creating package script '/home/panha/Food_Delivery_Robot/install/yahboom_imu_10_axis/share/yahboom_imu_10_axis/package.sh'
[1.321s] [34mcolcon.colcon_core.shell[0m [1;30mINFO[0m Creating package script '/home/panha/Food_Delivery_Robot/install/yahboom_imu_10_axis/share/yahboom_imu_10_axis/package.bash'
[1.322s] [34mcolcon.colcon_core.shell[0m [1;30mINFO[0m Creating package script '/home/panha/Food_Delivery_Robot/install/yahboom_imu_10_axis/share/yahboom_imu_10_axis/package.zsh'
[1.323s] [34mcolcon.colcon_core.environment[0m [1;30mLevel 1[0m create_file_with_runtime_dependencies(/home/panha/Food_Delivery_Robot/install/yahboom_imu_10_axis/share/colcon-core/packages/yahboom_imu_10_axis)
[1.324s] [34mcolcon.colcon_core.environment[0m [1;30mLevel 1[0m create_environment_scripts_only(zlac8015d_driver)
[1.324s] [34mcolcon.colcon_core.environment[0m [1;30mLevel 1[0m checking '/home/panha/Food_Delivery_Robot/install/zlac8015d_driver' for CMake module files
[1.327s] [34mcolcon.colcon_core.event_handler.log_command[0m [1;30mDEBUG[0m [32mInvoked command in '/home/panha/Food_Delivery_Robot/build/zlac8015d_driver' returned '0': CMAKE_PREFIX_PATH=${CMAKE_PREFIX_PATH}:/home/panha/yolo_ws/install/depth_test:/opt/ros/humble /usr/bin/cmake --install /home/panha/Food_Delivery_Robot/build/zlac8015d_driver[0m
[1.328s] [34mcolcon.colcon_core.environment[0m [1;30mLevel 1[0m checking '/home/panha/Food_Delivery_Robot/install/zlac8015d_driver' for CMake config files
[1.328s] [34mcolcon.colcon_core.shell[0m [1;30mLevel 1[0m create_environment_hook('zlac8015d_driver', 'cmake_prefix_path')
[1.329s] [34mcolcon.colcon_core.shell[0m [1;30mINFO[0m Creating environment hook '/home/panha/Food_Delivery_Robot/install/zlac8015d_driver/share/zlac8015d_driver/hook/cmake_prefix_path.ps1'
[1.330s] [34mcolcon.colcon_core.shell[0m [1;30mINFO[0m Creating environment descriptor '/home/panha/Food_Delivery_Robot/install/zlac8015d_driver/share/zlac8015d_driver/hook/cmake_prefix_path.dsv'
[1.331s] [34mcolcon.colcon_core.shell[0m [1;30mINFO[0m Creating environment hook '/home/panha/Food_Delivery_Robot/install/zlac8015d_driver/share/zlac8015d_driver/hook/cmake_prefix_path.sh'
[1.333s] [34mcolcon.colcon_core.environment[0m [1;30mLevel 1[0m checking '/home/panha/Food_Delivery_Robot/install/zlac8015d_driver/lib'
[1.333s] [34mcolcon.colcon_core.environment[0m [1;30mLevel 1[0m checking '/home/panha/Food_Delivery_Robot/install/zlac8015d_driver/bin'
[1.333s] [34mcolcon.colcon_core.environment[0m [1;30mLevel 1[0m checking '/home/panha/Food_Delivery_Robot/install/zlac8015d_driver/lib/pkgconfig/zlac8015d_driver.pc'
[1.334s] [34mcolcon.colcon_core.environment[0m [1;30mLevel 1[0m checking '/home/panha/Food_Delivery_Robot/install/zlac8015d_driver/lib/python3.10/site-packages'
[1.335s] [34mcolcon.colcon_core.environment[0m [1;30mLevel 1[0m checking '/home/panha/Food_Delivery_Robot/install/zlac8015d_driver/bin'
[1.335s] [34mcolcon.colcon_core.shell[0m [1;30mINFO[0m Creating package script '/home/panha/Food_Delivery_Robot/install/zlac8015d_driver/share/zlac8015d_driver/package.ps1'
[1.336s] [34mcolcon.colcon_core.shell[0m [1;30mINFO[0m Creating package descriptor '/home/panha/Food_Delivery_Robot/install/zlac8015d_driver/share/zlac8015d_driver/package.dsv'
[1.337s] [34mcolcon.colcon_core.shell[0m [1;30mINFO[0m Creating package script '/home/panha/Food_Delivery_Robot/install/zlac8015d_driver/share/zlac8015d_driver/package.sh'
[1.338s] [34mcolcon.colcon_core.shell[0m [1;30mINFO[0m Creating package script '/home/panha/Food_Delivery_Robot/install/zlac8015d_driver/share/zlac8015d_driver/package.bash'
[1.339s] [34mcolcon.colcon_core.shell[0m [1;30mINFO[0m Creating package script '/home/panha/Food_Delivery_Robot/install/zlac8015d_driver/share/zlac8015d_driver/package.zsh'
[1.340s] [34mcolcon.colcon_core.environment[0m [1;30mLevel 1[0m create_file_with_runtime_dependencies(/home/panha/Food_Delivery_Robot/install/zlac8015d_driver/share/colcon-core/packages/zlac8015d_driver)
[1.341s] [34mcolcon.colcon_core.environment[0m [1;30mLevel 1[0m create_environment_scripts_only(zlac8015d_driver)
[1.342s] [34mcolcon.colcon_core.environment[0m [1;30mLevel 1[0m checking '/home/panha/Food_Delivery_Robot/install/zlac8015d_driver' for CMake module files
[1.343s] [34mcolcon.colcon_core.environment[0m [1;30mLevel 1[0m checking '/home/panha/Food_Delivery_Robot/install/zlac8015d_driver' for CMake config files
[1.343s] [34mcolcon.colcon_core.shell[0m [1;30mLevel 1[0m create_environment_hook('zlac8015d_driver', 'cmake_prefix_path')
[1.344s] [34mcolcon.colcon_core.shell[0m [1;30mINFO[0m Creating environment hook '/home/panha/Food_Delivery_Robot/install/zlac8015d_driver/share/zlac8015d_driver/hook/cmake_prefix_path.ps1'
[1.345s] [34mcolcon.colcon_core.shell[0m [1;30mINFO[0m Creating environment descriptor '/home/panha/Food_Delivery_Robot/install/zlac8015d_driver/share/zlac8015d_driver/hook/cmake_prefix_path.dsv'
[1.346s] [34mcolcon.colcon_core.shell[0m [1;30mINFO[0m Creating environment hook '/home/panha/Food_Delivery_Robot/install/zlac8015d_driver/share/zlac8015d_driver/hook/cmake_prefix_path.sh'
[1.347s] [34mcolcon.colcon_core.environment[0m [1;30mLevel 1[0m checking '/home/panha/Food_Delivery_Robot/install/zlac8015d_driver/lib'
[1.347s] [34mcolcon.colcon_core.environment[0m [1;30mLevel 1[0m checking '/home/panha/Food_Delivery_Robot/install/zlac8015d_driver/bin'
[1.348s] [34mcolcon.colcon_core.environment[0m [1;30mLevel 1[0m checking '/home/panha/Food_Delivery_Robot/install/zlac8015d_driver/lib/pkgconfig/zlac8015d_driver.pc'
[1.348s] [34mcolcon.colcon_core.environment[0m [1;30mLevel 1[0m checking '/home/panha/Food_Delivery_Robot/install/zlac8015d_driver/lib/python3.10/site-packages'
[1.349s] [34mcolcon.colcon_core.environment[0m [1;30mLevel 1[0m checking '/home/panha/Food_Delivery_Robot/install/zlac8015d_driver/bin'
[1.350s] [34mcolcon.colcon_core.shell[0m [1;30mINFO[0m Creating package script '/home/panha/Food_Delivery_Robot/install/zlac8015d_driver/share/zlac8015d_driver/package.ps1'
[1.351s] [34mcolcon.colcon_core.shell[0m [1;30mINFO[0m Creating package descriptor '/home/panha/Food_Delivery_Robot/install/zlac8015d_driver/share/zlac8015d_driver/package.dsv'
[1.352s] [34mcolcon.colcon_core.shell[0m [1;30mINFO[0m Creating package script '/home/panha/Food_Delivery_Robot/install/zlac8015d_driver/share/zlac8015d_driver/package.sh'
[1.353s] [34mcolcon.colcon_core.shell[0m [1;30mINFO[0m Creating package script '/home/panha/Food_Delivery_Robot/install/zlac8015d_driver/share/zlac8015d_driver/package.bash'
[1.354s] [34mcolcon.colcon_core.shell[0m [1;30mINFO[0m Creating package script '/home/panha/Food_Delivery_Robot/install/zlac8015d_driver/share/zlac8015d_driver/package.zsh'
[1.355s] [34mcolcon.colcon_core.environment[0m [1;30mLevel 1[0m create_file_with_runtime_dependencies(/home/panha/Food_Delivery_Robot/install/zlac8015d_driver/share/colcon-core/packages/zlac8015d_driver)
[1.355s] [34mcolcon.colcon_ros.task.ament_cmake.build[0m [1;30mINFO[0m Building ROS package in '/home/panha/Food_Delivery_Robot/src/food_del_robot_description' with build type 'ament_cmake'
[1.356s] [34mcolcon.colcon_cmake.task.cmake.build[0m [1;30mINFO[0m Building CMake package in '/home/panha/Food_Delivery_Robot/src/food_del_robot_description'
[1.356s] [34mcolcon.colcon_core.shell[0m [1;30mINFO[0m Skip shell extension 'powershell' for command environment: Not usable outside of PowerShell
[1.357s] [34mcolcon.colcon_core.shell[0m [1;30mDEBUG[0m [32mSkip shell extension 'dsv' for command environment[0m
[1.380s] [34mcolcon.colcon_core.event_handler.log_command[0m [1;30mDEBUG[0m [32mInvoking command in '/home/panha/Food_Delivery_Robot/build/food_del_robot_description': CMAKE_PREFIX_PATH=/home/panha/Food_Delivery_Robot/install/zlac8015d_driver:/home/panha/Food_Delivery_Robot/install/food_del_robot_description:/home/panha/Food_Delivery_Robot/install/yahboom_imu_10_axis:/home/panha/Food_Delivery_Robot/install/rplidar_ros:/home/panha/Food_Delivery_Robot/install/food_del_robot:/home/panha/ros2_ws/install/realsense2_description:/home/panha/ros2_ws/install/realsense2_camera:/home/panha/ros2_ws/install/realsense2_camera_msgs:/home/panha/yolo_ws/install/depth_test:/opt/ros/humble /usr/bin/cmake --build /home/panha/Food_Delivery_Robot/build/food_del_robot_description -- -j6 -l6[0m
[1.453s] [34mcolcon.colcon_core.event_handler.log_command[0m [1;30mDEBUG[0m [32mInvoked command in '/home/panha/Food_Delivery_Robot/build/food_del_robot_description' returned '0': CMAKE_PREFIX_PATH=/home/panha/Food_Delivery_Robot/install/zlac8015d_driver:/home/panha/Food_Delivery_Robot/install/food_del_robot_description:/home/panha/Food_Delivery_Robot/install/yahboom_imu_10_axis:/home/panha/Food_Delivery_Robot/install/rplidar_ros:/home/panha/Food_Delivery_Robot/install/food_del_robot:/home/panha/ros2_ws/install/realsense2_description:/home/panha/ros2_ws/install/realsense2_camera:/home/panha/ros2_ws/install/realsense2_camera_msgs:/home/panha/yolo_ws/install/depth_test:/opt/ros/humble /usr/bin/cmake --build /home/panha/Food_Delivery_Robot/build/food_del_robot_description -- -j6 -l6[0m
[1.457s] [34mcolcon.colcon_core.event_handler.log_command[0m [1;30mDEBUG[0m [32mInvoking command in '/home/panha/Food_Delivery_Robot/build/food_del_robot_description': CMAKE_PREFIX_PATH=/home/panha/Food_Delivery_Robot/install/zlac8015d_driver:/home/panha/Food_Delivery_Robot/install/food_del_robot_description:/home/panha/Food_Delivery_Robot/install/yahboom_imu_10_axis:/home/panha/Food_Delivery_Robot/install/rplidar_ros:/home/panha/Food_Delivery_Robot/install/food_del_robot:/home/panha/ros2_ws/install/realsense2_description:/home/panha/ros2_ws/install/realsense2_camera:/home/panha/ros2_ws/install/realsense2_camera_msgs:/home/panha/yolo_ws/install/depth_test:/opt/ros/humble /usr/bin/cmake --install /home/panha/Food_Delivery_Robot/build/food_del_robot_description[0m
[1.482s] [34mcolcon.colcon_core.environment[0m [1;30mLevel 1[0m create_environment_scripts_only(food_del_robot_description)
[1.483s] [34mcolcon.colcon_core.environment[0m [1;30mLevel 1[0m checking '/home/panha/Food_Delivery_Robot/install/food_del_robot_description' for CMake module files
[1.486s] [34mcolcon.colcon_core.event_handler.log_command[0m [1;30mDEBUG[0m [32mInvoked command in '/home/panha/Food_Delivery_Robot/build/food_del_robot_description' returned '0': CMAKE_PREFIX_PATH=/home/panha/Food_Delivery_Robot/install/zlac8015d_driver:/home/panha/Food_Delivery_Robot/install/food_del_robot_description:/home/panha/Food_Delivery_Robot/install/yahboom_imu_10_axis:/home/panha/Food_Delivery_Robot/install/rplidar_ros:/home/panha/Food_Delivery_Robot/install/food_del_robot:/home/panha/ros2_ws/install/realsense2_description:/home/panha/ros2_ws/install/realsense2_camera:/home/panha/ros2_ws/install/realsense2_camera_msgs:/home/panha/yolo_ws/install/depth_test:/opt/ros/humble /usr/bin/cmake --install /home/panha/Food_Delivery_Robot/build/food_del_robot_description[0m
[1.487s] [34mcolcon.colcon_core.environment[0m [1;30mLevel 1[0m checking '/home/panha/Food_Delivery_Robot/install/food_del_robot_description' for CMake config files
[1.488s] [34mcolcon.colcon_core.shell[0m [1;30mLevel 1[0m create_environment_hook('food_del_robot_description', 'cmake_prefix_path')
[1.489s] [34mcolcon.colcon_core.shell[0m [1;30mINFO[0m Creating environment hook '/home/panha/Food_Delivery_Robot/install/food_del_robot_description/share/food_del_robot_description/hook/cmake_prefix_path.ps1'
[1.491s] [34mcolcon.colcon_core.shell[0m [1;30mINFO[0m Creating environment descriptor '/home/panha/Food_Delivery_Robot/install/food_del_robot_description/share/food_del_robot_description/hook/cmake_prefix_path.dsv'
[1.492s] [34mcolcon.colcon_core.shell[0m [1;30mINFO[0m Creating environment hook '/home/panha/Food_Delivery_Robot/install/food_del_robot_description/share/food_del_robot_description/hook/cmake_prefix_path.sh'
[1.494s] [34mcolcon.colcon_core.environment[0m [1;30mLevel 1[0m checking '/home/panha/Food_Delivery_Robot/install/food_del_robot_description/bin'
[1.494s] [34mcolcon.colcon_core.environment[0m [1;30mLevel 1[0m checking '/home/panha/Food_Delivery_Robot/install/food_del_robot_description/lib/pkgconfig/food_del_robot_description.pc'
[1.495s] [34mcolcon.colcon_core.environment[0m [1;30mLevel 1[0m checking '/home/panha/Food_Delivery_Robot/install/food_del_robot_description/lib/python3.10/site-packages'
[1.496s] [34mcolcon.colcon_core.environment[0m [1;30mLevel 1[0m checking '/home/panha/Food_Delivery_Robot/install/food_del_robot_description/bin'
[1.497s] [34mcolcon.colcon_core.shell[0m [1;30mINFO[0m Creating package script '/home/panha/Food_Delivery_Robot/install/food_del_robot_description/share/food_del_robot_description/package.ps1'
[1.499s] [34mcolcon.colcon_core.shell[0m [1;30mINFO[0m Creating package descriptor '/home/panha/Food_Delivery_Robot/install/food_del_robot_description/share/food_del_robot_description/package.dsv'
[1.501s] [34mcolcon.colcon_core.shell[0m [1;30mINFO[0m Creating package script '/home/panha/Food_Delivery_Robot/install/food_del_robot_description/share/food_del_robot_description/package.sh'
[1.502s] [34mcolcon.colcon_core.shell[0m [1;30mINFO[0m Creating package script '/home/panha/Food_Delivery_Robot/install/food_del_robot_description/share/food_del_robot_description/package.bash'
[1.503s] [34mcolcon.colcon_core.shell[0m [1;30mINFO[0m Creating package script '/home/panha/Food_Delivery_Robot/install/food_del_robot_description/share/food_del_robot_description/package.zsh'
[1.505s] [34mcolcon.colcon_core.environment[0m [1;30mLevel 1[0m create_file_with_runtime_dependencies(/home/panha/Food_Delivery_Robot/install/food_del_robot_description/share/colcon-core/packages/food_del_robot_description)
[1.507s] [34mcolcon.colcon_core.environment[0m [1;30mLevel 1[0m create_environment_scripts_only(food_del_robot_description)
[1.507s] [34mcolcon.colcon_core.environment[0m [1;30mLevel 1[0m checking '/home/panha/Food_Delivery_Robot/install/food_del_robot_description' for CMake module files
[1.509s] [34mcolcon.colcon_core.environment[0m [1;30mLevel 1[0m checking '/home/panha/Food_Delivery_Robot/install/food_del_robot_description' for CMake config files
[1.510s] [34mcolcon.colcon_core.shell[0m [1;30mLevel 1[0m create_environment_hook('food_del_robot_description', 'cmake_prefix_path')
[1.511s] [34mcolcon.colcon_core.shell[0m [1;30mINFO[0m Creating environment hook '/home/panha/Food_Delivery_Robot/install/food_del_robot_description/share/food_del_robot_description/hook/cmake_prefix_path.ps1'
[1.512s] [34mcolcon.colcon_core.shell[0m [1;30mINFO[0m Creating environment descriptor '/home/panha/Food_Delivery_Robot/install/food_del_robot_description/share/food_del_robot_description/hook/cmake_prefix_path.dsv'
[1.513s] [34mcolcon.colcon_core.shell[0m [1;30mINFO[0m Creating environment hook '/home/panha/Food_Delivery_Robot/install/food_del_robot_description/share/food_del_robot_description/hook/cmake_prefix_path.sh'
[1.515s] [34mcolcon.colcon_core.environment[0m [1;30mLevel 1[0m checking '/home/panha/Food_Delivery_Robot/install/food_del_robot_description/bin'
[1.516s] [34mcolcon.colcon_core.environment[0m [1;30mLevel 1[0m checking '/home/panha/Food_Delivery_Robot/install/food_del_robot_description/lib/pkgconfig/food_del_robot_description.pc'
[1.516s] [34mcolcon.colcon_core.environment[0m [1;30mLevel 1[0m checking '/home/panha/Food_Delivery_Robot/install/food_del_robot_description/lib/python3.10/site-packages'
[1.518s] [34mcolcon.colcon_core.environment[0m [1;30mLevel 1[0m checking '/home/panha/Food_Delivery_Robot/install/food_del_robot_description/bin'
[1.519s] [34mcolcon.colcon_core.shell[0m [1;30mINFO[0m Creating package script '/home/panha/Food_Delivery_Robot/install/food_del_robot_description/share/food_del_robot_description/package.ps1'
[1.520s] [34mcolcon.colcon_core.shell[0m [1;30mINFO[0m Creating package descriptor '/home/panha/Food_Delivery_Robot/install/food_del_robot_description/share/food_del_robot_description/package.dsv'
[1.522s] [34mcolcon.colcon_core.shell[0m [1;30mINFO[0m Creating package script '/home/panha/Food_Delivery_Robot/install/food_del_robot_description/share/food_del_robot_description/package.sh'
[1.523s] [34mcolcon.colcon_core.shell[0m [1;30mINFO[0m Creating package script '/home/panha/Food_Delivery_Robot/install/food_del_robot_description/share/food_del_robot_description/package.bash'
[1.525s] [34mcolcon.colcon_core.shell[0m [1;30mINFO[0m Creating package script '/home/panha/Food_Delivery_Robot/install/food_del_robot_description/share/food_del_robot_description/package.zsh'
[1.526s] [34mcolcon.colcon_core.environment[0m [1;30mLevel 1[0m create_file_with_runtime_dependencies(/home/panha/Food_Delivery_Robot/install/food_del_robot_description/share/colcon-core/packages/food_del_robot_description)
[1.820s] [34mcolcon.colcon_core.event_handler.log_command[0m [1;30mDEBUG[0m [32mInvoked command in '/home/panha/Food_Delivery_Robot/build/food_del_robot' returned '0': CMAKE_PREFIX_PATH=${CMAKE_PREFIX_PATH}:/home/panha/yolo_ws/install/depth_test:/opt/ros/humble /usr/bin/cmake --build /home/panha/Food_Delivery_Robot/build/food_del_robot -- -j6 -l6[0m
[1.825s] [34mcolcon.colcon_core.event_handler.log_command[0m [1;30mDEBUG[0m [32mInvoking command in '/home/panha/Food_Delivery_Robot/build/food_del_robot': CMAKE_PREFIX_PATH=${CMAKE_PREFIX_PATH}:/home/panha/yolo_ws/install/depth_test:/opt/ros/humble /usr/bin/cmake --install /home/panha/Food_Delivery_Robot/build/food_del_robot[0m
[1.949s] [34mcolcon.colcon_core.environment[0m [1;30mLevel 1[0m create_environment_scripts_only(food_del_robot)
[1.950s] [34mcolcon.colcon_core.environment[0m [1;30mLevel 1[0m checking '/home/panha/Food_Delivery_Robot/install/food_del_robot' for CMake module files
[1.955s] [34mcolcon.colcon_core.event_handler.log_command[0m [1;30mDEBUG[0m [32mInvoked command in '/home/panha/Food_Delivery_Robot/build/food_del_robot' returned '0': CMAKE_PREFIX_PATH=${CMAKE_PREFIX_PATH}:/home/panha/yolo_ws/install/depth_test:/opt/ros/humble /usr/bin/cmake --install /home/panha/Food_Delivery_Robot/build/food_del_robot[0m
[1.956s] [34mcolcon.colcon_core.environment[0m [1;30mLevel 1[0m checking '/home/panha/Food_Delivery_Robot/install/food_del_robot' for CMake config files
[1.957s] [34mcolcon.colcon_core.shell[0m [1;30mLevel 1[0m create_environment_hook('food_del_robot', 'cmake_prefix_path')
[1.958s] [34mcolcon.colcon_core.shell[0m [1;30mINFO[0m Creating environment hook '/home/panha/Food_Delivery_Robot/install/food_del_robot/share/food_del_robot/hook/cmake_prefix_path.ps1'
[1.960s] [34mcolcon.colcon_core.shell[0m [1;30mINFO[0m Creating environment descriptor '/home/panha/Food_Delivery_Robot/install/food_del_robot/share/food_del_robot/hook/cmake_prefix_path.dsv'
[1.961s] [34mcolcon.colcon_core.shell[0m [1;30mINFO[0m Creating environment hook '/home/panha/Food_Delivery_Robot/install/food_del_robot/share/food_del_robot/hook/cmake_prefix_path.sh'
[1.963s] [34mcolcon.colcon_core.environment[0m [1;30mLevel 1[0m checking '/home/panha/Food_Delivery_Robot/install/food_del_robot/lib'
[1.964s] [34mcolcon.colcon_core.shell[0m [1;30mLevel 1[0m create_environment_hook('food_del_robot', 'ld_library_path_lib')
[1.964s] [34mcolcon.colcon_core.shell[0m [1;30mINFO[0m Creating environment hook '/home/panha/Food_Delivery_Robot/install/food_del_robot/share/food_del_robot/hook/ld_library_path_lib.ps1'
[1.966s] [34mcolcon.colcon_core.shell[0m [1;30mINFO[0m Creating environment descriptor '/home/panha/Food_Delivery_Robot/install/food_del_robot/share/food_del_robot/hook/ld_library_path_lib.dsv'
[1.967s] [34mcolcon.colcon_core.shell[0m [1;30mINFO[0m Creating environment hook '/home/panha/Food_Delivery_Robot/install/food_del_robot/share/food_del_robot/hook/ld_library_path_lib.sh'
[1.969s] [34mcolcon.colcon_core.environment[0m [1;30mLevel 1[0m checking '/home/panha/Food_Delivery_Robot/install/food_del_robot/bin'
[1.969s] [34mcolcon.colcon_core.environment[0m [1;30mLevel 1[0m checking '/home/panha/Food_Delivery_Robot/install/food_del_robot/lib/pkgconfig/food_del_robot.pc'
[1.970s] [34mcolcon.colcon_core.environment[0m [1;30mLevel 1[0m checking '/home/panha/Food_Delivery_Robot/install/food_del_robot/lib/python3.10/site-packages'
[1.971s] [34mcolcon.colcon_core.environment[0m [1;30mLevel 1[0m checking '/home/panha/Food_Delivery_Robot/install/food_del_robot/bin'
[1.973s] [34mcolcon.colcon_core.shell[0m [1;30mINFO[0m Creating package script '/home/panha/Food_Delivery_Robot/install/food_del_robot/share/food_del_robot/package.ps1'
[1.975s] [34mcolcon.colcon_core.shell[0m [1;30mINFO[0m Creating package descriptor '/home/panha/Food_Delivery_Robot/install/food_del_robot/share/food_del_robot/package.dsv'
[1.976s] [34mcolcon.colcon_core.shell[0m [1;30mINFO[0m Creating package script '/home/panha/Food_Delivery_Robot/install/food_del_robot/share/food_del_robot/package.sh'
[1.978s] [34mcolcon.colcon_core.shell[0m [1;30mINFO[0m Creating package script '/home/panha/Food_Delivery_Robot/install/food_del_robot/share/food_del_robot/package.bash'
[1.979s] [34mcolcon.colcon_core.shell[0m [1;30mINFO[0m Creating package script '/home/panha/Food_Delivery_Robot/install/food_del_robot/share/food_del_robot/package.zsh'
[1.980s] [34mcolcon.colcon_core.environment[0m [1;30mLevel 1[0m create_file_with_runtime_dependencies(/home/panha/Food_Delivery_Robot/install/food_del_robot/share/colcon-core/packages/food_del_robot)
[1.983s] [34mcolcon.colcon_core.environment[0m [1;30mLevel 1[0m create_environment_scripts_only(food_del_robot)
[1.983s] [34mcolcon.colcon_core.environment[0m [1;30mLevel 1[0m checking '/home/panha/Food_Delivery_Robot/install/food_del_robot' for CMake module files
[1.986s] [34mcolcon.colcon_core.environment[0m [1;30mLevel 1[0m checking '/home/panha/Food_Delivery_Robot/install/food_del_robot' for CMake config files
[1.987s] [34mcolcon.colcon_core.shell[0m [1;30mLevel 1[0m create_environment_hook('food_del_robot', 'cmake_prefix_path')
[1.988s] [34mcolcon.colcon_core.shell[0m [1;30mINFO[0m Creating environment hook '/home/panha/Food_Delivery_Robot/install/food_del_robot/share/food_del_robot/hook/cmake_prefix_path.ps1'
[1.989s] [34mcolcon.colcon_core.shell[0m [1;30mINFO[0m Creating environment descriptor '/home/panha/Food_Delivery_Robot/install/food_del_robot/share/food_del_robot/hook/cmake_prefix_path.dsv'
[1.991s] [34mcolcon.colcon_core.shell[0m [1;30mINFO[0m Creating environment hook '/home/panha/Food_Delivery_Robot/install/food_del_robot/share/food_del_robot/hook/cmake_prefix_path.sh'
[1.993s] [34mcolcon.colcon_core.environment[0m [1;30mLevel 1[0m checking '/home/panha/Food_Delivery_Robot/install/food_del_robot/lib'
[1.993s] [34mcolcon.colcon_core.shell[0m [1;30mLevel 1[0m create_environment_hook('food_del_robot', 'ld_library_path_lib')
[1.994s] [34mcolcon.colcon_core.shell[0m [1;30mINFO[0m Creating environment hook '/home/panha/Food_Delivery_Robot/install/food_del_robot/share/food_del_robot/hook/ld_library_path_lib.ps1'
[1.995s] [34mcolcon.colcon_core.shell[0m [1;30mINFO[0m Creating environment descriptor '/home/panha/Food_Delivery_Robot/install/food_del_robot/share/food_del_robot/hook/ld_library_path_lib.dsv'
[1.996s] [34mcolcon.colcon_core.shell[0m [1;30mINFO[0m Creating environment hook '/home/panha/Food_Delivery_Robot/install/food_del_robot/share/food_del_robot/hook/ld_library_path_lib.sh'
[1.998s] [34mcolcon.colcon_core.environment[0m [1;30mLevel 1[0m checking '/home/panha/Food_Delivery_Robot/install/food_del_robot/bin'
[1.998s] [34mcolcon.colcon_core.environment[0m [1;30mLevel 1[0m checking '/home/panha/Food_Delivery_Robot/install/food_del_robot/lib/pkgconfig/food_del_robot.pc'
[1.999s] [34mcolcon.colcon_core.environment[0m [1;30mLevel 1[0m checking '/home/panha/Food_Delivery_Robot/install/food_del_robot/lib/python3.10/site-packages'
[2.000s] [34mcolcon.colcon_core.environment[0m [1;30mLevel 1[0m checking '/home/panha/Food_Delivery_Robot/install/food_del_robot/bin'
[2.001s] [34mcolcon.colcon_core.shell[0m [1;30mINFO[0m Creating package script '/home/panha/Food_Delivery_Robot/install/food_del_robot/share/food_del_robot/package.ps1'
[2.004s] [34mcolcon.colcon_core.shell[0m [1;30mINFO[0m Creating package descriptor '/home/panha/Food_Delivery_Robot/install/food_del_robot/share/food_del_robot/package.dsv'
[2.005s] [34mcolcon.colcon_core.shell[0m [1;30mINFO[0m Creating package script '/home/panha/Food_Delivery_Robot/install/food_del_robot/share/food_del_robot/package.sh'
[2.007s] [34mcolcon.colcon_core.shell[0m [1;30mINFO[0m Creating package script '/home/panha/Food_Delivery_Robot/install/food_del_robot/share/food_del_robot/package.bash'
[2.008s] [34mcolcon.colcon_core.shell[0m [1;30mINFO[0m Creating package script '/home/panha/Food_Delivery_Robot/install/food_del_robot/share/food_del_robot/package.zsh'
[2.010s] [34mcolcon.colcon_core.environment[0m [1;30mLevel 1[0m create_file_with_runtime_dependencies(/home/panha/Food_Delivery_Robot/install/food_del_robot/share/colcon-core/packages/food_del_robot)
[2.011s] [34mcolcon.colcon_parallel_executor.executor.parallel[0m [1;30mDEBUG[0m [32mclosing loop[0m
[2.012s] [34mcolcon.colcon_parallel_executor.executor.parallel[0m [1;30mDEBUG[0m [32mloop closed[0m
[2.012s] [34mcolcon.colcon_parallel_executor.executor.parallel[0m [1;30mDEBUG[0m [32mrun_until_complete finished with '0'[0m
[2.013s] [34mcolcon.colcon_core.event_reactor[0m [1;30mDEBUG[0m [32mjoining thread[0m
[2.032s] [34mcolcon.colcon_core.plugin_system[0m [1;30mINFO[0m Skipping extension 'colcon_notification.desktop_notification.terminal_notifier': Not used on non-Darwin systems
[2.033s] [34mcolcon.colcon_core.plugin_system[0m [1;30mINFO[0m Skipping extension 'colcon_notification.desktop_notification.win32': Not used on non-Windows systems
[2.033s] [34mcolcon.colcon_notification.desktop_notification[0m [1;30mINFO[0m Sending desktop notification using 'notify2'
[2.077s] [34mcolcon.colcon_core.event_reactor[0m [1;30mDEBUG[0m [32mjoined thread[0m
[2.078s] [34mcolcon.colcon_core.shell[0m [1;30mINFO[0m Creating prefix script '/home/panha/Food_Delivery_Robot/install/local_setup.ps1'
[2.082s] [34mcolcon.colcon_core.shell[0m [1;30mINFO[0m Creating prefix util module '/home/panha/Food_Delivery_Robot/install/_local_setup_util_ps1.py'
[2.087s] [34mcolcon.colcon_core.shell[0m [1;30mINFO[0m Creating prefix chain script '/home/panha/Food_Delivery_Robot/install/setup.ps1'
[2.093s] [34mcolcon.colcon_core.shell[0m [1;30mINFO[0m Creating prefix script '/home/panha/Food_Delivery_Robot/install/local_setup.sh'
[2.095s] [34mcolcon.colcon_core.shell[0m [1;30mINFO[0m Creating prefix util module '/home/panha/Food_Delivery_Robot/install/_local_setup_util_sh.py'
[2.098s] [34mcolcon.colcon_core.shell[0m [1;30mINFO[0m Creating prefix chain script '/home/panha/Food_Delivery_Robot/install/setup.sh'
[2.103s] [34mcolcon.colcon_core.shell[0m [1;30mINFO[0m Creating prefix script '/home/panha/Food_Delivery_Robot/install/local_setup.bash'
[2.105s] [34mcolcon.colcon_core.shell[0m [1;30mINFO[0m Creating prefix chain script '/home/panha/Food_Delivery_Robot/install/setup.bash'
[2.109s] [34mcolcon.colcon_core.shell[0m [1;30mINFO[0m Creating prefix script '/home/panha/Food_Delivery_Robot/install/local_setup.zsh'
[2.111s] [34mcolcon.colcon_core.shell[0m [1;30mINFO[0m Creating prefix chain script '/home/panha/Food_Delivery_Robot/install/setup.zsh'
