[0.052s] Invoking command in '/home/panha/Food_Delivery_Robot/build/zlac8015d_driver': CMAKE_PREFIX_PATH=${CMAKE_PREFIX_PATH}:/home/panha/yolo_ws/install/depth_test:/opt/ros/humble /usr/bin/cmake --build /home/panha/Food_Delivery_Robot/build/zlac8015d_driver -- -j6 -l6
[0.135s] [35m[1mConsolidate compiler generated dependencies of target robot_kinematic[0m
[0.136s] [35m[1mConsolidate compiler generated dependencies of target cmd_vel_to_twist_stamped[0m
[0.139s] [35m[1mConsolidate compiler generated dependencies of target can[0m
[0.178s] [ 20%] Built target can
[0.183s] [ 40%] Built target robot_kinematic
[0.195s] [ 60%] Built target cmd_vel_to_twist_stamped
[0.231s] [35m[1mConsolidate compiler generated dependencies of target zlac8015d_driver[0m
[0.263s] [ 80%] Built target zlac8015d_driver
[0.287s] [35m[1mConsolidate compiler generated dependencies of target drive_and_odom[0m
[0.325s] [100%] Built target drive_and_odom
[0.357s] Invoked command in '/home/panha/Food_Delivery_Robot/build/zlac8015d_driver' returned '0': CMAKE_PREFIX_PATH=${CMAKE_PREFIX_PATH}:/home/panha/yolo_ws/install/depth_test:/opt/ros/humble /usr/bin/cmake --build /home/panha/Food_Delivery_Robot/build/zlac8015d_driver -- -j6 -l6
[0.368s] Invoking command in '/home/panha/Food_Delivery_Robot/build/zlac8015d_driver': CMAKE_PREFIX_PATH=${CMAKE_PREFIX_PATH}:/home/panha/yolo_ws/install/depth_test:/opt/ros/humble /usr/bin/cmake --install /home/panha/Food_Delivery_Robot/build/zlac8015d_driver
[0.386s] -- Install configuration: ""
[0.386s] -- Up-to-date: /home/panha/Food_Delivery_Robot/install/zlac8015d_driver/lib/libcan.a
[0.386s] -- Up-to-date: /home/panha/Food_Delivery_Robot/install/zlac8015d_driver/lib/libzlac8015d_driver.a
[0.386s] -- Up-to-date: /home/panha/Food_Delivery_Robot/install/zlac8015d_driver/include/
[0.387s] -- Up-to-date: /home/panha/Food_Delivery_Robot/install/zlac8015d_driver/include//zlac8015d_driver
[0.387s] -- Up-to-date: /home/panha/Food_Delivery_Robot/install/zlac8015d_driver/include//zlac8015d_driver/can.hpp
[0.388s] -- Up-to-date: /home/panha/Food_Delivery_Robot/install/zlac8015d_driver/include//zlac8015d_driver/zlac8015d_driver.hpp
[0.388s] -- Up-to-date: /home/panha/Food_Delivery_Robot/install/zlac8015d_driver/lib/zlac8015d_driver/drive_and_odom
[0.390s] -- Up-to-date: /home/panha/Food_Delivery_Robot/install/zlac8015d_driver/lib/zlac8015d_driver/cmd_vel_to_twist_stamped
[0.390s] -- Up-to-date: /home/panha/Food_Delivery_Robot/install/zlac8015d_driver/share/ament_index/resource_index/package_run_dependencies/zlac8015d_driver
[0.390s] -- Up-to-date: /home/panha/Food_Delivery_Robot/install/zlac8015d_driver/share/ament_index/resource_index/parent_prefix_path/zlac8015d_driver
[0.391s] -- Up-to-date: /home/panha/Food_Delivery_Robot/install/zlac8015d_driver/share/zlac8015d_driver/environment/ament_prefix_path.sh
[0.391s] -- Up-to-date: /home/panha/Food_Delivery_Robot/install/zlac8015d_driver/share/zlac8015d_driver/environment/ament_prefix_path.dsv
[0.392s] -- Up-to-date: /home/panha/Food_Delivery_Robot/install/zlac8015d_driver/share/zlac8015d_driver/environment/path.sh
[0.392s] -- Up-to-date: /home/panha/Food_Delivery_Robot/install/zlac8015d_driver/share/zlac8015d_driver/environment/path.dsv
[0.392s] -- Up-to-date: /home/panha/Food_Delivery_Robot/install/zlac8015d_driver/share/zlac8015d_driver/local_setup.bash
[0.393s] -- Up-to-date: /home/panha/Food_Delivery_Robot/install/zlac8015d_driver/share/zlac8015d_driver/local_setup.sh
[0.393s] -- Up-to-date: /home/panha/Food_Delivery_Robot/install/zlac8015d_driver/share/zlac8015d_driver/local_setup.zsh
[0.393s] -- Up-to-date: /home/panha/Food_Delivery_Robot/install/zlac8015d_driver/share/zlac8015d_driver/local_setup.dsv
[0.394s] -- Installing: /home/panha/Food_Delivery_Robot/install/zlac8015d_driver/share/zlac8015d_driver/package.dsv
[0.394s] -- Up-to-date: /home/panha/Food_Delivery_Robot/install/zlac8015d_driver/share/ament_index/resource_index/packages/zlac8015d_driver
[0.394s] -- Up-to-date: /home/panha/Food_Delivery_Robot/install/zlac8015d_driver/share/zlac8015d_driver/cmake/zlac8015d_driverConfig.cmake
[0.394s] -- Up-to-date: /home/panha/Food_Delivery_Robot/install/zlac8015d_driver/share/zlac8015d_driver/cmake/zlac8015d_driverConfig-version.cmake
[0.395s] -- Up-to-date: /home/panha/Food_Delivery_Robot/install/zlac8015d_driver/share/zlac8015d_driver/package.xml
[0.459s] Invoked command in '/home/panha/Food_Delivery_Robot/build/zlac8015d_driver' returned '0': CMAKE_PREFIX_PATH=${CMAKE_PREFIX_PATH}:/home/panha/yolo_ws/install/depth_test:/opt/ros/humble /usr/bin/cmake --install /home/panha/Food_Delivery_Robot/build/zlac8015d_driver
