[0.050s] Invoking command in '/home/panha/Food_Delivery_Robot/build/food_del_robot': CMAKE_PREFIX_PATH=${CMAKE_PREFIX_PATH}:/home/panha/yolo_ws/install/depth_test:/opt/ros/humble /usr/bin/cmake --build /home/panha/Food_Delivery_Robot/build/food_del_robot -- -j6 -l6
[0.163s] [  3%] Built target food_del_robot__cpp
[0.179s] [ 12%] Built target food_del_robot__rosidl_generator_c
[0.238s] [ 12%] Built target ament_cmake_python_copy_food_del_robot
[0.263s] [ 22%] Built target food_del_robot__rosidl_typesupport_fastrtps_cpp
[0.273s] [ 32%] Built target food_del_robot__rosidl_typesupport_introspection_cpp
[0.277s] [ 51%] Built target food_del_robot__rosidl_typesupport_fastrtps_c
[0.278s] [ 51%] Built target food_del_robot__rosidl_typesupport_cpp
[0.296s] [ 61%] Built target food_del_robot__rosidl_typesupport_introspection_c
[0.301s] [ 70%] Built target food_del_robot__rosidl_typesupport_c
[0.354s] [ 70%] Built target food_del_robot
[0.404s] [ 74%] Built target food_del_robot__py
[0.446s] [ 80%] Built target food_del_robot__rosidl_generator_py
[0.497s] [ 93%] Built target food_del_robot__rosidl_typesupport_c__pyext
[0.497s] [ 93%] Built target food_del_robot__rosidl_typesupport_fastrtps_c__pyext
[0.509s] [100%] Built target food_del_robot__rosidl_typesupport_introspection_c__pyext
[0.937s] running egg_info
[0.939s] writing food_del_robot.egg-info/PKG-INFO
[0.940s] writing dependency_links to food_del_robot.egg-info/dependency_links.txt
[0.941s] writing top-level names to food_del_robot.egg-info/top_level.txt
[0.947s] reading manifest file 'food_del_robot.egg-info/SOURCES.txt'
[0.949s] writing manifest file 'food_del_robot.egg-info/SOURCES.txt'
[1.036s] [100%] Built target ament_cmake_python_build_food_del_robot_egg
[1.061s] Invoked command in '/home/panha/Food_Delivery_Robot/build/food_del_robot' returned '0': CMAKE_PREFIX_PATH=${CMAKE_PREFIX_PATH}:/home/panha/yolo_ws/install/depth_test:/opt/ros/humble /usr/bin/cmake --build /home/panha/Food_Delivery_Robot/build/food_del_robot -- -j6 -l6
[1.064s] Invoking command in '/home/panha/Food_Delivery_Robot/build/food_del_robot': CMAKE_PREFIX_PATH=${CMAKE_PREFIX_PATH}:/home/panha/yolo_ws/install/depth_test:/opt/ros/humble /usr/bin/cmake --install /home/panha/Food_Delivery_Robot/build/food_del_robot
[1.081s] -- Install configuration: ""
[1.082s] -- Up-to-date: /home/panha/Food_Delivery_Robot/install/food_del_robot/share/ament_index/resource_index/rosidl_interfaces/food_del_robot
[1.082s] -- Up-to-date: /home/panha/Food_Delivery_Robot/install/food_del_robot/include/food_del_robot/food_del_robot
[1.082s] -- Up-to-date: /home/panha/Food_Delivery_Robot/install/food_del_robot/include/food_del_robot/food_del_robot/srv
[1.082s] -- Up-to-date: /home/panha/Food_Delivery_Robot/install/food_del_robot/include/food_del_robot/food_del_robot/srv/detail
[1.082s] -- Up-to-date: /home/panha/Food_Delivery_Robot/install/food_del_robot/include/food_del_robot/food_del_robot/srv/detail/emergency_stop__struct.h
[1.083s] -- Up-to-date: /home/panha/Food_Delivery_Robot/install/food_del_robot/include/food_del_robot/food_del_robot/srv/detail/emergency_stop__functions.h
[1.083s] -- Up-to-date: /home/panha/Food_Delivery_Robot/install/food_del_robot/include/food_del_robot/food_del_robot/srv/detail/emergency_stop__functions.c
[1.083s] -- Up-to-date: /home/panha/Food_Delivery_Robot/install/food_del_robot/include/food_del_robot/food_del_robot/srv/detail/emergency_stop__type_support.h
[1.083s] -- Up-to-date: /home/panha/Food_Delivery_Robot/install/food_del_robot/include/food_del_robot/food_del_robot/srv/emergency_stop.h
[1.083s] -- Up-to-date: /home/panha/Food_Delivery_Robot/install/food_del_robot/include/food_del_robot/food_del_robot/msg
[1.083s] -- Up-to-date: /home/panha/Food_Delivery_Robot/install/food_del_robot/include/food_del_robot/food_del_robot/msg/rosidl_generator_c__visibility_control.h
[1.084s] -- Up-to-date: /home/panha/Food_Delivery_Robot/install/food_del_robot/share/food_del_robot/environment/library_path.sh
[1.084s] -- Up-to-date: /home/panha/Food_Delivery_Robot/install/food_del_robot/share/food_del_robot/environment/library_path.dsv
[1.084s] -- Up-to-date: /home/panha/Food_Delivery_Robot/install/food_del_robot/lib/libfood_del_robot__rosidl_generator_c.so
[1.084s] -- Up-to-date: /home/panha/Food_Delivery_Robot/install/food_del_robot/include/food_del_robot/food_del_robot
[1.085s] -- Up-to-date: /home/panha/Food_Delivery_Robot/install/food_del_robot/include/food_del_robot/food_del_robot/srv
[1.085s] -- Up-to-date: /home/panha/Food_Delivery_Robot/install/food_del_robot/include/food_del_robot/food_del_robot/srv/detail
[1.086s] -- Up-to-date: /home/panha/Food_Delivery_Robot/install/food_del_robot/include/food_del_robot/food_del_robot/srv/detail/emergency_stop__rosidl_typesupport_fastrtps_c.h
[1.086s] -- Up-to-date: /home/panha/Food_Delivery_Robot/install/food_del_robot/include/food_del_robot/food_del_robot/msg
[1.086s] -- Up-to-date: /home/panha/Food_Delivery_Robot/install/food_del_robot/include/food_del_robot/food_del_robot/msg/rosidl_typesupport_fastrtps_c__visibility_control.h
[1.090s] -- Up-to-date: /home/panha/Food_Delivery_Robot/install/food_del_robot/lib/libfood_del_robot__rosidl_typesupport_fastrtps_c.so
[1.090s] -- Up-to-date: /home/panha/Food_Delivery_Robot/install/food_del_robot/include/food_del_robot/food_del_robot
[1.091s] -- Up-to-date: /home/panha/Food_Delivery_Robot/install/food_del_robot/include/food_del_robot/food_del_robot/srv
[1.093s] -- Up-to-date: /home/panha/Food_Delivery_Robot/install/food_del_robot/include/food_del_robot/food_del_robot/srv/detail
[1.094s] -- Up-to-date: /home/panha/Food_Delivery_Robot/install/food_del_robot/include/food_del_robot/food_del_robot/srv/detail/emergency_stop__traits.hpp
[1.094s] -- Up-to-date: /home/panha/Food_Delivery_Robot/install/food_del_robot/include/food_del_robot/food_del_robot/srv/detail/emergency_stop__builder.hpp
[1.094s] -- Up-to-date: /home/panha/Food_Delivery_Robot/install/food_del_robot/include/food_del_robot/food_del_robot/srv/detail/emergency_stop__type_support.hpp
[1.094s] -- Up-to-date: /home/panha/Food_Delivery_Robot/install/food_del_robot/include/food_del_robot/food_del_robot/srv/detail/emergency_stop__struct.hpp
[1.094s] -- Up-to-date: /home/panha/Food_Delivery_Robot/install/food_del_robot/include/food_del_robot/food_del_robot/srv/emergency_stop.hpp
[1.094s] -- Up-to-date: /home/panha/Food_Delivery_Robot/install/food_del_robot/include/food_del_robot/food_del_robot/msg
[1.095s] -- Up-to-date: /home/panha/Food_Delivery_Robot/install/food_del_robot/include/food_del_robot/food_del_robot/msg/rosidl_generator_cpp__visibility_control.hpp
[1.095s] -- Up-to-date: /home/panha/Food_Delivery_Robot/install/food_del_robot/include/food_del_robot/food_del_robot
[1.095s] -- Up-to-date: /home/panha/Food_Delivery_Robot/install/food_del_robot/include/food_del_robot/food_del_robot/srv
[1.095s] -- Up-to-date: /home/panha/Food_Delivery_Robot/install/food_del_robot/include/food_del_robot/food_del_robot/srv/detail
[1.095s] -- Up-to-date: /home/panha/Food_Delivery_Robot/install/food_del_robot/include/food_del_robot/food_del_robot/srv/detail/dds_fastrtps
[1.095s] -- Up-to-date: /home/panha/Food_Delivery_Robot/install/food_del_robot/include/food_del_robot/food_del_robot/srv/detail/emergency_stop__rosidl_typesupport_fastrtps_cpp.hpp
[1.095s] -- Up-to-date: /home/panha/Food_Delivery_Robot/install/food_del_robot/include/food_del_robot/food_del_robot/msg
[1.095s] -- Up-to-date: /home/panha/Food_Delivery_Robot/install/food_del_robot/include/food_del_robot/food_del_robot/msg/rosidl_typesupport_fastrtps_cpp__visibility_control.h
[1.096s] -- Up-to-date: /home/panha/Food_Delivery_Robot/install/food_del_robot/lib/libfood_del_robot__rosidl_typesupport_fastrtps_cpp.so
[1.096s] -- Up-to-date: /home/panha/Food_Delivery_Robot/install/food_del_robot/include/food_del_robot/food_del_robot
[1.096s] -- Up-to-date: /home/panha/Food_Delivery_Robot/install/food_del_robot/include/food_del_robot/food_del_robot/srv
[1.096s] -- Up-to-date: /home/panha/Food_Delivery_Robot/install/food_del_robot/include/food_del_robot/food_del_robot/srv/detail
[1.096s] -- Up-to-date: /home/panha/Food_Delivery_Robot/install/food_del_robot/include/food_del_robot/food_del_robot/srv/detail/emergency_stop__rosidl_typesupport_introspection_c.h
[1.096s] -- Up-to-date: /home/panha/Food_Delivery_Robot/install/food_del_robot/include/food_del_robot/food_del_robot/srv/detail/emergency_stop__type_support.c
[1.096s] -- Up-to-date: /home/panha/Food_Delivery_Robot/install/food_del_robot/include/food_del_robot/food_del_robot/msg
[1.096s] -- Up-to-date: /home/panha/Food_Delivery_Robot/install/food_del_robot/include/food_del_robot/food_del_robot/msg/rosidl_typesupport_introspection_c__visibility_control.h
[1.097s] -- Up-to-date: /home/panha/Food_Delivery_Robot/install/food_del_robot/lib/libfood_del_robot__rosidl_typesupport_introspection_c.so
[1.097s] -- Up-to-date: /home/panha/Food_Delivery_Robot/install/food_del_robot/lib/libfood_del_robot__rosidl_typesupport_c.so
[1.097s] -- Up-to-date: /home/panha/Food_Delivery_Robot/install/food_del_robot/include/food_del_robot/food_del_robot
[1.097s] -- Up-to-date: /home/panha/Food_Delivery_Robot/install/food_del_robot/include/food_del_robot/food_del_robot/srv
[1.097s] -- Up-to-date: /home/panha/Food_Delivery_Robot/install/food_del_robot/include/food_del_robot/food_del_robot/srv/detail
[1.097s] -- Up-to-date: /home/panha/Food_Delivery_Robot/install/food_del_robot/include/food_del_robot/food_del_robot/srv/detail/emergency_stop__rosidl_typesupport_introspection_cpp.hpp
[1.097s] -- Up-to-date: /home/panha/Food_Delivery_Robot/install/food_del_robot/include/food_del_robot/food_del_robot/srv/detail/emergency_stop__type_support.cpp
[1.097s] -- Up-to-date: /home/panha/Food_Delivery_Robot/install/food_del_robot/lib/libfood_del_robot__rosidl_typesupport_introspection_cpp.so
[1.098s] -- Up-to-date: /home/panha/Food_Delivery_Robot/install/food_del_robot/lib/libfood_del_robot__rosidl_typesupport_cpp.so
[1.098s] -- Up-to-date: /home/panha/Food_Delivery_Robot/install/food_del_robot/share/food_del_robot/environment/pythonpath.sh
[1.098s] -- Up-to-date: /home/panha/Food_Delivery_Robot/install/food_del_robot/share/food_del_robot/environment/pythonpath.dsv
[1.098s] -- Up-to-date: /home/panha/Food_Delivery_Robot/install/food_del_robot/local/lib/python3.10/dist-packages/food_del_robot-0.0.0-py3.10.egg-info
[1.098s] -- Installing: /home/panha/Food_Delivery_Robot/install/food_del_robot/local/lib/python3.10/dist-packages/food_del_robot-0.0.0-py3.10.egg-info/SOURCES.txt
[1.098s] -- Installing: /home/panha/Food_Delivery_Robot/install/food_del_robot/local/lib/python3.10/dist-packages/food_del_robot-0.0.0-py3.10.egg-info/top_level.txt
[1.098s] -- Installing: /home/panha/Food_Delivery_Robot/install/food_del_robot/local/lib/python3.10/dist-packages/food_del_robot-0.0.0-py3.10.egg-info/PKG-INFO
[1.098s] -- Installing: /home/panha/Food_Delivery_Robot/install/food_del_robot/local/lib/python3.10/dist-packages/food_del_robot-0.0.0-py3.10.egg-info/dependency_links.txt
[1.099s] -- Up-to-date: /home/panha/Food_Delivery_Robot/install/food_del_robot/local/lib/python3.10/dist-packages/food_del_robot
[1.099s] -- Up-to-date: /home/panha/Food_Delivery_Robot/install/food_del_robot/local/lib/python3.10/dist-packages/food_del_robot/_food_del_robot_s.ep.rosidl_typesupport_fastrtps_c.c
[1.099s] -- Up-to-date: /home/panha/Food_Delivery_Robot/install/food_del_robot/local/lib/python3.10/dist-packages/food_del_robot/food_del_robot_s__rosidl_typesupport_fastrtps_c.cpython-310-aarch64-linux-gnu.so
[1.099s] -- Up-to-date: /home/panha/Food_Delivery_Robot/install/food_del_robot/local/lib/python3.10/dist-packages/food_del_robot/srv
[1.099s] -- Up-to-date: /home/panha/Food_Delivery_Robot/install/food_del_robot/local/lib/python3.10/dist-packages/food_del_robot/srv/_emergency_stop.py
[1.099s] -- Up-to-date: /home/panha/Food_Delivery_Robot/install/food_del_robot/local/lib/python3.10/dist-packages/food_del_robot/srv/__init__.py
[1.099s] -- Up-to-date: /home/panha/Food_Delivery_Robot/install/food_del_robot/local/lib/python3.10/dist-packages/food_del_robot/srv/_emergency_stop_s.c
[1.099s] -- Up-to-date: /home/panha/Food_Delivery_Robot/install/food_del_robot/local/lib/python3.10/dist-packages/food_del_robot/food_del_robot_s__rosidl_typesupport_introspection_c.cpython-310-aarch64-linux-gnu.so
[1.100s] -- Up-to-date: /home/panha/Food_Delivery_Robot/install/food_del_robot/local/lib/python3.10/dist-packages/food_del_robot/_food_del_robot_s.ep.rosidl_typesupport_introspection_c.c
[1.100s] -- Up-to-date: /home/panha/Food_Delivery_Robot/install/food_del_robot/local/lib/python3.10/dist-packages/food_del_robot/libfood_del_robot__rosidl_generator_py.so
[1.100s] -- Up-to-date: /home/panha/Food_Delivery_Robot/install/food_del_robot/local/lib/python3.10/dist-packages/food_del_robot/_food_del_robot_s.ep.rosidl_typesupport_c.c
[1.100s] -- Up-to-date: /home/panha/Food_Delivery_Robot/install/food_del_robot/local/lib/python3.10/dist-packages/food_del_robot/__init__.py
[1.100s] -- Up-to-date: /home/panha/Food_Delivery_Robot/install/food_del_robot/local/lib/python3.10/dist-packages/food_del_robot/food_del_robot_s__rosidl_typesupport_c.cpython-310-aarch64-linux-gnu.so
[1.180s] Listing '/home/panha/Food_Delivery_Robot/install/food_del_robot/local/lib/python3.10/dist-packages/food_del_robot'...
[1.180s] Listing '/home/panha/Food_Delivery_Robot/install/food_del_robot/local/lib/python3.10/dist-packages/food_del_robot/srv'...
[1.198s] -- Up-to-date: /home/panha/Food_Delivery_Robot/install/food_del_robot/local/lib/python3.10/dist-packages/food_del_robot/food_del_robot_s__rosidl_typesupport_fastrtps_c.cpython-310-aarch64-linux-gnu.so
[1.198s] -- Up-to-date: /home/panha/Food_Delivery_Robot/install/food_del_robot/local/lib/python3.10/dist-packages/food_del_robot/food_del_robot_s__rosidl_typesupport_introspection_c.cpython-310-aarch64-linux-gnu.so
[1.199s] -- Up-to-date: /home/panha/Food_Delivery_Robot/install/food_del_robot/local/lib/python3.10/dist-packages/food_del_robot/food_del_robot_s__rosidl_typesupport_c.cpython-310-aarch64-linux-gnu.so
[1.199s] -- Up-to-date: /home/panha/Food_Delivery_Robot/install/food_del_robot/lib/libfood_del_robot__rosidl_generator_py.so
[1.199s] -- Up-to-date: /home/panha/Food_Delivery_Robot/install/food_del_robot/share/food_del_robot/srv/EmergencyStop.idl
[1.199s] -- Up-to-date: /home/panha/Food_Delivery_Robot/install/food_del_robot/share/food_del_robot/srv/EmergencyStop.srv
[1.200s] -- Up-to-date: /home/panha/Food_Delivery_Robot/install/food_del_robot/share/food_del_robot/srv/EmergencyStop_Request.msg
[1.200s] -- Up-to-date: /home/panha/Food_Delivery_Robot/install/food_del_robot/share/food_del_robot/srv/EmergencyStop_Response.msg
[1.200s] -- Up-to-date: /home/panha/Food_Delivery_Robot/install/food_del_robot/share/ament_index/resource_index/package_run_dependencies/food_del_robot
[1.200s] -- Up-to-date: /home/panha/Food_Delivery_Robot/install/food_del_robot/share/ament_index/resource_index/parent_prefix_path/food_del_robot
[1.200s] -- Up-to-date: /home/panha/Food_Delivery_Robot/install/food_del_robot/share/food_del_robot/environment/ament_prefix_path.sh
[1.200s] -- Up-to-date: /home/panha/Food_Delivery_Robot/install/food_del_robot/share/food_del_robot/environment/ament_prefix_path.dsv
[1.200s] -- Up-to-date: /home/panha/Food_Delivery_Robot/install/food_del_robot/share/food_del_robot/environment/path.sh
[1.201s] -- Up-to-date: /home/panha/Food_Delivery_Robot/install/food_del_robot/share/food_del_robot/environment/path.dsv
[1.201s] -- Up-to-date: /home/panha/Food_Delivery_Robot/install/food_del_robot/share/food_del_robot/local_setup.bash
[1.201s] -- Up-to-date: /home/panha/Food_Delivery_Robot/install/food_del_robot/share/food_del_robot/local_setup.sh
[1.201s] -- Up-to-date: /home/panha/Food_Delivery_Robot/install/food_del_robot/share/food_del_robot/local_setup.zsh
[1.201s] -- Up-to-date: /home/panha/Food_Delivery_Robot/install/food_del_robot/share/food_del_robot/local_setup.dsv
[1.202s] -- Installing: /home/panha/Food_Delivery_Robot/install/food_del_robot/share/food_del_robot/package.dsv
[1.202s] -- Up-to-date: /home/panha/Food_Delivery_Robot/install/food_del_robot/share/ament_index/resource_index/packages/food_del_robot
[1.202s] -- Up-to-date: /home/panha/Food_Delivery_Robot/install/food_del_robot/share/food_del_robot/cmake/export_food_del_robot__rosidl_generator_cExport.cmake
[1.202s] -- Up-to-date: /home/panha/Food_Delivery_Robot/install/food_del_robot/share/food_del_robot/cmake/export_food_del_robot__rosidl_generator_cExport-noconfig.cmake
[1.203s] -- Up-to-date: /home/panha/Food_Delivery_Robot/install/food_del_robot/share/food_del_robot/cmake/export_food_del_robot__rosidl_typesupport_fastrtps_cExport.cmake
[1.203s] -- Up-to-date: /home/panha/Food_Delivery_Robot/install/food_del_robot/share/food_del_robot/cmake/export_food_del_robot__rosidl_typesupport_fastrtps_cExport-noconfig.cmake
[1.203s] -- Up-to-date: /home/panha/Food_Delivery_Robot/install/food_del_robot/share/food_del_robot/cmake/export_food_del_robot__rosidl_generator_cppExport.cmake
[1.203s] -- Up-to-date: /home/panha/Food_Delivery_Robot/install/food_del_robot/share/food_del_robot/cmake/export_food_del_robot__rosidl_typesupport_fastrtps_cppExport.cmake
[1.203s] -- Up-to-date: /home/panha/Food_Delivery_Robot/install/food_del_robot/share/food_del_robot/cmake/export_food_del_robot__rosidl_typesupport_fastrtps_cppExport-noconfig.cmake
[1.204s] -- Up-to-date: /home/panha/Food_Delivery_Robot/install/food_del_robot/share/food_del_robot/cmake/food_del_robot__rosidl_typesupport_introspection_cExport.cmake
[1.204s] -- Up-to-date: /home/panha/Food_Delivery_Robot/install/food_del_robot/share/food_del_robot/cmake/food_del_robot__rosidl_typesupport_introspection_cExport-noconfig.cmake
[1.204s] -- Up-to-date: /home/panha/Food_Delivery_Robot/install/food_del_robot/share/food_del_robot/cmake/food_del_robot__rosidl_typesupport_cExport.cmake
[1.204s] -- Up-to-date: /home/panha/Food_Delivery_Robot/install/food_del_robot/share/food_del_robot/cmake/food_del_robot__rosidl_typesupport_cExport-noconfig.cmake
[1.204s] -- Up-to-date: /home/panha/Food_Delivery_Robot/install/food_del_robot/share/food_del_robot/cmake/food_del_robot__rosidl_typesupport_introspection_cppExport.cmake
[1.205s] -- Up-to-date: /home/panha/Food_Delivery_Robot/install/food_del_robot/share/food_del_robot/cmake/food_del_robot__rosidl_typesupport_introspection_cppExport-noconfig.cmake
[1.205s] -- Up-to-date: /home/panha/Food_Delivery_Robot/install/food_del_robot/share/food_del_robot/cmake/food_del_robot__rosidl_typesupport_cppExport.cmake
[1.205s] -- Up-to-date: /home/panha/Food_Delivery_Robot/install/food_del_robot/share/food_del_robot/cmake/food_del_robot__rosidl_typesupport_cppExport-noconfig.cmake
[1.205s] -- Up-to-date: /home/panha/Food_Delivery_Robot/install/food_del_robot/share/food_del_robot/cmake/export_food_del_robot__rosidl_generator_pyExport.cmake
[1.205s] -- Up-to-date: /home/panha/Food_Delivery_Robot/install/food_del_robot/share/food_del_robot/cmake/export_food_del_robot__rosidl_generator_pyExport-noconfig.cmake
[1.205s] -- Up-to-date: /home/panha/Food_Delivery_Robot/install/food_del_robot/share/food_del_robot/cmake/rosidl_cmake-extras.cmake
[1.205s] -- Up-to-date: /home/panha/Food_Delivery_Robot/install/food_del_robot/share/food_del_robot/cmake/ament_cmake_export_dependencies-extras.cmake
[1.205s] -- Up-to-date: /home/panha/Food_Delivery_Robot/install/food_del_robot/share/food_del_robot/cmake/ament_cmake_export_include_directories-extras.cmake
[1.206s] -- Up-to-date: /home/panha/Food_Delivery_Robot/install/food_del_robot/share/food_del_robot/cmake/ament_cmake_export_libraries-extras.cmake
[1.206s] -- Up-to-date: /home/panha/Food_Delivery_Robot/install/food_del_robot/share/food_del_robot/cmake/ament_cmake_export_targets-extras.cmake
[1.206s] -- Up-to-date: /home/panha/Food_Delivery_Robot/install/food_del_robot/share/food_del_robot/cmake/rosidl_cmake_export_typesupport_targets-extras.cmake
[1.206s] -- Up-to-date: /home/panha/Food_Delivery_Robot/install/food_del_robot/share/food_del_robot/cmake/rosidl_cmake_export_typesupport_libraries-extras.cmake
[1.206s] -- Up-to-date: /home/panha/Food_Delivery_Robot/install/food_del_robot/share/food_del_robot/cmake/food_del_robotConfig.cmake
[1.206s] -- Up-to-date: /home/panha/Food_Delivery_Robot/install/food_del_robot/share/food_del_robot/cmake/food_del_robotConfig-version.cmake
[1.206s] -- Up-to-date: /home/panha/Food_Delivery_Robot/install/food_del_robot/share/food_del_robot/package.xml
[1.212s] Invoked command in '/home/panha/Food_Delivery_Robot/build/food_del_robot' returned '0': CMAKE_PREFIX_PATH=${CMAKE_PREFIX_PATH}:/home/panha/yolo_ws/install/depth_test:/opt/ros/humble /usr/bin/cmake --install /home/panha/Food_Delivery_Robot/build/food_del_robot
