-- Install configuration: ""
-- Up-to-date: /home/panha/Food_Delivery_Robot/install/food_del_robot_description/share/food_del_robot_description//urdf
-- Up-to-date: /home/panha/Food_Delivery_Robot/install/food_del_robot_description/share/food_del_robot_description//urdf/common_properties.xacro
-- Up-to-date: /home/panha/Food_Delivery_Robot/install/food_del_robot_description/share/food_del_robot_description//urdf/food_del_robot.xacro
-- Up-to-date: /home/panha/Food_Delivery_Robot/install/food_del_robot_description/share/food_del_robot_description//urdf/food_del_robot.ros2_control.xacro
-- Up-to-date: /home/panha/Food_Delivery_Robot/install/food_del_robot_description/share/food_del_robot_description//urdf/my_main.urdf.xacro
-- Up-to-date: /home/panha/Food_Delivery_Robot/install/food_del_robot_description/share/food_del_robot_description//launch
-- Up-to-date: /home/panha/Food_Delivery_Robot/install/food_del_robot_description/share/food_del_robot_description//launch/display.launch.py
-- Up-to-date: /home/panha/Food_Delivery_Robot/install/food_del_robot_description/share/food_del_robot_description//launch/joystick.launch.py
-- Up-to-date: /home/panha/Food_Delivery_Robot/install/food_del_robot_description/share/food_del_robot_description//launch/slam_online_mapping.launch.py
-- Up-to-date: /home/panha/Food_Delivery_Robot/install/food_del_robot_description/share/food_del_robot_description//rviz
-- Up-to-date: /home/panha/Food_Delivery_Robot/install/food_del_robot_description/share/food_del_robot_description//rviz/food_del_robot.rviz
-- Up-to-date: /home/panha/Food_Delivery_Robot/install/food_del_robot_description/share/food_del_robot_description//config
-- Up-to-date: /home/panha/Food_Delivery_Robot/install/food_del_robot_description/share/food_del_robot_description//config/gazebo_bridge.yaml
-- Up-to-date: /home/panha/Food_Delivery_Robot/install/food_del_robot_description/share/food_del_robot_description//config/joystick.yaml
-- Up-to-date: /home/panha/Food_Delivery_Robot/install/food_del_robot_description/share/food_del_robot_description//config/food_del_robot.yaml
[31mCMake Error at cmake_install.cmake:46 (file):
  file INSTALL cannot find
  "/home/panha/Food_Delivery_Robot/src/food_del_robot_description/worlds": No
  such file or directory.

[0m
