[0.029s] Invoking command in '/home/panha/Food_Delivery_Robot/build/food_del_robot': CMAKE_PREFIX_PATH=${CMAKE_PREFIX_PATH}:/home/panha/ws_moveit/install/moveit_configs_utils:/home/panha/ws_moveit/install/launch_param_builder:/opt/ros/humble /usr/bin/cmake --build /home/panha/Food_Delivery_Robot/build/food_del_robot -- -j16 -l16
[0.066s] [  2%] Built target food_del_robot__cpp
[0.066s] [ 12%] Built target food_del_robot__rosidl_generator_c
[0.074s] [ 12%] Built target ament_cmake_python_copy_food_del_robot
[0.089s] [ 23%] Built target food_del_robot__rosidl_typesupport_c
[0.090s] [ 33%] Built target food_del_robot__rosidl_typesupport_cpp
[0.090s] [ 43%] Built target food_del_robot__rosidl_typesupport_introspection_c
[0.091s] [ 53%] Built target food_del_robot__rosidl_typesupport_introspection_cpp
[0.091s] [ 64%] Built target food_del_robot__rosidl_typesupport_fastrtps_cpp
[0.092s] [ 74%] Built target food_del_robot__rosidl_typesupport_fastrtps_c
[0.109s] [ 74%] Built target food_del_robot
[0.128s] [ 76%] Built target food_del_robot__py
[0.147s] [ 84%] Built target food_del_robot__rosidl_generator_py
[0.167s] [ 94%] Built target food_del_robot__rosidl_typesupport_fastrtps_c__pyext
[0.167s] [ 94%] Built target food_del_robot__rosidl_typesupport_c__pyext
[0.168s] [100%] Built target food_del_robot__rosidl_typesupport_introspection_c__pyext
[0.303s] running egg_info
[0.324s] writing food_del_robot.egg-info/PKG-INFO
[0.325s] writing dependency_links to food_del_robot.egg-info/dependency_links.txt
[0.325s] writing top-level names to food_del_robot.egg-info/top_level.txt
[0.385s] reading manifest file 'food_del_robot.egg-info/SOURCES.txt'
[0.386s] writing manifest file 'food_del_robot.egg-info/SOURCES.txt'
[0.411s] [100%] Built target ament_cmake_python_build_food_del_robot_egg
