-- Found ament_cmake: 1.3.12 (/opt/ros/humble/share/ament_cmake/cmake)
-- Override CMake install command with custom implementation using symlinks instead of copying resources
-- Found rclcpp: 16.0.15 (/opt/ros/humble/share/rclcpp/cmake)
-- Found rosidl_generator_c: 3.1.7 (/opt/ros/humble/share/rosidl_generator_c/cmake)
-- Found rosidl_adapter: 3.1.7 (/opt/ros/humble/share/rosidl_adapter/cmake)
-- Found rosidl_generator_cpp: 3.1.7 (/opt/ros/humble/share/rosidl_generator_cpp/cmake)
-- Using all available rosidl_typesupport_c: rosidl_typesupport_fastrtps_c;rosidl_typesupport_introspection_c
-- Using all available rosidl_typesupport_cpp: rosidl_typesupport_fastrtps_cpp;rosidl_typesupport_introspection_cpp
-- Found rmw_implementation_cmake: 6.1.2 (/opt/ros/humble/share/rmw_implementation_cmake/cmake)
-- Found rmw_cyclonedds_cpp: 1.3.4 (/opt/ros/humble/share/rmw_cyclonedds_cpp/cmake)
-- Using RMW implementation 'rmw_cyclonedds_cpp' as default
-- Found geometry_msgs: 4.9.0 (/opt/ros/humble/share/geometry_msgs/cmake)
-- Found nav_msgs: 4.9.0 (/opt/ros/humble/share/nav_msgs/cmake)
-- Found tf2_msgs: 0.25.16 (/opt/ros/humble/share/tf2_msgs/cmake)
-- Found sensor_msgs: 4.9.0 (/opt/ros/humble/share/sensor_msgs/cmake)
-- Found food_del_robot: 0.0.0 (/home/panha/Food_Delivery_Robot/install/food_del_robot/share/food_del_robot/cmake)
-- Configuring done
-- Generating done
-- Build files have been written to: /home/panha/Food_Delivery_Robot/build/zlac8015d_driver
[ 20%] Built target can
[ 40%] Built target robot_kinematic
[ 60%] Built target cmd_vel_to_twist_stamped
[ 80%] Built target zlac8015d_driver
[ 90%] [32mBuilding CXX object CMakeFiles/drive_and_odom.dir/src/drive_and_odom.cpp.o[0m
[01m[K/home/panha/Food_Delivery_Robot/src/zlac8015d_driver/src/drive_and_odom.cpp:4:10:[m[K [01;31m[Kfatal error: [m[Ktf2_ros/transform_broadcaster.h: No such file or directory
    4 | #include [01;31m[K<tf2_ros/transform_broadcaster.h>[m[K
      |          [01;31m[K^~~~~~~~~~~~~~~~~~~~~~~~~~~~~~~~~[m[K
compilation terminated.
gmake[2]: *** [CMakeFiles/drive_and_odom.dir/build.make:76: CMakeFiles/drive_and_odom.dir/src/drive_and_odom.cpp.o] Error 1
gmake[1]: *** [CMakeFiles/Makefile2:214: CMakeFiles/drive_and_odom.dir/all] Error 2
gmake: *** [Makefile:146: all] Error 2
