-- The C compiler identification is GNU 11.4.0
-- The CXX compiler identification is GNU 11.4.0
-- Detecting C compiler ABI info
-- Detecting C compiler ABI info - done
-- Check for working C compiler: /usr/bin/cc - skipped
-- Detecting C compile features
-- Detecting C compile features - done
-- Detecting CXX compiler ABI info
-- Detecting CXX compiler ABI info - done
-- Check for working CXX compiler: /usr/bin/c++ - skipped
-- Detecting CXX compile features
-- Detecting CXX compile features - done
-- Found ament_cmake: 1.3.12 (/opt/ros/humble/share/ament_cmake/cmake)
-- Found Python3: /usr/bin/python3 (found version "3.10.12") found components: Interpreter 
-- Override CMake install command with custom implementation using symlinks instead of copying resources
-- Found rclcpp: 16.0.17 (/opt/ros/humble/share/rclcpp/cmake)
-- Found rosidl_generator_c: 3.1.8 (/opt/ros/humble/share/rosidl_generator_c/cmake)
-- Found rosidl_adapter: 3.1.8 (/opt/ros/humble/share/rosidl_adapter/cmake)
-- Found rosidl_generator_cpp: 3.1.8 (/opt/ros/humble/share/rosidl_generator_cpp/cmake)
-- Using all available rosidl_typesupport_c: rosidl_typesupport_fastrtps_c;rosidl_typesupport_introspection_c
-- Using all available rosidl_typesupport_cpp: rosidl_typesupport_fastrtps_cpp;rosidl_typesupport_introspection_cpp
-- Found rmw_implementation_cmake: 6.1.2 (/opt/ros/humble/share/rmw_implementation_cmake/cmake)
-- Found rmw_cyclonedds_cpp: 1.3.4 (/opt/ros/humble/share/rmw_cyclonedds_cpp/cmake)
-- Using RMW implementation 'rmw_cyclonedds_cpp' as default
-- Looking for pthread.h
-- Looking for pthread.h - found
-- Performing Test CMAKE_HAVE_LIBC_PTHREAD
-- Performing Test CMAKE_HAVE_LIBC_PTHREAD - Success
-- Found Threads: TRUE  
-- Found geometry_msgs: 4.9.0 (/opt/ros/humble/share/geometry_msgs/cmake)
-- Found nav_msgs: 4.9.0 (/opt/ros/humble/share/nav_msgs/cmake)
-- Found tf2_ros: 0.25.18 (/opt/ros/humble/share/tf2_ros/cmake)
-- Found sensor_msgs: 4.9.0 (/opt/ros/humble/share/sensor_msgs/cmake)
-- Found food_del_robot: 0.0.0 (/home/tikea/Food_Delivery_Robot/install/food_del_robot/share/food_del_robot/cmake)
-- Configuring done
-- Generating done
-- Build files have been written to: /home/tikea/Food_Delivery_Robot/build/zlac8015d_driver
[ 10%] [32mBuilding CXX object robot_kinematic/CMakeFiles/robot_kinematic.dir/src/kinematic.cpp.o[0m
[ 20%] [32mBuilding CXX object CMakeFiles/can.dir/src/can.cpp.o[0m
[ 30%] [32mBuilding CXX object CMakeFiles/cmd_vel_to_twist_stamped.dir/src/cmd_vel_to_twist_stamped.cpp.o[0m
[ 40%] [32m[1mLinking CXX static library librobot_kinematic.a[0m
[ 50%] [32m[1mLinking CXX static library libcan.a[0m
[ 50%] Built target robot_kinematic
[ 50%] Built target can
[ 60%] [32mBuilding CXX object CMakeFiles/zlac8015d_driver.dir/src/zlac8015d_driver.cpp.o[0m
[ 70%] [32m[1mLinking CXX static library libzlac8015d_driver.a[0m
[ 70%] Built target zlac8015d_driver
[ 80%] [32mBuilding CXX object CMakeFiles/drive_and_odom.dir/src/drive_and_odom.cpp.o[0m
[ 90%] [32m[1mLinking CXX executable cmd_vel_to_twist_stamped[0m
[ 90%] Built target cmd_vel_to_twist_stamped
[100%] [32m[1mLinking CXX executable drive_and_odom[0m
[100%] Built target drive_and_odom
-- Install configuration: ""
-- Execute custom install script
-- Symlinking: /home/tikea/Food_Delivery_Robot/install/zlac8015d_driver/lib/libcan.a
-- Symlinking: /home/tikea/Food_Delivery_Robot/install/zlac8015d_driver/lib/libzlac8015d_driver.a
-- Symlinking: /home/tikea/Food_Delivery_Robot/install/zlac8015d_driver/include//zlac8015d_driver/can.hpp
-- Symlinking: /home/tikea/Food_Delivery_Robot/install/zlac8015d_driver/include//zlac8015d_driver/zlac8015d_driver.hpp
-- Symlinking: /home/tikea/Food_Delivery_Robot/install/zlac8015d_driver/lib/zlac8015d_driver/drive_and_odom
-- Symlinking: /home/tikea/Food_Delivery_Robot/install/zlac8015d_driver/lib/zlac8015d_driver/cmd_vel_to_twist_stamped
-- Symlinking: /home/tikea/Food_Delivery_Robot/install/zlac8015d_driver/share/ament_index/resource_index/package_run_dependencies/zlac8015d_driver
-- Symlinking: /home/tikea/Food_Delivery_Robot/install/zlac8015d_driver/share/ament_index/resource_index/parent_prefix_path/zlac8015d_driver
-- Symlinking: /home/tikea/Food_Delivery_Robot/install/zlac8015d_driver/share/zlac8015d_driver/environment/ament_prefix_path.sh
-- Symlinking: /home/tikea/Food_Delivery_Robot/install/zlac8015d_driver/share/zlac8015d_driver/environment/ament_prefix_path.dsv
-- Symlinking: /home/tikea/Food_Delivery_Robot/install/zlac8015d_driver/share/zlac8015d_driver/environment/path.sh
-- Symlinking: /home/tikea/Food_Delivery_Robot/install/zlac8015d_driver/share/zlac8015d_driver/environment/path.dsv
-- Symlinking: /home/tikea/Food_Delivery_Robot/install/zlac8015d_driver/share/zlac8015d_driver/local_setup.bash
-- Symlinking: /home/tikea/Food_Delivery_Robot/install/zlac8015d_driver/share/zlac8015d_driver/local_setup.sh
-- Symlinking: /home/tikea/Food_Delivery_Robot/install/zlac8015d_driver/share/zlac8015d_driver/local_setup.zsh
-- Symlinking: /home/tikea/Food_Delivery_Robot/install/zlac8015d_driver/share/zlac8015d_driver/local_setup.dsv
-- Symlinking: /home/tikea/Food_Delivery_Robot/install/zlac8015d_driver/share/zlac8015d_driver/package.dsv
-- Symlinking: /home/tikea/Food_Delivery_Robot/install/zlac8015d_driver/share/ament_index/resource_index/packages/zlac8015d_driver
-- Symlinking: /home/tikea/Food_Delivery_Robot/install/zlac8015d_driver/share/zlac8015d_driver/cmake/zlac8015d_driverConfig.cmake
-- Symlinking: /home/tikea/Food_Delivery_Robot/install/zlac8015d_driver/share/zlac8015d_driver/cmake/zlac8015d_driverConfig-version.cmake
-- Symlinking: /home/tikea/Food_Delivery_Robot/install/zlac8015d_driver/share/zlac8015d_driver/package.xml
