[0.023s] Invoking command in '/home/panha/Food_Delivery_Robot/build/food_del_robot_description': CMAKE_PREFIX_PATH=${CMAKE_PREFIX_PATH}:/home/panha/turtlebot3_ws/install/turtlebot3_teleop:/home/panha/turtlebot3_ws/install/turtlebot3_example:/home/panha/ros2_ws/install/actions_py:/home/panha/ros2_ws/install/executors_py:/home/panha/WitImu_ws/install/wit_ros2_imu:/home/panha/mushroom_ws_V2/install/py_mushroom_control:/home/panha/ws_moveit/install/moveit_configs_utils:/home/panha/ws_moveit/install/launch_param_builder:/opt/ros/humble /usr/bin/cmake --build /home/panha/Food_Delivery_Robot/build/food_del_robot_description -- -j16 -l16
[0.048s] Invoked command in '/home/panha/Food_Delivery_Robot/build/food_del_robot_description' returned '0': CMAKE_PREFIX_PATH=${CMAKE_PREFIX_PATH}:/home/panha/turtlebot3_ws/install/turtlebot3_teleop:/home/panha/turtlebot3_ws/install/turtlebot3_example:/home/panha/ros2_ws/install/actions_py:/home/panha/ros2_ws/install/executors_py:/home/panha/WitImu_ws/install/wit_ros2_imu:/home/panha/mushroom_ws_V2/install/py_mushroom_control:/home/panha/ws_moveit/install/moveit_configs_utils:/home/panha/ws_moveit/install/launch_param_builder:/opt/ros/humble /usr/bin/cmake --build /home/panha/Food_Delivery_Robot/build/food_del_robot_description -- -j16 -l16
[0.055s] Invoking command in '/home/panha/Food_Delivery_Robot/build/food_del_robot_description': CMAKE_PREFIX_PATH=${CMAKE_PREFIX_PATH}:/home/panha/turtlebot3_ws/install/turtlebot3_teleop:/home/panha/turtlebot3_ws/install/turtlebot3_example:/home/panha/ros2_ws/install/actions_py:/home/panha/ros2_ws/install/executors_py:/home/panha/WitImu_ws/install/wit_ros2_imu:/home/panha/mushroom_ws_V2/install/py_mushroom_control:/home/panha/ws_moveit/install/moveit_configs_utils:/home/panha/ws_moveit/install/launch_param_builder:/opt/ros/humble /usr/bin/cmake --install /home/panha/Food_Delivery_Robot/build/food_del_robot_description
[0.058s] -- Install configuration: ""
[0.058s] -- Up-to-date: /home/panha/Food_Delivery_Robot/install/food_del_robot_description/share/food_del_robot_description//urdf
[0.058s] -- Up-to-date: /home/panha/Food_Delivery_Robot/install/food_del_robot_description/share/food_del_robot_description//urdf/common_properties.xacro
[0.058s] -- Up-to-date: /home/panha/Food_Delivery_Robot/install/food_del_robot_description/share/food_del_robot_description//urdf/food_del_robot.xacro
[0.059s] -- Up-to-date: /home/panha/Food_Delivery_Robot/install/food_del_robot_description/share/food_del_robot_description//urdf/food_del_robot.ros2_control.xacro
[0.059s] -- Up-to-date: /home/panha/Food_Delivery_Robot/install/food_del_robot_description/share/food_del_robot_description//urdf/food_del_robot_gazebo.xacro
[0.059s] -- Up-to-date: /home/panha/Food_Delivery_Robot/install/food_del_robot_description/share/food_del_robot_description//urdf/my_main.urdf.xacro
[0.059s] -- Up-to-date: /home/panha/Food_Delivery_Robot/install/food_del_robot_description/share/food_del_robot_description//launch
[0.059s] -- Up-to-date: /home/panha/Food_Delivery_Robot/install/food_del_robot_description/share/food_del_robot_description//launch/gazebo.launch.py
[0.059s] -- Up-to-date: /home/panha/Food_Delivery_Robot/install/food_del_robot_description/share/food_del_robot_description//launch/display.launch.py
[0.059s] -- Up-to-date: /home/panha/Food_Delivery_Robot/install/food_del_robot_description/share/food_del_robot_description//launch/robot.launch.py
[0.059s] -- Up-to-date: /home/panha/Food_Delivery_Robot/install/food_del_robot_description/share/food_del_robot_description//rviz
[0.059s] -- Up-to-date: /home/panha/Food_Delivery_Robot/install/food_del_robot_description/share/food_del_robot_description//rviz/food_del_robot.rviz
[0.059s] -- Up-to-date: /home/panha/Food_Delivery_Robot/install/food_del_robot_description/share/food_del_robot_description//config
[0.059s] -- Up-to-date: /home/panha/Food_Delivery_Robot/install/food_del_robot_description/share/food_del_robot_description//config/gazebo_bridge.yaml
[0.059s] -- Up-to-date: /home/panha/Food_Delivery_Robot/install/food_del_robot_description/share/food_del_robot_description//config/food_del_robot.yaml
[0.059s] -- Up-to-date: /home/panha/Food_Delivery_Robot/install/food_del_robot_description/share/food_del_robot_description//worlds
[0.059s] -- Up-to-date: /home/panha/Food_Delivery_Robot/install/food_del_robot_description/share/food_del_robot_description//worlds/restaurant
[0.059s] -- Up-to-date: /home/panha/Food_Delivery_Robot/install/food_del_robot_description/share/food_del_robot_description//worlds/restaurant/model.sdf
[0.059s] -- Up-to-date: /home/panha/Food_Delivery_Robot/install/food_del_robot_description/share/food_del_robot_description//worlds/restaurant/model.config
[0.059s] -- Up-to-date: /home/panha/Food_Delivery_Robot/install/food_del_robot_description/share/food_del_robot_description//worlds/restaurant/restaurant.world
[0.059s] -- Up-to-date: /home/panha/Food_Delivery_Robot/install/food_del_robot_description/share/food_del_robot_description//maps
[0.059s] -- Up-to-date: /home/panha/Food_Delivery_Robot/install/food_del_robot_description/share/food_del_robot_description//maps/imu.pgm
[0.059s] -- Up-to-date: /home/panha/Food_Delivery_Robot/install/food_del_robot_description/share/food_del_robot_description//maps/imu.yaml
[0.059s] -- Up-to-date: /home/panha/Food_Delivery_Robot/install/food_del_robot_description/share/ament_index/resource_index/package_run_dependencies/food_del_robot_description
[0.060s] -- Up-to-date: /home/panha/Food_Delivery_Robot/install/food_del_robot_description/share/ament_index/resource_index/parent_prefix_path/food_del_robot_description
[0.060s] -- Up-to-date: /home/panha/Food_Delivery_Robot/install/food_del_robot_description/share/food_del_robot_description/environment/ament_prefix_path.sh
[0.060s] -- Up-to-date: /home/panha/Food_Delivery_Robot/install/food_del_robot_description/share/food_del_robot_description/environment/ament_prefix_path.dsv
[0.060s] -- Up-to-date: /home/panha/Food_Delivery_Robot/install/food_del_robot_description/share/food_del_robot_description/environment/path.sh
[0.060s] -- Up-to-date: /home/panha/Food_Delivery_Robot/install/food_del_robot_description/share/food_del_robot_description/environment/path.dsv
[0.060s] -- Up-to-date: /home/panha/Food_Delivery_Robot/install/food_del_robot_description/share/food_del_robot_description/local_setup.bash
[0.060s] -- Up-to-date: /home/panha/Food_Delivery_Robot/install/food_del_robot_description/share/food_del_robot_description/local_setup.sh
[0.060s] -- Up-to-date: /home/panha/Food_Delivery_Robot/install/food_del_robot_description/share/food_del_robot_description/local_setup.zsh
[0.060s] -- Up-to-date: /home/panha/Food_Delivery_Robot/install/food_del_robot_description/share/food_del_robot_description/local_setup.dsv
[0.060s] -- Installing: /home/panha/Food_Delivery_Robot/install/food_del_robot_description/share/food_del_robot_description/package.dsv
[0.060s] -- Up-to-date: /home/panha/Food_Delivery_Robot/install/food_del_robot_description/share/ament_index/resource_index/packages/food_del_robot_description
[0.060s] -- Up-to-date: /home/panha/Food_Delivery_Robot/install/food_del_robot_description/share/food_del_robot_description/cmake/food_del_robot_descriptionConfig.cmake
[0.060s] -- Up-to-date: /home/panha/Food_Delivery_Robot/install/food_del_robot_description/share/food_del_robot_description/cmake/food_del_robot_descriptionConfig-version.cmake
[0.060s] -- Up-to-date: /home/panha/Food_Delivery_Robot/install/food_del_robot_description/share/food_del_robot_description/package.xml
[0.061s] Invoked command in '/home/panha/Food_Delivery_Robot/build/food_del_robot_description' returned '0': CMAKE_PREFIX_PATH=${CMAKE_PREFIX_PATH}:/home/panha/turtlebot3_ws/install/turtlebot3_teleop:/home/panha/turtlebot3_ws/install/turtlebot3_example:/home/panha/ros2_ws/install/actions_py:/home/panha/ros2_ws/install/executors_py:/home/panha/WitImu_ws/install/wit_ros2_imu:/home/panha/mushroom_ws_V2/install/py_mushroom_control:/home/panha/ws_moveit/install/moveit_configs_utils:/home/panha/ws_moveit/install/launch_param_builder:/opt/ros/humble /usr/bin/cmake --install /home/panha/Food_Delivery_Robot/build/food_del_robot_description
