[0.028s] Invoking command in '/home/panha/Food_Delivery_Robot/build/food_del_robot': CMAKE_PREFIX_PATH=${CMAKE_PREFIX_PATH}:/home/panha/ws_moveit/install/moveit_configs_utils:/home/panha/ws_moveit/install/launch_param_builder:/opt/ros/humble /usr/bin/cmake --build /home/panha/Food_Delivery_Robot/build/food_del_robot -- -j16 -l16
[0.065s] [  2%] Built target food_del_robot__cpp
[0.069s] [ 12%] Built target food_del_robot__rosidl_generator_c
[0.073s] [ 12%] Built target ament_cmake_python_copy_food_del_robot
[0.089s] [ 23%] Built target food_del_robot__rosidl_typesupport_cpp
[0.090s] [ 33%] Built target food_del_robot__rosidl_typesupport_introspection_cpp
[0.091s] [ 43%] Built target food_del_robot__rosidl_typesupport_fastrtps_cpp
[0.093s] [ 53%] Built target food_del_robot__rosidl_typesupport_fastrtps_c
[0.093s] [ 74%] Built target food_del_robot__rosidl_typesupport_c
[0.094s] [ 74%] Built target food_del_robot__rosidl_typesupport_introspection_c
[0.111s] [ 74%] Built target food_del_robot
[0.130s] [ 76%] Built target food_del_robot__py
[0.153s] [ 84%] Built target food_del_robot__rosidl_generator_py
[0.173s] [ 94%] Built target food_del_robot__rosidl_typesupport_fastrtps_c__pyext
[0.173s] [ 94%] Built target food_del_robot__rosidl_typesupport_c__pyext
[0.175s] [100%] Built target food_del_robot__rosidl_typesupport_introspection_c__pyext
[0.304s] running egg_info
[0.324s] writing food_del_robot.egg-info/PKG-INFO
[0.324s] writing dependency_links to food_del_robot.egg-info/dependency_links.txt
[0.324s] writing top-level names to food_del_robot.egg-info/top_level.txt
[0.383s] reading manifest file 'food_del_robot.egg-info/SOURCES.txt'
[0.384s] writing manifest file 'food_del_robot.egg-info/SOURCES.txt'
[0.407s] [100%] Built target ament_cmake_python_build_food_del_robot_egg
[0.417s] Invoked command in '/home/panha/Food_Delivery_Robot/build/food_del_robot' returned '0': CMAKE_PREFIX_PATH=${CMAKE_PREFIX_PATH}:/home/panha/ws_moveit/install/moveit_configs_utils:/home/panha/ws_moveit/install/launch_param_builder:/opt/ros/humble /usr/bin/cmake --build /home/panha/Food_Delivery_Robot/build/food_del_robot -- -j16 -l16
[0.418s] Invoking command in '/home/panha/Food_Delivery_Robot/build/food_del_robot': CMAKE_PREFIX_PATH=${CMAKE_PREFIX_PATH}:/home/panha/ws_moveit/install/moveit_configs_utils:/home/panha/ws_moveit/install/launch_param_builder:/opt/ros/humble /usr/bin/cmake --install /home/panha/Food_Delivery_Robot/build/food_del_robot
[0.423s] -- Install configuration: ""
[0.424s] -- Up-to-date: /home/panha/Food_Delivery_Robot/install/food_del_robot/share/ament_index/resource_index/rosidl_interfaces/food_del_robot
[0.424s] -- Up-to-date: /home/panha/Food_Delivery_Robot/install/food_del_robot/include/food_del_robot/food_del_robot
[0.424s] -- Up-to-date: /home/panha/Food_Delivery_Robot/install/food_del_robot/include/food_del_robot/food_del_robot/msg
[0.424s] -- Up-to-date: /home/panha/Food_Delivery_Robot/install/food_del_robot/include/food_del_robot/food_del_robot/msg/rosidl_generator_c__visibility_control.h
[0.424s] -- Up-to-date: /home/panha/Food_Delivery_Robot/install/food_del_robot/include/food_del_robot/food_del_robot/srv
[0.424s] -- Up-to-date: /home/panha/Food_Delivery_Robot/install/food_del_robot/include/food_del_robot/food_del_robot/srv/reset.h
[0.424s] -- Up-to-date: /home/panha/Food_Delivery_Robot/install/food_del_robot/include/food_del_robot/food_del_robot/srv/emergency_stop.h
[0.424s] -- Up-to-date: /home/panha/Food_Delivery_Robot/install/food_del_robot/include/food_del_robot/food_del_robot/srv/detail
[0.424s] -- Up-to-date: /home/panha/Food_Delivery_Robot/install/food_del_robot/include/food_del_robot/food_del_robot/srv/detail/emergency_stop__functions.c
[0.424s] -- Up-to-date: /home/panha/Food_Delivery_Robot/install/food_del_robot/include/food_del_robot/food_del_robot/srv/detail/emergency_stop__type_support.h
[0.424s] -- Up-to-date: /home/panha/Food_Delivery_Robot/install/food_del_robot/include/food_del_robot/food_del_robot/srv/detail/emergency_stop__functions.h
[0.424s] -- Up-to-date: /home/panha/Food_Delivery_Robot/install/food_del_robot/include/food_del_robot/food_del_robot/srv/detail/emergency_stop__struct.h
[0.425s] -- Up-to-date: /home/panha/Food_Delivery_Robot/install/food_del_robot/include/food_del_robot/food_del_robot/srv/detail/reset__type_support.h
[0.425s] -- Up-to-date: /home/panha/Food_Delivery_Robot/install/food_del_robot/include/food_del_robot/food_del_robot/srv/detail/reset__functions.h
[0.425s] -- Up-to-date: /home/panha/Food_Delivery_Robot/install/food_del_robot/include/food_del_robot/food_del_robot/srv/detail/reset__struct.h
[0.425s] -- Up-to-date: /home/panha/Food_Delivery_Robot/install/food_del_robot/include/food_del_robot/food_del_robot/srv/detail/reset__functions.c
[0.425s] -- Up-to-date: /home/panha/Food_Delivery_Robot/install/food_del_robot/share/food_del_robot/environment/library_path.sh
[0.425s] -- Up-to-date: /home/panha/Food_Delivery_Robot/install/food_del_robot/share/food_del_robot/environment/library_path.dsv
[0.425s] -- Up-to-date: /home/panha/Food_Delivery_Robot/install/food_del_robot/lib/libfood_del_robot__rosidl_generator_c.so
[0.425s] -- Up-to-date: /home/panha/Food_Delivery_Robot/install/food_del_robot/include/food_del_robot/food_del_robot
[0.425s] -- Up-to-date: /home/panha/Food_Delivery_Robot/install/food_del_robot/include/food_del_robot/food_del_robot/msg
[0.425s] -- Up-to-date: /home/panha/Food_Delivery_Robot/install/food_del_robot/include/food_del_robot/food_del_robot/msg/rosidl_typesupport_fastrtps_c__visibility_control.h
[0.425s] -- Up-to-date: /home/panha/Food_Delivery_Robot/install/food_del_robot/include/food_del_robot/food_del_robot/srv
[0.425s] -- Up-to-date: /home/panha/Food_Delivery_Robot/install/food_del_robot/include/food_del_robot/food_del_robot/srv/detail
[0.425s] -- Up-to-date: /home/panha/Food_Delivery_Robot/install/food_del_robot/include/food_del_robot/food_del_robot/srv/detail/emergency_stop__rosidl_typesupport_fastrtps_c.h
[0.425s] -- Up-to-date: /home/panha/Food_Delivery_Robot/install/food_del_robot/include/food_del_robot/food_del_robot/srv/detail/reset__rosidl_typesupport_fastrtps_c.h
[0.425s] -- Up-to-date: /home/panha/Food_Delivery_Robot/install/food_del_robot/lib/libfood_del_robot__rosidl_typesupport_fastrtps_c.so
[0.425s] -- Up-to-date: /home/panha/Food_Delivery_Robot/install/food_del_robot/include/food_del_robot/food_del_robot
[0.425s] -- Up-to-date: /home/panha/Food_Delivery_Robot/install/food_del_robot/include/food_del_robot/food_del_robot/msg
[0.425s] -- Up-to-date: /home/panha/Food_Delivery_Robot/install/food_del_robot/include/food_del_robot/food_del_robot/msg/rosidl_generator_cpp__visibility_control.hpp
[0.425s] -- Up-to-date: /home/panha/Food_Delivery_Robot/install/food_del_robot/include/food_del_robot/food_del_robot/srv
[0.425s] -- Up-to-date: /home/panha/Food_Delivery_Robot/install/food_del_robot/include/food_del_robot/food_del_robot/srv/detail
[0.425s] -- Up-to-date: /home/panha/Food_Delivery_Robot/install/food_del_robot/include/food_del_robot/food_del_robot/srv/detail/reset__type_support.hpp
[0.425s] -- Up-to-date: /home/panha/Food_Delivery_Robot/install/food_del_robot/include/food_del_robot/food_del_robot/srv/detail/reset__struct.hpp
[0.425s] -- Up-to-date: /home/panha/Food_Delivery_Robot/install/food_del_robot/include/food_del_robot/food_del_robot/srv/detail/emergency_stop__struct.hpp
[0.426s] -- Up-to-date: /home/panha/Food_Delivery_Robot/install/food_del_robot/include/food_del_robot/food_del_robot/srv/detail/reset__traits.hpp
[0.426s] -- Up-to-date: /home/panha/Food_Delivery_Robot/install/food_del_robot/include/food_del_robot/food_del_robot/srv/detail/reset__builder.hpp
[0.426s] -- Up-to-date: /home/panha/Food_Delivery_Robot/install/food_del_robot/include/food_del_robot/food_del_robot/srv/detail/emergency_stop__traits.hpp
[0.426s] -- Up-to-date: /home/panha/Food_Delivery_Robot/install/food_del_robot/include/food_del_robot/food_del_robot/srv/detail/emergency_stop__builder.hpp
[0.426s] -- Up-to-date: /home/panha/Food_Delivery_Robot/install/food_del_robot/include/food_del_robot/food_del_robot/srv/detail/emergency_stop__type_support.hpp
[0.426s] -- Up-to-date: /home/panha/Food_Delivery_Robot/install/food_del_robot/include/food_del_robot/food_del_robot/srv/emergency_stop.hpp
[0.426s] -- Up-to-date: /home/panha/Food_Delivery_Robot/install/food_del_robot/include/food_del_robot/food_del_robot/srv/reset.hpp
[0.426s] -- Up-to-date: /home/panha/Food_Delivery_Robot/install/food_del_robot/include/food_del_robot/food_del_robot
[0.426s] -- Up-to-date: /home/panha/Food_Delivery_Robot/install/food_del_robot/include/food_del_robot/food_del_robot/msg
[0.426s] -- Up-to-date: /home/panha/Food_Delivery_Robot/install/food_del_robot/include/food_del_robot/food_del_robot/msg/rosidl_typesupport_fastrtps_cpp__visibility_control.h
[0.426s] -- Up-to-date: /home/panha/Food_Delivery_Robot/install/food_del_robot/include/food_del_robot/food_del_robot/srv
[0.426s] -- Up-to-date: /home/panha/Food_Delivery_Robot/install/food_del_robot/include/food_del_robot/food_del_robot/srv/detail
[0.426s] -- Up-to-date: /home/panha/Food_Delivery_Robot/install/food_del_robot/include/food_del_robot/food_del_robot/srv/detail/emergency_stop__rosidl_typesupport_fastrtps_cpp.hpp
[0.426s] -- Up-to-date: /home/panha/Food_Delivery_Robot/install/food_del_robot/include/food_del_robot/food_del_robot/srv/detail/dds_fastrtps
[0.426s] -- Up-to-date: /home/panha/Food_Delivery_Robot/install/food_del_robot/include/food_del_robot/food_del_robot/srv/detail/reset__rosidl_typesupport_fastrtps_cpp.hpp
[0.426s] -- Up-to-date: /home/panha/Food_Delivery_Robot/install/food_del_robot/lib/libfood_del_robot__rosidl_typesupport_fastrtps_cpp.so
[0.426s] -- Up-to-date: /home/panha/Food_Delivery_Robot/install/food_del_robot/include/food_del_robot/food_del_robot
[0.426s] -- Up-to-date: /home/panha/Food_Delivery_Robot/install/food_del_robot/include/food_del_robot/food_del_robot/msg
[0.426s] -- Up-to-date: /home/panha/Food_Delivery_Robot/install/food_del_robot/include/food_del_robot/food_del_robot/msg/rosidl_typesupport_introspection_c__visibility_control.h
[0.426s] -- Up-to-date: /home/panha/Food_Delivery_Robot/install/food_del_robot/include/food_del_robot/food_del_robot/srv
[0.426s] -- Up-to-date: /home/panha/Food_Delivery_Robot/install/food_del_robot/include/food_del_robot/food_del_robot/srv/detail
[0.426s] -- Up-to-date: /home/panha/Food_Delivery_Robot/install/food_del_robot/include/food_del_robot/food_del_robot/srv/detail/emergency_stop__type_support.c
[0.426s] -- Up-to-date: /home/panha/Food_Delivery_Robot/install/food_del_robot/include/food_del_robot/food_del_robot/srv/detail/reset__type_support.c
[0.427s] -- Up-to-date: /home/panha/Food_Delivery_Robot/install/food_del_robot/include/food_del_robot/food_del_robot/srv/detail/emergency_stop__rosidl_typesupport_introspection_c.h
[0.427s] -- Up-to-date: /home/panha/Food_Delivery_Robot/install/food_del_robot/include/food_del_robot/food_del_robot/srv/detail/reset__rosidl_typesupport_introspection_c.h
[0.427s] -- Up-to-date: /home/panha/Food_Delivery_Robot/install/food_del_robot/lib/libfood_del_robot__rosidl_typesupport_introspection_c.so
[0.427s] -- Up-to-date: /home/panha/Food_Delivery_Robot/install/food_del_robot/lib/libfood_del_robot__rosidl_typesupport_c.so
[0.427s] -- Up-to-date: /home/panha/Food_Delivery_Robot/install/food_del_robot/include/food_del_robot/food_del_robot
[0.427s] -- Up-to-date: /home/panha/Food_Delivery_Robot/install/food_del_robot/include/food_del_robot/food_del_robot/srv
[0.427s] -- Up-to-date: /home/panha/Food_Delivery_Robot/install/food_del_robot/include/food_del_robot/food_del_robot/srv/detail
[0.427s] -- Up-to-date: /home/panha/Food_Delivery_Robot/install/food_del_robot/include/food_del_robot/food_del_robot/srv/detail/emergency_stop__rosidl_typesupport_introspection_cpp.hpp
[0.427s] -- Up-to-date: /home/panha/Food_Delivery_Robot/install/food_del_robot/include/food_del_robot/food_del_robot/srv/detail/emergency_stop__type_support.cpp
[0.427s] -- Up-to-date: /home/panha/Food_Delivery_Robot/install/food_del_robot/include/food_del_robot/food_del_robot/srv/detail/reset__type_support.cpp
[0.427s] -- Up-to-date: /home/panha/Food_Delivery_Robot/install/food_del_robot/include/food_del_robot/food_del_robot/srv/detail/reset__rosidl_typesupport_introspection_cpp.hpp
[0.427s] -- Up-to-date: /home/panha/Food_Delivery_Robot/install/food_del_robot/lib/libfood_del_robot__rosidl_typesupport_introspection_cpp.so
[0.427s] -- Up-to-date: /home/panha/Food_Delivery_Robot/install/food_del_robot/lib/libfood_del_robot__rosidl_typesupport_cpp.so
[0.427s] -- Up-to-date: /home/panha/Food_Delivery_Robot/install/food_del_robot/share/food_del_robot/environment/pythonpath.sh
[0.427s] -- Up-to-date: /home/panha/Food_Delivery_Robot/install/food_del_robot/share/food_del_robot/environment/pythonpath.dsv
[0.427s] -- Up-to-date: /home/panha/Food_Delivery_Robot/install/food_del_robot/local/lib/python3.10/dist-packages/food_del_robot-0.0.0-py3.10.egg-info
[0.427s] -- Installing: /home/panha/Food_Delivery_Robot/install/food_del_robot/local/lib/python3.10/dist-packages/food_del_robot-0.0.0-py3.10.egg-info/dependency_links.txt
[0.427s] -- Installing: /home/panha/Food_Delivery_Robot/install/food_del_robot/local/lib/python3.10/dist-packages/food_del_robot-0.0.0-py3.10.egg-info/PKG-INFO
[0.427s] -- Installing: /home/panha/Food_Delivery_Robot/install/food_del_robot/local/lib/python3.10/dist-packages/food_del_robot-0.0.0-py3.10.egg-info/top_level.txt
[0.427s] -- Installing: /home/panha/Food_Delivery_Robot/install/food_del_robot/local/lib/python3.10/dist-packages/food_del_robot-0.0.0-py3.10.egg-info/SOURCES.txt
[0.428s] -- Up-to-date: /home/panha/Food_Delivery_Robot/install/food_del_robot/local/lib/python3.10/dist-packages/food_del_robot
[0.428s] -- Up-to-date: /home/panha/Food_Delivery_Robot/install/food_del_robot/local/lib/python3.10/dist-packages/food_del_robot/libfood_del_robot__rosidl_generator_py.so
[0.428s] -- Up-to-date: /home/panha/Food_Delivery_Robot/install/food_del_robot/local/lib/python3.10/dist-packages/food_del_robot/__init__.py
[0.428s] -- Up-to-date: /home/panha/Food_Delivery_Robot/install/food_del_robot/local/lib/python3.10/dist-packages/food_del_robot/_food_del_robot_s.ep.rosidl_typesupport_introspection_c.c
[0.428s] -- Up-to-date: /home/panha/Food_Delivery_Robot/install/food_del_robot/local/lib/python3.10/dist-packages/food_del_robot/_food_del_robot_s.ep.rosidl_typesupport_c.c
[0.428s] -- Up-to-date: /home/panha/Food_Delivery_Robot/install/food_del_robot/local/lib/python3.10/dist-packages/food_del_robot/food_del_robot_s__rosidl_typesupport_fastrtps_c.cpython-310-x86_64-linux-gnu.so
[0.428s] -- Up-to-date: /home/panha/Food_Delivery_Robot/install/food_del_robot/local/lib/python3.10/dist-packages/food_del_robot/food_del_robot_s__rosidl_typesupport_c.cpython-310-x86_64-linux-gnu.so
[0.428s] -- Up-to-date: /home/panha/Food_Delivery_Robot/install/food_del_robot/local/lib/python3.10/dist-packages/food_del_robot/_food_del_robot_s.ep.rosidl_typesupport_fastrtps_c.c
[0.428s] -- Up-to-date: /home/panha/Food_Delivery_Robot/install/food_del_robot/local/lib/python3.10/dist-packages/food_del_robot/srv
[0.428s] -- Up-to-date: /home/panha/Food_Delivery_Robot/install/food_del_robot/local/lib/python3.10/dist-packages/food_del_robot/srv/__init__.py
[0.428s] -- Up-to-date: /home/panha/Food_Delivery_Robot/install/food_del_robot/local/lib/python3.10/dist-packages/food_del_robot/srv/_reset.py
[0.428s] -- Up-to-date: /home/panha/Food_Delivery_Robot/install/food_del_robot/local/lib/python3.10/dist-packages/food_del_robot/srv/_reset_s.c
[0.428s] -- Up-to-date: /home/panha/Food_Delivery_Robot/install/food_del_robot/local/lib/python3.10/dist-packages/food_del_robot/srv/_emergency_stop.py
[0.428s] -- Up-to-date: /home/panha/Food_Delivery_Robot/install/food_del_robot/local/lib/python3.10/dist-packages/food_del_robot/srv/_emergency_stop_s.c
[0.428s] -- Up-to-date: /home/panha/Food_Delivery_Robot/install/food_del_robot/local/lib/python3.10/dist-packages/food_del_robot/food_del_robot_s__rosidl_typesupport_introspection_c.cpython-310-x86_64-linux-gnu.so
[0.462s] Listing '/home/panha/Food_Delivery_Robot/install/food_del_robot/local/lib/python3.10/dist-packages/food_del_robot'...
[0.462s] Listing '/home/panha/Food_Delivery_Robot/install/food_del_robot/local/lib/python3.10/dist-packages/food_del_robot/srv'...
[0.466s] -- Up-to-date: /home/panha/Food_Delivery_Robot/install/food_del_robot/local/lib/python3.10/dist-packages/food_del_robot/food_del_robot_s__rosidl_typesupport_fastrtps_c.cpython-310-x86_64-linux-gnu.so
[0.467s] -- Up-to-date: /home/panha/Food_Delivery_Robot/install/food_del_robot/local/lib/python3.10/dist-packages/food_del_robot/food_del_robot_s__rosidl_typesupport_introspection_c.cpython-310-x86_64-linux-gnu.so
[0.467s] -- Up-to-date: /home/panha/Food_Delivery_Robot/install/food_del_robot/local/lib/python3.10/dist-packages/food_del_robot/food_del_robot_s__rosidl_typesupport_c.cpython-310-x86_64-linux-gnu.so
[0.467s] -- Up-to-date: /home/panha/Food_Delivery_Robot/install/food_del_robot/lib/libfood_del_robot__rosidl_generator_py.so
[0.467s] -- Up-to-date: /home/panha/Food_Delivery_Robot/install/food_del_robot/share/food_del_robot/srv/EmergencyStop.idl
[0.468s] -- Up-to-date: /home/panha/Food_Delivery_Robot/install/food_del_robot/share/food_del_robot/srv/Reset.idl
[0.468s] -- Up-to-date: /home/panha/Food_Delivery_Robot/install/food_del_robot/share/food_del_robot/srv/EmergencyStop.srv
[0.468s] -- Up-to-date: /home/panha/Food_Delivery_Robot/install/food_del_robot/share/food_del_robot/srv/EmergencyStop_Request.msg
[0.468s] -- Up-to-date: /home/panha/Food_Delivery_Robot/install/food_del_robot/share/food_del_robot/srv/EmergencyStop_Response.msg
[0.468s] -- Up-to-date: /home/panha/Food_Delivery_Robot/install/food_del_robot/share/food_del_robot/srv/Reset.srv
[0.468s] -- Up-to-date: /home/panha/Food_Delivery_Robot/install/food_del_robot/share/food_del_robot/srv/Reset_Request.msg
[0.468s] -- Up-to-date: /home/panha/Food_Delivery_Robot/install/food_del_robot/share/food_del_robot/srv/Reset_Response.msg
[0.468s] -- Up-to-date: /home/panha/Food_Delivery_Robot/install/food_del_robot/share/ament_index/resource_index/package_run_dependencies/food_del_robot
[0.468s] -- Up-to-date: /home/panha/Food_Delivery_Robot/install/food_del_robot/share/ament_index/resource_index/parent_prefix_path/food_del_robot
[0.468s] -- Up-to-date: /home/panha/Food_Delivery_Robot/install/food_del_robot/share/food_del_robot/environment/ament_prefix_path.sh
[0.468s] -- Up-to-date: /home/panha/Food_Delivery_Robot/install/food_del_robot/share/food_del_robot/environment/ament_prefix_path.dsv
[0.469s] -- Up-to-date: /home/panha/Food_Delivery_Robot/install/food_del_robot/share/food_del_robot/environment/path.sh
[0.469s] -- Up-to-date: /home/panha/Food_Delivery_Robot/install/food_del_robot/share/food_del_robot/environment/path.dsv
[0.469s] -- Up-to-date: /home/panha/Food_Delivery_Robot/install/food_del_robot/share/food_del_robot/local_setup.bash
[0.469s] -- Up-to-date: /home/panha/Food_Delivery_Robot/install/food_del_robot/share/food_del_robot/local_setup.sh
[0.469s] -- Up-to-date: /home/panha/Food_Delivery_Robot/install/food_del_robot/share/food_del_robot/local_setup.zsh
[0.469s] -- Up-to-date: /home/panha/Food_Delivery_Robot/install/food_del_robot/share/food_del_robot/local_setup.dsv
[0.469s] -- Installing: /home/panha/Food_Delivery_Robot/install/food_del_robot/share/food_del_robot/package.dsv
[0.469s] -- Up-to-date: /home/panha/Food_Delivery_Robot/install/food_del_robot/share/ament_index/resource_index/packages/food_del_robot
[0.469s] -- Up-to-date: /home/panha/Food_Delivery_Robot/install/food_del_robot/share/food_del_robot/cmake/export_food_del_robot__rosidl_generator_cExport.cmake
[0.469s] -- Up-to-date: /home/panha/Food_Delivery_Robot/install/food_del_robot/share/food_del_robot/cmake/export_food_del_robot__rosidl_generator_cExport-noconfig.cmake
[0.469s] -- Up-to-date: /home/panha/Food_Delivery_Robot/install/food_del_robot/share/food_del_robot/cmake/export_food_del_robot__rosidl_typesupport_fastrtps_cExport.cmake
[0.469s] -- Up-to-date: /home/panha/Food_Delivery_Robot/install/food_del_robot/share/food_del_robot/cmake/export_food_del_robot__rosidl_typesupport_fastrtps_cExport-noconfig.cmake
[0.469s] -- Up-to-date: /home/panha/Food_Delivery_Robot/install/food_del_robot/share/food_del_robot/cmake/export_food_del_robot__rosidl_generator_cppExport.cmake
[0.469s] -- Up-to-date: /home/panha/Food_Delivery_Robot/install/food_del_robot/share/food_del_robot/cmake/export_food_del_robot__rosidl_typesupport_fastrtps_cppExport.cmake
[0.470s] -- Up-to-date: /home/panha/Food_Delivery_Robot/install/food_del_robot/share/food_del_robot/cmake/export_food_del_robot__rosidl_typesupport_fastrtps_cppExport-noconfig.cmake
[0.470s] -- Up-to-date: /home/panha/Food_Delivery_Robot/install/food_del_robot/share/food_del_robot/cmake/food_del_robot__rosidl_typesupport_introspection_cExport.cmake
[0.470s] -- Up-to-date: /home/panha/Food_Delivery_Robot/install/food_del_robot/share/food_del_robot/cmake/food_del_robot__rosidl_typesupport_introspection_cExport-noconfig.cmake
[0.470s] -- Up-to-date: /home/panha/Food_Delivery_Robot/install/food_del_robot/share/food_del_robot/cmake/food_del_robot__rosidl_typesupport_cExport.cmake
[0.470s] -- Up-to-date: /home/panha/Food_Delivery_Robot/install/food_del_robot/share/food_del_robot/cmake/food_del_robot__rosidl_typesupport_cExport-noconfig.cmake
[0.470s] -- Up-to-date: /home/panha/Food_Delivery_Robot/install/food_del_robot/share/food_del_robot/cmake/food_del_robot__rosidl_typesupport_introspection_cppExport.cmake
[0.470s] -- Up-to-date: /home/panha/Food_Delivery_Robot/install/food_del_robot/share/food_del_robot/cmake/food_del_robot__rosidl_typesupport_introspection_cppExport-noconfig.cmake
[0.470s] -- Up-to-date: /home/panha/Food_Delivery_Robot/install/food_del_robot/share/food_del_robot/cmake/food_del_robot__rosidl_typesupport_cppExport.cmake
[0.470s] -- Up-to-date: /home/panha/Food_Delivery_Robot/install/food_del_robot/share/food_del_robot/cmake/food_del_robot__rosidl_typesupport_cppExport-noconfig.cmake
[0.470s] -- Up-to-date: /home/panha/Food_Delivery_Robot/install/food_del_robot/share/food_del_robot/cmake/export_food_del_robot__rosidl_generator_pyExport.cmake
[0.470s] -- Up-to-date: /home/panha/Food_Delivery_Robot/install/food_del_robot/share/food_del_robot/cmake/export_food_del_robot__rosidl_generator_pyExport-noconfig.cmake
[0.470s] -- Up-to-date: /home/panha/Food_Delivery_Robot/install/food_del_robot/share/food_del_robot/cmake/rosidl_cmake-extras.cmake
[0.470s] -- Up-to-date: /home/panha/Food_Delivery_Robot/install/food_del_robot/share/food_del_robot/cmake/ament_cmake_export_dependencies-extras.cmake
[0.470s] -- Up-to-date: /home/panha/Food_Delivery_Robot/install/food_del_robot/share/food_del_robot/cmake/ament_cmake_export_include_directories-extras.cmake
[0.470s] -- Up-to-date: /home/panha/Food_Delivery_Robot/install/food_del_robot/share/food_del_robot/cmake/ament_cmake_export_libraries-extras.cmake
[0.470s] -- Up-to-date: /home/panha/Food_Delivery_Robot/install/food_del_robot/share/food_del_robot/cmake/ament_cmake_export_targets-extras.cmake
[0.470s] -- Up-to-date: /home/panha/Food_Delivery_Robot/install/food_del_robot/share/food_del_robot/cmake/rosidl_cmake_export_typesupport_targets-extras.cmake
[0.470s] -- Up-to-date: /home/panha/Food_Delivery_Robot/install/food_del_robot/share/food_del_robot/cmake/rosidl_cmake_export_typesupport_libraries-extras.cmake
[0.471s] -- Up-to-date: /home/panha/Food_Delivery_Robot/install/food_del_robot/share/food_del_robot/cmake/food_del_robotConfig.cmake
[0.471s] -- Up-to-date: /home/panha/Food_Delivery_Robot/install/food_del_robot/share/food_del_robot/cmake/food_del_robotConfig-version.cmake
[0.471s] -- Up-to-date: /home/panha/Food_Delivery_Robot/install/food_del_robot/share/food_del_robot/package.xml
[0.472s] Invoked command in '/home/panha/Food_Delivery_Robot/build/food_del_robot' returned '0': CMAKE_PREFIX_PATH=${CMAKE_PREFIX_PATH}:/home/panha/ws_moveit/install/moveit_configs_utils:/home/panha/ws_moveit/install/launch_param_builder:/opt/ros/humble /usr/bin/cmake --install /home/panha/Food_Delivery_Robot/build/food_del_robot
