[ 25%] Built target robot_kinematic
[ 50%] Built target can
[ 75%] Built target zlac8015d_driver
[ 87%] [32mBuilding CXX object CMakeFiles/drive_and_odom.dir/src/drive_and_odom.cpp.o[0m
[100%] [32m[1mLinking CXX executable drive_and_odom[0m
[100%] Built target drive_and_odom
-- Install configuration: ""
-- Installing: /home/panha/Food_Delivery_Robot/install/zlac8015d_driver/lib/libcan.a
-- Installing: /home/panha/Food_Delivery_Robot/install/zlac8015d_driver/lib/libzlac8015d_driver.a
-- Installing: /home/panha/Food_Delivery_Robot/install/zlac8015d_driver/include/
-- Installing: /home/panha/Food_Delivery_Robot/install/zlac8015d_driver/include//zlac8015d_driver
-- Installing: /home/panha/Food_Delivery_Robot/install/zlac8015d_driver/include//zlac8015d_driver/zlac8015d_driver.hpp
-- Installing: /home/panha/Food_Delivery_Robot/install/zlac8015d_driver/include//zlac8015d_driver/can.hpp
-- Installing: /home/panha/Food_Delivery_Robot/install/zlac8015d_driver/lib/zlac8015d_driver/drive_and_odom
-- Set runtime path of "/home/panha/Food_Delivery_Robot/install/zlac8015d_driver/lib/zlac8015d_driver/drive_and_odom" to ""
-- Installing: /home/panha/Food_Delivery_Robot/install/zlac8015d_driver/share/ament_index/resource_index/package_run_dependencies/zlac8015d_driver
-- Installing: /home/panha/Food_Delivery_Robot/install/zlac8015d_driver/share/ament_index/resource_index/parent_prefix_path/zlac8015d_driver
-- Installing: /home/panha/Food_Delivery_Robot/install/zlac8015d_driver/share/zlac8015d_driver/environment/ament_prefix_path.sh
-- Installing: /home/panha/Food_Delivery_Robot/install/zlac8015d_driver/share/zlac8015d_driver/environment/ament_prefix_path.dsv
-- Installing: /home/panha/Food_Delivery_Robot/install/zlac8015d_driver/share/zlac8015d_driver/environment/path.sh
-- Installing: /home/panha/Food_Delivery_Robot/install/zlac8015d_driver/share/zlac8015d_driver/environment/path.dsv
-- Installing: /home/panha/Food_Delivery_Robot/install/zlac8015d_driver/share/zlac8015d_driver/local_setup.bash
-- Installing: /home/panha/Food_Delivery_Robot/install/zlac8015d_driver/share/zlac8015d_driver/local_setup.sh
-- Installing: /home/panha/Food_Delivery_Robot/install/zlac8015d_driver/share/zlac8015d_driver/local_setup.zsh
-- Installing: /home/panha/Food_Delivery_Robot/install/zlac8015d_driver/share/zlac8015d_driver/local_setup.dsv
-- Installing: /home/panha/Food_Delivery_Robot/install/zlac8015d_driver/share/zlac8015d_driver/package.dsv
-- Installing: /home/panha/Food_Delivery_Robot/install/zlac8015d_driver/share/ament_index/resource_index/packages/zlac8015d_driver
-- Installing: /home/panha/Food_Delivery_Robot/install/zlac8015d_driver/share/zlac8015d_driver/cmake/zlac8015d_driverConfig.cmake
-- Installing: /home/panha/Food_Delivery_Robot/install/zlac8015d_driver/share/zlac8015d_driver/cmake/zlac8015d_driverConfig-version.cmake
-- Installing: /home/panha/Food_Delivery_Robot/install/zlac8015d_driver/share/zlac8015d_driver/package.xml
