[0.262s] [34mcolcon[0m [1;30mDEBUG[0m [32mCommand line arguments: ['/usr/bin/colcon', 'build'][0m
[0.263s] [34mcolcon[0m [1;30mDEBUG[0m [32mParsed command line arguments: Namespace(log_base=None, log_level=None, verb_name='build', build_base='build', install_base='install', merge_install=False, symlink_install=False, test_result_base=None, continue_on_error=False, executor='parallel', parallel_workers=6, event_handlers=None, ignore_user_meta=False, metas=['./colcon.meta'], base_paths=['.'], packages_ignore=None, packages_ignore_regex=None, paths=None, packages_up_to=None, packages_up_to_regex=None, packages_above=None, packages_above_and_dependencies=None, packages_above_depth=None, packages_select_by_dep=None, packages_skip_by_dep=None, packages_skip_up_to=None, packages_select_build_failed=False, packages_skip_build_finished=False, packages_select_test_failures=False, packages_skip_test_passed=False, packages_select=None, packages_skip=None, packages_select_regex=None, packages_skip_regex=None, packages_start=None, packages_end=None, allow_overriding=[], cmake_args=None, cmake_target=None, cmake_target_skip_unavailable=False, cmake_clean_cache=False, cmake_clean_first=False, cmake_force_configure=False, ament_cmake_args=None, catkin_cmake_args=None, catkin_skip_building_tests=False, mixin_files=None, mixin=None, verb_parser=<colcon_mixin.mixin.mixin_argument.MixinArgumentDecorator object at 0xffff84e25d20>, verb_extension=<colcon_core.verb.build.BuildVerb object at 0xffff84fe7280>, main=<bound method BuildVerb.main of <colcon_core.verb.build.BuildVerb object at 0xffff84fe7280>>, mixin_verb=('build',))[0m
[0.660s] [34mcolcon.colcon_core.package_discovery[0m [1;30mLevel 1[0m discover_packages(colcon_meta) check parameters
[0.660s] [34mcolcon.colcon_core.package_discovery[0m [1;30mLevel 1[0m discover_packages(recursive) check parameters
[0.661s] [34mcolcon.colcon_core.package_discovery[0m [1;30mLevel 1[0m discover_packages(ignore) check parameters
[0.661s] [34mcolcon.colcon_core.package_discovery[0m [1;30mLevel 1[0m discover_packages(path) check parameters
[0.661s] [34mcolcon.colcon_core.package_discovery[0m [1;30mLevel 1[0m discover_packages(colcon_meta) discover
[0.661s] [34mcolcon.colcon_core.package_discovery[0m [1;30mLevel 1[0m discover_packages(recursive) discover
[0.661s] [34mcolcon.colcon_core.package_discovery[0m [1;30mINFO[0m Crawling recursively for packages in '/home/panha/Food_Delivery_Robot'
[0.661s] [34mcolcon.colcon_core.package_identification[0m [1;30mLevel 1[0m _identify(.) by extensions ['ignore', 'ignore_ament_install']
[0.662s] [34mcolcon.colcon_core.package_identification[0m [1;30mLevel 1[0m _identify(.) by extension 'ignore'
[0.662s] [34mcolcon.colcon_core.package_identification[0m [1;30mLevel 1[0m _identify(.) by extension 'ignore_ament_install'
[0.662s] [34mcolcon.colcon_core.package_identification[0m [1;30mLevel 1[0m _identify(.) by extensions ['colcon_pkg']
[0.662s] [34mcolcon.colcon_core.package_identification[0m [1;30mLevel 1[0m _identify(.) by extension 'colcon_pkg'
[0.662s] [34mcolcon.colcon_core.package_identification[0m [1;30mLevel 1[0m _identify(.) by extensions ['colcon_meta']
[0.662s] [34mcolcon.colcon_core.package_identification[0m [1;30mLevel 1[0m _identify(.) by extension 'colcon_meta'
[0.662s] [34mcolcon.colcon_core.package_identification[0m [1;30mLevel 1[0m _identify(.) by extensions ['ros']
[0.662s] [34mcolcon.colcon_core.package_identification[0m [1;30mLevel 1[0m _identify(.) by extension 'ros'
[0.714s] [34mcolcon.colcon_core.package_identification[0m [1;30mLevel 1[0m _identify(.) by extensions ['cmake', 'python']
[0.714s] [34mcolcon.colcon_core.package_identification[0m [1;30mLevel 1[0m _identify(.) by extension 'cmake'
[0.714s] [34mcolcon.colcon_core.package_identification[0m [1;30mLevel 1[0m _identify(.) by extension 'python'
[0.714s] [34mcolcon.colcon_core.package_identification[0m [1;30mLevel 1[0m _identify(.) by extensions ['python_setup_py']
[0.714s] [34mcolcon.colcon_core.package_identification[0m [1;30mLevel 1[0m _identify(.) by extension 'python_setup_py'
[0.715s] [34mcolcon.colcon_core.package_identification[0m [1;30mLevel 1[0m _identify(build) by extensions ['ignore', 'ignore_ament_install']
[0.715s] [34mcolcon.colcon_core.package_identification[0m [1;30mLevel 1[0m _identify(build) by extension 'ignore'
[0.715s] [34mcolcon.colcon_core.package_identification[0m [1;30mLevel 1[0m _identify(build) ignored
[0.715s] [34mcolcon.colcon_core.package_identification[0m [1;30mLevel 1[0m _identify(docs) by extensions ['ignore', 'ignore_ament_install']
[0.716s] [34mcolcon.colcon_core.package_identification[0m [1;30mLevel 1[0m _identify(docs) by extension 'ignore'
[0.716s] [34mcolcon.colcon_core.package_identification[0m [1;30mLevel 1[0m _identify(docs) by extension 'ignore_ament_install'
[0.716s] [34mcolcon.colcon_core.package_identification[0m [1;30mLevel 1[0m _identify(docs) by extensions ['colcon_pkg']
[0.716s] [34mcolcon.colcon_core.package_identification[0m [1;30mLevel 1[0m _identify(docs) by extension 'colcon_pkg'
[0.716s] [34mcolcon.colcon_core.package_identification[0m [1;30mLevel 1[0m _identify(docs) by extensions ['colcon_meta']
[0.716s] [34mcolcon.colcon_core.package_identification[0m [1;30mLevel 1[0m _identify(docs) by extension 'colcon_meta'
[0.716s] [34mcolcon.colcon_core.package_identification[0m [1;30mLevel 1[0m _identify(docs) by extensions ['ros']
[0.716s] [34mcolcon.colcon_core.package_identification[0m [1;30mLevel 1[0m _identify(docs) by extension 'ros'
[0.717s] [34mcolcon.colcon_core.package_identification[0m [1;30mLevel 1[0m _identify(docs) by extensions ['cmake', 'python']
[0.717s] [34mcolcon.colcon_core.package_identification[0m [1;30mLevel 1[0m _identify(docs) by extension 'cmake'
[0.717s] [34mcolcon.colcon_core.package_identification[0m [1;30mLevel 1[0m _identify(docs) by extension 'python'
[0.717s] [34mcolcon.colcon_core.package_identification[0m [1;30mLevel 1[0m _identify(docs) by extensions ['python_setup_py']
[0.717s] [34mcolcon.colcon_core.package_identification[0m [1;30mLevel 1[0m _identify(docs) by extension 'python_setup_py'
[0.717s] [34mcolcon.colcon_core.package_identification[0m [1;30mLevel 1[0m _identify(docs/EKF) by extensions ['ignore', 'ignore_ament_install']
[0.718s] [34mcolcon.colcon_core.package_identification[0m [1;30mLevel 1[0m _identify(docs/EKF) by extension 'ignore'
[0.718s] [34mcolcon.colcon_core.package_identification[0m [1;30mLevel 1[0m _identify(docs/EKF) by extension 'ignore_ament_install'
[0.718s] [34mcolcon.colcon_core.package_identification[0m [1;30mLevel 1[0m _identify(docs/EKF) by extensions ['colcon_pkg']
[0.718s] [34mcolcon.colcon_core.package_identification[0m [1;30mLevel 1[0m _identify(docs/EKF) by extension 'colcon_pkg'
[0.718s] [34mcolcon.colcon_core.package_identification[0m [1;30mLevel 1[0m _identify(docs/EKF) by extensions ['colcon_meta']
[0.718s] [34mcolcon.colcon_core.package_identification[0m [1;30mLevel 1[0m _identify(docs/EKF) by extension 'colcon_meta'
[0.718s] [34mcolcon.colcon_core.package_identification[0m [1;30mLevel 1[0m _identify(docs/EKF) by extensions ['ros']
[0.718s] [34mcolcon.colcon_core.package_identification[0m [1;30mLevel 1[0m _identify(docs/EKF) by extension 'ros'
[0.718s] [34mcolcon.colcon_core.package_identification[0m [1;30mLevel 1[0m _identify(docs/EKF) by extensions ['cmake', 'python']
[0.719s] [34mcolcon.colcon_core.package_identification[0m [1;30mLevel 1[0m _identify(docs/EKF) by extension 'cmake'
[0.719s] [34mcolcon.colcon_core.package_identification[0m [1;30mLevel 1[0m _identify(docs/EKF) by extension 'python'
[0.719s] [34mcolcon.colcon_core.package_identification[0m [1;30mLevel 1[0m _identify(docs/EKF) by extensions ['python_setup_py']
[0.719s] [34mcolcon.colcon_core.package_identification[0m [1;30mLevel 1[0m _identify(docs/EKF) by extension 'python_setup_py'
[0.719s] [34mcolcon.colcon_core.package_identification[0m [1;30mLevel 1[0m _identify(docs/Map) by extensions ['ignore', 'ignore_ament_install']
[0.719s] [34mcolcon.colcon_core.package_identification[0m [1;30mLevel 1[0m _identify(docs/Map) by extension 'ignore'
[0.719s] [34mcolcon.colcon_core.package_identification[0m [1;30mLevel 1[0m _identify(docs/Map) by extension 'ignore_ament_install'
[0.720s] [34mcolcon.colcon_core.package_identification[0m [1;30mLevel 1[0m _identify(docs/Map) by extensions ['colcon_pkg']
[0.720s] [34mcolcon.colcon_core.package_identification[0m [1;30mLevel 1[0m _identify(docs/Map) by extension 'colcon_pkg'
[0.720s] [34mcolcon.colcon_core.package_identification[0m [1;30mLevel 1[0m _identify(docs/Map) by extensions ['colcon_meta']
[0.720s] [34mcolcon.colcon_core.package_identification[0m [1;30mLevel 1[0m _identify(docs/Map) by extension 'colcon_meta'
[0.720s] [34mcolcon.colcon_core.package_identification[0m [1;30mLevel 1[0m _identify(docs/Map) by extensions ['ros']
[0.720s] [34mcolcon.colcon_core.package_identification[0m [1;30mLevel 1[0m _identify(docs/Map) by extension 'ros'
[0.720s] [34mcolcon.colcon_core.package_identification[0m [1;30mLevel 1[0m _identify(docs/Map) by extensions ['cmake', 'python']
[0.720s] [34mcolcon.colcon_core.package_identification[0m [1;30mLevel 1[0m _identify(docs/Map) by extension 'cmake'
[0.720s] [34mcolcon.colcon_core.package_identification[0m [1;30mLevel 1[0m _identify(docs/Map) by extension 'python'
[0.720s] [34mcolcon.colcon_core.package_identification[0m [1;30mLevel 1[0m _identify(docs/Map) by extensions ['python_setup_py']
[0.720s] [34mcolcon.colcon_core.package_identification[0m [1;30mLevel 1[0m _identify(docs/Map) by extension 'python_setup_py'
[0.721s] [34mcolcon.colcon_core.package_identification[0m [1;30mLevel 1[0m _identify(docs/ROS2_Nav2) by extensions ['ignore', 'ignore_ament_install']
[0.721s] [34mcolcon.colcon_core.package_identification[0m [1;30mLevel 1[0m _identify(docs/ROS2_Nav2) by extension 'ignore'
[0.721s] [34mcolcon.colcon_core.package_identification[0m [1;30mLevel 1[0m _identify(docs/ROS2_Nav2) by extension 'ignore_ament_install'
[0.721s] [34mcolcon.colcon_core.package_identification[0m [1;30mLevel 1[0m _identify(docs/ROS2_Nav2) by extensions ['colcon_pkg']
[0.721s] [34mcolcon.colcon_core.package_identification[0m [1;30mLevel 1[0m _identify(docs/ROS2_Nav2) by extension 'colcon_pkg'
[0.721s] [34mcolcon.colcon_core.package_identification[0m [1;30mLevel 1[0m _identify(docs/ROS2_Nav2) by extensions ['colcon_meta']
[0.721s] [34mcolcon.colcon_core.package_identification[0m [1;30mLevel 1[0m _identify(docs/ROS2_Nav2) by extension 'colcon_meta'
[0.721s] [34mcolcon.colcon_core.package_identification[0m [1;30mLevel 1[0m _identify(docs/ROS2_Nav2) by extensions ['ros']
[0.722s] [34mcolcon.colcon_core.package_identification[0m [1;30mLevel 1[0m _identify(docs/ROS2_Nav2) by extension 'ros'
[0.722s] [34mcolcon.colcon_core.package_identification[0m [1;30mLevel 1[0m _identify(docs/ROS2_Nav2) by extensions ['cmake', 'python']
[0.722s] [34mcolcon.colcon_core.package_identification[0m [1;30mLevel 1[0m _identify(docs/ROS2_Nav2) by extension 'cmake'
[0.722s] [34mcolcon.colcon_core.package_identification[0m [1;30mLevel 1[0m _identify(docs/ROS2_Nav2) by extension 'python'
[0.722s] [34mcolcon.colcon_core.package_identification[0m [1;30mLevel 1[0m _identify(docs/ROS2_Nav2) by extensions ['python_setup_py']
[0.722s] [34mcolcon.colcon_core.package_identification[0m [1;30mLevel 1[0m _identify(docs/ROS2_Nav2) by extension 'python_setup_py'
[0.722s] [34mcolcon.colcon_core.package_identification[0m [1;30mLevel 1[0m _identify(docs/graph) by extensions ['ignore', 'ignore_ament_install']
[0.722s] [34mcolcon.colcon_core.package_identification[0m [1;30mLevel 1[0m _identify(docs/graph) by extension 'ignore'
[0.723s] [34mcolcon.colcon_core.package_identification[0m [1;30mLevel 1[0m _identify(docs/graph) by extension 'ignore_ament_install'
[0.723s] [34mcolcon.colcon_core.package_identification[0m [1;30mLevel 1[0m _identify(docs/graph) by extensions ['colcon_pkg']
[0.723s] [34mcolcon.colcon_core.package_identification[0m [1;30mLevel 1[0m _identify(docs/graph) by extension 'colcon_pkg'
[0.723s] [34mcolcon.colcon_core.package_identification[0m [1;30mLevel 1[0m _identify(docs/graph) by extensions ['colcon_meta']
[0.723s] [34mcolcon.colcon_core.package_identification[0m [1;30mLevel 1[0m _identify(docs/graph) by extension 'colcon_meta'
[0.723s] [34mcolcon.colcon_core.package_identification[0m [1;30mLevel 1[0m _identify(docs/graph) by extensions ['ros']
[0.723s] [34mcolcon.colcon_core.package_identification[0m [1;30mLevel 1[0m _identify(docs/graph) by extension 'ros'
[0.723s] [34mcolcon.colcon_core.package_identification[0m [1;30mLevel 1[0m _identify(docs/graph) by extensions ['cmake', 'python']
[0.723s] [34mcolcon.colcon_core.package_identification[0m [1;30mLevel 1[0m _identify(docs/graph) by extension 'cmake'
[0.724s] [34mcolcon.colcon_core.package_identification[0m [1;30mLevel 1[0m _identify(docs/graph) by extension 'python'
[0.724s] [34mcolcon.colcon_core.package_identification[0m [1;30mLevel 1[0m _identify(docs/graph) by extensions ['python_setup_py']
[0.724s] [34mcolcon.colcon_core.package_identification[0m [1;30mLevel 1[0m _identify(docs/graph) by extension 'python_setup_py'
[0.724s] [34mcolcon.colcon_core.package_identification[0m [1;30mLevel 1[0m _identify(install) by extensions ['ignore', 'ignore_ament_install']
[0.724s] [34mcolcon.colcon_core.package_identification[0m [1;30mLevel 1[0m _identify(install) by extension 'ignore'
[0.724s] [34mcolcon.colcon_core.package_identification[0m [1;30mLevel 1[0m _identify(install) ignored
[0.724s] [34mcolcon.colcon_core.package_identification[0m [1;30mLevel 1[0m _identify(log) by extensions ['ignore', 'ignore_ament_install']
[0.725s] [34mcolcon.colcon_core.package_identification[0m [1;30mLevel 1[0m _identify(log) by extension 'ignore'
[0.725s] [34mcolcon.colcon_core.package_identification[0m [1;30mLevel 1[0m _identify(log) ignored
[0.725s] [34mcolcon.colcon_core.package_identification[0m [1;30mLevel 1[0m _identify(src) by extensions ['ignore', 'ignore_ament_install']
[0.725s] [34mcolcon.colcon_core.package_identification[0m [1;30mLevel 1[0m _identify(src) by extension 'ignore'
[0.725s] [34mcolcon.colcon_core.package_identification[0m [1;30mLevel 1[0m _identify(src) by extension 'ignore_ament_install'
[0.725s] [34mcolcon.colcon_core.package_identification[0m [1;30mLevel 1[0m _identify(src) by extensions ['colcon_pkg']
[0.725s] [34mcolcon.colcon_core.package_identification[0m [1;30mLevel 1[0m _identify(src) by extension 'colcon_pkg'
[0.726s] [34mcolcon.colcon_core.package_identification[0m [1;30mLevel 1[0m _identify(src) by extensions ['colcon_meta']
[0.726s] [34mcolcon.colcon_core.package_identification[0m [1;30mLevel 1[0m _identify(src) by extension 'colcon_meta'
[0.726s] [34mcolcon.colcon_core.package_identification[0m [1;30mLevel 1[0m _identify(src) by extensions ['ros']
[0.726s] [34mcolcon.colcon_core.package_identification[0m [1;30mLevel 1[0m _identify(src) by extension 'ros'
[0.726s] [34mcolcon.colcon_core.package_identification[0m [1;30mLevel 1[0m _identify(src) by extensions ['cmake', 'python']
[0.726s] [34mcolcon.colcon_core.package_identification[0m [1;30mLevel 1[0m _identify(src) by extension 'cmake'
[0.726s] [34mcolcon.colcon_core.package_identification[0m [1;30mLevel 1[0m _identify(src) by extension 'python'
[0.726s] [34mcolcon.colcon_core.package_identification[0m [1;30mLevel 1[0m _identify(src) by extensions ['python_setup_py']
[0.726s] [34mcolcon.colcon_core.package_identification[0m [1;30mLevel 1[0m _identify(src) by extension 'python_setup_py'
[0.727s] [34mcolcon.colcon_core.package_identification[0m [1;30mLevel 1[0m _identify(src/food_del_robot) by extensions ['ignore', 'ignore_ament_install']
[0.727s] [34mcolcon.colcon_core.package_identification[0m [1;30mLevel 1[0m _identify(src/food_del_robot) by extension 'ignore'
[0.727s] [34mcolcon.colcon_core.package_identification[0m [1;30mLevel 1[0m _identify(src/food_del_robot) by extension 'ignore_ament_install'
[0.727s] [34mcolcon.colcon_core.package_identification[0m [1;30mLevel 1[0m _identify(src/food_del_robot) by extensions ['colcon_pkg']
[0.727s] [34mcolcon.colcon_core.package_identification[0m [1;30mLevel 1[0m _identify(src/food_del_robot) by extension 'colcon_pkg'
[0.727s] [34mcolcon.colcon_core.package_identification[0m [1;30mLevel 1[0m _identify(src/food_del_robot) by extensions ['colcon_meta']
[0.727s] [34mcolcon.colcon_core.package_identification[0m [1;30mLevel 1[0m _identify(src/food_del_robot) by extension 'colcon_meta'
[0.727s] [34mcolcon.colcon_core.package_identification[0m [1;30mLevel 1[0m _identify(src/food_del_robot) by extensions ['ros']
[0.727s] [34mcolcon.colcon_core.package_identification[0m [1;30mLevel 1[0m _identify(src/food_del_robot) by extension 'ros'
[0.734s] [34mcolcon.colcon_core.package_identification[0m [1;30mDEBUG[0m [32mPackage 'src/food_del_robot' with type 'ros.ament_cmake' and name 'food_del_robot'[0m
[0.734s] [34mcolcon.colcon_core.package_identification[0m [1;30mLevel 1[0m _identify(src/food_del_robot_description) by extensions ['ignore', 'ignore_ament_install']
[0.734s] [34mcolcon.colcon_core.package_identification[0m [1;30mLevel 1[0m _identify(src/food_del_robot_description) by extension 'ignore'
[0.734s] [34mcolcon.colcon_core.package_identification[0m [1;30mLevel 1[0m _identify(src/food_del_robot_description) by extension 'ignore_ament_install'
[0.735s] [34mcolcon.colcon_core.package_identification[0m [1;30mLevel 1[0m _identify(src/food_del_robot_description) by extensions ['colcon_pkg']
[0.735s] [34mcolcon.colcon_core.package_identification[0m [1;30mLevel 1[0m _identify(src/food_del_robot_description) by extension 'colcon_pkg'
[0.735s] [34mcolcon.colcon_core.package_identification[0m [1;30mLevel 1[0m _identify(src/food_del_robot_description) by extensions ['colcon_meta']
[0.735s] [34mcolcon.colcon_core.package_identification[0m [1;30mLevel 1[0m _identify(src/food_del_robot_description) by extension 'colcon_meta'
[0.735s] [34mcolcon.colcon_core.package_identification[0m [1;30mLevel 1[0m _identify(src/food_del_robot_description) by extensions ['ros']
[0.735s] [34mcolcon.colcon_core.package_identification[0m [1;30mLevel 1[0m _identify(src/food_del_robot_description) by extension 'ros'
[0.736s] [34mcolcon.colcon_core.package_identification[0m [1;30mDEBUG[0m [32mPackage 'src/food_del_robot_description' with type 'ros.ament_cmake' and name 'food_del_robot_description'[0m
[0.737s] [34mcolcon.colcon_core.package_identification[0m [1;30mLevel 1[0m _identify(src/robot_kinematic) by extensions ['ignore', 'ignore_ament_install']
[0.737s] [34mcolcon.colcon_core.package_identification[0m [1;30mLevel 1[0m _identify(src/robot_kinematic) by extension 'ignore'
[0.737s] [34mcolcon.colcon_core.package_identification[0m [1;30mLevel 1[0m _identify(src/robot_kinematic) ignored
[0.737s] [34mcolcon.colcon_core.package_identification[0m [1;30mLevel 1[0m _identify(src/rplidar_ros-ros2) by extensions ['ignore', 'ignore_ament_install']
[0.737s] [34mcolcon.colcon_core.package_identification[0m [1;30mLevel 1[0m _identify(src/rplidar_ros-ros2) by extension 'ignore'
[0.737s] [34mcolcon.colcon_core.package_identification[0m [1;30mLevel 1[0m _identify(src/rplidar_ros-ros2) by extension 'ignore_ament_install'
[0.738s] [34mcolcon.colcon_core.package_identification[0m [1;30mLevel 1[0m _identify(src/rplidar_ros-ros2) by extensions ['colcon_pkg']
[0.738s] [34mcolcon.colcon_core.package_identification[0m [1;30mLevel 1[0m _identify(src/rplidar_ros-ros2) by extension 'colcon_pkg'
[0.738s] [34mcolcon.colcon_core.package_identification[0m [1;30mLevel 1[0m _identify(src/rplidar_ros-ros2) by extensions ['colcon_meta']
[0.738s] [34mcolcon.colcon_core.package_identification[0m [1;30mLevel 1[0m _identify(src/rplidar_ros-ros2) by extension 'colcon_meta'
[0.738s] [34mcolcon.colcon_core.package_identification[0m [1;30mLevel 1[0m _identify(src/rplidar_ros-ros2) by extensions ['ros']
[0.738s] [34mcolcon.colcon_core.package_identification[0m [1;30mLevel 1[0m _identify(src/rplidar_ros-ros2) by extension 'ros'
[0.739s] [34mcolcon.colcon_core.package_identification[0m [1;30mDEBUG[0m [32mPackage 'src/rplidar_ros-ros2' with type 'ros.ament_cmake' and name 'rplidar_ros'[0m
[0.740s] [34mcolcon.colcon_core.package_identification[0m [1;30mLevel 1[0m _identify(src/yahboom_imu_10_axis) by extensions ['ignore', 'ignore_ament_install']
[0.740s] [34mcolcon.colcon_core.package_identification[0m [1;30mLevel 1[0m _identify(src/yahboom_imu_10_axis) by extension 'ignore'
[0.740s] [34mcolcon.colcon_core.package_identification[0m [1;30mLevel 1[0m _identify(src/yahboom_imu_10_axis) by extension 'ignore_ament_install'
[0.740s] [34mcolcon.colcon_core.package_identification[0m [1;30mLevel 1[0m _identify(src/yahboom_imu_10_axis) by extensions ['colcon_pkg']
[0.740s] [34mcolcon.colcon_core.package_identification[0m [1;30mLevel 1[0m _identify(src/yahboom_imu_10_axis) by extension 'colcon_pkg'
[0.740s] [34mcolcon.colcon_core.package_identification[0m [1;30mLevel 1[0m _identify(src/yahboom_imu_10_axis) by extensions ['colcon_meta']
[0.740s] [34mcolcon.colcon_core.package_identification[0m [1;30mLevel 1[0m _identify(src/yahboom_imu_10_axis) by extension 'colcon_meta'
[0.740s] [34mcolcon.colcon_core.package_identification[0m [1;30mLevel 1[0m _identify(src/yahboom_imu_10_axis) by extensions ['ros']
[0.741s] [34mcolcon.colcon_core.package_identification[0m [1;30mLevel 1[0m _identify(src/yahboom_imu_10_axis) by extension 'ros'
[0.742s] [34mcolcon.colcon_core.package_identification[0m [1;30mDEBUG[0m [32mPackage 'src/yahboom_imu_10_axis' with type 'ros.ament_cmake' and name 'yahboom_imu_10_axis'[0m
[0.742s] [34mcolcon.colcon_core.package_identification[0m [1;30mLevel 1[0m _identify(src/zlac8015d_driver) by extensions ['ignore', 'ignore_ament_install']
[0.742s] [34mcolcon.colcon_core.package_identification[0m [1;30mLevel 1[0m _identify(src/zlac8015d_driver) by extension 'ignore'
[0.742s] [34mcolcon.colcon_core.package_identification[0m [1;30mLevel 1[0m _identify(src/zlac8015d_driver) by extension 'ignore_ament_install'
[0.742s] [34mcolcon.colcon_core.package_identification[0m [1;30mLevel 1[0m _identify(src/zlac8015d_driver) by extensions ['colcon_pkg']
[0.743s] [34mcolcon.colcon_core.package_identification[0m [1;30mLevel 1[0m _identify(src/zlac8015d_driver) by extension 'colcon_pkg'
[0.743s] [34mcolcon.colcon_core.package_identification[0m [1;30mLevel 1[0m _identify(src/zlac8015d_driver) by extensions ['colcon_meta']
[0.743s] [34mcolcon.colcon_core.package_identification[0m [1;30mLevel 1[0m _identify(src/zlac8015d_driver) by extension 'colcon_meta'
[0.743s] [34mcolcon.colcon_core.package_identification[0m [1;30mLevel 1[0m _identify(src/zlac8015d_driver) by extensions ['ros']
[0.743s] [34mcolcon.colcon_core.package_identification[0m [1;30mLevel 1[0m _identify(src/zlac8015d_driver) by extension 'ros'
[0.744s] [34mcolcon.colcon_core.package_identification[0m [1;30mDEBUG[0m [32mPackage 'src/zlac8015d_driver' with type 'ros.ament_cmake' and name 'zlac8015d_driver'[0m
[0.744s] [34mcolcon.colcon_core.package_discovery[0m [1;30mLevel 1[0m discover_packages(recursive) using defaults
[0.745s] [34mcolcon.colcon_core.package_discovery[0m [1;30mLevel 1[0m discover_packages(ignore) discover
[0.745s] [34mcolcon.colcon_core.package_discovery[0m [1;30mLevel 1[0m discover_packages(ignore) using defaults
[0.745s] [34mcolcon.colcon_core.package_discovery[0m [1;30mLevel 1[0m discover_packages(path) discover
[0.745s] [34mcolcon.colcon_core.package_discovery[0m [1;30mLevel 1[0m discover_packages(path) using defaults
[0.779s] [34mcolcon.colcon_core.package_discovery[0m [1;30mLevel 1[0m discover_packages(prefix_path) check parameters
[0.779s] [34mcolcon.colcon_core.package_discovery[0m [1;30mLevel 1[0m discover_packages(prefix_path) discover
[0.784s] [34mcolcon.colcon_installed_package_information.package_discovery[0m [1;30mDEBUG[0m [32mFound 5 installed packages in /home/panha/Food_Delivery_Robot/install[0m
[0.785s] [34mcolcon.colcon_installed_package_information.package_discovery[0m [1;30mDEBUG[0m [32mFound 1 installed packages in /home/panha/yolo_ws/install[0m
[0.786s] [34mcolcon.colcon_installed_package_information.package_discovery[0m [1;30mDEBUG[0m [32mFound 3 installed packages in /home/panha/ros2_ws/install[0m
[0.789s] [34mcolcon.colcon_installed_package_information.package_discovery[0m [1;30mDEBUG[0m [32mFound 361 installed packages in /opt/ros/humble[0m
[0.794s] [34mcolcon.colcon_core.package_discovery[0m [1;30mLevel 1[0m discover_packages(prefix_path) using defaults
[0.890s] [34mcolcon.colcon_core.verb[0m [1;30mLevel 5[0m set package 'food_del_robot' build argument 'cmake_args' from command line to 'None'
[0.890s] [34mcolcon.colcon_core.verb[0m [1;30mLevel 5[0m set package 'food_del_robot' build argument 'cmake_target' from command line to 'None'
[0.890s] [34mcolcon.colcon_core.verb[0m [1;30mLevel 5[0m set package 'food_del_robot' build argument 'cmake_target_skip_unavailable' from command line to 'False'
[0.890s] [34mcolcon.colcon_core.verb[0m [1;30mLevel 5[0m set package 'food_del_robot' build argument 'cmake_clean_cache' from command line to 'False'
[0.890s] [34mcolcon.colcon_core.verb[0m [1;30mLevel 5[0m set package 'food_del_robot' build argument 'cmake_clean_first' from command line to 'False'
[0.890s] [34mcolcon.colcon_core.verb[0m [1;30mLevel 5[0m set package 'food_del_robot' build argument 'cmake_force_configure' from command line to 'False'
[0.890s] [34mcolcon.colcon_core.verb[0m [1;30mLevel 5[0m set package 'food_del_robot' build argument 'ament_cmake_args' from command line to 'None'
[0.890s] [34mcolcon.colcon_core.verb[0m [1;30mLevel 5[0m set package 'food_del_robot' build argument 'catkin_cmake_args' from command line to 'None'
[0.890s] [34mcolcon.colcon_core.verb[0m [1;30mLevel 5[0m set package 'food_del_robot' build argument 'catkin_skip_building_tests' from command line to 'False'
[0.890s] [34mcolcon.colcon_core.verb[0m [1;30mDEBUG[0m [32mBuilding package 'food_del_robot' with the following arguments: {'ament_cmake_args': None, 'build_base': '/home/panha/Food_Delivery_Robot/build/food_del_robot', 'catkin_cmake_args': None, 'catkin_skip_building_tests': False, 'cmake_args': None, 'cmake_clean_cache': False, 'cmake_clean_first': False, 'cmake_force_configure': False, 'cmake_target': None, 'cmake_target_skip_unavailable': False, 'install_base': '/home/panha/Food_Delivery_Robot/install/food_del_robot', 'merge_install': False, 'path': '/home/panha/Food_Delivery_Robot/src/food_del_robot', 'symlink_install': False, 'test_result_base': None}[0m
[0.891s] [34mcolcon.colcon_core.verb[0m [1;30mLevel 5[0m set package 'rplidar_ros' build argument 'cmake_args' from command line to 'None'
[0.891s] [34mcolcon.colcon_core.verb[0m [1;30mLevel 5[0m set package 'rplidar_ros' build argument 'cmake_target' from command line to 'None'
[0.891s] [34mcolcon.colcon_core.verb[0m [1;30mLevel 5[0m set package 'rplidar_ros' build argument 'cmake_target_skip_unavailable' from command line to 'False'
[0.891s] [34mcolcon.colcon_core.verb[0m [1;30mLevel 5[0m set package 'rplidar_ros' build argument 'cmake_clean_cache' from command line to 'False'
[0.892s] [34mcolcon.colcon_core.verb[0m [1;30mLevel 5[0m set package 'rplidar_ros' build argument 'cmake_clean_first' from command line to 'False'
[0.892s] [34mcolcon.colcon_core.verb[0m [1;30mLevel 5[0m set package 'rplidar_ros' build argument 'cmake_force_configure' from command line to 'False'
[0.892s] [34mcolcon.colcon_core.verb[0m [1;30mLevel 5[0m set package 'rplidar_ros' build argument 'ament_cmake_args' from command line to 'None'
[0.892s] [34mcolcon.colcon_core.verb[0m [1;30mLevel 5[0m set package 'rplidar_ros' build argument 'catkin_cmake_args' from command line to 'None'
[0.892s] [34mcolcon.colcon_core.verb[0m [1;30mLevel 5[0m set package 'rplidar_ros' build argument 'catkin_skip_building_tests' from command line to 'False'
[0.892s] [34mcolcon.colcon_core.verb[0m [1;30mDEBUG[0m [32mBuilding package 'rplidar_ros' with the following arguments: {'ament_cmake_args': None, 'build_base': '/home/panha/Food_Delivery_Robot/build/rplidar_ros', 'catkin_cmake_args': None, 'catkin_skip_building_tests': False, 'cmake_args': None, 'cmake_clean_cache': False, 'cmake_clean_first': False, 'cmake_force_configure': False, 'cmake_target': None, 'cmake_target_skip_unavailable': False, 'install_base': '/home/panha/Food_Delivery_Robot/install/rplidar_ros', 'merge_install': False, 'path': '/home/panha/Food_Delivery_Robot/src/rplidar_ros-ros2', 'symlink_install': False, 'test_result_base': None}[0m
[0.893s] [34mcolcon.colcon_core.verb[0m [1;30mLevel 5[0m set package 'yahboom_imu_10_axis' build argument 'cmake_args' from command line to 'None'
[0.893s] [34mcolcon.colcon_core.verb[0m [1;30mLevel 5[0m set package 'yahboom_imu_10_axis' build argument 'cmake_target' from command line to 'None'
[0.893s] [34mcolcon.colcon_core.verb[0m [1;30mLevel 5[0m set package 'yahboom_imu_10_axis' build argument 'cmake_target_skip_unavailable' from command line to 'False'
[0.893s] [34mcolcon.colcon_core.verb[0m [1;30mLevel 5[0m set package 'yahboom_imu_10_axis' build argument 'cmake_clean_cache' from command line to 'False'
[0.893s] [34mcolcon.colcon_core.verb[0m [1;30mLevel 5[0m set package 'yahboom_imu_10_axis' build argument 'cmake_clean_first' from command line to 'False'
[0.893s] [34mcolcon.colcon_core.verb[0m [1;30mLevel 5[0m set package 'yahboom_imu_10_axis' build argument 'cmake_force_configure' from command line to 'False'
[0.893s] [34mcolcon.colcon_core.verb[0m [1;30mLevel 5[0m set package 'yahboom_imu_10_axis' build argument 'ament_cmake_args' from command line to 'None'
[0.893s] [34mcolcon.colcon_core.verb[0m [1;30mLevel 5[0m set package 'yahboom_imu_10_axis' build argument 'catkin_cmake_args' from command line to 'None'
[0.893s] [34mcolcon.colcon_core.verb[0m [1;30mLevel 5[0m set package 'yahboom_imu_10_axis' build argument 'catkin_skip_building_tests' from command line to 'False'
[0.893s] [34mcolcon.colcon_core.verb[0m [1;30mDEBUG[0m [32mBuilding package 'yahboom_imu_10_axis' with the following arguments: {'ament_cmake_args': None, 'build_base': '/home/panha/Food_Delivery_Robot/build/yahboom_imu_10_axis', 'catkin_cmake_args': None, 'catkin_skip_building_tests': False, 'cmake_args': None, 'cmake_clean_cache': False, 'cmake_clean_first': False, 'cmake_force_configure': False, 'cmake_target': None, 'cmake_target_skip_unavailable': False, 'install_base': '/home/panha/Food_Delivery_Robot/install/yahboom_imu_10_axis', 'merge_install': False, 'path': '/home/panha/Food_Delivery_Robot/src/yahboom_imu_10_axis', 'symlink_install': False, 'test_result_base': None}[0m
[0.894s] [34mcolcon.colcon_core.verb[0m [1;30mLevel 5[0m set package 'zlac8015d_driver' build argument 'cmake_args' from command line to 'None'
[0.894s] [34mcolcon.colcon_core.verb[0m [1;30mLevel 5[0m set package 'zlac8015d_driver' build argument 'cmake_target' from command line to 'None'
[0.894s] [34mcolcon.colcon_core.verb[0m [1;30mLevel 5[0m set package 'zlac8015d_driver' build argument 'cmake_target_skip_unavailable' from command line to 'False'
[0.894s] [34mcolcon.colcon_core.verb[0m [1;30mLevel 5[0m set package 'zlac8015d_driver' build argument 'cmake_clean_cache' from command line to 'False'
[0.894s] [34mcolcon.colcon_core.verb[0m [1;30mLevel 5[0m set package 'zlac8015d_driver' build argument 'cmake_clean_first' from command line to 'False'
[0.894s] [34mcolcon.colcon_core.verb[0m [1;30mLevel 5[0m set package 'zlac8015d_driver' build argument 'cmake_force_configure' from command line to 'False'
[0.894s] [34mcolcon.colcon_core.verb[0m [1;30mLevel 5[0m set package 'zlac8015d_driver' build argument 'ament_cmake_args' from command line to 'None'
[0.894s] [34mcolcon.colcon_core.verb[0m [1;30mLevel 5[0m set package 'zlac8015d_driver' build argument 'catkin_cmake_args' from command line to 'None'
[0.894s] [34mcolcon.colcon_core.verb[0m [1;30mLevel 5[0m set package 'zlac8015d_driver' build argument 'catkin_skip_building_tests' from command line to 'False'
[0.894s] [34mcolcon.colcon_core.verb[0m [1;30mDEBUG[0m [32mBuilding package 'zlac8015d_driver' with the following arguments: {'ament_cmake_args': None, 'build_base': '/home/panha/Food_Delivery_Robot/build/zlac8015d_driver', 'catkin_cmake_args': None, 'catkin_skip_building_tests': False, 'cmake_args': None, 'cmake_clean_cache': False, 'cmake_clean_first': False, 'cmake_force_configure': False, 'cmake_target': None, 'cmake_target_skip_unavailable': False, 'install_base': '/home/panha/Food_Delivery_Robot/install/zlac8015d_driver', 'merge_install': False, 'path': '/home/panha/Food_Delivery_Robot/src/zlac8015d_driver', 'symlink_install': False, 'test_result_base': None}[0m
[0.895s] [34mcolcon.colcon_core.verb[0m [1;30mLevel 5[0m set package 'food_del_robot_description' build argument 'cmake_args' from command line to 'None'
[0.895s] [34mcolcon.colcon_core.verb[0m [1;30mLevel 5[0m set package 'food_del_robot_description' build argument 'cmake_target' from command line to 'None'
[0.895s] [34mcolcon.colcon_core.verb[0m [1;30mLevel 5[0m set package 'food_del_robot_description' build argument 'cmake_target_skip_unavailable' from command line to 'False'
[0.895s] [34mcolcon.colcon_core.verb[0m [1;30mLevel 5[0m set package 'food_del_robot_description' build argument 'cmake_clean_cache' from command line to 'False'
[0.895s] [34mcolcon.colcon_core.verb[0m [1;30mLevel 5[0m set package 'food_del_robot_description' build argument 'cmake_clean_first' from command line to 'False'
[0.895s] [34mcolcon.colcon_core.verb[0m [1;30mLevel 5[0m set package 'food_del_robot_description' build argument 'cmake_force_configure' from command line to 'False'
[0.895s] [34mcolcon.colcon_core.verb[0m [1;30mLevel 5[0m set package 'food_del_robot_description' build argument 'ament_cmake_args' from command line to 'None'
[0.895s] [34mcolcon.colcon_core.verb[0m [1;30mLevel 5[0m set package 'food_del_robot_description' build argument 'catkin_cmake_args' from command line to 'None'
[0.895s] [34mcolcon.colcon_core.verb[0m [1;30mLevel 5[0m set package 'food_del_robot_description' build argument 'catkin_skip_building_tests' from command line to 'False'
[0.896s] [34mcolcon.colcon_core.verb[0m [1;30mDEBUG[0m [32mBuilding package 'food_del_robot_description' with the following arguments: {'ament_cmake_args': None, 'build_base': '/home/panha/Food_Delivery_Robot/build/food_del_robot_description', 'catkin_cmake_args': None, 'catkin_skip_building_tests': False, 'cmake_args': None, 'cmake_clean_cache': False, 'cmake_clean_first': False, 'cmake_force_configure': False, 'cmake_target': None, 'cmake_target_skip_unavailable': False, 'install_base': '/home/panha/Food_Delivery_Robot/install/food_del_robot_description', 'merge_install': False, 'path': '/home/panha/Food_Delivery_Robot/src/food_del_robot_description', 'symlink_install': False, 'test_result_base': None}[0m
[0.896s] [34mcolcon.colcon_core.executor[0m [1;30mINFO[0m Executing jobs using 'parallel' executor
[0.899s] [34mcolcon.colcon_parallel_executor.executor.parallel[0m [1;30mDEBUG[0m [32mrun_until_complete[0m
[0.899s] [34mcolcon.colcon_ros.task.ament_cmake.build[0m [1;30mINFO[0m Building ROS package in '/home/panha/Food_Delivery_Robot/src/zlac8015d_driver' with build type 'ament_cmake'
[0.900s] [34mcolcon.colcon_cmake.task.cmake.build[0m [1;30mINFO[0m Building CMake package in '/home/panha/Food_Delivery_Robot/src/zlac8015d_driver'
[0.904s] [34mcolcon.colcon_core.plugin_system[0m [1;30mINFO[0m Skipping extension 'colcon_core.shell.bat': Not used on non-Windows systems
[0.905s] [34mcolcon.colcon_core.shell[0m [1;30mINFO[0m Skip shell extension 'powershell' for command environment: Not usable outside of PowerShell
[0.905s] [34mcolcon.colcon_core.shell[0m [1;30mDEBUG[0m [32mSkip shell extension 'dsv' for command environment[0m
[0.915s] [34mcolcon.colcon_ros.task.ament_cmake.build[0m [1;30mINFO[0m Building ROS package in '/home/panha/Food_Delivery_Robot/src/food_del_robot' with build type 'ament_cmake'
[0.915s] [34mcolcon.colcon_cmake.task.cmake.build[0m [1;30mINFO[0m Building CMake package in '/home/panha/Food_Delivery_Robot/src/food_del_robot'
[0.916s] [34mcolcon.colcon_core.shell[0m [1;30mINFO[0m Skip shell extension 'powershell' for command environment: Not usable outside of PowerShell
[0.916s] [34mcolcon.colcon_core.shell[0m [1;30mDEBUG[0m [32mSkip shell extension 'dsv' for command environment[0m
[0.928s] [34mcolcon.colcon_ros.task.ament_cmake.build[0m [1;30mINFO[0m Building ROS package in '/home/panha/Food_Delivery_Robot/src/rplidar_ros-ros2' with build type 'ament_cmake'
[0.928s] [34mcolcon.colcon_cmake.task.cmake.build[0m [1;30mINFO[0m Building CMake package in '/home/panha/Food_Delivery_Robot/src/rplidar_ros-ros2'
[0.929s] [34mcolcon.colcon_core.shell[0m [1;30mINFO[0m Skip shell extension 'powershell' for command environment: Not usable outside of PowerShell
[0.929s] [34mcolcon.colcon_core.shell[0m [1;30mDEBUG[0m [32mSkip shell extension 'dsv' for command environment[0m
[0.942s] [34mcolcon.colcon_ros.task.ament_cmake.build[0m [1;30mINFO[0m Building ROS package in '/home/panha/Food_Delivery_Robot/src/yahboom_imu_10_axis' with build type 'ament_cmake'
[0.943s] [34mcolcon.colcon_cmake.task.cmake.build[0m [1;30mINFO[0m Building CMake package in '/home/panha/Food_Delivery_Robot/src/yahboom_imu_10_axis'
[0.944s] [34mcolcon.colcon_core.shell[0m [1;30mINFO[0m Skip shell extension 'powershell' for command environment: Not usable outside of PowerShell
[0.944s] [34mcolcon.colcon_core.shell[0m [1;30mDEBUG[0m [32mSkip shell extension 'dsv' for command environment[0m
[0.969s] [34mcolcon.colcon_core.event_handler.log_command[0m [1;30mDEBUG[0m [32mInvoking command in '/home/panha/Food_Delivery_Robot/build/zlac8015d_driver': CMAKE_PREFIX_PATH=${CMAKE_PREFIX_PATH}:/home/panha/yolo_ws/install/depth_test:/opt/ros/humble /usr/bin/cmake --build /home/panha/Food_Delivery_Robot/build/zlac8015d_driver -- -j6 -l6[0m
[0.978s] [34mcolcon.colcon_core.event_handler.log_command[0m [1;30mDEBUG[0m [32mInvoking command in '/home/panha/Food_Delivery_Robot/build/food_del_robot': CMAKE_PREFIX_PATH=${CMAKE_PREFIX_PATH}:/home/panha/yolo_ws/install/depth_test:/opt/ros/humble /usr/bin/cmake --build /home/panha/Food_Delivery_Robot/build/food_del_robot -- -j6 -l6[0m
[0.984s] [34mcolcon.colcon_core.event_handler.log_command[0m [1;30mDEBUG[0m [32mInvoking command in '/home/panha/Food_Delivery_Robot/build/rplidar_ros': CMAKE_PREFIX_PATH=${CMAKE_PREFIX_PATH}:/home/panha/yolo_ws/install/depth_test:/opt/ros/humble /usr/bin/cmake --build /home/panha/Food_Delivery_Robot/build/rplidar_ros -- -j6 -l6[0m
[0.991s] [34mcolcon.colcon_core.event_handler.log_command[0m [1;30mDEBUG[0m [32mInvoking command in '/home/panha/Food_Delivery_Robot/build/yahboom_imu_10_axis': CMAKE_PREFIX_PATH=${CMAKE_PREFIX_PATH}:/home/panha/yolo_ws/install/depth_test:/opt/ros/humble /usr/bin/cmake --build /home/panha/Food_Delivery_Robot/build/yahboom_imu_10_axis -- -j6 -l6[0m
[1.287s] [34mcolcon.colcon_core.event_handler.log_command[0m [1;30mDEBUG[0m [32mInvoked command in '/home/panha/Food_Delivery_Robot/build/rplidar_ros' returned '0': CMAKE_PREFIX_PATH=${CMAKE_PREFIX_PATH}:/home/panha/yolo_ws/install/depth_test:/opt/ros/humble /usr/bin/cmake --build /home/panha/Food_Delivery_Robot/build/rplidar_ros -- -j6 -l6[0m
[1.314s] [34mcolcon.colcon_core.event_handler.log_command[0m [1;30mDEBUG[0m [32mInvoking command in '/home/panha/Food_Delivery_Robot/build/rplidar_ros': CMAKE_PREFIX_PATH=${CMAKE_PREFIX_PATH}:/home/panha/yolo_ws/install/depth_test:/opt/ros/humble /usr/bin/cmake --install /home/panha/Food_Delivery_Robot/build/rplidar_ros[0m
[1.319s] [34mcolcon.colcon_core.event_handler.log_command[0m [1;30mDEBUG[0m [32mInvoked command in '/home/panha/Food_Delivery_Robot/build/yahboom_imu_10_axis' returned '0': CMAKE_PREFIX_PATH=${CMAKE_PREFIX_PATH}:/home/panha/yolo_ws/install/depth_test:/opt/ros/humble /usr/bin/cmake --build /home/panha/Food_Delivery_Robot/build/yahboom_imu_10_axis -- -j6 -l6[0m
[1.320s] [34mcolcon.colcon_core.event_handler.log_command[0m [1;30mDEBUG[0m [32mInvoking command in '/home/panha/Food_Delivery_Robot/build/yahboom_imu_10_axis': CMAKE_PREFIX_PATH=${CMAKE_PREFIX_PATH}:/home/panha/yolo_ws/install/depth_test:/opt/ros/humble /usr/bin/cmake --install /home/panha/Food_Delivery_Robot/build/yahboom_imu_10_axis[0m
[1.323s] [34mcolcon.colcon_core.event_handler.log_command[0m [1;30mDEBUG[0m [32mInvoked command in '/home/panha/Food_Delivery_Robot/build/zlac8015d_driver' returned '0': CMAKE_PREFIX_PATH=${CMAKE_PREFIX_PATH}:/home/panha/yolo_ws/install/depth_test:/opt/ros/humble /usr/bin/cmake --build /home/panha/Food_Delivery_Robot/build/zlac8015d_driver -- -j6 -l6[0m
[1.324s] [34mcolcon.colcon_core.event_handler.log_command[0m [1;30mDEBUG[0m [32mInvoking command in '/home/panha/Food_Delivery_Robot/build/zlac8015d_driver': CMAKE_PREFIX_PATH=${CMAKE_PREFIX_PATH}:/home/panha/yolo_ws/install/depth_test:/opt/ros/humble /usr/bin/cmake --install /home/panha/Food_Delivery_Robot/build/zlac8015d_driver[0m
[1.348s] [34mcolcon.colcon_core.environment[0m [1;30mLevel 1[0m create_environment_scripts_only(rplidar_ros)
[1.355s] [34mcolcon.colcon_core.environment[0m [1;30mLevel 1[0m checking '/home/panha/Food_Delivery_Robot/install/rplidar_ros' for CMake module files
[1.356s] [34mcolcon.colcon_core.environment[0m [1;30mLevel 1[0m checking '/home/panha/Food_Delivery_Robot/install/rplidar_ros' for CMake config files
[1.357s] [34mcolcon.colcon_core.shell[0m [1;30mLevel 1[0m create_environment_hook('rplidar_ros', 'cmake_prefix_path')
[1.358s] [34mcolcon.colcon_core.shell[0m [1;30mINFO[0m Creating environment hook '/home/panha/Food_Delivery_Robot/install/rplidar_ros/share/rplidar_ros/hook/cmake_prefix_path.ps1'
[1.361s] [34mcolcon.colcon_core.shell[0m [1;30mINFO[0m Creating environment descriptor '/home/panha/Food_Delivery_Robot/install/rplidar_ros/share/rplidar_ros/hook/cmake_prefix_path.dsv'
[1.362s] [34mcolcon.colcon_core.shell[0m [1;30mINFO[0m Creating environment hook '/home/panha/Food_Delivery_Robot/install/rplidar_ros/share/rplidar_ros/hook/cmake_prefix_path.sh'
[1.365s] [34mcolcon.colcon_core.environment[0m [1;30mLevel 1[0m checking '/home/panha/Food_Delivery_Robot/install/rplidar_ros/lib'
[1.365s] [34mcolcon.colcon_core.environment[0m [1;30mLevel 1[0m checking '/home/panha/Food_Delivery_Robot/install/rplidar_ros/bin'
[1.365s] [34mcolcon.colcon_core.environment[0m [1;30mLevel 1[0m checking '/home/panha/Food_Delivery_Robot/install/rplidar_ros/lib/pkgconfig/rplidar_ros.pc'
[1.366s] [34mcolcon.colcon_core.environment[0m [1;30mLevel 1[0m checking '/home/panha/Food_Delivery_Robot/install/rplidar_ros/lib/python3.10/site-packages'
[1.367s] [34mcolcon.colcon_core.environment[0m [1;30mLevel 1[0m checking '/home/panha/Food_Delivery_Robot/install/rplidar_ros/bin'
[1.367s] [34mcolcon.colcon_core.shell[0m [1;30mINFO[0m Creating package script '/home/panha/Food_Delivery_Robot/install/rplidar_ros/share/rplidar_ros/package.ps1'
[1.378s] [34mcolcon.colcon_core.shell[0m [1;30mINFO[0m Creating package descriptor '/home/panha/Food_Delivery_Robot/install/rplidar_ros/share/rplidar_ros/package.dsv'
[1.384s] [34mcolcon.colcon_core.shell[0m [1;30mINFO[0m Creating package script '/home/panha/Food_Delivery_Robot/install/rplidar_ros/share/rplidar_ros/package.sh'
[1.387s] [34mcolcon.colcon_core.shell[0m [1;30mINFO[0m Creating package script '/home/panha/Food_Delivery_Robot/install/rplidar_ros/share/rplidar_ros/package.bash'
[1.389s] [34mcolcon.colcon_core.event_handler.log_command[0m [1;30mDEBUG[0m [32mInvoked command in '/home/panha/Food_Delivery_Robot/build/rplidar_ros' returned '0': CMAKE_PREFIX_PATH=${CMAKE_PREFIX_PATH}:/home/panha/yolo_ws/install/depth_test:/opt/ros/humble /usr/bin/cmake --install /home/panha/Food_Delivery_Robot/build/rplidar_ros[0m
[1.390s] [34mcolcon.colcon_core.shell[0m [1;30mINFO[0m Creating package script '/home/panha/Food_Delivery_Robot/install/rplidar_ros/share/rplidar_ros/package.zsh'
[1.392s] [34mcolcon.colcon_core.environment[0m [1;30mLevel 1[0m create_file_with_runtime_dependencies(/home/panha/Food_Delivery_Robot/install/rplidar_ros/share/colcon-core/packages/rplidar_ros)
[1.398s] [34mcolcon.colcon_core.environment[0m [1;30mLevel 1[0m create_environment_scripts_only(rplidar_ros)
[1.398s] [34mcolcon.colcon_core.environment[0m [1;30mLevel 1[0m checking '/home/panha/Food_Delivery_Robot/install/rplidar_ros' for CMake module files
[1.399s] [34mcolcon.colcon_core.environment[0m [1;30mLevel 1[0m checking '/home/panha/Food_Delivery_Robot/install/rplidar_ros' for CMake config files
[1.400s] [34mcolcon.colcon_core.shell[0m [1;30mLevel 1[0m create_environment_hook('rplidar_ros', 'cmake_prefix_path')
[1.400s] [34mcolcon.colcon_core.shell[0m [1;30mINFO[0m Creating environment hook '/home/panha/Food_Delivery_Robot/install/rplidar_ros/share/rplidar_ros/hook/cmake_prefix_path.ps1'
[1.402s] [34mcolcon.colcon_core.shell[0m [1;30mINFO[0m Creating environment descriptor '/home/panha/Food_Delivery_Robot/install/rplidar_ros/share/rplidar_ros/hook/cmake_prefix_path.dsv'
[1.404s] [34mcolcon.colcon_core.shell[0m [1;30mINFO[0m Creating environment hook '/home/panha/Food_Delivery_Robot/install/rplidar_ros/share/rplidar_ros/hook/cmake_prefix_path.sh'
[1.405s] [34mcolcon.colcon_core.environment[0m [1;30mLevel 1[0m checking '/home/panha/Food_Delivery_Robot/install/rplidar_ros/lib'
[1.405s] [34mcolcon.colcon_core.environment[0m [1;30mLevel 1[0m checking '/home/panha/Food_Delivery_Robot/install/rplidar_ros/bin'
[1.405s] [34mcolcon.colcon_core.environment[0m [1;30mLevel 1[0m checking '/home/panha/Food_Delivery_Robot/install/rplidar_ros/lib/pkgconfig/rplidar_ros.pc'
[1.406s] [34mcolcon.colcon_core.environment[0m [1;30mLevel 1[0m checking '/home/panha/Food_Delivery_Robot/install/rplidar_ros/lib/python3.10/site-packages'
[1.407s] [34mcolcon.colcon_core.environment[0m [1;30mLevel 1[0m checking '/home/panha/Food_Delivery_Robot/install/rplidar_ros/bin'
[1.408s] [34mcolcon.colcon_core.shell[0m [1;30mINFO[0m Creating package script '/home/panha/Food_Delivery_Robot/install/rplidar_ros/share/rplidar_ros/package.ps1'
[1.409s] [34mcolcon.colcon_core.shell[0m [1;30mINFO[0m Creating package descriptor '/home/panha/Food_Delivery_Robot/install/rplidar_ros/share/rplidar_ros/package.dsv'
[1.410s] [34mcolcon.colcon_core.shell[0m [1;30mINFO[0m Creating package script '/home/panha/Food_Delivery_Robot/install/rplidar_ros/share/rplidar_ros/package.sh'
[1.411s] [34mcolcon.colcon_core.shell[0m [1;30mINFO[0m Creating package script '/home/panha/Food_Delivery_Robot/install/rplidar_ros/share/rplidar_ros/package.bash'
[1.412s] [34mcolcon.colcon_core.shell[0m [1;30mINFO[0m Creating package script '/home/panha/Food_Delivery_Robot/install/rplidar_ros/share/rplidar_ros/package.zsh'
[1.413s] [34mcolcon.colcon_core.environment[0m [1;30mLevel 1[0m create_file_with_runtime_dependencies(/home/panha/Food_Delivery_Robot/install/rplidar_ros/share/colcon-core/packages/rplidar_ros)
[1.415s] [34mcolcon.colcon_core.environment[0m [1;30mLevel 1[0m create_environment_scripts_only(yahboom_imu_10_axis)
[1.416s] [34mcolcon.colcon_core.event_handler.log_command[0m [1;30mDEBUG[0m [32mInvoked command in '/home/panha/Food_Delivery_Robot/build/yahboom_imu_10_axis' returned '0': CMAKE_PREFIX_PATH=${CMAKE_PREFIX_PATH}:/home/panha/yolo_ws/install/depth_test:/opt/ros/humble /usr/bin/cmake --install /home/panha/Food_Delivery_Robot/build/yahboom_imu_10_axis[0m
[1.417s] [34mcolcon.colcon_core.environment[0m [1;30mLevel 1[0m checking '/home/panha/Food_Delivery_Robot/install/yahboom_imu_10_axis' for CMake module files
[1.420s] [34mcolcon.colcon_core.environment[0m [1;30mLevel 1[0m checking '/home/panha/Food_Delivery_Robot/install/yahboom_imu_10_axis' for CMake config files
[1.421s] [34mcolcon.colcon_core.shell[0m [1;30mLevel 1[0m create_environment_hook('yahboom_imu_10_axis', 'cmake_prefix_path')
[1.421s] [34mcolcon.colcon_core.shell[0m [1;30mINFO[0m Creating environment hook '/home/panha/Food_Delivery_Robot/install/yahboom_imu_10_axis/share/yahboom_imu_10_axis/hook/cmake_prefix_path.ps1'
[1.423s] [34mcolcon.colcon_core.shell[0m [1;30mINFO[0m Creating environment descriptor '/home/panha/Food_Delivery_Robot/install/yahboom_imu_10_axis/share/yahboom_imu_10_axis/hook/cmake_prefix_path.dsv'
[1.424s] [34mcolcon.colcon_core.shell[0m [1;30mINFO[0m Creating environment hook '/home/panha/Food_Delivery_Robot/install/yahboom_imu_10_axis/share/yahboom_imu_10_axis/hook/cmake_prefix_path.sh'
[1.426s] [34mcolcon.colcon_core.environment[0m [1;30mLevel 1[0m checking '/home/panha/Food_Delivery_Robot/install/yahboom_imu_10_axis/lib'
[1.426s] [34mcolcon.colcon_core.environment[0m [1;30mLevel 1[0m checking '/home/panha/Food_Delivery_Robot/install/yahboom_imu_10_axis/bin'
[1.426s] [34mcolcon.colcon_core.environment[0m [1;30mLevel 1[0m checking '/home/panha/Food_Delivery_Robot/install/yahboom_imu_10_axis/lib/pkgconfig/yahboom_imu_10_axis.pc'
[1.426s] [34mcolcon.colcon_core.environment[0m [1;30mLevel 1[0m checking '/home/panha/Food_Delivery_Robot/install/yahboom_imu_10_axis/lib/python3.10/site-packages'
[1.427s] [34mcolcon.colcon_core.environment[0m [1;30mLevel 1[0m checking '/home/panha/Food_Delivery_Robot/install/yahboom_imu_10_axis/bin'
[1.428s] [34mcolcon.colcon_core.shell[0m [1;30mINFO[0m Creating package script '/home/panha/Food_Delivery_Robot/install/yahboom_imu_10_axis/share/yahboom_imu_10_axis/package.ps1'
[1.429s] [34mcolcon.colcon_core.shell[0m [1;30mINFO[0m Creating package descriptor '/home/panha/Food_Delivery_Robot/install/yahboom_imu_10_axis/share/yahboom_imu_10_axis/package.dsv'
[1.430s] [34mcolcon.colcon_core.shell[0m [1;30mINFO[0m Creating package script '/home/panha/Food_Delivery_Robot/install/yahboom_imu_10_axis/share/yahboom_imu_10_axis/package.sh'
[1.431s] [34mcolcon.colcon_core.shell[0m [1;30mINFO[0m Creating package script '/home/panha/Food_Delivery_Robot/install/yahboom_imu_10_axis/share/yahboom_imu_10_axis/package.bash'
[1.432s] [34mcolcon.colcon_core.shell[0m [1;30mINFO[0m Creating package script '/home/panha/Food_Delivery_Robot/install/yahboom_imu_10_axis/share/yahboom_imu_10_axis/package.zsh'
[1.433s] [34mcolcon.colcon_core.environment[0m [1;30mLevel 1[0m create_file_with_runtime_dependencies(/home/panha/Food_Delivery_Robot/install/yahboom_imu_10_axis/share/colcon-core/packages/yahboom_imu_10_axis)
[1.434s] [34mcolcon.colcon_core.environment[0m [1;30mLevel 1[0m create_environment_scripts_only(yahboom_imu_10_axis)
[1.435s] [34mcolcon.colcon_core.environment[0m [1;30mLevel 1[0m checking '/home/panha/Food_Delivery_Robot/install/yahboom_imu_10_axis' for CMake module files
[1.436s] [34mcolcon.colcon_core.environment[0m [1;30mLevel 1[0m checking '/home/panha/Food_Delivery_Robot/install/yahboom_imu_10_axis' for CMake config files
[1.436s] [34mcolcon.colcon_core.shell[0m [1;30mLevel 1[0m create_environment_hook('yahboom_imu_10_axis', 'cmake_prefix_path')
[1.437s] [34mcolcon.colcon_core.shell[0m [1;30mINFO[0m Creating environment hook '/home/panha/Food_Delivery_Robot/install/yahboom_imu_10_axis/share/yahboom_imu_10_axis/hook/cmake_prefix_path.ps1'
[1.437s] [34mcolcon.colcon_core.shell[0m [1;30mINFO[0m Creating environment descriptor '/home/panha/Food_Delivery_Robot/install/yahboom_imu_10_axis/share/yahboom_imu_10_axis/hook/cmake_prefix_path.dsv'
[1.440s] [34mcolcon.colcon_core.shell[0m [1;30mINFO[0m Creating environment hook '/home/panha/Food_Delivery_Robot/install/yahboom_imu_10_axis/share/yahboom_imu_10_axis/hook/cmake_prefix_path.sh'
[1.441s] [34mcolcon.colcon_core.environment[0m [1;30mLevel 1[0m checking '/home/panha/Food_Delivery_Robot/install/yahboom_imu_10_axis/lib'
[1.442s] [34mcolcon.colcon_core.environment[0m [1;30mLevel 1[0m checking '/home/panha/Food_Delivery_Robot/install/yahboom_imu_10_axis/bin'
[1.442s] [34mcolcon.colcon_core.environment[0m [1;30mLevel 1[0m checking '/home/panha/Food_Delivery_Robot/install/yahboom_imu_10_axis/lib/pkgconfig/yahboom_imu_10_axis.pc'
[1.443s] [34mcolcon.colcon_core.environment[0m [1;30mLevel 1[0m checking '/home/panha/Food_Delivery_Robot/install/yahboom_imu_10_axis/lib/python3.10/site-packages'
[1.444s] [34mcolcon.colcon_core.environment[0m [1;30mLevel 1[0m checking '/home/panha/Food_Delivery_Robot/install/yahboom_imu_10_axis/bin'
[1.445s] [34mcolcon.colcon_core.shell[0m [1;30mINFO[0m Creating package script '/home/panha/Food_Delivery_Robot/install/yahboom_imu_10_axis/share/yahboom_imu_10_axis/package.ps1'
[1.446s] [34mcolcon.colcon_core.shell[0m [1;30mINFO[0m Creating package descriptor '/home/panha/Food_Delivery_Robot/install/yahboom_imu_10_axis/share/yahboom_imu_10_axis/package.dsv'
[1.449s] [34mcolcon.colcon_core.shell[0m [1;30mINFO[0m Creating package script '/home/panha/Food_Delivery_Robot/install/yahboom_imu_10_axis/share/yahboom_imu_10_axis/package.sh'
[1.450s] [34mcolcon.colcon_core.shell[0m [1;30mINFO[0m Creating package script '/home/panha/Food_Delivery_Robot/install/yahboom_imu_10_axis/share/yahboom_imu_10_axis/package.bash'
[1.452s] [34mcolcon.colcon_core.shell[0m [1;30mINFO[0m Creating package script '/home/panha/Food_Delivery_Robot/install/yahboom_imu_10_axis/share/yahboom_imu_10_axis/package.zsh'
[1.453s] [34mcolcon.colcon_core.environment[0m [1;30mLevel 1[0m create_file_with_runtime_dependencies(/home/panha/Food_Delivery_Robot/install/yahboom_imu_10_axis/share/colcon-core/packages/yahboom_imu_10_axis)
[1.457s] [34mcolcon.colcon_core.environment[0m [1;30mLevel 1[0m create_environment_scripts_only(zlac8015d_driver)
[1.458s] [34mcolcon.colcon_core.environment[0m [1;30mLevel 1[0m checking '/home/panha/Food_Delivery_Robot/install/zlac8015d_driver' for CMake module files
[1.460s] [34mcolcon.colcon_core.event_handler.log_command[0m [1;30mDEBUG[0m [32mInvoked command in '/home/panha/Food_Delivery_Robot/build/zlac8015d_driver' returned '0': CMAKE_PREFIX_PATH=${CMAKE_PREFIX_PATH}:/home/panha/yolo_ws/install/depth_test:/opt/ros/humble /usr/bin/cmake --install /home/panha/Food_Delivery_Robot/build/zlac8015d_driver[0m
[1.461s] [34mcolcon.colcon_core.environment[0m [1;30mLevel 1[0m checking '/home/panha/Food_Delivery_Robot/install/zlac8015d_driver' for CMake config files
[1.461s] [34mcolcon.colcon_core.shell[0m [1;30mLevel 1[0m create_environment_hook('zlac8015d_driver', 'cmake_prefix_path')
[1.462s] [34mcolcon.colcon_core.shell[0m [1;30mINFO[0m Creating environment hook '/home/panha/Food_Delivery_Robot/install/zlac8015d_driver/share/zlac8015d_driver/hook/cmake_prefix_path.ps1'
[1.463s] [34mcolcon.colcon_core.shell[0m [1;30mINFO[0m Creating environment descriptor '/home/panha/Food_Delivery_Robot/install/zlac8015d_driver/share/zlac8015d_driver/hook/cmake_prefix_path.dsv'
[1.464s] [34mcolcon.colcon_core.shell[0m [1;30mINFO[0m Creating environment hook '/home/panha/Food_Delivery_Robot/install/zlac8015d_driver/share/zlac8015d_driver/hook/cmake_prefix_path.sh'
[1.465s] [34mcolcon.colcon_core.environment[0m [1;30mLevel 1[0m checking '/home/panha/Food_Delivery_Robot/install/zlac8015d_driver/lib'
[1.466s] [34mcolcon.colcon_core.environment[0m [1;30mLevel 1[0m checking '/home/panha/Food_Delivery_Robot/install/zlac8015d_driver/bin'
[1.466s] [34mcolcon.colcon_core.environment[0m [1;30mLevel 1[0m checking '/home/panha/Food_Delivery_Robot/install/zlac8015d_driver/lib/pkgconfig/zlac8015d_driver.pc'
[1.466s] [34mcolcon.colcon_core.environment[0m [1;30mLevel 1[0m checking '/home/panha/Food_Delivery_Robot/install/zlac8015d_driver/lib/python3.10/site-packages'
[1.467s] [34mcolcon.colcon_core.environment[0m [1;30mLevel 1[0m checking '/home/panha/Food_Delivery_Robot/install/zlac8015d_driver/bin'
[1.468s] [34mcolcon.colcon_core.shell[0m [1;30mINFO[0m Creating package script '/home/panha/Food_Delivery_Robot/install/zlac8015d_driver/share/zlac8015d_driver/package.ps1'
[1.469s] [34mcolcon.colcon_core.shell[0m [1;30mINFO[0m Creating package descriptor '/home/panha/Food_Delivery_Robot/install/zlac8015d_driver/share/zlac8015d_driver/package.dsv'
[1.470s] [34mcolcon.colcon_core.shell[0m [1;30mINFO[0m Creating package script '/home/panha/Food_Delivery_Robot/install/zlac8015d_driver/share/zlac8015d_driver/package.sh'
[1.471s] [34mcolcon.colcon_core.shell[0m [1;30mINFO[0m Creating package script '/home/panha/Food_Delivery_Robot/install/zlac8015d_driver/share/zlac8015d_driver/package.bash'
[1.472s] [34mcolcon.colcon_core.shell[0m [1;30mINFO[0m Creating package script '/home/panha/Food_Delivery_Robot/install/zlac8015d_driver/share/zlac8015d_driver/package.zsh'
[1.473s] [34mcolcon.colcon_core.environment[0m [1;30mLevel 1[0m create_file_with_runtime_dependencies(/home/panha/Food_Delivery_Robot/install/zlac8015d_driver/share/colcon-core/packages/zlac8015d_driver)
[1.474s] [34mcolcon.colcon_core.environment[0m [1;30mLevel 1[0m create_environment_scripts_only(zlac8015d_driver)
[1.475s] [34mcolcon.colcon_core.environment[0m [1;30mLevel 1[0m checking '/home/panha/Food_Delivery_Robot/install/zlac8015d_driver' for CMake module files
[1.476s] [34mcolcon.colcon_core.environment[0m [1;30mLevel 1[0m checking '/home/panha/Food_Delivery_Robot/install/zlac8015d_driver' for CMake config files
[1.476s] [34mcolcon.colcon_core.shell[0m [1;30mLevel 1[0m create_environment_hook('zlac8015d_driver', 'cmake_prefix_path')
[1.477s] [34mcolcon.colcon_core.shell[0m [1;30mINFO[0m Creating environment hook '/home/panha/Food_Delivery_Robot/install/zlac8015d_driver/share/zlac8015d_driver/hook/cmake_prefix_path.ps1'
[1.478s] [34mcolcon.colcon_core.shell[0m [1;30mINFO[0m Creating environment descriptor '/home/panha/Food_Delivery_Robot/install/zlac8015d_driver/share/zlac8015d_driver/hook/cmake_prefix_path.dsv'
[1.479s] [34mcolcon.colcon_core.shell[0m [1;30mINFO[0m Creating environment hook '/home/panha/Food_Delivery_Robot/install/zlac8015d_driver/share/zlac8015d_driver/hook/cmake_prefix_path.sh'
[1.480s] [34mcolcon.colcon_core.environment[0m [1;30mLevel 1[0m checking '/home/panha/Food_Delivery_Robot/install/zlac8015d_driver/lib'
[1.480s] [34mcolcon.colcon_core.environment[0m [1;30mLevel 1[0m checking '/home/panha/Food_Delivery_Robot/install/zlac8015d_driver/bin'
[1.481s] [34mcolcon.colcon_core.environment[0m [1;30mLevel 1[0m checking '/home/panha/Food_Delivery_Robot/install/zlac8015d_driver/lib/pkgconfig/zlac8015d_driver.pc'
[1.484s] [34mcolcon.colcon_core.environment[0m [1;30mLevel 1[0m checking '/home/panha/Food_Delivery_Robot/install/zlac8015d_driver/lib/python3.10/site-packages'
[1.484s] [34mcolcon.colcon_core.environment[0m [1;30mLevel 1[0m checking '/home/panha/Food_Delivery_Robot/install/zlac8015d_driver/bin'
[1.485s] [34mcolcon.colcon_core.shell[0m [1;30mINFO[0m Creating package script '/home/panha/Food_Delivery_Robot/install/zlac8015d_driver/share/zlac8015d_driver/package.ps1'
[1.487s] [34mcolcon.colcon_core.shell[0m [1;30mINFO[0m Creating package descriptor '/home/panha/Food_Delivery_Robot/install/zlac8015d_driver/share/zlac8015d_driver/package.dsv'
[1.488s] [34mcolcon.colcon_core.shell[0m [1;30mINFO[0m Creating package script '/home/panha/Food_Delivery_Robot/install/zlac8015d_driver/share/zlac8015d_driver/package.sh'
[1.490s] [34mcolcon.colcon_core.shell[0m [1;30mINFO[0m Creating package script '/home/panha/Food_Delivery_Robot/install/zlac8015d_driver/share/zlac8015d_driver/package.bash'
[1.491s] [34mcolcon.colcon_core.shell[0m [1;30mINFO[0m Creating package script '/home/panha/Food_Delivery_Robot/install/zlac8015d_driver/share/zlac8015d_driver/package.zsh'
[1.492s] [34mcolcon.colcon_core.environment[0m [1;30mLevel 1[0m create_file_with_runtime_dependencies(/home/panha/Food_Delivery_Robot/install/zlac8015d_driver/share/colcon-core/packages/zlac8015d_driver)
[1.494s] [34mcolcon.colcon_ros.task.ament_cmake.build[0m [1;30mINFO[0m Building ROS package in '/home/panha/Food_Delivery_Robot/src/food_del_robot_description' with build type 'ament_cmake'
[1.495s] [34mcolcon.colcon_cmake.task.cmake.build[0m [1;30mINFO[0m Building CMake package in '/home/panha/Food_Delivery_Robot/src/food_del_robot_description'
[1.495s] [34mcolcon.colcon_core.shell[0m [1;30mINFO[0m Skip shell extension 'powershell' for command environment: Not usable outside of PowerShell
[1.495s] [34mcolcon.colcon_core.shell[0m [1;30mDEBUG[0m [32mSkip shell extension 'dsv' for command environment[0m
[1.519s] [34mcolcon.colcon_core.event_handler.log_command[0m [1;30mDEBUG[0m [32mInvoking command in '/home/panha/Food_Delivery_Robot/build/food_del_robot_description': CMAKE_PREFIX_PATH=/home/panha/Food_Delivery_Robot/install/zlac8015d_driver:/home/panha/Food_Delivery_Robot/install/food_del_robot_description:/home/panha/Food_Delivery_Robot/install/yahboom_imu_10_axis:/home/panha/Food_Delivery_Robot/install/rplidar_ros:/home/panha/Food_Delivery_Robot/install/food_del_robot:/home/panha/ros2_ws/install/realsense2_description:/home/panha/ros2_ws/install/realsense2_camera:/home/panha/ros2_ws/install/realsense2_camera_msgs:/home/panha/yolo_ws/install/depth_test:/opt/ros/humble /usr/bin/cmake --build /home/panha/Food_Delivery_Robot/build/food_del_robot_description -- -j6 -l6[0m
[1.615s] [34mcolcon.colcon_core.event_handler.log_command[0m [1;30mDEBUG[0m [32mInvoked command in '/home/panha/Food_Delivery_Robot/build/food_del_robot_description' returned '0': CMAKE_PREFIX_PATH=/home/panha/Food_Delivery_Robot/install/zlac8015d_driver:/home/panha/Food_Delivery_Robot/install/food_del_robot_description:/home/panha/Food_Delivery_Robot/install/yahboom_imu_10_axis:/home/panha/Food_Delivery_Robot/install/rplidar_ros:/home/panha/Food_Delivery_Robot/install/food_del_robot:/home/panha/ros2_ws/install/realsense2_description:/home/panha/ros2_ws/install/realsense2_camera:/home/panha/ros2_ws/install/realsense2_camera_msgs:/home/panha/yolo_ws/install/depth_test:/opt/ros/humble /usr/bin/cmake --build /home/panha/Food_Delivery_Robot/build/food_del_robot_description -- -j6 -l6[0m
[1.618s] [34mcolcon.colcon_core.event_handler.log_command[0m [1;30mDEBUG[0m [32mInvoking command in '/home/panha/Food_Delivery_Robot/build/food_del_robot_description': CMAKE_PREFIX_PATH=/home/panha/Food_Delivery_Robot/install/zlac8015d_driver:/home/panha/Food_Delivery_Robot/install/food_del_robot_description:/home/panha/Food_Delivery_Robot/install/yahboom_imu_10_axis:/home/panha/Food_Delivery_Robot/install/rplidar_ros:/home/panha/Food_Delivery_Robot/install/food_del_robot:/home/panha/ros2_ws/install/realsense2_description:/home/panha/ros2_ws/install/realsense2_camera:/home/panha/ros2_ws/install/realsense2_camera_msgs:/home/panha/yolo_ws/install/depth_test:/opt/ros/humble /usr/bin/cmake --install /home/panha/Food_Delivery_Robot/build/food_del_robot_description[0m
[1.647s] [34mcolcon.colcon_core.environment[0m [1;30mLevel 1[0m create_environment_scripts_only(food_del_robot_description)
[1.648s] [34mcolcon.colcon_core.environment[0m [1;30mLevel 1[0m checking '/home/panha/Food_Delivery_Robot/install/food_del_robot_description' for CMake module files
[1.649s] [34mcolcon.colcon_core.event_handler.log_command[0m [1;30mDEBUG[0m [32mInvoked command in '/home/panha/Food_Delivery_Robot/build/food_del_robot_description' returned '0': CMAKE_PREFIX_PATH=/home/panha/Food_Delivery_Robot/install/zlac8015d_driver:/home/panha/Food_Delivery_Robot/install/food_del_robot_description:/home/panha/Food_Delivery_Robot/install/yahboom_imu_10_axis:/home/panha/Food_Delivery_Robot/install/rplidar_ros:/home/panha/Food_Delivery_Robot/install/food_del_robot:/home/panha/ros2_ws/install/realsense2_description:/home/panha/ros2_ws/install/realsense2_camera:/home/panha/ros2_ws/install/realsense2_camera_msgs:/home/panha/yolo_ws/install/depth_test:/opt/ros/humble /usr/bin/cmake --install /home/panha/Food_Delivery_Robot/build/food_del_robot_description[0m
[1.652s] [34mcolcon.colcon_core.environment[0m [1;30mLevel 1[0m checking '/home/panha/Food_Delivery_Robot/install/food_del_robot_description' for CMake config files
[1.653s] [34mcolcon.colcon_core.shell[0m [1;30mLevel 1[0m create_environment_hook('food_del_robot_description', 'cmake_prefix_path')
[1.653s] [34mcolcon.colcon_core.shell[0m [1;30mINFO[0m Creating environment hook '/home/panha/Food_Delivery_Robot/install/food_del_robot_description/share/food_del_robot_description/hook/cmake_prefix_path.ps1'
[1.655s] [34mcolcon.colcon_core.shell[0m [1;30mINFO[0m Creating environment descriptor '/home/panha/Food_Delivery_Robot/install/food_del_robot_description/share/food_del_robot_description/hook/cmake_prefix_path.dsv'
[1.656s] [34mcolcon.colcon_core.shell[0m [1;30mINFO[0m Creating environment hook '/home/panha/Food_Delivery_Robot/install/food_del_robot_description/share/food_del_robot_description/hook/cmake_prefix_path.sh'
[1.657s] [34mcolcon.colcon_core.environment[0m [1;30mLevel 1[0m checking '/home/panha/Food_Delivery_Robot/install/food_del_robot_description/bin'
[1.658s] [34mcolcon.colcon_core.environment[0m [1;30mLevel 1[0m checking '/home/panha/Food_Delivery_Robot/install/food_del_robot_description/lib/pkgconfig/food_del_robot_description.pc'
[1.658s] [34mcolcon.colcon_core.environment[0m [1;30mLevel 1[0m checking '/home/panha/Food_Delivery_Robot/install/food_del_robot_description/lib/python3.10/site-packages'
[1.659s] [34mcolcon.colcon_core.environment[0m [1;30mLevel 1[0m checking '/home/panha/Food_Delivery_Robot/install/food_del_robot_description/bin'
[1.660s] [34mcolcon.colcon_core.shell[0m [1;30mINFO[0m Creating package script '/home/panha/Food_Delivery_Robot/install/food_del_robot_description/share/food_del_robot_description/package.ps1'
[1.661s] [34mcolcon.colcon_core.shell[0m [1;30mINFO[0m Creating package descriptor '/home/panha/Food_Delivery_Robot/install/food_del_robot_description/share/food_del_robot_description/package.dsv'
[1.662s] [34mcolcon.colcon_core.shell[0m [1;30mINFO[0m Creating package script '/home/panha/Food_Delivery_Robot/install/food_del_robot_description/share/food_del_robot_description/package.sh'
[1.663s] [34mcolcon.colcon_core.shell[0m [1;30mINFO[0m Creating package script '/home/panha/Food_Delivery_Robot/install/food_del_robot_description/share/food_del_robot_description/package.bash'
[1.663s] [34mcolcon.colcon_core.shell[0m [1;30mINFO[0m Creating package script '/home/panha/Food_Delivery_Robot/install/food_del_robot_description/share/food_del_robot_description/package.zsh'
[1.664s] [34mcolcon.colcon_core.environment[0m [1;30mLevel 1[0m create_file_with_runtime_dependencies(/home/panha/Food_Delivery_Robot/install/food_del_robot_description/share/colcon-core/packages/food_del_robot_description)
[1.665s] [34mcolcon.colcon_core.environment[0m [1;30mLevel 1[0m create_environment_scripts_only(food_del_robot_description)
[1.666s] [34mcolcon.colcon_core.environment[0m [1;30mLevel 1[0m checking '/home/panha/Food_Delivery_Robot/install/food_del_robot_description' for CMake module files
[1.667s] [34mcolcon.colcon_core.environment[0m [1;30mLevel 1[0m checking '/home/panha/Food_Delivery_Robot/install/food_del_robot_description' for CMake config files
[1.667s] [34mcolcon.colcon_core.shell[0m [1;30mLevel 1[0m create_environment_hook('food_del_robot_description', 'cmake_prefix_path')
[1.668s] [34mcolcon.colcon_core.shell[0m [1;30mINFO[0m Creating environment hook '/home/panha/Food_Delivery_Robot/install/food_del_robot_description/share/food_del_robot_description/hook/cmake_prefix_path.ps1'
[1.669s] [34mcolcon.colcon_core.shell[0m [1;30mINFO[0m Creating environment descriptor '/home/panha/Food_Delivery_Robot/install/food_del_robot_description/share/food_del_robot_description/hook/cmake_prefix_path.dsv'
[1.670s] [34mcolcon.colcon_core.shell[0m [1;30mINFO[0m Creating environment hook '/home/panha/Food_Delivery_Robot/install/food_del_robot_description/share/food_del_robot_description/hook/cmake_prefix_path.sh'
[1.671s] [34mcolcon.colcon_core.environment[0m [1;30mLevel 1[0m checking '/home/panha/Food_Delivery_Robot/install/food_del_robot_description/bin'
[1.671s] [34mcolcon.colcon_core.environment[0m [1;30mLevel 1[0m checking '/home/panha/Food_Delivery_Robot/install/food_del_robot_description/lib/pkgconfig/food_del_robot_description.pc'
[1.671s] [34mcolcon.colcon_core.environment[0m [1;30mLevel 1[0m checking '/home/panha/Food_Delivery_Robot/install/food_del_robot_description/lib/python3.10/site-packages'
[1.672s] [34mcolcon.colcon_core.environment[0m [1;30mLevel 1[0m checking '/home/panha/Food_Delivery_Robot/install/food_del_robot_description/bin'
[1.673s] [34mcolcon.colcon_core.shell[0m [1;30mINFO[0m Creating package script '/home/panha/Food_Delivery_Robot/install/food_del_robot_description/share/food_del_robot_description/package.ps1'
[1.674s] [34mcolcon.colcon_core.shell[0m [1;30mINFO[0m Creating package descriptor '/home/panha/Food_Delivery_Robot/install/food_del_robot_description/share/food_del_robot_description/package.dsv'
[1.675s] [34mcolcon.colcon_core.shell[0m [1;30mINFO[0m Creating package script '/home/panha/Food_Delivery_Robot/install/food_del_robot_description/share/food_del_robot_description/package.sh'
[1.676s] [34mcolcon.colcon_core.shell[0m [1;30mINFO[0m Creating package script '/home/panha/Food_Delivery_Robot/install/food_del_robot_description/share/food_del_robot_description/package.bash'
[1.677s] [34mcolcon.colcon_core.shell[0m [1;30mINFO[0m Creating package script '/home/panha/Food_Delivery_Robot/install/food_del_robot_description/share/food_del_robot_description/package.zsh'
[1.678s] [34mcolcon.colcon_core.environment[0m [1;30mLevel 1[0m create_file_with_runtime_dependencies(/home/panha/Food_Delivery_Robot/install/food_del_robot_description/share/colcon-core/packages/food_del_robot_description)
[1.935s] [34mcolcon.colcon_core.event_handler.log_command[0m [1;30mDEBUG[0m [32mInvoked command in '/home/panha/Food_Delivery_Robot/build/food_del_robot' returned '0': CMAKE_PREFIX_PATH=${CMAKE_PREFIX_PATH}:/home/panha/yolo_ws/install/depth_test:/opt/ros/humble /usr/bin/cmake --build /home/panha/Food_Delivery_Robot/build/food_del_robot -- -j6 -l6[0m
[1.939s] [34mcolcon.colcon_core.event_handler.log_command[0m [1;30mDEBUG[0m [32mInvoking command in '/home/panha/Food_Delivery_Robot/build/food_del_robot': CMAKE_PREFIX_PATH=${CMAKE_PREFIX_PATH}:/home/panha/yolo_ws/install/depth_test:/opt/ros/humble /usr/bin/cmake --install /home/panha/Food_Delivery_Robot/build/food_del_robot[0m
[2.056s] [34mcolcon.colcon_core.environment[0m [1;30mLevel 1[0m create_environment_scripts_only(food_del_robot)
[2.057s] [34mcolcon.colcon_core.environment[0m [1;30mLevel 1[0m checking '/home/panha/Food_Delivery_Robot/install/food_del_robot' for CMake module files
[2.058s] [34mcolcon.colcon_core.event_handler.log_command[0m [1;30mDEBUG[0m [32mInvoked command in '/home/panha/Food_Delivery_Robot/build/food_del_robot' returned '0': CMAKE_PREFIX_PATH=${CMAKE_PREFIX_PATH}:/home/panha/yolo_ws/install/depth_test:/opt/ros/humble /usr/bin/cmake --install /home/panha/Food_Delivery_Robot/build/food_del_robot[0m
[2.060s] [34mcolcon.colcon_core.environment[0m [1;30mLevel 1[0m checking '/home/panha/Food_Delivery_Robot/install/food_del_robot' for CMake config files
[2.061s] [34mcolcon.colcon_core.shell[0m [1;30mLevel 1[0m create_environment_hook('food_del_robot', 'cmake_prefix_path')
[2.061s] [34mcolcon.colcon_core.shell[0m [1;30mINFO[0m Creating environment hook '/home/panha/Food_Delivery_Robot/install/food_del_robot/share/food_del_robot/hook/cmake_prefix_path.ps1'
[2.063s] [34mcolcon.colcon_core.shell[0m [1;30mINFO[0m Creating environment descriptor '/home/panha/Food_Delivery_Robot/install/food_del_robot/share/food_del_robot/hook/cmake_prefix_path.dsv'
[2.064s] [34mcolcon.colcon_core.shell[0m [1;30mINFO[0m Creating environment hook '/home/panha/Food_Delivery_Robot/install/food_del_robot/share/food_del_robot/hook/cmake_prefix_path.sh'
[2.065s] [34mcolcon.colcon_core.environment[0m [1;30mLevel 1[0m checking '/home/panha/Food_Delivery_Robot/install/food_del_robot/lib'
[2.066s] [34mcolcon.colcon_core.shell[0m [1;30mLevel 1[0m create_environment_hook('food_del_robot', 'ld_library_path_lib')
[2.066s] [34mcolcon.colcon_core.shell[0m [1;30mINFO[0m Creating environment hook '/home/panha/Food_Delivery_Robot/install/food_del_robot/share/food_del_robot/hook/ld_library_path_lib.ps1'
[2.068s] [34mcolcon.colcon_core.shell[0m [1;30mINFO[0m Creating environment descriptor '/home/panha/Food_Delivery_Robot/install/food_del_robot/share/food_del_robot/hook/ld_library_path_lib.dsv'
[2.070s] [34mcolcon.colcon_core.shell[0m [1;30mINFO[0m Creating environment hook '/home/panha/Food_Delivery_Robot/install/food_del_robot/share/food_del_robot/hook/ld_library_path_lib.sh'
[2.071s] [34mcolcon.colcon_core.environment[0m [1;30mLevel 1[0m checking '/home/panha/Food_Delivery_Robot/install/food_del_robot/bin'
[2.072s] [34mcolcon.colcon_core.environment[0m [1;30mLevel 1[0m checking '/home/panha/Food_Delivery_Robot/install/food_del_robot/lib/pkgconfig/food_del_robot.pc'
[2.074s] [34mcolcon.colcon_core.environment[0m [1;30mLevel 1[0m checking '/home/panha/Food_Delivery_Robot/install/food_del_robot/lib/python3.10/site-packages'
[2.076s] [34mcolcon.colcon_core.environment[0m [1;30mLevel 1[0m checking '/home/panha/Food_Delivery_Robot/install/food_del_robot/bin'
[2.077s] [34mcolcon.colcon_core.shell[0m [1;30mINFO[0m Creating package script '/home/panha/Food_Delivery_Robot/install/food_del_robot/share/food_del_robot/package.ps1'
[2.079s] [34mcolcon.colcon_core.shell[0m [1;30mINFO[0m Creating package descriptor '/home/panha/Food_Delivery_Robot/install/food_del_robot/share/food_del_robot/package.dsv'
[2.081s] [34mcolcon.colcon_core.shell[0m [1;30mINFO[0m Creating package script '/home/panha/Food_Delivery_Robot/install/food_del_robot/share/food_del_robot/package.sh'
[2.083s] [34mcolcon.colcon_core.shell[0m [1;30mINFO[0m Creating package script '/home/panha/Food_Delivery_Robot/install/food_del_robot/share/food_del_robot/package.bash'
[2.085s] [34mcolcon.colcon_core.shell[0m [1;30mINFO[0m Creating package script '/home/panha/Food_Delivery_Robot/install/food_del_robot/share/food_del_robot/package.zsh'
[2.087s] [34mcolcon.colcon_core.environment[0m [1;30mLevel 1[0m create_file_with_runtime_dependencies(/home/panha/Food_Delivery_Robot/install/food_del_robot/share/colcon-core/packages/food_del_robot)
[2.089s] [34mcolcon.colcon_core.environment[0m [1;30mLevel 1[0m create_environment_scripts_only(food_del_robot)
[2.090s] [34mcolcon.colcon_core.environment[0m [1;30mLevel 1[0m checking '/home/panha/Food_Delivery_Robot/install/food_del_robot' for CMake module files
[2.092s] [34mcolcon.colcon_core.environment[0m [1;30mLevel 1[0m checking '/home/panha/Food_Delivery_Robot/install/food_del_robot' for CMake config files
[2.093s] [34mcolcon.colcon_core.shell[0m [1;30mLevel 1[0m create_environment_hook('food_del_robot', 'cmake_prefix_path')
[2.094s] [34mcolcon.colcon_core.shell[0m [1;30mINFO[0m Creating environment hook '/home/panha/Food_Delivery_Robot/install/food_del_robot/share/food_del_robot/hook/cmake_prefix_path.ps1'
[2.095s] [34mcolcon.colcon_core.shell[0m [1;30mINFO[0m Creating environment descriptor '/home/panha/Food_Delivery_Robot/install/food_del_robot/share/food_del_robot/hook/cmake_prefix_path.dsv'
[2.097s] [34mcolcon.colcon_core.shell[0m [1;30mINFO[0m Creating environment hook '/home/panha/Food_Delivery_Robot/install/food_del_robot/share/food_del_robot/hook/cmake_prefix_path.sh'
[2.098s] [34mcolcon.colcon_core.environment[0m [1;30mLevel 1[0m checking '/home/panha/Food_Delivery_Robot/install/food_del_robot/lib'
[2.099s] [34mcolcon.colcon_core.shell[0m [1;30mLevel 1[0m create_environment_hook('food_del_robot', 'ld_library_path_lib')
[2.099s] [34mcolcon.colcon_core.shell[0m [1;30mINFO[0m Creating environment hook '/home/panha/Food_Delivery_Robot/install/food_del_robot/share/food_del_robot/hook/ld_library_path_lib.ps1'
[2.101s] [34mcolcon.colcon_core.shell[0m [1;30mINFO[0m Creating environment descriptor '/home/panha/Food_Delivery_Robot/install/food_del_robot/share/food_del_robot/hook/ld_library_path_lib.dsv'
[2.102s] [34mcolcon.colcon_core.shell[0m [1;30mINFO[0m Creating environment hook '/home/panha/Food_Delivery_Robot/install/food_del_robot/share/food_del_robot/hook/ld_library_path_lib.sh'
[2.103s] [34mcolcon.colcon_core.environment[0m [1;30mLevel 1[0m checking '/home/panha/Food_Delivery_Robot/install/food_del_robot/bin'
[2.103s] [34mcolcon.colcon_core.environment[0m [1;30mLevel 1[0m checking '/home/panha/Food_Delivery_Robot/install/food_del_robot/lib/pkgconfig/food_del_robot.pc'
[2.104s] [34mcolcon.colcon_core.environment[0m [1;30mLevel 1[0m checking '/home/panha/Food_Delivery_Robot/install/food_del_robot/lib/python3.10/site-packages'
[2.106s] [34mcolcon.colcon_core.environment[0m [1;30mLevel 1[0m checking '/home/panha/Food_Delivery_Robot/install/food_del_robot/bin'
[2.107s] [34mcolcon.colcon_core.shell[0m [1;30mINFO[0m Creating package script '/home/panha/Food_Delivery_Robot/install/food_del_robot/share/food_del_robot/package.ps1'
[2.109s] [34mcolcon.colcon_core.shell[0m [1;30mINFO[0m Creating package descriptor '/home/panha/Food_Delivery_Robot/install/food_del_robot/share/food_del_robot/package.dsv'
[2.111s] [34mcolcon.colcon_core.shell[0m [1;30mINFO[0m Creating package script '/home/panha/Food_Delivery_Robot/install/food_del_robot/share/food_del_robot/package.sh'
[2.113s] [34mcolcon.colcon_core.shell[0m [1;30mINFO[0m Creating package script '/home/panha/Food_Delivery_Robot/install/food_del_robot/share/food_del_robot/package.bash'
[2.114s] [34mcolcon.colcon_core.shell[0m [1;30mINFO[0m Creating package script '/home/panha/Food_Delivery_Robot/install/food_del_robot/share/food_del_robot/package.zsh'
[2.116s] [34mcolcon.colcon_core.environment[0m [1;30mLevel 1[0m create_file_with_runtime_dependencies(/home/panha/Food_Delivery_Robot/install/food_del_robot/share/colcon-core/packages/food_del_robot)
[2.117s] [34mcolcon.colcon_parallel_executor.executor.parallel[0m [1;30mDEBUG[0m [32mclosing loop[0m
[2.118s] [34mcolcon.colcon_parallel_executor.executor.parallel[0m [1;30mDEBUG[0m [32mloop closed[0m
[2.118s] [34mcolcon.colcon_parallel_executor.executor.parallel[0m [1;30mDEBUG[0m [32mrun_until_complete finished with '0'[0m
[2.119s] [34mcolcon.colcon_core.event_reactor[0m [1;30mDEBUG[0m [32mjoining thread[0m
[2.131s] [34mcolcon.colcon_core.plugin_system[0m [1;30mINFO[0m Skipping extension 'colcon_notification.desktop_notification.terminal_notifier': Not used on non-Darwin systems
[2.131s] [34mcolcon.colcon_core.plugin_system[0m [1;30mINFO[0m Skipping extension 'colcon_notification.desktop_notification.win32': Not used on non-Windows systems
[2.131s] [34mcolcon.colcon_notification.desktop_notification[0m [1;30mINFO[0m Sending desktop notification using 'notify2'
[2.158s] [34mcolcon.colcon_core.event_reactor[0m [1;30mDEBUG[0m [32mjoined thread[0m
[2.159s] [34mcolcon.colcon_core.shell[0m [1;30mINFO[0m Creating prefix script '/home/panha/Food_Delivery_Robot/install/local_setup.ps1'
[2.163s] [34mcolcon.colcon_core.shell[0m [1;30mINFO[0m Creating prefix util module '/home/panha/Food_Delivery_Robot/install/_local_setup_util_ps1.py'
[2.169s] [34mcolcon.colcon_core.shell[0m [1;30mINFO[0m Creating prefix chain script '/home/panha/Food_Delivery_Robot/install/setup.ps1'
[2.175s] [34mcolcon.colcon_core.shell[0m [1;30mINFO[0m Creating prefix script '/home/panha/Food_Delivery_Robot/install/local_setup.sh'
[2.178s] [34mcolcon.colcon_core.shell[0m [1;30mINFO[0m Creating prefix util module '/home/panha/Food_Delivery_Robot/install/_local_setup_util_sh.py'
[2.182s] [34mcolcon.colcon_core.shell[0m [1;30mINFO[0m Creating prefix chain script '/home/panha/Food_Delivery_Robot/install/setup.sh'
[2.188s] [34mcolcon.colcon_core.shell[0m [1;30mINFO[0m Creating prefix script '/home/panha/Food_Delivery_Robot/install/local_setup.bash'
[2.190s] [34mcolcon.colcon_core.shell[0m [1;30mINFO[0m Creating prefix chain script '/home/panha/Food_Delivery_Robot/install/setup.bash'
[2.195s] [34mcolcon.colcon_core.shell[0m [1;30mINFO[0m Creating prefix script '/home/panha/Food_Delivery_Robot/install/local_setup.zsh'
[2.197s] [34mcolcon.colcon_core.shell[0m [1;30mINFO[0m Creating prefix chain script '/home/panha/Food_Delivery_Robot/install/setup.zsh'
